                                 Started job on |	May 05 12:54:53
                             Started mapping on |	May 05 12:55:22
                                    Finished on |	May 05 12:57:44
       Mapping speed, Million of reads per hour |	198.04

                          Number of input reads |	7811506
                      Average input read length |	63
                                    UNIQUE READS:
                   Uniquely mapped reads number |	3313316
                        Uniquely mapped reads % |	42.42%
                          Average mapped length |	64.00
                       Number of splices: Total |	57831
            Number of splices: Annotated (sjdb) |	0
                       Number of splices: GT/AG |	51098
                       Number of splices: GC/AG |	925
                       Number of splices: AT/AC |	5
               Number of splices: Non-canonical |	5803
                      Mismatch rate per base, % |	1.46%
                         Deletion rate per base |	0.14%
                        Deletion average length |	1.91
                        Insertion rate per base |	0.00%
                       Insertion average length |	1.24
                             MULTI-MAPPING READS:
        Number of reads mapped to multiple loci |	4103444
             % of reads mapped to multiple loci |	52.53%
        Number of reads mapped to too many loci |	180281
             % of reads mapped to too many loci |	2.31%
                                  UNMAPPED READS:
  Number of reads unmapped: too many mismatches |	0
       % of reads unmapped: too many mismatches |	0.00%
            Number of reads unmapped: too short |	193393
                 % of reads unmapped: too short |	2.48%
                Number of reads unmapped: other |	21072
                     % of reads unmapped: other |	0.27%
                                  CHIMERIC READS:
                       Number of chimeric reads |	0
                            % of chimeric reads |	0.00%
