                                 Started job on |	May 05 13:03:42
                             Started mapping on |	May 05 13:04:09
                                    Finished on |	May 05 13:06:47
       Mapping speed, Million of reads per hour |	401.39

                          Number of input reads |	17616517
                      Average input read length |	66
                                    UNIQUE READS:
                   Uniquely mapped reads number |	14316774
                        Uniquely mapped reads % |	81.27%
                          Average mapped length |	65.96
                       Number of splices: Total |	318500
            Number of splices: Annotated (sjdb) |	0
                       Number of splices: GT/AG |	299346
                       Number of splices: GC/AG |	2987
                       Number of splices: AT/AC |	156
               Number of splices: Non-canonical |	16011
                      Mismatch rate per base, % |	0.65%
                         Deletion rate per base |	0.09%
                        Deletion average length |	1.86
                        Insertion rate per base |	0.00%
                       Insertion average length |	1.30
                             MULTI-MAPPING READS:
        Number of reads mapped to multiple loci |	2969923
             % of reads mapped to multiple loci |	16.86%
        Number of reads mapped to too many loci |	105174
             % of reads mapped to too many loci |	0.60%
                                  UNMAPPED READS:
  Number of reads unmapped: too many mismatches |	0
       % of reads unmapped: too many mismatches |	0.00%
            Number of reads unmapped: too short |	185949
                 % of reads unmapped: too short |	1.06%
                Number of reads unmapped: other |	38697
                     % of reads unmapped: other |	0.22%
                                  CHIMERIC READS:
                       Number of chimeric reads |	0
                            % of chimeric reads |	0.00%
