Building DAG of jobs...
Using shell: /usr/bin/bash
Provided cores: 8
Rules claiming more threads will be scaled down.
Provided resources: mem_mb=8192, mem_mib=7813, disk_mb=1000, disk_mib=954
Select jobs to execute...
Building DAG of jobs...
Using shell: /usr/bin/bash
Provided cores: 8
Rules claiming more threads will be scaled down.
Provided resources: mem_mb=8192, mem_mib=7813, disk_mb=1000, disk_mib=954
Select jobs to execute...

[Wed May  3 15:39:45 2023]
rule extract_umis_single_end:
    input: results/reads/187_MSI_R1.fastq.gz
    output: results/reads/umis/187_MSI_R1.fastq.gz
    log: logs/extract_umis/187_MSI.log
    jobid: 0
    reason: Missing output files: results/reads/umis/187_MSI_R1.fastq.gz
    wildcards: sample=187_MSI
    threads: 8
    resources: mem_mb=8192, mem_mib=7813, disk_mb=1000, disk_mib=954, tmpdir=/tmp, runtime=60

# UMI-tools version: 1.1.4
# output generated by extract --random-seed 1234 --extract-method=regex --bc-pattern=(?P<umi_1>.{6})(?P<discard_1>TATA).* -I results/reads/187_MSI_R1.fastq.gz -S results/reads/umis/187_MSI_R1.fastq.gz
# job started at Wed May  3 15:39:46 2023 on bc007 -- 84f0ecf5-794f-4ba4-aa4c-9c15938dc93f
# pid: 1292488, system: Linux 4.18.0-193.19.1.el8_2.x86_64 #1 SMP Mon Sep 14 14:37:00 UTC 2020 x86_64
# blacklist                               : None
# compresslevel                           : 6
# correct_umi_threshold                   : 0
# either_read                             : False
# either_read_resolve                     : discard
# error_correct_cell                      : False
# extract_method                          : regex
# filter_cell_barcode                     : None
# filter_cell_barcodes                    : False
# filter_umi                              : None
# filtered_out                            : None
# filtered_out2                           : None
# ignore_suffix                           : False
# log2stderr                              : False
# loglevel                                : 1
# pattern                                 : (?P<umi_1>.{6})(?P<discard_1>TATA).*
# pattern2                                : None
# prime3                                  : None
# quality_encoding                        : None
# quality_filter_mask                     : None
# quality_filter_threshold                : None
# random_seed                             : 1234
# read2_in                                : None
# read2_out                               : False
# read2_stdout                            : False
# reads_subset                            : None
# reconcile                               : False
# retain_umi                              : None
# short_help                              : None
# stderr                                  : <_io.TextIOWrapper name='<stderr>' mode='w' encoding='utf-8'>
# stdin                                   : <_io.TextIOWrapper name='results/reads/187_MSI_R1.fastq.gz' encoding='ascii'>
# stdlog                                  : <_io.TextIOWrapper name='<stdout>' mode='w' encoding='utf-8'>
# stdout                                  : <_io.TextIOWrapper name='results/reads/umis/187_MSI_R1.fastq.gz' encoding='ascii'>
# timeit_file                             : None
# timeit_header                           : None
# timeit_name                             : all
# tmpdir                                  : None
# umi_correct_log                         : None
# umi_separator                           : _
# umi_whitelist                           : None
# umi_whitelist_paired                    : None
# whitelist                               : None
2023-05-03 15:39:46,218 INFO Starting barcode extraction
2023-05-03 15:39:49,464 INFO Parsed 100000 reads
2023-05-03 15:39:52,693 INFO Parsed 200000 reads
2023-05-03 15:39:55,904 INFO Parsed 300000 reads
2023-05-03 15:39:59,158 INFO Parsed 400000 reads
2023-05-03 15:40:02,479 INFO Parsed 500000 reads
2023-05-03 15:40:06,091 INFO Parsed 600000 reads
2023-05-03 15:40:09,554 INFO Parsed 700000 reads
2023-05-03 15:40:12,951 INFO Parsed 800000 reads
2023-05-03 15:40:16,375 INFO Parsed 900000 reads
2023-05-03 15:40:19,787 INFO Parsed 1000000 reads
2023-05-03 15:40:23,197 INFO Parsed 1100000 reads
2023-05-03 15:40:26,597 INFO Parsed 1200000 reads
2023-05-03 15:40:30,011 INFO Parsed 1300000 reads
2023-05-03 15:40:33,438 INFO Parsed 1400000 reads
2023-05-03 15:40:36,834 INFO Parsed 1500000 reads
2023-05-03 15:40:40,200 INFO Parsed 1600000 reads
2023-05-03 15:40:43,579 INFO Parsed 1700000 reads
2023-05-03 15:40:46,962 INFO Parsed 1800000 reads
2023-05-03 15:40:50,343 INFO Parsed 1900000 reads
2023-05-03 15:40:53,720 INFO Parsed 2000000 reads
2023-05-03 15:40:57,197 INFO Parsed 2100000 reads
2023-05-03 15:41:00,583 INFO Parsed 2200000 reads
2023-05-03 15:41:03,975 INFO Parsed 2300000 reads
2023-05-03 15:41:07,351 INFO Parsed 2400000 reads
2023-05-03 15:41:10,721 INFO Parsed 2500000 reads
2023-05-03 15:41:14,087 INFO Parsed 2600000 reads
2023-05-03 15:41:17,495 INFO Parsed 2700000 reads
2023-05-03 15:41:20,923 INFO Parsed 2800000 reads
2023-05-03 15:41:24,297 INFO Parsed 2900000 reads
2023-05-03 15:41:25,588 INFO Input Reads: 2938289
2023-05-03 15:41:25,588 INFO regex matches read1: 2561400
2023-05-03 15:41:25,588 INFO Reads output: 2561400
2023-05-03 15:41:25,588 INFO regex does not match read1: 376889
# job finished in 99 seconds at Wed May  3 15:41:25 2023 -- 100.30  1.19  0.00  0.00 -- 84f0ecf5-794f-4ba4-aa4c-9c15938dc93f
[Wed May  3 15:41:26 2023]
Finished job 0.
1 of 1 steps (100%) done
[Wed May  3 15:41:28 2023]
Finished job 0.
1 of 1 steps (100%) done
