Building DAG of jobs...
Using shell: /usr/bin/bash
Provided cores: 8
Rules claiming more threads will be scaled down.
Provided resources: mem_mb=8192, mem_mib=7813, disk_mb=1517, disk_mib=1447
Select jobs to execute...
Building DAG of jobs...
Using shell: /usr/bin/bash
Provided cores: 8
Rules claiming more threads will be scaled down.
Provided resources: mem_mb=8192, mem_mib=7813, disk_mb=1517, disk_mib=1447
Select jobs to execute...

[Wed May  3 15:39:45 2023]
rule extract_umis_single_end:
    input: results/reads/183_MSI_R1.fastq.gz
    output: results/reads/umis/183_MSI_R1.fastq.gz
    log: logs/extract_umis/183_MSI.log
    jobid: 0
    reason: Missing output files: results/reads/umis/183_MSI_R1.fastq.gz
    wildcards: sample=183_MSI
    threads: 8
    resources: mem_mb=8192, mem_mib=7813, disk_mb=1517, disk_mib=1447, tmpdir=/tmp, runtime=60

# UMI-tools version: 1.1.4
# output generated by extract --random-seed 1234 --extract-method=regex --bc-pattern=(?P<umi_1>.{6})(?P<discard_1>TATA).* -I results/reads/183_MSI_R1.fastq.gz -S results/reads/umis/183_MSI_R1.fastq.gz
# job started at Wed May  3 15:39:46 2023 on bc003 -- 94649850-e2f1-43b9-94fd-bbdeae39c934
# pid: 920236, system: Linux 4.18.0-193.19.1.el8_2.x86_64 #1 SMP Mon Sep 14 14:37:00 UTC 2020 x86_64
# blacklist                               : None
# compresslevel                           : 6
# correct_umi_threshold                   : 0
# either_read                             : False
# either_read_resolve                     : discard
# error_correct_cell                      : False
# extract_method                          : regex
# filter_cell_barcode                     : None
# filter_cell_barcodes                    : False
# filter_umi                              : None
# filtered_out                            : None
# filtered_out2                           : None
# ignore_suffix                           : False
# log2stderr                              : False
# loglevel                                : 1
# pattern                                 : (?P<umi_1>.{6})(?P<discard_1>TATA).*
# pattern2                                : None
# prime3                                  : None
# quality_encoding                        : None
# quality_filter_mask                     : None
# quality_filter_threshold                : None
# random_seed                             : 1234
# read2_in                                : None
# read2_out                               : False
# read2_stdout                            : False
# reads_subset                            : None
# reconcile                               : False
# retain_umi                              : None
# short_help                              : None
# stderr                                  : <_io.TextIOWrapper name='<stderr>' mode='w' encoding='utf-8'>
# stdin                                   : <_io.TextIOWrapper name='results/reads/183_MSI_R1.fastq.gz' encoding='ascii'>
# stdlog                                  : <_io.TextIOWrapper name='<stdout>' mode='w' encoding='utf-8'>
# stdout                                  : <_io.TextIOWrapper name='results/reads/umis/183_MSI_R1.fastq.gz' encoding='ascii'>
# timeit_file                             : None
# timeit_header                           : None
# timeit_name                             : all
# tmpdir                                  : None
# umi_correct_log                         : None
# umi_separator                           : _
# umi_whitelist                           : None
# umi_whitelist_paired                    : None
# whitelist                               : None
2023-05-03 15:39:46,437 INFO Starting barcode extraction
2023-05-03 15:39:49,630 INFO Parsed 100000 reads
2023-05-03 15:39:52,787 INFO Parsed 200000 reads
2023-05-03 15:39:55,947 INFO Parsed 300000 reads
2023-05-03 15:39:59,108 INFO Parsed 400000 reads
2023-05-03 15:40:02,303 INFO Parsed 500000 reads
2023-05-03 15:40:05,557 INFO Parsed 600000 reads
2023-05-03 15:40:08,831 INFO Parsed 700000 reads
2023-05-03 15:40:12,054 INFO Parsed 800000 reads
2023-05-03 15:40:15,282 INFO Parsed 900000 reads
2023-05-03 15:40:18,544 INFO Parsed 1000000 reads
2023-05-03 15:40:21,792 INFO Parsed 1100000 reads
2023-05-03 15:40:25,030 INFO Parsed 1200000 reads
2023-05-03 15:40:28,298 INFO Parsed 1300000 reads
2023-05-03 15:40:31,555 INFO Parsed 1400000 reads
2023-05-03 15:40:34,796 INFO Parsed 1500000 reads
2023-05-03 15:40:38,070 INFO Parsed 1600000 reads
2023-05-03 15:40:41,316 INFO Parsed 1700000 reads
2023-05-03 15:40:44,569 INFO Parsed 1800000 reads
2023-05-03 15:40:47,819 INFO Parsed 1900000 reads
2023-05-03 15:40:51,072 INFO Parsed 2000000 reads
2023-05-03 15:40:54,324 INFO Parsed 2100000 reads
2023-05-03 15:40:57,608 INFO Parsed 2200000 reads
2023-05-03 15:41:00,882 INFO Parsed 2300000 reads
2023-05-03 15:41:04,179 INFO Parsed 2400000 reads
2023-05-03 15:41:07,449 INFO Parsed 2500000 reads
2023-05-03 15:41:10,767 INFO Parsed 2600000 reads
2023-05-03 15:41:14,019 INFO Parsed 2700000 reads
2023-05-03 15:41:17,266 INFO Parsed 2800000 reads
2023-05-03 15:41:20,506 INFO Parsed 2900000 reads
2023-05-03 15:41:23,752 INFO Parsed 3000000 reads
2023-05-03 15:41:26,998 INFO Parsed 3100000 reads
2023-05-03 15:41:30,254 INFO Parsed 3200000 reads
2023-05-03 15:41:33,515 INFO Parsed 3300000 reads
2023-05-03 15:41:36,762 INFO Parsed 3400000 reads
2023-05-03 15:41:40,007 INFO Parsed 3500000 reads
2023-05-03 15:41:43,270 INFO Parsed 3600000 reads
2023-05-03 15:41:46,528 INFO Parsed 3700000 reads
2023-05-03 15:41:49,791 INFO Parsed 3800000 reads
2023-05-03 15:41:53,052 INFO Parsed 3900000 reads
2023-05-03 15:41:56,301 INFO Parsed 4000000 reads
2023-05-03 15:41:59,534 INFO Parsed 4100000 reads
2023-05-03 15:42:02,765 INFO Parsed 4200000 reads
2023-05-03 15:42:06,017 INFO Parsed 4300000 reads
2023-05-03 15:42:09,255 INFO Parsed 4400000 reads
2023-05-03 15:42:12,491 INFO Parsed 4500000 reads
2023-05-03 15:42:15,741 INFO Parsed 4600000 reads
2023-05-03 15:42:18,978 INFO Parsed 4700000 reads
2023-05-03 15:42:22,211 INFO Parsed 4800000 reads
2023-05-03 15:42:25,455 INFO Parsed 4900000 reads
2023-05-03 15:42:28,700 INFO Parsed 5000000 reads
2023-05-03 15:42:31,947 INFO Parsed 5100000 reads
2023-05-03 15:42:35,228 INFO Parsed 5200000 reads
2023-05-03 15:42:38,722 INFO Parsed 5300000 reads
2023-05-03 15:42:41,959 INFO Parsed 5400000 reads
2023-05-03 15:42:45,199 INFO Parsed 5500000 reads
2023-05-03 15:42:48,439 INFO Parsed 5600000 reads
2023-05-03 15:42:51,683 INFO Parsed 5700000 reads
2023-05-03 15:42:54,915 INFO Parsed 5800000 reads
2023-05-03 15:42:58,154 INFO Parsed 5900000 reads
2023-05-03 15:43:01,412 INFO Parsed 6000000 reads
2023-05-03 15:43:04,645 INFO Parsed 6100000 reads
2023-05-03 15:43:07,887 INFO Parsed 6200000 reads
2023-05-03 15:43:11,128 INFO Parsed 6300000 reads
2023-05-03 15:43:14,378 INFO Parsed 6400000 reads
2023-05-03 15:43:17,618 INFO Parsed 6500000 reads
2023-05-03 15:43:21,143 INFO Parsed 6600000 reads
2023-05-03 15:43:24,380 INFO Parsed 6700000 reads
2023-05-03 15:43:27,617 INFO Parsed 6800000 reads
2023-05-03 15:43:30,860 INFO Parsed 6900000 reads
2023-05-03 15:43:34,090 INFO Parsed 7000000 reads
2023-05-03 15:43:37,320 INFO Parsed 7100000 reads
2023-05-03 15:43:40,561 INFO Parsed 7200000 reads
2023-05-03 15:43:43,814 INFO Parsed 7300000 reads
2023-05-03 15:43:47,063 INFO Parsed 7400000 reads
2023-05-03 15:43:50,953 INFO Parsed 7500000 reads
2023-05-03 15:43:54,197 INFO Parsed 7600000 reads
2023-05-03 15:43:57,438 INFO Parsed 7700000 reads
2023-05-03 15:44:00,667 INFO Parsed 7800000 reads
2023-05-03 15:44:03,901 INFO Parsed 7900000 reads
2023-05-03 15:44:07,141 INFO Parsed 8000000 reads
2023-05-03 15:44:10,679 INFO Parsed 8100000 reads
2023-05-03 15:44:13,925 INFO Parsed 8200000 reads
2023-05-03 15:44:17,167 INFO Parsed 8300000 reads
2023-05-03 15:44:20,400 INFO Parsed 8400000 reads
2023-05-03 15:44:23,633 INFO Parsed 8500000 reads
2023-05-03 15:44:26,876 INFO Parsed 8600000 reads
2023-05-03 15:44:30,111 INFO Parsed 8700000 reads
2023-05-03 15:44:33,355 INFO Parsed 8800000 reads
2023-05-03 15:44:36,592 INFO Parsed 8900000 reads
2023-05-03 15:44:39,827 INFO Parsed 9000000 reads
2023-05-03 15:44:43,488 INFO Parsed 9100000 reads
2023-05-03 15:44:46,721 INFO Parsed 9200000 reads
2023-05-03 15:44:49,946 INFO Parsed 9300000 reads
2023-05-03 15:44:53,170 INFO Parsed 9400000 reads
2023-05-03 15:44:56,415 INFO Parsed 9500000 reads
2023-05-03 15:44:59,653 INFO Parsed 9600000 reads
2023-05-03 15:45:03,235 INFO Parsed 9700000 reads
2023-05-03 15:45:06,463 INFO Parsed 9800000 reads
2023-05-03 15:45:09,698 INFO Parsed 9900000 reads
2023-05-03 15:45:12,947 INFO Parsed 10000000 reads
2023-05-03 15:45:16,188 INFO Parsed 10100000 reads
2023-05-03 15:45:19,431 INFO Parsed 10200000 reads
2023-05-03 15:45:22,678 INFO Parsed 10300000 reads
2023-05-03 15:45:25,902 INFO Parsed 10400000 reads
2023-05-03 15:45:29,135 INFO Parsed 10500000 reads
2023-05-03 15:45:32,622 INFO Parsed 10600000 reads
2023-05-03 15:45:35,871 INFO Parsed 10700000 reads
2023-05-03 15:45:39,122 INFO Parsed 10800000 reads
2023-05-03 15:45:42,380 INFO Parsed 10900000 reads
2023-05-03 15:45:45,622 INFO Parsed 11000000 reads
2023-05-03 15:45:48,860 INFO Parsed 11100000 reads
2023-05-03 15:45:52,110 INFO Parsed 11200000 reads
2023-05-03 15:45:55,358 INFO Parsed 11300000 reads
2023-05-03 15:45:58,912 INFO Parsed 11400000 reads
2023-05-03 15:46:02,166 INFO Parsed 11500000 reads
2023-05-03 15:46:05,440 INFO Parsed 11600000 reads
2023-05-03 15:46:08,701 INFO Parsed 11700000 reads
2023-05-03 15:46:11,942 INFO Parsed 11800000 reads
2023-05-03 15:46:15,193 INFO Parsed 11900000 reads
2023-05-03 15:46:18,471 INFO Parsed 12000000 reads
2023-05-03 15:46:21,717 INFO Parsed 12100000 reads
2023-05-03 15:46:24,982 INFO Parsed 12200000 reads
2023-05-03 15:46:28,228 INFO Parsed 12300000 reads
2023-05-03 15:46:31,460 INFO Parsed 12400000 reads
2023-05-03 15:46:34,705 INFO Parsed 12500000 reads
2023-05-03 15:46:37,958 INFO Parsed 12600000 reads
2023-05-03 15:46:41,203 INFO Parsed 12700000 reads
2023-05-03 15:46:44,545 INFO Parsed 12800000 reads
2023-05-03 15:46:47,897 INFO Parsed 12900000 reads
2023-05-03 15:46:51,239 INFO Parsed 13000000 reads
2023-05-03 15:46:57,055 INFO Parsed 13100000 reads
2023-05-03 15:47:00,340 INFO Parsed 13200000 reads
2023-05-03 15:47:03,586 INFO Parsed 13300000 reads
2023-05-03 15:47:06,829 INFO Parsed 13400000 reads
2023-05-03 15:47:10,078 INFO Parsed 13500000 reads
2023-05-03 15:47:13,314 INFO Parsed 13600000 reads
2023-05-03 15:47:16,554 INFO Parsed 13700000 reads
2023-05-03 15:47:19,786 INFO Parsed 13800000 reads
2023-05-03 15:47:23,685 INFO Parsed 13900000 reads
2023-05-03 15:47:26,914 INFO Parsed 14000000 reads
2023-05-03 15:47:30,155 INFO Parsed 14100000 reads
2023-05-03 15:47:33,999 INFO Parsed 14200000 reads
2023-05-03 15:47:37,326 INFO Parsed 14300000 reads
2023-05-03 15:47:40,575 INFO Parsed 14400000 reads
2023-05-03 15:47:43,834 INFO Parsed 14500000 reads
2023-05-03 15:47:47,089 INFO Parsed 14600000 reads
2023-05-03 15:47:50,400 INFO Parsed 14700000 reads
2023-05-03 15:47:53,702 INFO Parsed 14800000 reads
2023-05-03 15:47:57,727 INFO Parsed 14900000 reads
2023-05-03 15:48:01,013 INFO Parsed 15000000 reads
2023-05-03 15:48:04,349 INFO Parsed 15100000 reads
2023-05-03 15:48:07,712 INFO Parsed 15200000 reads
2023-05-03 15:48:11,006 INFO Parsed 15300000 reads
2023-05-03 15:48:14,290 INFO Parsed 15400000 reads
2023-05-03 15:48:17,546 INFO Parsed 15500000 reads
2023-05-03 15:48:20,809 INFO Parsed 15600000 reads
2023-05-03 15:48:24,057 INFO Parsed 15700000 reads
2023-05-03 15:48:27,313 INFO Parsed 15800000 reads
2023-05-03 15:48:28,961 INFO Input Reads: 15850620
2023-05-03 15:48:28,961 INFO regex matches read1: 13837395
2023-05-03 15:48:28,961 INFO Reads output: 13837395
2023-05-03 15:48:28,961 INFO regex does not match read1: 2013225
# job finished in 522 seconds at Wed May  3 15:48:28 2023 -- 514.64  1.58  0.00  0.00 -- 94649850-e2f1-43b9-94fd-bbdeae39c934
[Wed May  3 15:48:29 2023]
Finished job 0.
1 of 1 steps (100%) done
[Wed May  3 15:48:30 2023]
Finished job 0.
1 of 1 steps (100%) done
