Building DAG of jobs...
Using shell: /usr/bin/bash
Provided cores: 8
Rules claiming more threads will be scaled down.
Provided resources: mem_mb=8192, mem_mib=7813, disk_mb=1876, disk_mib=1790
Select jobs to execute...
Building DAG of jobs...
Using shell: /usr/bin/bash
Provided cores: 8
Rules claiming more threads will be scaled down.
Provided resources: mem_mb=8192, mem_mib=7813, disk_mb=1876, disk_mib=1790
Select jobs to execute...

[Wed May  3 15:40:06 2023]
rule extract_umis_single_end:
    input: results/reads/218_MSI_R1.fastq.gz
    output: results/reads/umis/218_MSI_R1.fastq.gz
    log: logs/extract_umis/218_MSI.log
    jobid: 0
    reason: Missing output files: results/reads/umis/218_MSI_R1.fastq.gz
    wildcards: sample=218_MSI
    threads: 8
    resources: mem_mb=8192, mem_mib=7813, disk_mb=1876, disk_mib=1790, tmpdir=/tmp, runtime=60

# UMI-tools version: 1.1.4
# output generated by extract --random-seed 1234 --extract-method=regex --bc-pattern=(?P<umi_1>.{6})(?P<discard_1>TATA).* -I results/reads/218_MSI_R1.fastq.gz -S results/reads/umis/218_MSI_R1.fastq.gz
# job started at Wed May  3 15:40:07 2023 on bc007 -- aca0eed7-7301-4a6c-b56c-d269477fe6ce
# pid: 1292847, system: Linux 4.18.0-193.19.1.el8_2.x86_64 #1 SMP Mon Sep 14 14:37:00 UTC 2020 x86_64
# blacklist                               : None
# compresslevel                           : 6
# correct_umi_threshold                   : 0
# either_read                             : False
# either_read_resolve                     : discard
# error_correct_cell                      : False
# extract_method                          : regex
# filter_cell_barcode                     : None
# filter_cell_barcodes                    : False
# filter_umi                              : None
# filtered_out                            : None
# filtered_out2                           : None
# ignore_suffix                           : False
# log2stderr                              : False
# loglevel                                : 1
# pattern                                 : (?P<umi_1>.{6})(?P<discard_1>TATA).*
# pattern2                                : None
# prime3                                  : None
# quality_encoding                        : None
# quality_filter_mask                     : None
# quality_filter_threshold                : None
# random_seed                             : 1234
# read2_in                                : None
# read2_out                               : False
# read2_stdout                            : False
# reads_subset                            : None
# reconcile                               : False
# retain_umi                              : None
# short_help                              : None
# stderr                                  : <_io.TextIOWrapper name='<stderr>' mode='w' encoding='utf-8'>
# stdin                                   : <_io.TextIOWrapper name='results/reads/218_MSI_R1.fastq.gz' encoding='ascii'>
# stdlog                                  : <_io.TextIOWrapper name='<stdout>' mode='w' encoding='utf-8'>
# stdout                                  : <_io.TextIOWrapper name='results/reads/umis/218_MSI_R1.fastq.gz' encoding='ascii'>
# timeit_file                             : None
# timeit_header                           : None
# timeit_name                             : all
# tmpdir                                  : None
# umi_correct_log                         : None
# umi_separator                           : _
# umi_whitelist                           : None
# umi_whitelist_paired                    : None
# whitelist                               : None
2023-05-03 15:40:07,776 INFO Starting barcode extraction
2023-05-03 15:40:11,269 INFO Parsed 100000 reads
2023-05-03 15:40:14,695 INFO Parsed 200000 reads
2023-05-03 15:40:18,141 INFO Parsed 300000 reads
2023-05-03 15:40:21,576 INFO Parsed 400000 reads
2023-05-03 15:40:25,029 INFO Parsed 500000 reads
2023-05-03 15:40:28,462 INFO Parsed 600000 reads
2023-05-03 15:40:31,918 INFO Parsed 700000 reads
2023-05-03 15:40:35,354 INFO Parsed 800000 reads
2023-05-03 15:40:38,747 INFO Parsed 900000 reads
2023-05-03 15:40:42,141 INFO Parsed 1000000 reads
2023-05-03 15:40:45,548 INFO Parsed 1100000 reads
2023-05-03 15:40:48,942 INFO Parsed 1200000 reads
2023-05-03 15:40:52,349 INFO Parsed 1300000 reads
2023-05-03 15:40:55,820 INFO Parsed 1400000 reads
2023-05-03 15:40:59,226 INFO Parsed 1500000 reads
2023-05-03 15:41:02,633 INFO Parsed 1600000 reads
2023-05-03 15:41:06,029 INFO Parsed 1700000 reads
2023-05-03 15:41:09,428 INFO Parsed 1800000 reads
2023-05-03 15:41:12,832 INFO Parsed 1900000 reads
2023-05-03 15:41:16,241 INFO Parsed 2000000 reads
2023-05-03 15:41:19,715 INFO Parsed 2100000 reads
2023-05-03 15:41:23,114 INFO Parsed 2200000 reads
2023-05-03 15:41:26,502 INFO Parsed 2300000 reads
2023-05-03 15:41:29,896 INFO Parsed 2400000 reads
2023-05-03 15:41:33,299 INFO Parsed 2500000 reads
2023-05-03 15:41:36,712 INFO Parsed 2600000 reads
2023-05-03 15:41:40,124 INFO Parsed 2700000 reads
2023-05-03 15:41:43,552 INFO Parsed 2800000 reads
2023-05-03 15:41:46,970 INFO Parsed 2900000 reads
2023-05-03 15:41:50,402 INFO Parsed 3000000 reads
2023-05-03 15:41:53,829 INFO Parsed 3100000 reads
2023-05-03 15:41:57,321 INFO Parsed 3200000 reads
2023-05-03 15:42:00,733 INFO Parsed 3300000 reads
2023-05-03 15:42:04,210 INFO Parsed 3400000 reads
2023-05-03 15:42:07,688 INFO Parsed 3500000 reads
2023-05-03 15:42:11,117 INFO Parsed 3600000 reads
2023-05-03 15:42:14,528 INFO Parsed 3700000 reads
2023-05-03 15:42:17,931 INFO Parsed 3800000 reads
2023-05-03 15:42:21,341 INFO Parsed 3900000 reads
2023-05-03 15:42:24,745 INFO Parsed 4000000 reads
2023-05-03 15:42:28,162 INFO Parsed 4100000 reads
2023-05-03 15:42:31,582 INFO Parsed 4200000 reads
2023-05-03 15:42:35,065 INFO Parsed 4300000 reads
2023-05-03 15:42:38,538 INFO Parsed 4400000 reads
2023-05-03 15:42:41,970 INFO Parsed 4500000 reads
2023-05-03 15:42:45,401 INFO Parsed 4600000 reads
2023-05-03 15:42:48,811 INFO Parsed 4700000 reads
2023-05-03 15:42:52,216 INFO Parsed 4800000 reads
2023-05-03 15:42:55,698 INFO Parsed 4900000 reads
2023-05-03 15:42:59,113 INFO Parsed 5000000 reads
2023-05-03 15:43:02,519 INFO Parsed 5100000 reads
2023-05-03 15:43:05,918 INFO Parsed 5200000 reads
2023-05-03 15:43:09,314 INFO Parsed 5300000 reads
2023-05-03 15:43:12,722 INFO Parsed 5400000 reads
2023-05-03 15:43:16,156 INFO Parsed 5500000 reads
2023-05-03 15:43:19,576 INFO Parsed 5600000 reads
2023-05-03 15:43:22,985 INFO Parsed 5700000 reads
2023-05-03 15:43:26,401 INFO Parsed 5800000 reads
2023-05-03 15:43:29,817 INFO Parsed 5900000 reads
2023-05-03 15:43:33,237 INFO Parsed 6000000 reads
2023-05-03 15:43:36,638 INFO Parsed 6100000 reads
2023-05-03 15:43:40,026 INFO Parsed 6200000 reads
2023-05-03 15:43:43,429 INFO Parsed 6300000 reads
2023-05-03 15:43:48,193 INFO Parsed 6400000 reads
2023-05-03 15:43:51,609 INFO Parsed 6500000 reads
2023-05-03 15:43:55,012 INFO Parsed 6600000 reads
2023-05-03 15:43:58,419 INFO Parsed 6700000 reads
2023-05-03 15:44:01,825 INFO Parsed 6800000 reads
2023-05-03 15:44:05,223 INFO Parsed 6900000 reads
2023-05-03 15:44:08,636 INFO Parsed 7000000 reads
2023-05-03 15:44:12,045 INFO Parsed 7100000 reads
2023-05-03 15:44:15,466 INFO Parsed 7200000 reads
2023-05-03 15:44:18,881 INFO Parsed 7300000 reads
2023-05-03 15:44:22,293 INFO Parsed 7400000 reads
2023-05-03 15:44:25,693 INFO Parsed 7500000 reads
2023-05-03 15:44:29,104 INFO Parsed 7600000 reads
2023-05-03 15:44:32,525 INFO Parsed 7700000 reads
2023-05-03 15:44:35,946 INFO Parsed 7800000 reads
2023-05-03 15:44:39,392 INFO Parsed 7900000 reads
2023-05-03 15:44:42,814 INFO Parsed 8000000 reads
2023-05-03 15:44:46,256 INFO Parsed 8100000 reads
2023-05-03 15:44:49,683 INFO Parsed 8200000 reads
2023-05-03 15:44:53,108 INFO Parsed 8300000 reads
2023-05-03 15:44:56,497 INFO Parsed 8400000 reads
2023-05-03 15:44:59,925 INFO Parsed 8500000 reads
2023-05-03 15:45:03,357 INFO Parsed 8600000 reads
2023-05-03 15:45:06,769 INFO Parsed 8700000 reads
2023-05-03 15:45:10,182 INFO Parsed 8800000 reads
2023-05-03 15:45:13,639 INFO Parsed 8900000 reads
2023-05-03 15:45:17,171 INFO Parsed 9000000 reads
2023-05-03 15:45:20,646 INFO Parsed 9100000 reads
2023-05-03 15:45:24,099 INFO Parsed 9200000 reads
2023-05-03 15:45:27,522 INFO Parsed 9300000 reads
2023-05-03 15:45:30,941 INFO Parsed 9400000 reads
2023-05-03 15:45:34,371 INFO Parsed 9500000 reads
2023-05-03 15:45:37,791 INFO Parsed 9600000 reads
2023-05-03 15:45:41,195 INFO Parsed 9700000 reads
2023-05-03 15:45:44,599 INFO Parsed 9800000 reads
2023-05-03 15:45:48,031 INFO Parsed 9900000 reads
2023-05-03 15:45:51,432 INFO Parsed 10000000 reads
2023-05-03 15:45:54,837 INFO Parsed 10100000 reads
2023-05-03 15:45:58,255 INFO Parsed 10200000 reads
2023-05-03 15:46:01,674 INFO Parsed 10300000 reads
2023-05-03 15:46:05,126 INFO Parsed 10400000 reads
2023-05-03 15:46:08,591 INFO Parsed 10500000 reads
2023-05-03 15:46:12,081 INFO Parsed 10600000 reads
2023-05-03 15:46:15,534 INFO Parsed 10700000 reads
2023-05-03 15:46:19,099 INFO Parsed 10800000 reads
2023-05-03 15:46:22,618 INFO Parsed 10900000 reads
2023-05-03 15:46:26,101 INFO Parsed 11000000 reads
2023-05-03 15:46:29,607 INFO Parsed 11100000 reads
2023-05-03 15:46:33,082 INFO Parsed 11200000 reads
2023-05-03 15:46:36,565 INFO Parsed 11300000 reads
2023-05-03 15:46:39,973 INFO Parsed 11400000 reads
2023-05-03 15:46:43,432 INFO Parsed 11500000 reads
2023-05-03 15:46:46,895 INFO Parsed 11600000 reads
2023-05-03 15:46:50,350 INFO Parsed 11700000 reads
2023-05-03 15:46:53,785 INFO Parsed 11800000 reads
2023-05-03 15:46:57,210 INFO Parsed 11900000 reads
2023-05-03 15:47:00,670 INFO Parsed 12000000 reads
2023-05-03 15:47:04,180 INFO Parsed 12100000 reads
2023-05-03 15:47:07,658 INFO Parsed 12200000 reads
2023-05-03 15:47:10,944 INFO Parsed 12300000 reads
2023-05-03 15:47:14,467 INFO Parsed 12400000 reads
2023-05-03 15:47:17,966 INFO Parsed 12500000 reads
2023-05-03 15:47:21,489 INFO Parsed 12600000 reads
2023-05-03 15:47:25,003 INFO Parsed 12700000 reads
2023-05-03 15:47:28,578 INFO Parsed 12800000 reads
2023-05-03 15:47:32,413 INFO Parsed 12900000 reads
2023-05-03 15:47:36,192 INFO Parsed 13000000 reads
2023-05-03 15:47:39,803 INFO Parsed 13100000 reads
2023-05-03 15:47:43,647 INFO Parsed 13200000 reads
2023-05-03 15:47:47,370 INFO Parsed 13300000 reads
2023-05-03 15:47:51,018 INFO Parsed 13400000 reads
2023-05-03 15:47:54,498 INFO Parsed 13500000 reads
2023-05-03 15:47:57,925 INFO Parsed 13600000 reads
2023-05-03 15:48:01,354 INFO Parsed 13700000 reads
2023-05-03 15:48:04,772 INFO Parsed 13800000 reads
2023-05-03 15:48:08,186 INFO Parsed 13900000 reads
2023-05-03 15:48:11,604 INFO Parsed 14000000 reads
2023-05-03 15:48:15,013 INFO Parsed 14100000 reads
2023-05-03 15:48:18,415 INFO Parsed 14200000 reads
2023-05-03 15:48:21,819 INFO Parsed 14300000 reads
2023-05-03 15:48:25,287 INFO Parsed 14400000 reads
2023-05-03 15:48:28,714 INFO Parsed 14500000 reads
2023-05-03 15:48:32,089 INFO Parsed 14600000 reads
2023-05-03 15:48:35,489 INFO Parsed 14700000 reads
2023-05-03 15:48:38,886 INFO Parsed 14800000 reads
2023-05-03 15:48:42,276 INFO Parsed 14900000 reads
2023-05-03 15:48:45,627 INFO Parsed 15000000 reads
2023-05-03 15:48:48,977 INFO Parsed 15100000 reads
2023-05-03 15:48:52,324 INFO Parsed 15200000 reads
2023-05-03 15:48:55,709 INFO Parsed 15300000 reads
2023-05-03 15:48:59,105 INFO Parsed 15400000 reads
2023-05-03 15:49:02,515 INFO Parsed 15500000 reads
2023-05-03 15:49:05,922 INFO Parsed 15600000 reads
2023-05-03 15:49:09,329 INFO Parsed 15700000 reads
2023-05-03 15:49:13,033 INFO Parsed 15800000 reads
2023-05-03 15:49:16,692 INFO Parsed 15900000 reads
2023-05-03 15:49:20,316 INFO Parsed 16000000 reads
2023-05-03 15:49:24,030 INFO Parsed 16100000 reads
2023-05-03 15:49:27,533 INFO Parsed 16200000 reads
2023-05-03 15:49:31,102 INFO Parsed 16300000 reads
2023-05-03 15:49:34,638 INFO Parsed 16400000 reads
2023-05-03 15:49:38,396 INFO Parsed 16500000 reads
2023-05-03 15:49:42,099 INFO Parsed 16600000 reads
2023-05-03 15:49:45,440 INFO Parsed 16700000 reads
2023-05-03 15:49:48,774 INFO Parsed 16800000 reads
2023-05-03 15:49:52,151 INFO Parsed 16900000 reads
2023-05-03 15:49:55,558 INFO Parsed 17000000 reads
2023-05-03 15:49:58,977 INFO Parsed 17100000 reads
2023-05-03 15:50:02,427 INFO Parsed 17200000 reads
2023-05-03 15:50:05,857 INFO Parsed 17300000 reads
2023-05-03 15:50:09,264 INFO Parsed 17400000 reads
2023-05-03 15:50:12,729 INFO Parsed 17500000 reads
2023-05-03 15:50:16,169 INFO Parsed 17600000 reads
2023-05-03 15:50:19,605 INFO Parsed 17700000 reads
2023-05-03 15:50:23,060 INFO Parsed 17800000 reads
2023-05-03 15:50:26,508 INFO Parsed 17900000 reads
2023-05-03 15:50:29,938 INFO Parsed 18000000 reads
2023-05-03 15:50:33,331 INFO Parsed 18100000 reads
2023-05-03 15:50:36,705 INFO Parsed 18200000 reads
2023-05-03 15:50:37,992 INFO Input Reads: 18237893
2023-05-03 15:50:37,992 INFO regex matches read1: 15479813
2023-05-03 15:50:37,992 INFO Reads output: 15479813
2023-05-03 15:50:37,992 INFO regex does not match read1: 2758080
# job finished in 630 seconds at Wed May  3 15:50:37 2023 -- 627.07  1.75  0.00  0.00 -- aca0eed7-7301-4a6c-b56c-d269477fe6ce
[Wed May  3 15:50:38 2023]
Finished job 0.
1 of 1 steps (100%) done
[Wed May  3 15:50:39 2023]
Finished job 0.
1 of 1 steps (100%) done
