Building DAG of jobs...
Using shell: /usr/bin/bash
Provided cores: 8
Rules claiming more threads will be scaled down.
Provided resources: mem_mb=8192, mem_mib=7813, disk_mb=2209, disk_mib=2107
Select jobs to execute...
Building DAG of jobs...
Using shell: /usr/bin/bash
Provided cores: 8
Rules claiming more threads will be scaled down.
Provided resources: mem_mb=8192, mem_mib=7813, disk_mb=2209, disk_mib=2107
Select jobs to execute...

[Wed May  3 15:40:06 2023]
rule extract_umis_single_end:
    input: results/reads/167_MSI_R1.fastq.gz
    output: results/reads/umis/167_MSI_R1.fastq.gz
    log: logs/extract_umis/167_MSI.log
    jobid: 0
    reason: Missing output files: results/reads/umis/167_MSI_R1.fastq.gz
    wildcards: sample=167_MSI
    threads: 8
    resources: mem_mb=8192, mem_mib=7813, disk_mb=2209, disk_mib=2107, tmpdir=/tmp, runtime=60

# UMI-tools version: 1.1.4
# output generated by extract --random-seed 1234 --extract-method=regex --bc-pattern=(?P<umi_1>.{6})(?P<discard_1>TATA).* -I results/reads/167_MSI_R1.fastq.gz -S results/reads/umis/167_MSI_R1.fastq.gz
# job started at Wed May  3 15:40:07 2023 on bc003 -- c5e38a6e-e8e7-420b-b1a2-4aeb5ceb3068
# pid: 920480, system: Linux 4.18.0-193.19.1.el8_2.x86_64 #1 SMP Mon Sep 14 14:37:00 UTC 2020 x86_64
# blacklist                               : None
# compresslevel                           : 6
# correct_umi_threshold                   : 0
# either_read                             : False
# either_read_resolve                     : discard
# error_correct_cell                      : False
# extract_method                          : regex
# filter_cell_barcode                     : None
# filter_cell_barcodes                    : False
# filter_umi                              : None
# filtered_out                            : None
# filtered_out2                           : None
# ignore_suffix                           : False
# log2stderr                              : False
# loglevel                                : 1
# pattern                                 : (?P<umi_1>.{6})(?P<discard_1>TATA).*
# pattern2                                : None
# prime3                                  : None
# quality_encoding                        : None
# quality_filter_mask                     : None
# quality_filter_threshold                : None
# random_seed                             : 1234
# read2_in                                : None
# read2_out                               : False
# read2_stdout                            : False
# reads_subset                            : None
# reconcile                               : False
# retain_umi                              : None
# short_help                              : None
# stderr                                  : <_io.TextIOWrapper name='<stderr>' mode='w' encoding='utf-8'>
# stdin                                   : <_io.TextIOWrapper name='results/reads/167_MSI_R1.fastq.gz' encoding='ascii'>
# stdlog                                  : <_io.TextIOWrapper name='<stdout>' mode='w' encoding='utf-8'>
# stdout                                  : <_io.TextIOWrapper name='results/reads/umis/167_MSI_R1.fastq.gz' encoding='ascii'>
# timeit_file                             : None
# timeit_header                           : None
# timeit_name                             : all
# tmpdir                                  : None
# umi_correct_log                         : None
# umi_separator                           : _
# umi_whitelist                           : None
# umi_whitelist_paired                    : None
# whitelist                               : None
2023-05-03 15:40:07,533 INFO Starting barcode extraction
2023-05-03 15:40:11,135 INFO Parsed 100000 reads
2023-05-03 15:40:14,715 INFO Parsed 200000 reads
2023-05-03 15:40:18,282 INFO Parsed 300000 reads
2023-05-03 15:40:21,833 INFO Parsed 400000 reads
2023-05-03 15:40:25,373 INFO Parsed 500000 reads
2023-05-03 15:40:28,929 INFO Parsed 600000 reads
2023-05-03 15:40:32,490 INFO Parsed 700000 reads
2023-05-03 15:40:36,033 INFO Parsed 800000 reads
2023-05-03 15:40:39,602 INFO Parsed 900000 reads
2023-05-03 15:40:43,186 INFO Parsed 1000000 reads
2023-05-03 15:40:46,773 INFO Parsed 1100000 reads
2023-05-03 15:40:50,324 INFO Parsed 1200000 reads
2023-05-03 15:40:53,871 INFO Parsed 1300000 reads
2023-05-03 15:40:57,439 INFO Parsed 1400000 reads
2023-05-03 15:41:00,994 INFO Parsed 1500000 reads
2023-05-03 15:41:04,547 INFO Parsed 1600000 reads
2023-05-03 15:41:08,080 INFO Parsed 1700000 reads
2023-05-03 15:41:11,684 INFO Parsed 1800000 reads
2023-05-03 15:41:15,261 INFO Parsed 1900000 reads
2023-05-03 15:41:18,835 INFO Parsed 2000000 reads
2023-05-03 15:41:22,377 INFO Parsed 2100000 reads
2023-05-03 15:41:25,920 INFO Parsed 2200000 reads
2023-05-03 15:41:29,451 INFO Parsed 2300000 reads
2023-05-03 15:41:33,569 INFO Parsed 2400000 reads
2023-05-03 15:41:37,101 INFO Parsed 2500000 reads
2023-05-03 15:41:40,632 INFO Parsed 2600000 reads
2023-05-03 15:41:44,204 INFO Parsed 2700000 reads
2023-05-03 15:41:47,773 INFO Parsed 2800000 reads
2023-05-03 15:41:51,334 INFO Parsed 2900000 reads
2023-05-03 15:41:54,865 INFO Parsed 3000000 reads
2023-05-03 15:41:58,400 INFO Parsed 3100000 reads
2023-05-03 15:42:01,928 INFO Parsed 3200000 reads
2023-05-03 15:42:05,555 INFO Parsed 3300000 reads
2023-05-03 15:42:09,088 INFO Parsed 3400000 reads
2023-05-03 15:42:12,619 INFO Parsed 3500000 reads
2023-05-03 15:42:16,184 INFO Parsed 3600000 reads
2023-05-03 15:42:19,742 INFO Parsed 3700000 reads
2023-05-03 15:42:23,283 INFO Parsed 3800000 reads
2023-05-03 15:42:26,819 INFO Parsed 3900000 reads
2023-05-03 15:42:30,332 INFO Parsed 4000000 reads
2023-05-03 15:42:33,865 INFO Parsed 4100000 reads
2023-05-03 15:42:37,464 INFO Parsed 4200000 reads
2023-05-03 15:42:41,003 INFO Parsed 4300000 reads
2023-05-03 15:42:44,549 INFO Parsed 4400000 reads
2023-05-03 15:42:48,106 INFO Parsed 4500000 reads
2023-05-03 15:42:51,660 INFO Parsed 4600000 reads
2023-05-03 15:42:55,196 INFO Parsed 4700000 reads
2023-05-03 15:42:58,732 INFO Parsed 4800000 reads
2023-05-03 15:43:02,262 INFO Parsed 4900000 reads
2023-05-03 15:43:05,799 INFO Parsed 5000000 reads
2023-05-03 15:43:09,336 INFO Parsed 5100000 reads
2023-05-03 15:43:12,870 INFO Parsed 5200000 reads
2023-05-03 15:43:16,428 INFO Parsed 5300000 reads
2023-05-03 15:43:20,012 INFO Parsed 5400000 reads
2023-05-03 15:43:23,605 INFO Parsed 5500000 reads
2023-05-03 15:43:27,186 INFO Parsed 5600000 reads
2023-05-03 15:43:30,757 INFO Parsed 5700000 reads
2023-05-03 15:43:34,329 INFO Parsed 5800000 reads
2023-05-03 15:43:37,921 INFO Parsed 5900000 reads
2023-05-03 15:43:41,510 INFO Parsed 6000000 reads
2023-05-03 15:43:45,090 INFO Parsed 6100000 reads
2023-05-03 15:43:48,665 INFO Parsed 6200000 reads
2023-05-03 15:43:52,491 INFO Parsed 6300000 reads
2023-05-03 15:43:56,075 INFO Parsed 6400000 reads
2023-05-03 15:43:59,652 INFO Parsed 6500000 reads
2023-05-03 15:44:03,225 INFO Parsed 6600000 reads
2023-05-03 15:44:06,794 INFO Parsed 6700000 reads
2023-05-03 15:44:10,392 INFO Parsed 6800000 reads
2023-05-03 15:44:13,999 INFO Parsed 6900000 reads
2023-05-03 15:44:17,567 INFO Parsed 7000000 reads
2023-05-03 15:44:21,148 INFO Parsed 7100000 reads
2023-05-03 15:44:24,718 INFO Parsed 7200000 reads
2023-05-03 15:44:28,303 INFO Parsed 7300000 reads
2023-05-03 15:44:31,886 INFO Parsed 7400000 reads
2023-05-03 15:44:35,460 INFO Parsed 7500000 reads
2023-05-03 15:44:39,046 INFO Parsed 7600000 reads
2023-05-03 15:44:42,712 INFO Parsed 7700000 reads
2023-05-03 15:44:46,301 INFO Parsed 7800000 reads
2023-05-03 15:44:49,871 INFO Parsed 7900000 reads
2023-05-03 15:44:53,454 INFO Parsed 8000000 reads
2023-05-03 15:44:57,036 INFO Parsed 8100000 reads
2023-05-03 15:45:00,606 INFO Parsed 8200000 reads
2023-05-03 15:45:04,175 INFO Parsed 8300000 reads
2023-05-03 15:45:07,730 INFO Parsed 8400000 reads
2023-05-03 15:45:11,295 INFO Parsed 8500000 reads
2023-05-03 15:45:14,856 INFO Parsed 8600000 reads
2023-05-03 15:45:18,430 INFO Parsed 8700000 reads
2023-05-03 15:45:22,009 INFO Parsed 8800000 reads
2023-05-03 15:45:25,595 INFO Parsed 8900000 reads
2023-05-03 15:45:29,176 INFO Parsed 9000000 reads
2023-05-03 15:45:32,759 INFO Parsed 9100000 reads
2023-05-03 15:45:36,325 INFO Parsed 9200000 reads
2023-05-03 15:45:39,911 INFO Parsed 9300000 reads
2023-05-03 15:45:43,491 INFO Parsed 9400000 reads
2023-05-03 15:45:47,075 INFO Parsed 9500000 reads
2023-05-03 15:45:50,639 INFO Parsed 9600000 reads
2023-05-03 15:45:54,213 INFO Parsed 9700000 reads
2023-05-03 15:45:57,794 INFO Parsed 9800000 reads
2023-05-03 15:46:01,364 INFO Parsed 9900000 reads
2023-05-03 15:46:04,934 INFO Parsed 10000000 reads
2023-05-03 15:46:08,499 INFO Parsed 10100000 reads
2023-05-03 15:46:12,073 INFO Parsed 10200000 reads
2023-05-03 15:46:15,654 INFO Parsed 10300000 reads
2023-05-03 15:46:19,490 INFO Parsed 10400000 reads
2023-05-03 15:46:23,073 INFO Parsed 10500000 reads
2023-05-03 15:46:26,628 INFO Parsed 10600000 reads
2023-05-03 15:46:30,204 INFO Parsed 10700000 reads
2023-05-03 15:46:33,791 INFO Parsed 10800000 reads
2023-05-03 15:46:37,384 INFO Parsed 10900000 reads
2023-05-03 15:46:41,004 INFO Parsed 11000000 reads
2023-05-03 15:46:44,692 INFO Parsed 11100000 reads
2023-05-03 15:46:48,367 INFO Parsed 11200000 reads
2023-05-03 15:46:52,000 INFO Parsed 11300000 reads
2023-05-03 15:46:57,748 INFO Parsed 11400000 reads
2023-05-03 15:47:01,325 INFO Parsed 11500000 reads
2023-05-03 15:47:04,904 INFO Parsed 11600000 reads
2023-05-03 15:47:08,481 INFO Parsed 11700000 reads
2023-05-03 15:47:12,043 INFO Parsed 11800000 reads
2023-05-03 15:47:15,650 INFO Parsed 11900000 reads
2023-05-03 15:47:19,237 INFO Parsed 12000000 reads
2023-05-03 15:47:23,140 INFO Parsed 12100000 reads
2023-05-03 15:47:26,697 INFO Parsed 12200000 reads
2023-05-03 15:47:30,247 INFO Parsed 12300000 reads
2023-05-03 15:47:34,456 INFO Parsed 12400000 reads
2023-05-03 15:47:38,072 INFO Parsed 12500000 reads
2023-05-03 15:47:41,669 INFO Parsed 12600000 reads
2023-05-03 15:47:45,250 INFO Parsed 12700000 reads
2023-05-03 15:47:48,888 INFO Parsed 12800000 reads
2023-05-03 15:47:52,509 INFO Parsed 12900000 reads
2023-05-03 15:47:57,169 INFO Parsed 13000000 reads
2023-05-03 15:48:00,749 INFO Parsed 13100000 reads
2023-05-03 15:48:04,400 INFO Parsed 13200000 reads
2023-05-03 15:48:08,055 INFO Parsed 13300000 reads
2023-05-03 15:48:11,650 INFO Parsed 13400000 reads
2023-05-03 15:48:15,227 INFO Parsed 13500000 reads
2023-05-03 15:48:18,786 INFO Parsed 13600000 reads
2023-05-03 15:48:22,350 INFO Parsed 13700000 reads
2023-05-03 15:48:25,900 INFO Parsed 13800000 reads
2023-05-03 15:48:29,580 INFO Parsed 13900000 reads
2023-05-03 15:48:33,131 INFO Parsed 14000000 reads
2023-05-03 15:48:36,685 INFO Parsed 14100000 reads
2023-05-03 15:48:40,219 INFO Parsed 14200000 reads
2023-05-03 15:48:43,912 INFO Parsed 14300000 reads
2023-05-03 15:48:47,516 INFO Parsed 14400000 reads
2023-05-03 15:48:51,203 INFO Parsed 14500000 reads
2023-05-03 15:48:54,871 INFO Parsed 14600000 reads
2023-05-03 15:48:58,423 INFO Parsed 14700000 reads
2023-05-03 15:49:01,946 INFO Parsed 14800000 reads
2023-05-03 15:49:05,329 INFO Parsed 14900000 reads
2023-05-03 15:49:08,845 INFO Parsed 15000000 reads
2023-05-03 15:49:12,334 INFO Parsed 15100000 reads
2023-05-03 15:49:15,893 INFO Parsed 15200000 reads
2023-05-03 15:49:19,444 INFO Parsed 15300000 reads
2023-05-03 15:49:23,004 INFO Parsed 15400000 reads
2023-05-03 15:49:26,567 INFO Parsed 15500000 reads
2023-05-03 15:49:30,124 INFO Parsed 15600000 reads
2023-05-03 15:49:33,681 INFO Parsed 15700000 reads
2023-05-03 15:49:37,233 INFO Parsed 15800000 reads
2023-05-03 15:49:40,794 INFO Parsed 15900000 reads
2023-05-03 15:49:44,355 INFO Parsed 16000000 reads
2023-05-03 15:49:47,911 INFO Parsed 16100000 reads
2023-05-03 15:49:51,410 INFO Parsed 16200000 reads
2023-05-03 15:49:54,960 INFO Parsed 16300000 reads
2023-05-03 15:49:59,794 INFO Parsed 16400000 reads
2023-05-03 15:50:03,362 INFO Parsed 16500000 reads
2023-05-03 15:50:06,920 INFO Parsed 16600000 reads
2023-05-03 15:50:10,485 INFO Parsed 16700000 reads
2023-05-03 15:50:14,059 INFO Parsed 16800000 reads
2023-05-03 15:50:17,637 INFO Parsed 16900000 reads
2023-05-03 15:50:21,206 INFO Parsed 17000000 reads
2023-05-03 15:50:24,782 INFO Parsed 17100000 reads
2023-05-03 15:50:34,286 INFO Parsed 17200000 reads
2023-05-03 15:50:37,841 INFO Parsed 17300000 reads
2023-05-03 15:50:41,413 INFO Parsed 17400000 reads
2023-05-03 15:50:44,954 INFO Parsed 17500000 reads
2023-05-03 15:50:48,526 INFO Parsed 17600000 reads
2023-05-03 15:50:52,088 INFO Parsed 17700000 reads
2023-05-03 15:50:55,671 INFO Parsed 17800000 reads
2023-05-03 15:50:59,212 INFO Parsed 17900000 reads
2023-05-03 15:51:02,659 INFO Parsed 18000000 reads
2023-05-03 15:51:17,336 INFO Parsed 18100000 reads
2023-05-03 15:51:20,722 INFO Parsed 18200000 reads
2023-05-03 15:51:24,076 INFO Parsed 18300000 reads
2023-05-03 15:51:27,412 INFO Parsed 18400000 reads
2023-05-03 15:51:30,727 INFO Parsed 18500000 reads
2023-05-03 15:51:34,060 INFO Parsed 18600000 reads
2023-05-03 15:51:37,461 INFO Parsed 18700000 reads
2023-05-03 15:51:40,899 INFO Parsed 18800000 reads
2023-05-03 15:51:45,436 INFO Parsed 18900000 reads
2023-05-03 15:51:49,233 INFO Parsed 19000000 reads
2023-05-03 15:51:52,764 INFO Parsed 19100000 reads
2023-05-03 15:51:56,308 INFO Parsed 19200000 reads
2023-05-03 15:51:59,854 INFO Parsed 19300000 reads
2023-05-03 15:52:03,392 INFO Parsed 19400000 reads
2023-05-03 15:52:06,949 INFO Parsed 19500000 reads
2023-05-03 15:52:10,500 INFO Parsed 19600000 reads
2023-05-03 15:52:14,056 INFO Parsed 19700000 reads
2023-05-03 15:52:17,607 INFO Parsed 19800000 reads
2023-05-03 15:52:21,486 INFO Parsed 19900000 reads
2023-05-03 15:52:25,048 INFO Parsed 20000000 reads
2023-05-03 15:52:28,605 INFO Parsed 20100000 reads
2023-05-03 15:52:32,122 INFO Parsed 20200000 reads
2023-05-03 15:52:35,645 INFO Parsed 20300000 reads
2023-05-03 15:52:39,165 INFO Parsed 20400000 reads
2023-05-03 15:52:42,710 INFO Parsed 20500000 reads
2023-05-03 15:52:46,280 INFO Parsed 20600000 reads
2023-05-03 15:52:49,901 INFO Parsed 20700000 reads
2023-05-03 15:53:00,577 INFO Parsed 20800000 reads
2023-05-03 15:53:04,100 INFO Parsed 20900000 reads
2023-05-03 15:53:06,804 INFO Input Reads: 20976793
2023-05-03 15:53:06,804 INFO regex matches read1: 17828184
2023-05-03 15:53:06,804 INFO Reads output: 17828184
2023-05-03 15:53:06,805 INFO regex does not match read1: 3148609
# job finished in 779 seconds at Wed May  3 15:53:06 2023 -- 744.79  1.80  0.00  0.00 -- c5e38a6e-e8e7-420b-b1a2-4aeb5ceb3068
[Wed May  3 15:53:07 2023]
Finished job 0.
1 of 1 steps (100%) done
[Wed May  3 15:53:08 2023]
Finished job 0.
1 of 1 steps (100%) done
