Building DAG of jobs...
Using shell: /usr/bin/bash
Provided cores: 8
Rules claiming more threads will be scaled down.
Provided resources: mem_mb=8192, mem_mib=7813, disk_mb=5365, disk_mib=5117
Select jobs to execute...
Building DAG of jobs...
Using shell: /usr/bin/bash
Provided cores: 8
Rules claiming more threads will be scaled down.
Provided resources: mem_mb=8192, mem_mib=7813, disk_mb=5365, disk_mib=5117
Select jobs to execute...

[Wed May  3 15:40:07 2023]
rule extract_umis_single_end:
    input: results/reads/175_MSI_R1.fastq.gz
    output: results/reads/umis/175_MSI_R1.fastq.gz
    log: logs/extract_umis/175_MSI.log
    jobid: 0
    reason: Missing output files: results/reads/umis/175_MSI_R1.fastq.gz
    wildcards: sample=175_MSI
    threads: 8
    resources: mem_mb=8192, mem_mib=7813, disk_mb=5365, disk_mib=5117, tmpdir=/tmp, runtime=60

# UMI-tools version: 1.1.4
# output generated by extract --random-seed 1234 --extract-method=regex --bc-pattern=(?P<umi_1>.{6})(?P<discard_1>TATA).* -I results/reads/175_MSI_R1.fastq.gz -S results/reads/umis/175_MSI_R1.fastq.gz
# job started at Wed May  3 15:40:08 2023 on bc003 -- d36a465a-443a-4bd2-979f-bb60f7584bec
# pid: 920524, system: Linux 4.18.0-193.19.1.el8_2.x86_64 #1 SMP Mon Sep 14 14:37:00 UTC 2020 x86_64
# blacklist                               : None
# compresslevel                           : 6
# correct_umi_threshold                   : 0
# either_read                             : False
# either_read_resolve                     : discard
# error_correct_cell                      : False
# extract_method                          : regex
# filter_cell_barcode                     : None
# filter_cell_barcodes                    : False
# filter_umi                              : None
# filtered_out                            : None
# filtered_out2                           : None
# ignore_suffix                           : False
# log2stderr                              : False
# loglevel                                : 1
# pattern                                 : (?P<umi_1>.{6})(?P<discard_1>TATA).*
# pattern2                                : None
# prime3                                  : None
# quality_encoding                        : None
# quality_filter_mask                     : None
# quality_filter_threshold                : None
# random_seed                             : 1234
# read2_in                                : None
# read2_out                               : False
# read2_stdout                            : False
# reads_subset                            : None
# reconcile                               : False
# retain_umi                              : None
# short_help                              : None
# stderr                                  : <_io.TextIOWrapper name='<stderr>' mode='w' encoding='utf-8'>
# stdin                                   : <_io.TextIOWrapper name='results/reads/175_MSI_R1.fastq.gz' encoding='ascii'>
# stdlog                                  : <_io.TextIOWrapper name='<stdout>' mode='w' encoding='utf-8'>
# stdout                                  : <_io.TextIOWrapper name='results/reads/umis/175_MSI_R1.fastq.gz' encoding='ascii'>
# timeit_file                             : None
# timeit_header                           : None
# timeit_name                             : all
# tmpdir                                  : None
# umi_correct_log                         : None
# umi_separator                           : _
# umi_whitelist                           : None
# umi_whitelist_paired                    : None
# whitelist                               : None
2023-05-03 15:40:08,513 INFO Starting barcode extraction
2023-05-03 15:40:11,994 INFO Parsed 100000 reads
2023-05-03 15:40:15,463 INFO Parsed 200000 reads
2023-05-03 15:40:19,106 INFO Parsed 300000 reads
2023-05-03 15:40:23,009 INFO Parsed 400000 reads
2023-05-03 15:40:26,856 INFO Parsed 500000 reads
2023-05-03 15:40:30,670 INFO Parsed 600000 reads
2023-05-03 15:40:34,230 INFO Parsed 700000 reads
2023-05-03 15:40:38,631 INFO Parsed 800000 reads
2023-05-03 15:40:42,258 INFO Parsed 900000 reads
2023-05-03 15:40:46,016 INFO Parsed 1000000 reads
2023-05-03 15:40:49,540 INFO Parsed 1100000 reads
2023-05-03 15:40:53,197 INFO Parsed 1200000 reads
2023-05-03 15:40:56,995 INFO Parsed 1300000 reads
2023-05-03 15:41:00,646 INFO Parsed 1400000 reads
2023-05-03 15:41:04,710 INFO Parsed 1500000 reads
2023-05-03 15:41:08,712 INFO Parsed 1600000 reads
2023-05-03 15:41:12,714 INFO Parsed 1700000 reads
2023-05-03 15:41:16,551 INFO Parsed 1800000 reads
2023-05-03 15:41:20,263 INFO Parsed 1900000 reads
2023-05-03 15:41:23,902 INFO Parsed 2000000 reads
2023-05-03 15:41:27,445 INFO Parsed 2100000 reads
2023-05-03 15:41:31,710 INFO Parsed 2200000 reads
2023-05-03 15:41:35,229 INFO Parsed 2300000 reads
2023-05-03 15:41:38,902 INFO Parsed 2400000 reads
2023-05-03 15:41:42,460 INFO Parsed 2500000 reads
2023-05-03 15:41:45,964 INFO Parsed 2600000 reads
2023-05-03 15:41:49,473 INFO Parsed 2700000 reads
2023-05-03 15:41:53,012 INFO Parsed 2800000 reads
2023-05-03 15:41:56,491 INFO Parsed 2900000 reads
2023-05-03 15:41:59,979 INFO Parsed 3000000 reads
2023-05-03 15:42:03,486 INFO Parsed 3100000 reads
2023-05-03 15:42:07,379 INFO Parsed 3200000 reads
2023-05-03 15:42:11,017 INFO Parsed 3300000 reads
2023-05-03 15:42:14,683 INFO Parsed 3400000 reads
2023-05-03 15:42:18,474 INFO Parsed 3500000 reads
2023-05-03 15:42:22,326 INFO Parsed 3600000 reads
2023-05-03 15:42:26,324 INFO Parsed 3700000 reads
2023-05-03 15:42:30,294 INFO Parsed 3800000 reads
2023-05-03 15:42:34,310 INFO Parsed 3900000 reads
2023-05-03 15:42:38,275 INFO Parsed 4000000 reads
2023-05-03 15:42:42,160 INFO Parsed 4100000 reads
2023-05-03 15:42:46,202 INFO Parsed 4200000 reads
2023-05-03 15:42:50,111 INFO Parsed 4300000 reads
2023-05-03 15:42:53,882 INFO Parsed 4400000 reads
2023-05-03 15:42:57,520 INFO Parsed 4500000 reads
2023-05-03 15:43:01,166 INFO Parsed 4600000 reads
2023-05-03 15:43:04,837 INFO Parsed 4700000 reads
2023-05-03 15:43:08,500 INFO Parsed 4800000 reads
2023-05-03 15:43:12,378 INFO Parsed 4900000 reads
2023-05-03 15:43:16,155 INFO Parsed 5000000 reads
2023-05-03 15:43:20,070 INFO Parsed 5100000 reads
2023-05-03 15:43:23,709 INFO Parsed 5200000 reads
2023-05-03 15:43:27,288 INFO Parsed 5300000 reads
2023-05-03 15:43:30,872 INFO Parsed 5400000 reads
2023-05-03 15:43:34,434 INFO Parsed 5500000 reads
2023-05-03 15:43:38,128 INFO Parsed 5600000 reads
2023-05-03 15:43:41,878 INFO Parsed 5700000 reads
2023-05-03 15:43:45,689 INFO Parsed 5800000 reads
2023-05-03 15:43:50,095 INFO Parsed 5900000 reads
2023-05-03 15:43:53,637 INFO Parsed 6000000 reads
2023-05-03 15:43:57,190 INFO Parsed 6100000 reads
2023-05-03 15:44:00,934 INFO Parsed 6200000 reads
2023-05-03 15:44:04,625 INFO Parsed 6300000 reads
2023-05-03 15:44:08,731 INFO Parsed 6400000 reads
2023-05-03 15:44:13,080 INFO Parsed 6500000 reads
2023-05-03 15:44:17,254 INFO Parsed 6600000 reads
2023-05-03 15:44:21,134 INFO Parsed 6700000 reads
2023-05-03 15:44:25,029 INFO Parsed 6800000 reads
2023-05-03 15:44:28,760 INFO Parsed 6900000 reads
2023-05-03 15:44:32,492 INFO Parsed 7000000 reads
2023-05-03 15:44:36,324 INFO Parsed 7100000 reads
2023-05-03 15:44:40,165 INFO Parsed 7200000 reads
2023-05-03 15:44:44,293 INFO Parsed 7300000 reads
2023-05-03 15:44:48,127 INFO Parsed 7400000 reads
2023-05-03 15:44:51,958 INFO Parsed 7500000 reads
2023-05-03 15:44:55,775 INFO Parsed 7600000 reads
2023-05-03 15:44:59,620 INFO Parsed 7700000 reads
2023-05-03 15:45:03,401 INFO Parsed 7800000 reads
2023-05-03 15:45:07,112 INFO Parsed 7900000 reads
2023-05-03 15:45:10,638 INFO Parsed 8000000 reads
2023-05-03 15:45:14,116 INFO Parsed 8100000 reads
2023-05-03 15:45:17,592 INFO Parsed 8200000 reads
2023-05-03 15:45:21,084 INFO Parsed 8300000 reads
2023-05-03 15:45:24,605 INFO Parsed 8400000 reads
2023-05-03 15:45:28,345 INFO Parsed 8500000 reads
2023-05-03 15:45:32,320 INFO Parsed 8600000 reads
2023-05-03 15:45:36,111 INFO Parsed 8700000 reads
2023-05-03 15:45:39,596 INFO Parsed 8800000 reads
2023-05-03 15:45:43,209 INFO Parsed 8900000 reads
2023-05-03 15:45:46,779 INFO Parsed 9000000 reads
2023-05-03 15:45:50,323 INFO Parsed 9100000 reads
2023-05-03 15:45:53,896 INFO Parsed 9200000 reads
2023-05-03 15:45:57,476 INFO Parsed 9300000 reads
2023-05-03 15:46:01,008 INFO Parsed 9400000 reads
2023-05-03 15:46:04,555 INFO Parsed 9500000 reads
2023-05-03 15:46:08,140 INFO Parsed 9600000 reads
2023-05-03 15:46:11,724 INFO Parsed 9700000 reads
2023-05-03 15:46:15,306 INFO Parsed 9800000 reads
2023-05-03 15:46:19,528 INFO Parsed 9900000 reads
2023-05-03 15:46:23,912 INFO Parsed 10000000 reads
2023-05-03 15:46:28,063 INFO Parsed 10100000 reads
2023-05-03 15:46:32,228 INFO Parsed 10200000 reads
2023-05-03 15:46:36,241 INFO Parsed 10300000 reads
2023-05-03 15:46:40,247 INFO Parsed 10400000 reads
2023-05-03 15:46:44,343 INFO Parsed 10500000 reads
2023-05-03 15:46:48,390 INFO Parsed 10600000 reads
2023-05-03 15:46:54,713 INFO Parsed 10700000 reads
2023-05-03 15:46:58,610 INFO Parsed 10800000 reads
2023-05-03 15:47:02,487 INFO Parsed 10900000 reads
2023-05-03 15:47:06,461 INFO Parsed 11000000 reads
2023-05-03 15:47:10,303 INFO Parsed 11100000 reads
2023-05-03 15:47:14,187 INFO Parsed 11200000 reads
2023-05-03 15:47:17,957 INFO Parsed 11300000 reads
2023-05-03 15:47:21,720 INFO Parsed 11400000 reads
2023-05-03 15:47:25,417 INFO Parsed 11500000 reads
2023-05-03 15:47:29,044 INFO Parsed 11600000 reads
2023-05-03 15:47:32,911 INFO Parsed 11700000 reads
2023-05-03 15:47:36,852 INFO Parsed 11800000 reads
2023-05-03 15:47:40,678 INFO Parsed 11900000 reads
2023-05-03 15:47:44,412 INFO Parsed 12000000 reads
2023-05-03 15:47:48,044 INFO Parsed 12100000 reads
2023-05-03 15:47:51,549 INFO Parsed 12200000 reads
2023-05-03 15:47:55,147 INFO Parsed 12300000 reads
2023-05-03 15:47:59,278 INFO Parsed 12400000 reads
2023-05-03 15:48:03,129 INFO Parsed 12500000 reads
2023-05-03 15:48:07,058 INFO Parsed 12600000 reads
2023-05-03 15:48:10,834 INFO Parsed 12700000 reads
2023-05-03 15:48:14,786 INFO Parsed 12800000 reads
2023-05-03 15:48:18,671 INFO Parsed 12900000 reads
2023-05-03 15:48:22,304 INFO Parsed 13000000 reads
2023-05-03 15:48:26,097 INFO Parsed 13100000 reads
2023-05-03 15:48:29,893 INFO Parsed 13200000 reads
2023-05-03 15:48:33,635 INFO Parsed 13300000 reads
2023-05-03 15:48:37,295 INFO Parsed 13400000 reads
2023-05-03 15:48:40,847 INFO Parsed 13500000 reads
2023-05-03 15:48:44,375 INFO Parsed 13600000 reads
2023-05-03 15:48:47,928 INFO Parsed 13700000 reads
2023-05-03 15:48:51,437 INFO Parsed 13800000 reads
2023-05-03 15:48:54,986 INFO Parsed 13900000 reads
2023-05-03 15:48:58,480 INFO Parsed 14000000 reads
2023-05-03 15:49:02,244 INFO Parsed 14100000 reads
2023-05-03 15:49:07,154 INFO Parsed 14200000 reads
2023-05-03 15:49:12,533 INFO Parsed 14300000 reads
2023-05-03 15:49:17,828 INFO Parsed 14400000 reads
2023-05-03 15:49:22,959 INFO Parsed 14500000 reads
2023-05-03 15:49:27,475 INFO Parsed 14600000 reads
2023-05-03 15:49:31,293 INFO Parsed 14700000 reads
2023-05-03 15:49:35,029 INFO Parsed 14800000 reads
2023-05-03 15:49:38,736 INFO Parsed 14900000 reads
2023-05-03 15:49:42,444 INFO Parsed 15000000 reads
2023-05-03 15:49:46,174 INFO Parsed 15100000 reads
2023-05-03 15:49:49,881 INFO Parsed 15200000 reads
2023-05-03 15:49:53,528 INFO Parsed 15300000 reads
2023-05-03 15:49:58,281 INFO Parsed 15400000 reads
2023-05-03 15:50:01,752 INFO Parsed 15500000 reads
2023-05-03 15:50:05,313 INFO Parsed 15600000 reads
2023-05-03 15:50:08,848 INFO Parsed 15700000 reads
2023-05-03 15:50:12,463 INFO Parsed 15800000 reads
2023-05-03 15:50:16,142 INFO Parsed 15900000 reads
2023-05-03 15:50:19,741 INFO Parsed 16000000 reads
2023-05-03 15:50:23,712 INFO Parsed 16100000 reads
2023-05-03 15:50:33,636 INFO Parsed 16200000 reads
2023-05-03 15:50:37,594 INFO Parsed 16300000 reads
2023-05-03 15:50:42,005 INFO Parsed 16400000 reads
2023-05-03 15:50:46,191 INFO Parsed 16500000 reads
2023-05-03 15:50:50,170 INFO Parsed 16600000 reads
2023-05-03 15:50:54,081 INFO Parsed 16700000 reads
2023-05-03 15:50:57,831 INFO Parsed 16800000 reads
2023-05-03 15:51:01,459 INFO Parsed 16900000 reads
2023-05-03 15:51:16,904 INFO Parsed 17000000 reads
2023-05-03 15:51:20,402 INFO Parsed 17100000 reads
2023-05-03 15:51:23,925 INFO Parsed 17200000 reads
2023-05-03 15:51:27,398 INFO Parsed 17300000 reads
2023-05-03 15:51:30,871 INFO Parsed 17400000 reads
2023-05-03 15:51:34,354 INFO Parsed 17500000 reads
2023-05-03 15:51:38,000 INFO Parsed 17600000 reads
2023-05-03 15:51:41,482 INFO Parsed 17700000 reads
2023-05-03 15:51:46,295 INFO Parsed 17800000 reads
2023-05-03 15:51:49,769 INFO Parsed 17900000 reads
2023-05-03 15:51:53,322 INFO Parsed 18000000 reads
2023-05-03 15:51:56,853 INFO Parsed 18100000 reads
2023-05-03 15:52:00,369 INFO Parsed 18200000 reads
2023-05-03 15:52:03,872 INFO Parsed 18300000 reads
2023-05-03 15:52:07,397 INFO Parsed 18400000 reads
2023-05-03 15:52:10,904 INFO Parsed 18500000 reads
2023-05-03 15:52:14,390 INFO Parsed 18600000 reads
2023-05-03 15:52:17,922 INFO Parsed 18700000 reads
2023-05-03 15:52:21,579 INFO Parsed 18800000 reads
2023-05-03 15:52:25,282 INFO Parsed 18900000 reads
2023-05-03 15:52:28,884 INFO Parsed 19000000 reads
2023-05-03 15:52:32,488 INFO Parsed 19100000 reads
2023-05-03 15:52:36,152 INFO Parsed 19200000 reads
2023-05-03 15:52:39,859 INFO Parsed 19300000 reads
2023-05-03 15:52:43,556 INFO Parsed 19400000 reads
2023-05-03 15:52:47,146 INFO Parsed 19500000 reads
2023-05-03 15:52:50,707 INFO Parsed 19600000 reads
2023-05-03 15:52:54,180 INFO Parsed 19700000 reads
2023-05-03 15:52:59,463 INFO Parsed 19800000 reads
2023-05-03 15:53:03,043 INFO Parsed 19900000 reads
2023-05-03 15:53:06,624 INFO Parsed 20000000 reads
2023-05-03 15:53:10,193 INFO Parsed 20100000 reads
2023-05-03 15:53:13,695 INFO Parsed 20200000 reads
2023-05-03 15:53:17,225 INFO Parsed 20300000 reads
2023-05-03 15:53:20,764 INFO Parsed 20400000 reads
2023-05-03 15:53:24,300 INFO Parsed 20500000 reads
2023-05-03 15:53:27,803 INFO Parsed 20600000 reads
2023-05-03 15:53:31,303 INFO Parsed 20700000 reads
2023-05-03 15:53:34,796 INFO Parsed 20800000 reads
2023-05-03 15:53:38,294 INFO Parsed 20900000 reads
2023-05-03 15:53:41,825 INFO Parsed 21000000 reads
2023-05-03 15:53:45,310 INFO Parsed 21100000 reads
2023-05-03 15:53:48,803 INFO Parsed 21200000 reads
2023-05-03 15:53:52,297 INFO Parsed 21300000 reads
2023-05-03 15:53:55,781 INFO Parsed 21400000 reads
2023-05-03 15:53:59,350 INFO Parsed 21500000 reads
2023-05-03 15:54:02,858 INFO Parsed 21600000 reads
2023-05-03 15:54:06,374 INFO Parsed 21700000 reads
2023-05-03 15:54:09,920 INFO Parsed 21800000 reads
2023-05-03 15:54:13,452 INFO Parsed 21900000 reads
2023-05-03 15:54:16,991 INFO Parsed 22000000 reads
2023-05-03 15:54:20,520 INFO Parsed 22100000 reads
2023-05-03 15:54:24,045 INFO Parsed 22200000 reads
2023-05-03 15:54:27,553 INFO Parsed 22300000 reads
2023-05-03 15:54:31,085 INFO Parsed 22400000 reads
2023-05-03 15:54:34,575 INFO Parsed 22500000 reads
2023-05-03 15:54:38,093 INFO Parsed 22600000 reads
2023-05-03 15:54:41,592 INFO Parsed 22700000 reads
2023-05-03 15:54:45,043 INFO Parsed 22800000 reads
2023-05-03 15:54:48,500 INFO Parsed 22900000 reads
2023-05-03 15:54:51,974 INFO Parsed 23000000 reads
2023-05-03 15:54:55,453 INFO Parsed 23100000 reads
2023-05-03 15:54:59,989 INFO Parsed 23200000 reads
2023-05-03 15:55:05,061 INFO Parsed 23300000 reads
2023-05-03 15:55:10,159 INFO Parsed 23400000 reads
2023-05-03 15:55:15,212 INFO Parsed 23500000 reads
2023-05-03 15:55:21,029 INFO Parsed 23600000 reads
2023-05-03 15:55:25,897 INFO Parsed 23700000 reads
2023-05-03 15:55:30,698 INFO Parsed 23800000 reads
2023-05-03 15:55:35,196 INFO Parsed 23900000 reads
2023-05-03 15:55:39,360 INFO Parsed 24000000 reads
2023-05-03 15:55:43,267 INFO Parsed 24100000 reads
2023-05-03 15:55:47,216 INFO Parsed 24200000 reads
2023-05-03 15:55:51,167 INFO Parsed 24300000 reads
2023-05-03 15:55:54,977 INFO Parsed 24400000 reads
2023-05-03 15:55:58,702 INFO Parsed 24500000 reads
2023-05-03 15:56:02,671 INFO Parsed 24600000 reads
2023-05-03 15:56:06,615 INFO Parsed 24700000 reads
2023-05-03 15:56:10,599 INFO Parsed 24800000 reads
2023-05-03 15:56:14,364 INFO Parsed 24900000 reads
2023-05-03 15:56:18,049 INFO Parsed 25000000 reads
2023-05-03 15:56:21,725 INFO Parsed 25100000 reads
2023-05-03 15:56:25,483 INFO Parsed 25200000 reads
2023-05-03 15:56:29,052 INFO Parsed 25300000 reads
2023-05-03 15:56:32,629 INFO Parsed 25400000 reads
2023-05-03 15:56:36,411 INFO Parsed 25500000 reads
2023-05-03 15:56:40,056 INFO Parsed 25600000 reads
2023-05-03 15:56:43,693 INFO Parsed 25700000 reads
2023-05-03 15:57:12,489 INFO Parsed 25800000 reads
2023-05-03 15:57:16,301 INFO Parsed 25900000 reads
2023-05-03 15:57:20,509 INFO Parsed 26000000 reads
2023-05-03 15:57:24,460 INFO Parsed 26100000 reads
2023-05-03 15:57:28,419 INFO Parsed 26200000 reads
2023-05-03 15:57:32,523 INFO Parsed 26300000 reads
2023-05-03 15:57:37,259 INFO Parsed 26400000 reads
2023-05-03 15:57:41,759 INFO Parsed 26500000 reads
2023-05-03 15:57:48,074 INFO Parsed 26600000 reads
2023-05-03 15:57:52,504 INFO Parsed 26700000 reads
2023-05-03 15:57:56,590 INFO Parsed 26800000 reads
2023-05-03 15:58:00,250 INFO Parsed 26900000 reads
2023-05-03 15:58:03,987 INFO Parsed 27000000 reads
2023-05-03 15:58:07,567 INFO Parsed 27100000 reads
2023-05-03 15:58:11,301 INFO Parsed 27200000 reads
2023-05-03 15:58:15,209 INFO Parsed 27300000 reads
2023-05-03 15:58:19,053 INFO Parsed 27400000 reads
2023-05-03 15:58:22,822 INFO Parsed 27500000 reads
2023-05-03 15:58:26,326 INFO Parsed 27600000 reads
2023-05-03 15:58:29,792 INFO Parsed 27700000 reads
2023-05-03 15:58:33,271 INFO Parsed 27800000 reads
2023-05-03 15:58:36,722 INFO Parsed 27900000 reads
2023-05-03 15:58:40,229 INFO Parsed 28000000 reads
2023-05-03 15:58:43,701 INFO Parsed 28100000 reads
2023-05-03 15:58:47,191 INFO Parsed 28200000 reads
2023-05-03 15:58:50,745 INFO Parsed 28300000 reads
2023-05-03 15:58:54,201 INFO Parsed 28400000 reads
2023-05-03 15:58:57,827 INFO Parsed 28500000 reads
2023-05-03 15:59:01,617 INFO Parsed 28600000 reads
2023-05-03 15:59:05,351 INFO Parsed 28700000 reads
2023-05-03 15:59:09,079 INFO Parsed 28800000 reads
2023-05-03 15:59:13,233 INFO Parsed 28900000 reads
2023-05-03 15:59:17,004 INFO Parsed 29000000 reads
2023-05-03 15:59:21,757 INFO Parsed 29100000 reads
2023-05-03 15:59:25,249 INFO Parsed 29200000 reads
2023-05-03 15:59:28,710 INFO Parsed 29300000 reads
2023-05-03 15:59:32,163 INFO Parsed 29400000 reads
2023-05-03 15:59:35,630 INFO Parsed 29500000 reads
2023-05-03 15:59:39,189 INFO Parsed 29600000 reads
2023-05-03 15:59:42,640 INFO Parsed 29700000 reads
2023-05-03 15:59:46,085 INFO Parsed 29800000 reads
2023-05-03 15:59:49,529 INFO Parsed 29900000 reads
2023-05-03 15:59:52,972 INFO Parsed 30000000 reads
2023-05-03 15:59:56,422 INFO Parsed 30100000 reads
2023-05-03 15:59:59,858 INFO Parsed 30200000 reads
2023-05-03 16:00:03,310 INFO Parsed 30300000 reads
2023-05-03 16:00:06,761 INFO Parsed 30400000 reads
2023-05-03 16:00:10,203 INFO Parsed 30500000 reads
2023-05-03 16:00:13,899 INFO Parsed 30600000 reads
2023-05-03 16:00:17,334 INFO Parsed 30700000 reads
2023-05-03 16:00:20,770 INFO Parsed 30800000 reads
2023-05-03 16:00:24,200 INFO Parsed 30900000 reads
2023-05-03 16:00:27,649 INFO Parsed 31000000 reads
2023-05-03 16:00:31,380 INFO Parsed 31100000 reads
2023-05-03 16:00:35,147 INFO Parsed 31200000 reads
2023-05-03 16:00:38,971 INFO Parsed 31300000 reads
2023-05-03 16:00:42,823 INFO Parsed 31400000 reads
2023-05-03 16:00:46,497 INFO Parsed 31500000 reads
2023-05-03 16:00:49,951 INFO Parsed 31600000 reads
2023-05-03 16:00:53,406 INFO Parsed 31700000 reads
2023-05-03 16:00:56,858 INFO Parsed 31800000 reads
2023-05-03 16:01:00,300 INFO Parsed 31900000 reads
2023-05-03 16:01:03,751 INFO Parsed 32000000 reads
2023-05-03 16:01:07,300 INFO Parsed 32100000 reads
2023-05-03 16:01:10,896 INFO Parsed 32200000 reads
2023-05-03 16:01:14,350 INFO Parsed 32300000 reads
2023-05-03 16:01:17,798 INFO Parsed 32400000 reads
2023-05-03 16:01:21,260 INFO Parsed 32500000 reads
2023-05-03 16:01:24,721 INFO Parsed 32600000 reads
2023-05-03 16:01:28,182 INFO Parsed 32700000 reads
2023-05-03 16:01:31,646 INFO Parsed 32800000 reads
2023-05-03 16:01:35,106 INFO Parsed 32900000 reads
2023-05-03 16:01:38,564 INFO Parsed 33000000 reads
2023-05-03 16:01:42,016 INFO Parsed 33100000 reads
2023-05-03 16:01:45,472 INFO Parsed 33200000 reads
2023-05-03 16:01:48,928 INFO Parsed 33300000 reads
2023-05-03 16:01:52,396 INFO Parsed 33400000 reads
2023-05-03 16:01:55,867 INFO Parsed 33500000 reads
2023-05-03 16:01:59,952 INFO Parsed 33600000 reads
2023-05-03 16:02:03,426 INFO Parsed 33700000 reads
2023-05-03 16:02:06,896 INFO Parsed 33800000 reads
2023-05-03 16:02:10,351 INFO Parsed 33900000 reads
2023-05-03 16:02:13,795 INFO Parsed 34000000 reads
2023-05-03 16:02:17,229 INFO Parsed 34100000 reads
2023-05-03 16:02:20,676 INFO Parsed 34200000 reads
2023-05-03 16:02:24,169 INFO Parsed 34300000 reads
2023-05-03 16:02:27,633 INFO Parsed 34400000 reads
2023-05-03 16:02:31,094 INFO Parsed 34500000 reads
2023-05-03 16:02:34,547 INFO Parsed 34600000 reads
2023-05-03 16:02:38,023 INFO Parsed 34700000 reads
2023-05-03 16:02:41,482 INFO Parsed 34800000 reads
2023-05-03 16:02:44,927 INFO Parsed 34900000 reads
2023-05-03 16:02:48,386 INFO Parsed 35000000 reads
2023-05-03 16:02:51,847 INFO Parsed 35100000 reads
2023-05-03 16:02:55,297 INFO Parsed 35200000 reads
2023-05-03 16:02:59,144 INFO Parsed 35300000 reads
2023-05-03 16:03:03,127 INFO Parsed 35400000 reads
2023-05-03 16:03:07,059 INFO Parsed 35500000 reads
2023-05-03 16:03:10,550 INFO Parsed 35600000 reads
2023-05-03 16:03:14,006 INFO Parsed 35700000 reads
2023-05-03 16:03:17,469 INFO Parsed 35800000 reads
2023-05-03 16:03:20,932 INFO Parsed 35900000 reads
2023-05-03 16:03:24,388 INFO Parsed 36000000 reads
2023-05-03 16:03:27,836 INFO Parsed 36100000 reads
2023-05-03 16:03:31,311 INFO Parsed 36200000 reads
2023-05-03 16:03:34,765 INFO Parsed 36300000 reads
2023-05-03 16:03:38,247 INFO Parsed 36400000 reads
2023-05-03 16:03:41,719 INFO Parsed 36500000 reads
2023-05-03 16:03:45,197 INFO Parsed 36600000 reads
2023-05-03 16:03:48,669 INFO Parsed 36700000 reads
2023-05-03 16:03:52,163 INFO Parsed 36800000 reads
2023-05-03 16:03:55,651 INFO Parsed 36900000 reads
2023-05-03 16:03:59,198 INFO Parsed 37000000 reads
2023-05-03 16:04:02,681 INFO Parsed 37100000 reads
2023-05-03 16:04:06,170 INFO Parsed 37200000 reads
2023-05-03 16:04:09,639 INFO Parsed 37300000 reads
2023-05-03 16:04:13,103 INFO Parsed 37400000 reads
2023-05-03 16:04:16,545 INFO Parsed 37500000 reads
2023-05-03 16:04:19,995 INFO Parsed 37600000 reads
2023-05-03 16:04:23,452 INFO Parsed 37700000 reads
2023-05-03 16:04:26,911 INFO Parsed 37800000 reads
2023-05-03 16:04:30,374 INFO Parsed 37900000 reads
2023-05-03 16:04:33,841 INFO Parsed 38000000 reads
2023-05-03 16:04:37,308 INFO Parsed 38100000 reads
2023-05-03 16:04:40,761 INFO Parsed 38200000 reads
2023-05-03 16:04:44,268 INFO Parsed 38300000 reads
2023-05-03 16:04:47,818 INFO Parsed 38400000 reads
2023-05-03 16:04:51,698 INFO Parsed 38500000 reads
2023-05-03 16:04:55,474 INFO Parsed 38600000 reads
2023-05-03 16:04:59,352 INFO Parsed 38700000 reads
2023-05-03 16:05:03,100 INFO Parsed 38800000 reads
2023-05-03 16:05:06,672 INFO Parsed 38900000 reads
2023-05-03 16:05:10,193 INFO Parsed 39000000 reads
2023-05-03 16:05:13,746 INFO Parsed 39100000 reads
2023-05-03 16:05:17,323 INFO Parsed 39200000 reads
2023-05-03 16:05:20,891 INFO Parsed 39300000 reads
2023-05-03 16:05:24,515 INFO Parsed 39400000 reads
2023-05-03 16:05:28,076 INFO Parsed 39500000 reads
2023-05-03 16:05:31,787 INFO Parsed 39600000 reads
2023-05-03 16:05:35,664 INFO Parsed 39700000 reads
2023-05-03 16:05:39,277 INFO Parsed 39800000 reads
2023-05-03 16:05:42,913 INFO Parsed 39900000 reads
2023-05-03 16:05:46,490 INFO Parsed 40000000 reads
2023-05-03 16:05:50,052 INFO Parsed 40100000 reads
2023-05-03 16:05:53,529 INFO Parsed 40200000 reads
2023-05-03 16:05:56,985 INFO Parsed 40300000 reads
2023-05-03 16:06:00,466 INFO Parsed 40400000 reads
2023-05-03 16:06:03,991 INFO Parsed 40500000 reads
2023-05-03 16:06:07,643 INFO Parsed 40600000 reads
2023-05-03 16:06:11,377 INFO Parsed 40700000 reads
2023-05-03 16:06:15,093 INFO Parsed 40800000 reads
2023-05-03 16:06:18,553 INFO Parsed 40900000 reads
2023-05-03 16:06:22,028 INFO Parsed 41000000 reads
2023-05-03 16:06:25,538 INFO Parsed 41100000 reads
2023-05-03 16:06:29,012 INFO Parsed 41200000 reads
2023-05-03 16:06:32,466 INFO Parsed 41300000 reads
2023-05-03 16:06:35,914 INFO Parsed 41400000 reads
2023-05-03 16:06:39,350 INFO Parsed 41500000 reads
2023-05-03 16:06:42,786 INFO Parsed 41600000 reads
2023-05-03 16:06:46,253 INFO Parsed 41700000 reads
2023-05-03 16:06:49,749 INFO Parsed 41800000 reads
2023-05-03 16:06:53,266 INFO Parsed 41900000 reads
2023-05-03 16:06:56,992 INFO Parsed 42000000 reads
2023-05-03 16:07:00,478 INFO Parsed 42100000 reads
2023-05-03 16:07:03,956 INFO Parsed 42200000 reads
2023-05-03 16:07:07,436 INFO Parsed 42300000 reads
2023-05-03 16:07:10,908 INFO Parsed 42400000 reads
2023-05-03 16:07:14,540 INFO Parsed 42500000 reads
2023-05-03 16:07:19,489 INFO Parsed 42600000 reads
2023-05-03 16:07:24,430 INFO Parsed 42700000 reads
2023-05-03 16:07:29,374 INFO Parsed 42800000 reads
2023-05-03 16:07:34,319 INFO Parsed 42900000 reads
2023-05-03 16:07:39,269 INFO Parsed 43000000 reads
2023-05-03 16:07:44,180 INFO Parsed 43100000 reads
2023-05-03 16:07:49,111 INFO Parsed 43200000 reads
2023-05-03 16:07:53,986 INFO Parsed 43300000 reads
2023-05-03 16:07:58,659 INFO Parsed 43400000 reads
2023-05-03 16:08:03,224 INFO Parsed 43500000 reads
2023-05-03 16:08:07,593 INFO Parsed 43600000 reads
2023-05-03 16:08:11,951 INFO Parsed 43700000 reads
2023-05-03 16:08:15,989 INFO Parsed 43800000 reads
2023-05-03 16:08:19,480 INFO Parsed 43900000 reads
2023-05-03 16:08:22,931 INFO Parsed 44000000 reads
2023-05-03 16:08:26,394 INFO Parsed 44100000 reads
2023-05-03 16:08:29,851 INFO Parsed 44200000 reads
2023-05-03 16:08:33,298 INFO Parsed 44300000 reads
2023-05-03 16:08:36,747 INFO Parsed 44400000 reads
2023-05-03 16:08:40,189 INFO Parsed 44500000 reads
2023-05-03 16:08:43,667 INFO Parsed 44600000 reads
2023-05-03 16:08:47,166 INFO Parsed 44700000 reads
2023-05-03 16:08:50,664 INFO Parsed 44800000 reads
2023-05-03 16:08:54,196 INFO Parsed 44900000 reads
2023-05-03 16:08:57,714 INFO Parsed 45000000 reads
2023-05-03 16:09:01,218 INFO Parsed 45100000 reads
2023-05-03 16:09:04,685 INFO Parsed 45200000 reads
2023-05-03 16:09:08,117 INFO Parsed 45300000 reads
2023-05-03 16:09:11,560 INFO Parsed 45400000 reads
2023-05-03 16:09:14,999 INFO Parsed 45500000 reads
2023-05-03 16:09:18,431 INFO Parsed 45600000 reads
2023-05-03 16:09:21,880 INFO Parsed 45700000 reads
2023-05-03 16:09:25,454 INFO Parsed 45800000 reads
2023-05-03 16:09:29,206 INFO Parsed 45900000 reads
2023-05-03 16:09:32,861 INFO Parsed 46000000 reads
2023-05-03 16:09:36,295 INFO Parsed 46100000 reads
2023-05-03 16:09:39,740 INFO Parsed 46200000 reads
2023-05-03 16:09:43,209 INFO Parsed 46300000 reads
2023-05-03 16:09:46,989 INFO Parsed 46400000 reads
2023-05-03 16:09:50,732 INFO Parsed 46500000 reads
2023-05-03 16:09:54,197 INFO Parsed 46600000 reads
2023-05-03 16:09:57,686 INFO Parsed 46700000 reads
2023-05-03 16:10:01,177 INFO Parsed 46800000 reads
2023-05-03 16:10:04,671 INFO Parsed 46900000 reads
2023-05-03 16:10:08,214 INFO Parsed 47000000 reads
2023-05-03 16:10:12,807 INFO Parsed 47100000 reads
2023-05-03 16:10:16,844 INFO Parsed 47200000 reads
2023-05-03 16:10:20,229 INFO Parsed 47300000 reads
2023-05-03 16:10:23,615 INFO Parsed 47400000 reads
2023-05-03 16:10:26,997 INFO Parsed 47500000 reads
2023-05-03 16:10:30,391 INFO Parsed 47600000 reads
2023-05-03 16:10:33,758 INFO Parsed 47700000 reads
2023-05-03 16:10:37,124 INFO Parsed 47800000 reads
2023-05-03 16:10:40,495 INFO Parsed 47900000 reads
2023-05-03 16:10:43,865 INFO Parsed 48000000 reads
2023-05-03 16:10:47,225 INFO Parsed 48100000 reads
2023-05-03 16:10:50,592 INFO Parsed 48200000 reads
2023-05-03 16:10:53,953 INFO Parsed 48300000 reads
2023-05-03 16:10:57,342 INFO Parsed 48400000 reads
2023-05-03 16:11:00,756 INFO Parsed 48500000 reads
2023-05-03 16:11:04,122 INFO Parsed 48600000 reads
2023-05-03 16:11:07,487 INFO Parsed 48700000 reads
2023-05-03 16:11:10,861 INFO Parsed 48800000 reads
2023-05-03 16:11:14,236 INFO Parsed 48900000 reads
2023-05-03 16:11:17,593 INFO Parsed 49000000 reads
2023-05-03 16:11:20,944 INFO Parsed 49100000 reads
2023-05-03 16:11:24,235 INFO Parsed 49200000 reads
2023-05-03 16:11:27,520 INFO Parsed 49300000 reads
2023-05-03 16:11:30,767 INFO Parsed 49400000 reads
2023-05-03 16:11:33,993 INFO Parsed 49500000 reads
2023-05-03 16:11:37,231 INFO Parsed 49600000 reads
2023-05-03 16:11:40,459 INFO Parsed 49700000 reads
2023-05-03 16:11:43,706 INFO Parsed 49800000 reads
2023-05-03 16:11:46,933 INFO Parsed 49900000 reads
2023-05-03 16:11:50,228 INFO Parsed 50000000 reads
2023-05-03 16:11:53,543 INFO Parsed 50100000 reads
2023-05-03 16:11:57,193 INFO Parsed 50200000 reads
2023-05-03 16:12:00,961 INFO Parsed 50300000 reads
2023-05-03 16:12:04,682 INFO Parsed 50400000 reads
2023-05-03 16:12:08,230 INFO Parsed 50500000 reads
2023-05-03 16:12:11,683 INFO Parsed 50600000 reads
2023-05-03 16:12:15,026 INFO Parsed 50700000 reads
2023-05-03 16:12:18,286 INFO Parsed 50800000 reads
2023-05-03 16:12:21,552 INFO Parsed 50900000 reads
2023-05-03 16:12:24,774 INFO Parsed 51000000 reads
2023-05-03 16:12:27,990 INFO Parsed 51100000 reads
2023-05-03 16:12:31,217 INFO Parsed 51200000 reads
2023-05-03 16:12:34,468 INFO Parsed 51300000 reads
2023-05-03 16:12:37,828 INFO Parsed 51400000 reads
2023-05-03 16:12:41,036 INFO Parsed 51500000 reads
2023-05-03 16:12:44,221 INFO Parsed 51600000 reads
2023-05-03 16:12:47,454 INFO Parsed 51700000 reads
2023-05-03 16:12:50,682 INFO Parsed 51800000 reads
2023-05-03 16:12:53,886 INFO Parsed 51900000 reads
2023-05-03 16:12:57,099 INFO Parsed 52000000 reads
2023-05-03 16:13:00,348 INFO Parsed 52100000 reads
2023-05-03 16:13:02,169 INFO Input Reads: 52155075
2023-05-03 16:13:02,169 INFO regex matches read1: 44371804
2023-05-03 16:13:02,169 INFO Reads output: 44371804
2023-05-03 16:13:02,169 INFO regex does not match read1: 7783271
# job finished in 1973 seconds at Wed May  3 16:13:02 2023 -- 1907.99  2.77  0.00  0.00 -- d36a465a-443a-4bd2-979f-bb60f7584bec
[Wed May  3 16:13:02 2023]
Finished job 0.
1 of 1 steps (100%) done
[Wed May  3 16:13:03 2023]
Finished job 0.
1 of 1 steps (100%) done
