Building DAG of jobs...
Using shell: /usr/bin/bash
Provided cores: 8
Rules claiming more threads will be scaled down.
Provided resources: mem_mb=8192, mem_mib=7813, disk_mb=2157, disk_mib=2058
Select jobs to execute...
Building DAG of jobs...
Using shell: /usr/bin/bash
Provided cores: 8
Rules claiming more threads will be scaled down.
Provided resources: mem_mb=8192, mem_mib=7813, disk_mb=2157, disk_mib=2058
Select jobs to execute...

[Wed May  3 15:39:45 2023]
rule extract_umis_single_end:
    input: results/reads/173_MSI_R1.fastq.gz
    output: results/reads/umis/173_MSI_R1.fastq.gz
    log: logs/extract_umis/173_MSI.log
    jobid: 0
    reason: Missing output files: results/reads/umis/173_MSI_R1.fastq.gz
    wildcards: sample=173_MSI
    threads: 8
    resources: mem_mb=8192, mem_mib=7813, disk_mb=2157, disk_mib=2058, tmpdir=/tmp, runtime=60

# UMI-tools version: 1.1.4
# output generated by extract --random-seed 1234 --extract-method=regex --bc-pattern=(?P<umi_1>.{6})(?P<discard_1>TATA).* -I results/reads/173_MSI_R1.fastq.gz -S results/reads/umis/173_MSI_R1.fastq.gz
# job started at Wed May  3 15:39:46 2023 on bc003 -- 33982f49-9bcc-4e84-9436-d11e71b4e699
# pid: 920255, system: Linux 4.18.0-193.19.1.el8_2.x86_64 #1 SMP Mon Sep 14 14:37:00 UTC 2020 x86_64
# blacklist                               : None
# compresslevel                           : 6
# correct_umi_threshold                   : 0
# either_read                             : False
# either_read_resolve                     : discard
# error_correct_cell                      : False
# extract_method                          : regex
# filter_cell_barcode                     : None
# filter_cell_barcodes                    : False
# filter_umi                              : None
# filtered_out                            : None
# filtered_out2                           : None
# ignore_suffix                           : False
# log2stderr                              : False
# loglevel                                : 1
# pattern                                 : (?P<umi_1>.{6})(?P<discard_1>TATA).*
# pattern2                                : None
# prime3                                  : None
# quality_encoding                        : None
# quality_filter_mask                     : None
# quality_filter_threshold                : None
# random_seed                             : 1234
# read2_in                                : None
# read2_out                               : False
# read2_stdout                            : False
# reads_subset                            : None
# reconcile                               : False
# retain_umi                              : None
# short_help                              : None
# stderr                                  : <_io.TextIOWrapper name='<stderr>' mode='w' encoding='utf-8'>
# stdin                                   : <_io.TextIOWrapper name='results/reads/173_MSI_R1.fastq.gz' encoding='ascii'>
# stdlog                                  : <_io.TextIOWrapper name='<stdout>' mode='w' encoding='utf-8'>
# stdout                                  : <_io.TextIOWrapper name='results/reads/umis/173_MSI_R1.fastq.gz' encoding='ascii'>
# timeit_file                             : None
# timeit_header                           : None
# timeit_name                             : all
# tmpdir                                  : None
# umi_correct_log                         : None
# umi_separator                           : _
# umi_whitelist                           : None
# umi_whitelist_paired                    : None
# whitelist                               : None
2023-05-03 15:39:46,636 INFO Starting barcode extraction
2023-05-03 15:39:50,324 INFO Parsed 100000 reads
2023-05-03 15:39:53,780 INFO Parsed 200000 reads
2023-05-03 15:39:57,238 INFO Parsed 300000 reads
2023-05-03 15:40:00,702 INFO Parsed 400000 reads
2023-05-03 15:40:04,212 INFO Parsed 500000 reads
2023-05-03 15:40:07,778 INFO Parsed 600000 reads
2023-05-03 15:40:11,268 INFO Parsed 700000 reads
2023-05-03 15:40:14,723 INFO Parsed 800000 reads
2023-05-03 15:40:18,311 INFO Parsed 900000 reads
2023-05-03 15:40:22,158 INFO Parsed 1000000 reads
2023-05-03 15:40:25,977 INFO Parsed 1100000 reads
2023-05-03 15:40:29,879 INFO Parsed 1200000 reads
2023-05-03 15:40:33,450 INFO Parsed 1300000 reads
2023-05-03 15:40:37,686 INFO Parsed 1400000 reads
2023-05-03 15:40:41,463 INFO Parsed 1500000 reads
2023-05-03 15:40:45,176 INFO Parsed 1600000 reads
2023-05-03 15:40:48,711 INFO Parsed 1700000 reads
2023-05-03 15:40:52,332 INFO Parsed 1800000 reads
2023-05-03 15:40:56,056 INFO Parsed 1900000 reads
2023-05-03 15:40:59,715 INFO Parsed 2000000 reads
2023-05-03 15:41:03,686 INFO Parsed 2100000 reads
2023-05-03 15:41:07,678 INFO Parsed 2200000 reads
2023-05-03 15:41:11,750 INFO Parsed 2300000 reads
2023-05-03 15:41:15,589 INFO Parsed 2400000 reads
2023-05-03 15:41:19,295 INFO Parsed 2500000 reads
2023-05-03 15:41:22,941 INFO Parsed 2600000 reads
2023-05-03 15:41:26,496 INFO Parsed 2700000 reads
2023-05-03 15:41:30,057 INFO Parsed 2800000 reads
2023-05-03 15:41:33,645 INFO Parsed 2900000 reads
2023-05-03 15:41:37,117 INFO Parsed 3000000 reads
2023-05-03 15:41:40,867 INFO Parsed 3100000 reads
2023-05-03 15:41:44,398 INFO Parsed 3200000 reads
2023-05-03 15:41:47,907 INFO Parsed 3300000 reads
2023-05-03 15:41:51,452 INFO Parsed 3400000 reads
2023-05-03 15:41:54,980 INFO Parsed 3500000 reads
2023-05-03 15:41:58,458 INFO Parsed 3600000 reads
2023-05-03 15:42:01,953 INFO Parsed 3700000 reads
2023-05-03 15:42:06,315 INFO Parsed 3800000 reads
2023-05-03 15:42:09,946 INFO Parsed 3900000 reads
2023-05-03 15:42:13,621 INFO Parsed 4000000 reads
2023-05-03 15:42:17,357 INFO Parsed 4100000 reads
2023-05-03 15:42:21,147 INFO Parsed 4200000 reads
2023-05-03 15:42:25,145 INFO Parsed 4300000 reads
2023-05-03 15:42:29,116 INFO Parsed 4400000 reads
2023-05-03 15:42:33,104 INFO Parsed 4500000 reads
2023-05-03 15:42:37,469 INFO Parsed 4600000 reads
2023-05-03 15:42:41,359 INFO Parsed 4700000 reads
2023-05-03 15:42:45,379 INFO Parsed 4800000 reads
2023-05-03 15:42:49,370 INFO Parsed 4900000 reads
2023-05-03 15:42:53,174 INFO Parsed 5000000 reads
2023-05-03 15:42:56,803 INFO Parsed 5100000 reads
2023-05-03 15:43:00,441 INFO Parsed 5200000 reads
2023-05-03 15:43:04,076 INFO Parsed 5300000 reads
2023-05-03 15:43:07,731 INFO Parsed 5400000 reads
2023-05-03 15:43:11,568 INFO Parsed 5500000 reads
2023-05-03 15:43:15,358 INFO Parsed 5600000 reads
2023-05-03 15:43:19,259 INFO Parsed 5700000 reads
2023-05-03 15:43:22,900 INFO Parsed 5800000 reads
2023-05-03 15:43:26,467 INFO Parsed 5900000 reads
2023-05-03 15:43:30,024 INFO Parsed 6000000 reads
2023-05-03 15:43:33,584 INFO Parsed 6100000 reads
2023-05-03 15:43:37,221 INFO Parsed 6200000 reads
2023-05-03 15:43:40,992 INFO Parsed 6300000 reads
2023-05-03 15:43:44,783 INFO Parsed 6400000 reads
2023-05-03 15:43:48,504 INFO Parsed 6500000 reads
2023-05-03 15:43:52,306 INFO Parsed 6600000 reads
2023-05-03 15:43:55,863 INFO Parsed 6700000 reads
2023-05-03 15:43:59,481 INFO Parsed 6800000 reads
2023-05-03 15:44:03,211 INFO Parsed 6900000 reads
2023-05-03 15:44:07,102 INFO Parsed 7000000 reads
2023-05-03 15:44:11,349 INFO Parsed 7100000 reads
2023-05-03 15:44:15,612 INFO Parsed 7200000 reads
2023-05-03 15:44:19,623 INFO Parsed 7300000 reads
2023-05-03 15:44:23,474 INFO Parsed 7400000 reads
2023-05-03 15:44:27,340 INFO Parsed 7500000 reads
2023-05-03 15:44:30,978 INFO Parsed 7600000 reads
2023-05-03 15:44:34,781 INFO Parsed 7700000 reads
2023-05-03 15:44:38,619 INFO Parsed 7800000 reads
2023-05-03 15:44:42,381 INFO Parsed 7900000 reads
2023-05-03 15:44:46,205 INFO Parsed 8000000 reads
2023-05-03 15:44:50,031 INFO Parsed 8100000 reads
2023-05-03 15:44:53,837 INFO Parsed 8200000 reads
2023-05-03 15:44:57,656 INFO Parsed 8300000 reads
2023-05-03 15:45:01,447 INFO Parsed 8400000 reads
2023-05-03 15:45:05,215 INFO Parsed 8500000 reads
2023-05-03 15:45:08,798 INFO Parsed 8600000 reads
2023-05-03 15:45:12,271 INFO Parsed 8700000 reads
2023-05-03 15:45:15,729 INFO Parsed 8800000 reads
2023-05-03 15:45:19,199 INFO Parsed 8900000 reads
2023-05-03 15:45:22,667 INFO Parsed 9000000 reads
2023-05-03 15:45:26,164 INFO Parsed 9100000 reads
2023-05-03 15:45:30,138 INFO Parsed 9200000 reads
2023-05-03 15:45:34,305 INFO Parsed 9300000 reads
2023-05-03 15:45:37,868 INFO Parsed 9400000 reads
2023-05-03 15:45:41,344 INFO Parsed 9500000 reads
2023-05-03 15:45:45,000 INFO Parsed 9600000 reads
2023-05-03 15:45:48,509 INFO Parsed 9700000 reads
2023-05-03 15:45:52,072 INFO Parsed 9800000 reads
2023-05-03 15:45:55,661 INFO Parsed 9900000 reads
2023-05-03 15:45:59,167 INFO Parsed 10000000 reads
2023-05-03 15:46:02,644 INFO Parsed 10100000 reads
2023-05-03 15:46:06,228 INFO Parsed 10200000 reads
2023-05-03 15:46:09,808 INFO Parsed 10300000 reads
2023-05-03 15:46:13,369 INFO Parsed 10400000 reads
2023-05-03 15:46:17,346 INFO Parsed 10500000 reads
2023-05-03 15:46:21,447 INFO Parsed 10600000 reads
2023-05-03 15:46:25,692 INFO Parsed 10700000 reads
2023-05-03 15:46:29,870 INFO Parsed 10800000 reads
2023-05-03 15:46:33,921 INFO Parsed 10900000 reads
2023-05-03 15:46:37,933 INFO Parsed 11000000 reads
2023-05-03 15:46:41,938 INFO Parsed 11100000 reads
2023-05-03 15:46:46,003 INFO Parsed 11200000 reads
2023-05-03 15:46:49,983 INFO Parsed 11300000 reads
2023-05-03 15:46:55,687 INFO Parsed 11400000 reads
2023-05-03 15:46:59,574 INFO Parsed 11500000 reads
2023-05-03 15:47:03,518 INFO Parsed 11600000 reads
2023-05-03 15:47:07,463 INFO Parsed 11700000 reads
2023-05-03 15:47:11,278 INFO Parsed 11800000 reads
2023-05-03 15:47:15,191 INFO Parsed 11900000 reads
2023-05-03 15:47:18,921 INFO Parsed 12000000 reads
2023-05-03 15:47:22,651 INFO Parsed 12100000 reads
2023-05-03 15:47:26,667 INFO Parsed 12200000 reads
2023-05-03 15:47:30,213 INFO Parsed 12300000 reads
2023-05-03 15:47:34,270 INFO Parsed 12400000 reads
2023-05-03 15:47:38,183 INFO Parsed 12500000 reads
2023-05-03 15:47:41,919 INFO Parsed 12600000 reads
2023-05-03 15:47:45,681 INFO Parsed 12700000 reads
2023-05-03 15:47:49,152 INFO Parsed 12800000 reads
2023-05-03 15:47:52,658 INFO Parsed 12900000 reads
2023-05-03 15:47:57,095 INFO Parsed 13000000 reads
2023-05-03 15:48:00,768 INFO Parsed 13100000 reads
2023-05-03 15:48:04,661 INFO Parsed 13200000 reads
2023-05-03 15:48:08,453 INFO Parsed 13300000 reads
2023-05-03 15:48:12,345 INFO Parsed 13400000 reads
2023-05-03 15:48:16,314 INFO Parsed 13500000 reads
2023-05-03 15:48:20,007 INFO Parsed 13600000 reads
2023-05-03 15:48:23,607 INFO Parsed 13700000 reads
2023-05-03 15:48:27,448 INFO Parsed 13800000 reads
2023-05-03 15:48:31,245 INFO Parsed 13900000 reads
2023-05-03 15:48:34,739 INFO Parsed 14000000 reads
2023-05-03 15:48:38,355 INFO Parsed 14100000 reads
2023-05-03 15:48:41,928 INFO Parsed 14200000 reads
2023-05-03 15:48:45,467 INFO Parsed 14300000 reads
2023-05-03 15:48:49,009 INFO Parsed 14400000 reads
2023-05-03 15:48:52,503 INFO Parsed 14500000 reads
2023-05-03 15:48:55,988 INFO Parsed 14600000 reads
2023-05-03 15:48:59,486 INFO Parsed 14700000 reads
2023-05-03 15:49:03,462 INFO Parsed 14800000 reads
2023-05-03 15:49:08,528 INFO Parsed 14900000 reads
2023-05-03 15:49:13,854 INFO Parsed 15000000 reads
2023-05-03 15:49:19,130 INFO Parsed 15100000 reads
2023-05-03 15:49:24,127 INFO Parsed 15200000 reads
2023-05-03 15:49:28,421 INFO Parsed 15300000 reads
2023-05-03 15:49:32,181 INFO Parsed 15400000 reads
2023-05-03 15:49:35,896 INFO Parsed 15500000 reads
2023-05-03 15:49:39,601 INFO Parsed 15600000 reads
2023-05-03 15:49:43,301 INFO Parsed 15700000 reads
2023-05-03 15:49:46,994 INFO Parsed 15800000 reads
2023-05-03 15:49:50,696 INFO Parsed 15900000 reads
2023-05-03 15:49:54,341 INFO Parsed 16000000 reads
2023-05-03 15:49:58,296 INFO Parsed 16100000 reads
2023-05-03 15:50:01,749 INFO Parsed 16200000 reads
2023-05-03 15:50:05,301 INFO Parsed 16300000 reads
2023-05-03 15:50:08,827 INFO Parsed 16400000 reads
2023-05-03 15:50:12,423 INFO Parsed 16500000 reads
2023-05-03 15:50:16,086 INFO Parsed 16600000 reads
2023-05-03 15:50:19,659 INFO Parsed 16700000 reads
2023-05-03 15:50:23,619 INFO Parsed 16800000 reads
2023-05-03 15:50:33,995 INFO Parsed 16900000 reads
2023-05-03 15:50:38,004 INFO Parsed 17000000 reads
2023-05-03 15:50:42,366 INFO Parsed 17100000 reads
2023-05-03 15:50:46,513 INFO Parsed 17200000 reads
2023-05-03 15:50:50,485 INFO Parsed 17300000 reads
2023-05-03 15:50:54,347 INFO Parsed 17400000 reads
2023-05-03 15:50:58,044 INFO Parsed 17500000 reads
2023-05-03 15:51:01,646 INFO Parsed 17600000 reads
2023-05-03 15:51:16,445 INFO Parsed 17700000 reads
2023-05-03 15:51:19,909 INFO Parsed 17800000 reads
2023-05-03 15:51:23,384 INFO Parsed 17900000 reads
2023-05-03 15:51:26,851 INFO Parsed 18000000 reads
2023-05-03 15:51:30,309 INFO Parsed 18100000 reads
2023-05-03 15:51:33,766 INFO Parsed 18200000 reads
2023-05-03 15:51:37,400 INFO Parsed 18300000 reads
2023-05-03 15:51:40,859 INFO Parsed 18400000 reads
2023-05-03 15:51:45,683 INFO Parsed 18500000 reads
2023-05-03 15:51:49,310 INFO Parsed 18600000 reads
2023-05-03 15:51:52,833 INFO Parsed 18700000 reads
2023-05-03 15:51:56,339 INFO Parsed 18800000 reads
2023-05-03 15:51:59,845 INFO Parsed 18900000 reads
2023-05-03 15:52:03,323 INFO Parsed 19000000 reads
2023-05-03 15:52:06,825 INFO Parsed 19100000 reads
2023-05-03 15:52:10,321 INFO Parsed 19200000 reads
2023-05-03 15:52:13,792 INFO Parsed 19300000 reads
2023-05-03 15:52:17,309 INFO Parsed 19400000 reads
2023-05-03 15:52:21,036 INFO Parsed 19500000 reads
2023-05-03 15:52:24,765 INFO Parsed 19600000 reads
2023-05-03 15:52:28,388 INFO Parsed 19700000 reads
2023-05-03 15:52:31,922 INFO Parsed 19800000 reads
2023-05-03 15:52:35,571 INFO Parsed 19900000 reads
2023-05-03 15:52:39,260 INFO Parsed 20000000 reads
2023-05-03 15:52:42,941 INFO Parsed 20100000 reads
2023-05-03 15:52:46,503 INFO Parsed 20200000 reads
2023-05-03 15:52:50,080 INFO Parsed 20300000 reads
2023-05-03 15:53:00,232 INFO Parsed 20400000 reads
2023-05-03 15:53:03,786 INFO Parsed 20500000 reads
2023-05-03 15:53:07,352 INFO Parsed 20600000 reads
2023-05-03 15:53:10,870 INFO Parsed 20700000 reads
2023-05-03 15:53:13,476 INFO Input Reads: 20774849
2023-05-03 15:53:13,476 INFO regex matches read1: 17588492
2023-05-03 15:53:13,476 INFO Reads output: 17588492
2023-05-03 15:53:13,476 INFO regex does not match read1: 3186357
# job finished in 806 seconds at Wed May  3 15:53:13 2023 -- 773.54  1.71  0.00  0.00 -- 33982f49-9bcc-4e84-9436-d11e71b4e699
[Wed May  3 15:53:13 2023]
Finished job 0.
1 of 1 steps (100%) done
[Wed May  3 15:53:14 2023]
Finished job 0.
1 of 1 steps (100%) done
