Building DAG of jobs...
Using shell: /usr/bin/bash
Provided cores: 8
Rules claiming more threads will be scaled down.
Provided resources: mem_mb=8192, mem_mib=7813, disk_mb=1727, disk_mib=1647
Select jobs to execute...
Building DAG of jobs...
Using shell: /usr/bin/bash
Provided cores: 8
Rules claiming more threads will be scaled down.
Provided resources: mem_mb=8192, mem_mib=7813, disk_mb=1727, disk_mib=1647
Select jobs to execute...

[Wed May  3 15:40:06 2023]
rule extract_umis_single_end:
    input: results/reads/120_MSI_R1.fastq.gz
    output: results/reads/umis/120_MSI_R1.fastq.gz
    log: logs/extract_umis/120_MSI.log
    jobid: 0
    reason: Missing output files: results/reads/umis/120_MSI_R1.fastq.gz
    wildcards: sample=120_MSI
    threads: 8
    resources: mem_mb=8192, mem_mib=7813, disk_mb=1727, disk_mib=1647, tmpdir=/tmp, runtime=60

# UMI-tools version: 1.1.4
# output generated by extract --random-seed 1234 --extract-method=regex --bc-pattern=(?P<umi_1>.{6})(?P<discard_1>TATA).* -I results/reads/120_MSI_R1.fastq.gz -S results/reads/umis/120_MSI_R1.fastq.gz
# job started at Wed May  3 15:40:07 2023 on bc004 -- 9e424a87-2487-42d4-85fa-69f8b6fcb173
# pid: 1484903, system: Linux 4.18.0-193.19.1.el8_2.x86_64 #1 SMP Mon Sep 14 14:37:00 UTC 2020 x86_64
# blacklist                               : None
# compresslevel                           : 6
# correct_umi_threshold                   : 0
# either_read                             : False
# either_read_resolve                     : discard
# error_correct_cell                      : False
# extract_method                          : regex
# filter_cell_barcode                     : None
# filter_cell_barcodes                    : False
# filter_umi                              : None
# filtered_out                            : None
# filtered_out2                           : None
# ignore_suffix                           : False
# log2stderr                              : False
# loglevel                                : 1
# pattern                                 : (?P<umi_1>.{6})(?P<discard_1>TATA).*
# pattern2                                : None
# prime3                                  : None
# quality_encoding                        : None
# quality_filter_mask                     : None
# quality_filter_threshold                : None
# random_seed                             : 1234
# read2_in                                : None
# read2_out                               : False
# read2_stdout                            : False
# reads_subset                            : None
# reconcile                               : False
# retain_umi                              : None
# short_help                              : None
# stderr                                  : <_io.TextIOWrapper name='<stderr>' mode='w' encoding='utf-8'>
# stdin                                   : <_io.TextIOWrapper name='results/reads/120_MSI_R1.fastq.gz' encoding='ascii'>
# stdlog                                  : <_io.TextIOWrapper name='<stdout>' mode='w' encoding='utf-8'>
# stdout                                  : <_io.TextIOWrapper name='results/reads/umis/120_MSI_R1.fastq.gz' encoding='ascii'>
# timeit_file                             : None
# timeit_header                           : None
# timeit_name                             : all
# tmpdir                                  : None
# umi_correct_log                         : None
# umi_separator                           : _
# umi_whitelist                           : None
# umi_whitelist_paired                    : None
# whitelist                               : None
2023-05-03 15:40:07,660 INFO Starting barcode extraction
2023-05-03 15:40:11,251 INFO Parsed 100000 reads
2023-05-03 15:40:14,883 INFO Parsed 200000 reads
2023-05-03 15:40:18,497 INFO Parsed 300000 reads
2023-05-03 15:40:22,078 INFO Parsed 400000 reads
2023-05-03 15:40:25,563 INFO Parsed 500000 reads
2023-05-03 15:40:29,038 INFO Parsed 600000 reads
2023-05-03 15:40:32,518 INFO Parsed 700000 reads
2023-05-03 15:40:35,986 INFO Parsed 800000 reads
2023-05-03 15:40:39,460 INFO Parsed 900000 reads
2023-05-03 15:40:42,926 INFO Parsed 1000000 reads
2023-05-03 15:40:46,412 INFO Parsed 1100000 reads
2023-05-03 15:40:50,246 INFO Parsed 1200000 reads
2023-05-03 15:40:54,225 INFO Parsed 1300000 reads
2023-05-03 15:40:58,073 INFO Parsed 1400000 reads
2023-05-03 15:41:01,706 INFO Parsed 1500000 reads
2023-05-03 15:41:05,446 INFO Parsed 1600000 reads
2023-05-03 15:41:09,168 INFO Parsed 1700000 reads
2023-05-03 15:41:12,813 INFO Parsed 1800000 reads
2023-05-03 15:41:16,502 INFO Parsed 1900000 reads
2023-05-03 15:41:20,158 INFO Parsed 2000000 reads
2023-05-03 15:41:23,882 INFO Parsed 2100000 reads
2023-05-03 15:41:27,827 INFO Parsed 2200000 reads
2023-05-03 15:41:31,697 INFO Parsed 2300000 reads
2023-05-03 15:41:35,679 INFO Parsed 2400000 reads
2023-05-03 15:41:39,174 INFO Parsed 2500000 reads
2023-05-03 15:41:42,717 INFO Parsed 2600000 reads
2023-05-03 15:41:46,246 INFO Parsed 2700000 reads
2023-05-03 15:41:49,806 INFO Parsed 2800000 reads
2023-05-03 15:41:53,340 INFO Parsed 2900000 reads
2023-05-03 15:41:56,840 INFO Parsed 3000000 reads
2023-05-03 15:42:00,403 INFO Parsed 3100000 reads
2023-05-03 15:42:04,678 INFO Parsed 3200000 reads
2023-05-03 15:42:09,037 INFO Parsed 3300000 reads
2023-05-03 15:42:13,162 INFO Parsed 3400000 reads
2023-05-03 15:42:17,417 INFO Parsed 3500000 reads
2023-05-03 15:42:21,799 INFO Parsed 3600000 reads
2023-05-03 15:42:25,907 INFO Parsed 3700000 reads
2023-05-03 15:42:29,706 INFO Parsed 3800000 reads
2023-05-03 15:42:33,358 INFO Parsed 3900000 reads
2023-05-03 15:42:36,994 INFO Parsed 4000000 reads
2023-05-03 15:42:40,480 INFO Parsed 4100000 reads
2023-05-03 15:42:43,970 INFO Parsed 4200000 reads
2023-05-03 15:42:47,459 INFO Parsed 4300000 reads
2023-05-03 15:42:50,953 INFO Parsed 4400000 reads
2023-05-03 15:42:54,459 INFO Parsed 4500000 reads
2023-05-03 15:42:57,923 INFO Parsed 4600000 reads
2023-05-03 15:43:01,384 INFO Parsed 4700000 reads
2023-05-03 15:43:04,837 INFO Parsed 4800000 reads
2023-05-03 15:43:08,307 INFO Parsed 4900000 reads
2023-05-03 15:43:11,767 INFO Parsed 5000000 reads
2023-05-03 15:43:15,244 INFO Parsed 5100000 reads
2023-05-03 15:43:18,712 INFO Parsed 5200000 reads
2023-05-03 15:43:22,277 INFO Parsed 5300000 reads
2023-05-03 15:43:25,806 INFO Parsed 5400000 reads
2023-05-03 15:43:29,416 INFO Parsed 5500000 reads
2023-05-03 15:43:33,026 INFO Parsed 5600000 reads
2023-05-03 15:43:36,620 INFO Parsed 5700000 reads
2023-05-03 15:43:40,107 INFO Parsed 5800000 reads
2023-05-03 15:43:43,592 INFO Parsed 5900000 reads
2023-05-03 15:43:47,066 INFO Parsed 6000000 reads
2023-05-03 15:43:50,539 INFO Parsed 6100000 reads
2023-05-03 15:43:54,120 INFO Parsed 6200000 reads
2023-05-03 15:43:57,672 INFO Parsed 6300000 reads
2023-05-03 15:44:01,262 INFO Parsed 6400000 reads
2023-05-03 15:44:04,889 INFO Parsed 6500000 reads
2023-05-03 15:44:08,517 INFO Parsed 6600000 reads
2023-05-03 15:44:12,135 INFO Parsed 6700000 reads
2023-05-03 15:44:15,702 INFO Parsed 6800000 reads
2023-05-03 15:44:19,202 INFO Parsed 6900000 reads
2023-05-03 15:44:22,687 INFO Parsed 7000000 reads
2023-05-03 15:44:26,199 INFO Parsed 7100000 reads
2023-05-03 15:44:29,708 INFO Parsed 7200000 reads
2023-05-03 15:44:33,192 INFO Parsed 7300000 reads
2023-05-03 15:44:36,696 INFO Parsed 7400000 reads
2023-05-03 15:44:40,191 INFO Parsed 7500000 reads
2023-05-03 15:44:43,765 INFO Parsed 7600000 reads
2023-05-03 15:44:47,269 INFO Parsed 7700000 reads
2023-05-03 15:44:50,750 INFO Parsed 7800000 reads
2023-05-03 15:44:54,330 INFO Parsed 7900000 reads
2023-05-03 15:44:57,849 INFO Parsed 8000000 reads
2023-05-03 15:45:02,908 INFO Parsed 8100000 reads
2023-05-03 15:45:08,103 INFO Parsed 8200000 reads
2023-05-03 15:45:13,734 INFO Parsed 8300000 reads
2023-05-03 15:45:19,220 INFO Parsed 8400000 reads
2023-05-03 15:45:24,889 INFO Parsed 8500000 reads
2023-05-03 15:45:30,482 INFO Parsed 8600000 reads
2023-05-03 15:45:36,080 INFO Parsed 8700000 reads
2023-05-03 15:45:41,590 INFO Parsed 8800000 reads
2023-05-03 15:45:46,688 INFO Parsed 8900000 reads
2023-05-03 15:45:50,857 INFO Parsed 9000000 reads
2023-05-03 15:45:54,682 INFO Parsed 9100000 reads
2023-05-03 15:45:58,284 INFO Parsed 9200000 reads
2023-05-03 15:46:01,852 INFO Parsed 9300000 reads
2023-05-03 15:46:05,462 INFO Parsed 9400000 reads
2023-05-03 15:46:09,367 INFO Parsed 9500000 reads
2023-05-03 15:46:13,041 INFO Parsed 9600000 reads
2023-05-03 15:46:16,707 INFO Parsed 9700000 reads
2023-05-03 15:46:20,350 INFO Parsed 9800000 reads
2023-05-03 15:46:23,994 INFO Parsed 9900000 reads
2023-05-03 15:46:27,718 INFO Parsed 10000000 reads
2023-05-03 15:46:31,418 INFO Parsed 10100000 reads
2023-05-03 15:46:35,085 INFO Parsed 10200000 reads
2023-05-03 15:46:38,730 INFO Parsed 10300000 reads
2023-05-03 15:46:42,314 INFO Parsed 10400000 reads
2023-05-03 15:46:45,880 INFO Parsed 10500000 reads
2023-05-03 15:46:49,461 INFO Parsed 10600000 reads
2023-05-03 15:46:53,080 INFO Parsed 10700000 reads
2023-05-03 15:46:56,682 INFO Parsed 10800000 reads
2023-05-03 15:47:00,253 INFO Parsed 10900000 reads
2023-05-03 15:47:03,841 INFO Parsed 11000000 reads
2023-05-03 15:47:07,412 INFO Parsed 11100000 reads
2023-05-03 15:47:10,809 INFO Parsed 11200000 reads
2023-05-03 15:47:14,477 INFO Parsed 11300000 reads
2023-05-03 15:47:18,084 INFO Parsed 11400000 reads
2023-05-03 15:47:21,657 INFO Parsed 11500000 reads
2023-05-03 15:47:25,217 INFO Parsed 11600000 reads
2023-05-03 15:47:28,777 INFO Parsed 11700000 reads
2023-05-03 15:47:32,338 INFO Parsed 11800000 reads
2023-05-03 15:47:35,958 INFO Parsed 11900000 reads
2023-05-03 15:47:39,573 INFO Parsed 12000000 reads
2023-05-03 15:47:43,250 INFO Parsed 12100000 reads
2023-05-03 15:47:46,905 INFO Parsed 12200000 reads
2023-05-03 15:47:50,913 INFO Parsed 12300000 reads
2023-05-03 15:47:54,689 INFO Parsed 12400000 reads
2023-05-03 15:47:58,558 INFO Parsed 12500000 reads
2023-05-03 15:48:02,225 INFO Parsed 12600000 reads
2023-05-03 15:48:05,904 INFO Parsed 12700000 reads
2023-05-03 15:48:09,569 INFO Parsed 12800000 reads
2023-05-03 15:48:13,397 INFO Parsed 12900000 reads
2023-05-03 15:48:17,389 INFO Parsed 13000000 reads
2023-05-03 15:48:21,309 INFO Parsed 13100000 reads
2023-05-03 15:48:25,342 INFO Parsed 13200000 reads
2023-05-03 15:48:29,351 INFO Parsed 13300000 reads
2023-05-03 15:48:33,381 INFO Parsed 13400000 reads
2023-05-03 15:48:37,619 INFO Parsed 13500000 reads
2023-05-03 15:48:41,866 INFO Parsed 13600000 reads
2023-05-03 15:48:46,162 INFO Parsed 13700000 reads
2023-05-03 15:48:50,304 INFO Parsed 13800000 reads
2023-05-03 15:48:54,343 INFO Parsed 13900000 reads
2023-05-03 15:48:58,433 INFO Parsed 14000000 reads
2023-05-03 15:49:02,578 INFO Parsed 14100000 reads
2023-05-03 15:49:06,677 INFO Parsed 14200000 reads
2023-05-03 15:49:10,643 INFO Parsed 14300000 reads
2023-05-03 15:49:15,236 INFO Parsed 14400000 reads
2023-05-03 15:49:19,248 INFO Parsed 14500000 reads
2023-05-03 15:49:23,453 INFO Parsed 14600000 reads
2023-05-03 15:49:27,273 INFO Parsed 14700000 reads
2023-05-03 15:49:31,123 INFO Parsed 14800000 reads
2023-05-03 15:49:34,781 INFO Parsed 14900000 reads
2023-05-03 15:49:38,391 INFO Parsed 15000000 reads
2023-05-03 15:49:41,999 INFO Parsed 15100000 reads
2023-05-03 15:49:45,576 INFO Parsed 15200000 reads
2023-05-03 15:49:49,140 INFO Parsed 15300000 reads
2023-05-03 15:49:52,715 INFO Parsed 15400000 reads
2023-05-03 15:49:56,290 INFO Parsed 15500000 reads
2023-05-03 15:49:59,886 INFO Parsed 15600000 reads
2023-05-03 15:50:03,625 INFO Parsed 15700000 reads
2023-05-03 15:50:07,719 INFO Parsed 15800000 reads
2023-05-03 15:50:11,820 INFO Parsed 15900000 reads
2023-05-03 15:50:15,422 INFO Parsed 16000000 reads
2023-05-03 15:50:18,967 INFO Parsed 16100000 reads
2023-05-03 15:50:22,873 INFO Parsed 16200000 reads
2023-05-03 15:50:26,443 INFO Parsed 16300000 reads
2023-05-03 15:50:30,059 INFO Parsed 16400000 reads
2023-05-03 15:50:33,625 INFO Parsed 16500000 reads
2023-05-03 15:50:36,197 INFO Input Reads: 16571568
2023-05-03 15:50:36,197 INFO regex matches read1: 13994643
2023-05-03 15:50:36,197 INFO Reads output: 13994643
2023-05-03 15:50:36,197 INFO regex does not match read1: 2576925
# job finished in 628 seconds at Wed May  3 15:50:36 2023 -- 625.68  1.92  0.00  0.00 -- 9e424a87-2487-42d4-85fa-69f8b6fcb173
[Wed May  3 15:50:36 2023]
Finished job 0.
1 of 1 steps (100%) done
[Wed May  3 15:50:37 2023]
Finished job 0.
1 of 1 steps (100%) done
