Building DAG of jobs...
Using shell: /usr/bin/bash
Provided cores: 8
Rules claiming more threads will be scaled down.
Provided resources: mem_mb=8192, mem_mib=7813, disk_mb=1503, disk_mib=1434
Select jobs to execute...
Building DAG of jobs...
Using shell: /usr/bin/bash
Provided cores: 8
Rules claiming more threads will be scaled down.
Provided resources: mem_mb=8192, mem_mib=7813, disk_mb=1503, disk_mib=1434
Select jobs to execute...

[Wed May  3 15:40:07 2023]
rule extract_umis_single_end:
    input: results/reads/56_MSI_R1.fastq.gz
    output: results/reads/umis/56_MSI_R1.fastq.gz
    log: logs/extract_umis/56_MSI.log
    jobid: 0
    reason: Missing output files: results/reads/umis/56_MSI_R1.fastq.gz
    wildcards: sample=56_MSI
    threads: 8
    resources: mem_mb=8192, mem_mib=7813, disk_mb=1503, disk_mib=1434, tmpdir=/tmp, runtime=60

# UMI-tools version: 1.1.4
# output generated by extract --random-seed 1234 --extract-method=regex --bc-pattern=(?P<umi_1>.{6})(?P<discard_1>TATA).* -I results/reads/56_MSI_R1.fastq.gz -S results/reads/umis/56_MSI_R1.fastq.gz
# job started at Wed May  3 15:40:08 2023 on bc003 -- f6b1dd2a-73d1-4ebd-9a89-f19e31e6db44
# pid: 920514, system: Linux 4.18.0-193.19.1.el8_2.x86_64 #1 SMP Mon Sep 14 14:37:00 UTC 2020 x86_64
# blacklist                               : None
# compresslevel                           : 6
# correct_umi_threshold                   : 0
# either_read                             : False
# either_read_resolve                     : discard
# error_correct_cell                      : False
# extract_method                          : regex
# filter_cell_barcode                     : None
# filter_cell_barcodes                    : False
# filter_umi                              : None
# filtered_out                            : None
# filtered_out2                           : None
# ignore_suffix                           : False
# log2stderr                              : False
# loglevel                                : 1
# pattern                                 : (?P<umi_1>.{6})(?P<discard_1>TATA).*
# pattern2                                : None
# prime3                                  : None
# quality_encoding                        : None
# quality_filter_mask                     : None
# quality_filter_threshold                : None
# random_seed                             : 1234
# read2_in                                : None
# read2_out                               : False
# read2_stdout                            : False
# reads_subset                            : None
# reconcile                               : False
# retain_umi                              : None
# short_help                              : None
# stderr                                  : <_io.TextIOWrapper name='<stderr>' mode='w' encoding='utf-8'>
# stdin                                   : <_io.TextIOWrapper name='results/reads/56_MSI_R1.fastq.gz' encoding='ascii'>
# stdlog                                  : <_io.TextIOWrapper name='<stdout>' mode='w' encoding='utf-8'>
# stdout                                  : <_io.TextIOWrapper name='results/reads/umis/56_MSI_R1.fastq.gz' encoding='ascii'>
# timeit_file                             : None
# timeit_header                           : None
# timeit_name                             : all
# tmpdir                                  : None
# umi_correct_log                         : None
# umi_separator                           : _
# umi_whitelist                           : None
# umi_whitelist_paired                    : None
# whitelist                               : None
2023-05-03 15:40:08,252 INFO Starting barcode extraction
2023-05-03 15:40:11,750 INFO Parsed 100000 reads
2023-05-03 15:40:15,226 INFO Parsed 200000 reads
2023-05-03 15:40:18,688 INFO Parsed 300000 reads
2023-05-03 15:40:22,130 INFO Parsed 400000 reads
2023-05-03 15:40:25,570 INFO Parsed 500000 reads
2023-05-03 15:40:29,027 INFO Parsed 600000 reads
2023-05-03 15:40:32,526 INFO Parsed 700000 reads
2023-05-03 15:40:36,014 INFO Parsed 800000 reads
2023-05-03 15:40:39,485 INFO Parsed 900000 reads
2023-05-03 15:40:43,080 INFO Parsed 1000000 reads
2023-05-03 15:40:46,514 INFO Parsed 1100000 reads
2023-05-03 15:40:49,957 INFO Parsed 1200000 reads
2023-05-03 15:40:53,439 INFO Parsed 1300000 reads
2023-05-03 15:40:56,923 INFO Parsed 1400000 reads
2023-05-03 15:41:00,400 INFO Parsed 1500000 reads
2023-05-03 15:41:03,849 INFO Parsed 1600000 reads
2023-05-03 15:41:07,286 INFO Parsed 1700000 reads
2023-05-03 15:41:10,838 INFO Parsed 1800000 reads
2023-05-03 15:41:14,308 INFO Parsed 1900000 reads
2023-05-03 15:41:17,759 INFO Parsed 2000000 reads
2023-05-03 15:41:21,191 INFO Parsed 2100000 reads
2023-05-03 15:41:24,629 INFO Parsed 2200000 reads
2023-05-03 15:41:28,060 INFO Parsed 2300000 reads
2023-05-03 15:41:31,683 INFO Parsed 2400000 reads
2023-05-03 15:41:35,218 INFO Parsed 2500000 reads
2023-05-03 15:41:38,666 INFO Parsed 2600000 reads
2023-05-03 15:41:42,100 INFO Parsed 2700000 reads
2023-05-03 15:41:45,536 INFO Parsed 2800000 reads
2023-05-03 15:41:48,978 INFO Parsed 2900000 reads
2023-05-03 15:41:52,427 INFO Parsed 3000000 reads
2023-05-03 15:41:55,881 INFO Parsed 3100000 reads
2023-05-03 15:41:59,329 INFO Parsed 3200000 reads
2023-05-03 15:42:02,758 INFO Parsed 3300000 reads
2023-05-03 15:42:06,220 INFO Parsed 3400000 reads
2023-05-03 15:42:09,640 INFO Parsed 3500000 reads
2023-05-03 15:42:13,105 INFO Parsed 3600000 reads
2023-05-03 15:42:16,606 INFO Parsed 3700000 reads
2023-05-03 15:42:20,101 INFO Parsed 3800000 reads
2023-05-03 15:42:23,575 INFO Parsed 3900000 reads
2023-05-03 15:42:27,064 INFO Parsed 4000000 reads
2023-05-03 15:42:30,540 INFO Parsed 4100000 reads
2023-05-03 15:42:34,031 INFO Parsed 4200000 reads
2023-05-03 15:42:38,282 INFO Parsed 4300000 reads
2023-05-03 15:42:41,759 INFO Parsed 4400000 reads
2023-05-03 15:42:45,221 INFO Parsed 4500000 reads
2023-05-03 15:42:48,705 INFO Parsed 4600000 reads
2023-05-03 15:42:52,189 INFO Parsed 4700000 reads
2023-05-03 15:42:55,723 INFO Parsed 4800000 reads
2023-05-03 15:42:59,207 INFO Parsed 4900000 reads
2023-05-03 15:43:02,696 INFO Parsed 5000000 reads
2023-05-03 15:43:06,179 INFO Parsed 5100000 reads
2023-05-03 15:43:09,671 INFO Parsed 5200000 reads
2023-05-03 15:43:13,154 INFO Parsed 5300000 reads
2023-05-03 15:43:16,636 INFO Parsed 5400000 reads
2023-05-03 15:43:20,358 INFO Parsed 5500000 reads
2023-05-03 15:43:23,823 INFO Parsed 5600000 reads
2023-05-03 15:43:27,302 INFO Parsed 5700000 reads
2023-05-03 15:43:30,757 INFO Parsed 5800000 reads
2023-05-03 15:43:34,234 INFO Parsed 5900000 reads
2023-05-03 15:43:37,727 INFO Parsed 6000000 reads
2023-05-03 15:43:41,216 INFO Parsed 6100000 reads
2023-05-03 15:43:44,690 INFO Parsed 6200000 reads
2023-05-03 15:43:48,168 INFO Parsed 6300000 reads
2023-05-03 15:43:51,710 INFO Parsed 6400000 reads
2023-05-03 15:43:55,187 INFO Parsed 6500000 reads
2023-05-03 15:43:58,672 INFO Parsed 6600000 reads
2023-05-03 15:44:02,145 INFO Parsed 6700000 reads
2023-05-03 15:44:05,609 INFO Parsed 6800000 reads
2023-05-03 15:44:09,086 INFO Parsed 6900000 reads
2023-05-03 15:44:12,906 INFO Parsed 7000000 reads
2023-05-03 15:44:16,363 INFO Parsed 7100000 reads
2023-05-03 15:44:19,801 INFO Parsed 7200000 reads
2023-05-03 15:44:23,256 INFO Parsed 7300000 reads
2023-05-03 15:44:26,734 INFO Parsed 7400000 reads
2023-05-03 15:44:30,222 INFO Parsed 7500000 reads
2023-05-03 15:44:33,670 INFO Parsed 7600000 reads
2023-05-03 15:44:37,109 INFO Parsed 7700000 reads
2023-05-03 15:44:41,135 INFO Parsed 7800000 reads
2023-05-03 15:44:44,594 INFO Parsed 7900000 reads
2023-05-03 15:44:48,051 INFO Parsed 8000000 reads
2023-05-03 15:44:51,528 INFO Parsed 8100000 reads
2023-05-03 15:44:54,991 INFO Parsed 8200000 reads
2023-05-03 15:44:58,437 INFO Parsed 8300000 reads
2023-05-03 15:45:02,023 INFO Parsed 8400000 reads
2023-05-03 15:45:05,484 INFO Parsed 8500000 reads
2023-05-03 15:45:08,939 INFO Parsed 8600000 reads
2023-05-03 15:45:12,406 INFO Parsed 8700000 reads
2023-05-03 15:45:15,866 INFO Parsed 8800000 reads
2023-05-03 15:45:19,304 INFO Parsed 8900000 reads
2023-05-03 15:45:22,741 INFO Parsed 9000000 reads
2023-05-03 15:45:26,187 INFO Parsed 9100000 reads
2023-05-03 15:45:29,644 INFO Parsed 9200000 reads
2023-05-03 15:45:33,524 INFO Parsed 9300000 reads
2023-05-03 15:45:36,961 INFO Parsed 9400000 reads
2023-05-03 15:45:40,391 INFO Parsed 9500000 reads
2023-05-03 15:45:43,822 INFO Parsed 9600000 reads
2023-05-03 15:45:47,257 INFO Parsed 9700000 reads
2023-05-03 15:45:50,706 INFO Parsed 9800000 reads
2023-05-03 15:45:54,163 INFO Parsed 9900000 reads
2023-05-03 15:45:57,824 INFO Parsed 10000000 reads
2023-05-03 15:46:01,267 INFO Parsed 10100000 reads
2023-05-03 15:46:04,700 INFO Parsed 10200000 reads
2023-05-03 15:46:08,156 INFO Parsed 10300000 reads
2023-05-03 15:46:11,600 INFO Parsed 10400000 reads
2023-05-03 15:46:15,058 INFO Parsed 10500000 reads
2023-05-03 15:46:18,546 INFO Parsed 10600000 reads
2023-05-03 15:46:21,990 INFO Parsed 10700000 reads
2023-05-03 15:46:25,478 INFO Parsed 10800000 reads
2023-05-03 15:46:28,934 INFO Parsed 10900000 reads
2023-05-03 15:46:32,384 INFO Parsed 11000000 reads
2023-05-03 15:46:35,847 INFO Parsed 11100000 reads
2023-05-03 15:46:39,324 INFO Parsed 11200000 reads
2023-05-03 15:46:42,841 INFO Parsed 11300000 reads
2023-05-03 15:46:46,402 INFO Parsed 11400000 reads
2023-05-03 15:46:49,970 INFO Parsed 11500000 reads
2023-05-03 15:46:55,935 INFO Parsed 11600000 reads
2023-05-03 15:46:59,430 INFO Parsed 11700000 reads
2023-05-03 15:47:02,910 INFO Parsed 11800000 reads
2023-05-03 15:47:06,374 INFO Parsed 11900000 reads
2023-05-03 15:47:09,837 INFO Parsed 12000000 reads
2023-05-03 15:47:13,284 INFO Parsed 12100000 reads
2023-05-03 15:47:16,739 INFO Parsed 12200000 reads
2023-05-03 15:47:20,185 INFO Parsed 12300000 reads
2023-05-03 15:47:24,287 INFO Parsed 12400000 reads
2023-05-03 15:47:27,713 INFO Parsed 12500000 reads
2023-05-03 15:47:31,965 INFO Parsed 12600000 reads
2023-05-03 15:47:35,526 INFO Parsed 12700000 reads
2023-05-03 15:47:38,980 INFO Parsed 12800000 reads
2023-05-03 15:47:42,449 INFO Parsed 12900000 reads
2023-05-03 15:47:45,923 INFO Parsed 13000000 reads
2023-05-03 15:47:49,428 INFO Parsed 13100000 reads
2023-05-03 15:47:52,937 INFO Parsed 13200000 reads
2023-05-03 15:47:57,069 INFO Parsed 13300000 reads
2023-05-03 15:48:00,564 INFO Parsed 13400000 reads
2023-05-03 15:48:04,086 INFO Parsed 13500000 reads
2023-05-03 15:48:07,667 INFO Parsed 13600000 reads
2023-05-03 15:48:11,191 INFO Parsed 13700000 reads
2023-05-03 15:48:14,663 INFO Parsed 13800000 reads
2023-05-03 15:48:18,130 INFO Parsed 13900000 reads
2023-05-03 15:48:21,596 INFO Parsed 14000000 reads
2023-05-03 15:48:25,057 INFO Parsed 14100000 reads
2023-05-03 15:48:27,724 INFO Input Reads: 14176982
2023-05-03 15:48:27,724 INFO regex matches read1: 11884098
2023-05-03 15:48:27,724 INFO Reads output: 11884098
2023-05-03 15:48:27,724 INFO regex does not match read1: 2292884
# job finished in 499 seconds at Wed May  3 15:48:27 2023 -- 491.21  1.47  0.00  0.00 -- f6b1dd2a-73d1-4ebd-9a89-f19e31e6db44
[Wed May  3 15:48:28 2023]
Finished job 0.
1 of 1 steps (100%) done
[Wed May  3 15:48:28 2023]
Finished job 0.
1 of 1 steps (100%) done
