Building DAG of jobs...
Using shell: /usr/bin/bash
Provided cores: 8
Rules claiming more threads will be scaled down.
Provided resources: mem_mb=8192, mem_mib=7813, disk_mb=2006, disk_mib=1914
Select jobs to execute...
Building DAG of jobs...
Using shell: /usr/bin/bash
Provided cores: 8
Rules claiming more threads will be scaled down.
Provided resources: mem_mb=8192, mem_mib=7813, disk_mb=2006, disk_mib=1914
Select jobs to execute...

[Wed May  3 15:40:08 2023]
rule extract_umis_single_end:
    input: results/reads/164_MSI_R1.fastq.gz
    output: results/reads/umis/164_MSI_R1.fastq.gz
    log: logs/extract_umis/164_MSI.log
    jobid: 0
    reason: Missing output files: results/reads/umis/164_MSI_R1.fastq.gz
    wildcards: sample=164_MSI
    threads: 8
    resources: mem_mb=8192, mem_mib=7813, disk_mb=2006, disk_mib=1914, tmpdir=/tmp, runtime=60

# UMI-tools version: 1.1.4
# output generated by extract --random-seed 1234 --extract-method=regex --bc-pattern=(?P<umi_1>.{6})(?P<discard_1>TATA).* -I results/reads/164_MSI_R1.fastq.gz -S results/reads/umis/164_MSI_R1.fastq.gz
# job started at Wed May  3 15:40:09 2023 on bc007 -- 13ed24d0-f81e-4b92-a797-9133d0d3beeb
# pid: 1292959, system: Linux 4.18.0-193.19.1.el8_2.x86_64 #1 SMP Mon Sep 14 14:37:00 UTC 2020 x86_64
# blacklist                               : None
# compresslevel                           : 6
# correct_umi_threshold                   : 0
# either_read                             : False
# either_read_resolve                     : discard
# error_correct_cell                      : False
# extract_method                          : regex
# filter_cell_barcode                     : None
# filter_cell_barcodes                    : False
# filter_umi                              : None
# filtered_out                            : None
# filtered_out2                           : None
# ignore_suffix                           : False
# log2stderr                              : False
# loglevel                                : 1
# pattern                                 : (?P<umi_1>.{6})(?P<discard_1>TATA).*
# pattern2                                : None
# prime3                                  : None
# quality_encoding                        : None
# quality_filter_mask                     : None
# quality_filter_threshold                : None
# random_seed                             : 1234
# read2_in                                : None
# read2_out                               : False
# read2_stdout                            : False
# reads_subset                            : None
# reconcile                               : False
# retain_umi                              : None
# short_help                              : None
# stderr                                  : <_io.TextIOWrapper name='<stderr>' mode='w' encoding='utf-8'>
# stdin                                   : <_io.TextIOWrapper name='results/reads/164_MSI_R1.fastq.gz' encoding='ascii'>
# stdlog                                  : <_io.TextIOWrapper name='<stdout>' mode='w' encoding='utf-8'>
# stdout                                  : <_io.TextIOWrapper name='results/reads/umis/164_MSI_R1.fastq.gz' encoding='ascii'>
# timeit_file                             : None
# timeit_header                           : None
# timeit_name                             : all
# tmpdir                                  : None
# umi_correct_log                         : None
# umi_separator                           : _
# umi_whitelist                           : None
# umi_whitelist_paired                    : None
# whitelist                               : None
2023-05-03 15:40:09,502 INFO Starting barcode extraction
2023-05-03 15:40:13,238 INFO Parsed 100000 reads
2023-05-03 15:40:16,904 INFO Parsed 200000 reads
2023-05-03 15:40:20,534 INFO Parsed 300000 reads
2023-05-03 15:40:24,135 INFO Parsed 400000 reads
2023-05-03 15:40:27,682 INFO Parsed 500000 reads
2023-05-03 15:40:31,233 INFO Parsed 600000 reads
2023-05-03 15:40:35,480 INFO Parsed 700000 reads
2023-05-03 15:40:39,582 INFO Parsed 800000 reads
2023-05-03 15:40:43,642 INFO Parsed 900000 reads
2023-05-03 15:40:47,662 INFO Parsed 1000000 reads
2023-05-03 15:40:51,746 INFO Parsed 1100000 reads
2023-05-03 15:40:55,861 INFO Parsed 1200000 reads
2023-05-03 15:40:59,899 INFO Parsed 1300000 reads
2023-05-03 15:41:03,940 INFO Parsed 1400000 reads
2023-05-03 15:41:08,098 INFO Parsed 1500000 reads
2023-05-03 15:41:12,220 INFO Parsed 1600000 reads
2023-05-03 15:41:16,269 INFO Parsed 1700000 reads
2023-05-03 15:41:20,300 INFO Parsed 1800000 reads
2023-05-03 15:41:24,380 INFO Parsed 1900000 reads
2023-05-03 15:41:28,288 INFO Parsed 2000000 reads
2023-05-03 15:41:32,112 INFO Parsed 2100000 reads
2023-05-03 15:41:36,047 INFO Parsed 2200000 reads
2023-05-03 15:41:40,070 INFO Parsed 2300000 reads
2023-05-03 15:41:44,194 INFO Parsed 2400000 reads
2023-05-03 15:41:48,355 INFO Parsed 2500000 reads
2023-05-03 15:41:52,592 INFO Parsed 2600000 reads
2023-05-03 15:41:57,798 INFO Parsed 2700000 reads
2023-05-03 15:42:02,193 INFO Parsed 2800000 reads
2023-05-03 15:42:06,612 INFO Parsed 2900000 reads
2023-05-03 15:42:11,057 INFO Parsed 3000000 reads
2023-05-03 15:42:15,487 INFO Parsed 3100000 reads
2023-05-03 15:42:19,851 INFO Parsed 3200000 reads
2023-05-03 15:42:24,206 INFO Parsed 3300000 reads
2023-05-03 15:42:28,550 INFO Parsed 3400000 reads
2023-05-03 15:42:32,865 INFO Parsed 3500000 reads
2023-05-03 15:42:37,127 INFO Parsed 3600000 reads
2023-05-03 15:42:41,387 INFO Parsed 3700000 reads
2023-05-03 15:42:45,652 INFO Parsed 3800000 reads
2023-05-03 15:42:50,064 INFO Parsed 3900000 reads
2023-05-03 15:42:54,513 INFO Parsed 4000000 reads
2023-05-03 15:42:59,023 INFO Parsed 4100000 reads
2023-05-03 15:43:03,540 INFO Parsed 4200000 reads
2023-05-03 15:43:07,988 INFO Parsed 4300000 reads
2023-05-03 15:43:12,261 INFO Parsed 4400000 reads
2023-05-03 15:43:16,446 INFO Parsed 4500000 reads
2023-05-03 15:43:20,608 INFO Parsed 4600000 reads
2023-05-03 15:43:25,002 INFO Parsed 4700000 reads
2023-05-03 15:43:29,364 INFO Parsed 4800000 reads
2023-05-03 15:43:33,747 INFO Parsed 4900000 reads
2023-05-03 15:43:38,136 INFO Parsed 5000000 reads
2023-05-03 15:43:42,430 INFO Parsed 5100000 reads
2023-05-03 15:43:47,547 INFO Parsed 5200000 reads
2023-05-03 15:43:51,875 INFO Parsed 5300000 reads
2023-05-03 15:43:56,097 INFO Parsed 5400000 reads
2023-05-03 15:44:00,297 INFO Parsed 5500000 reads
2023-05-03 15:44:04,496 INFO Parsed 5600000 reads
2023-05-03 15:44:08,714 INFO Parsed 5700000 reads
2023-05-03 15:44:12,860 INFO Parsed 5800000 reads
2023-05-03 15:44:16,903 INFO Parsed 5900000 reads
2023-05-03 15:44:21,123 INFO Parsed 6000000 reads
2023-05-03 15:44:25,166 INFO Parsed 6100000 reads
2023-05-03 15:44:29,079 INFO Parsed 6200000 reads
2023-05-03 15:44:33,330 INFO Parsed 6300000 reads
2023-05-03 15:44:37,520 INFO Parsed 6400000 reads
2023-05-03 15:44:41,463 INFO Parsed 6500000 reads
2023-05-03 15:44:45,358 INFO Parsed 6600000 reads
2023-05-03 15:44:49,177 INFO Parsed 6700000 reads
2023-05-03 15:44:52,938 INFO Parsed 6800000 reads
2023-05-03 15:44:56,636 INFO Parsed 6900000 reads
2023-05-03 15:45:00,195 INFO Parsed 7000000 reads
2023-05-03 15:45:03,736 INFO Parsed 7100000 reads
2023-05-03 15:45:07,306 INFO Parsed 7200000 reads
2023-05-03 15:45:10,846 INFO Parsed 7300000 reads
2023-05-03 15:45:14,389 INFO Parsed 7400000 reads
2023-05-03 15:45:17,937 INFO Parsed 7500000 reads
2023-05-03 15:45:21,468 INFO Parsed 7600000 reads
2023-05-03 15:45:25,017 INFO Parsed 7700000 reads
2023-05-03 15:45:28,548 INFO Parsed 7800000 reads
2023-05-03 15:45:32,116 INFO Parsed 7900000 reads
2023-05-03 15:45:35,675 INFO Parsed 8000000 reads
2023-05-03 15:45:39,223 INFO Parsed 8100000 reads
2023-05-03 15:45:42,783 INFO Parsed 8200000 reads
2023-05-03 15:45:46,329 INFO Parsed 8300000 reads
2023-05-03 15:45:49,859 INFO Parsed 8400000 reads
2023-05-03 15:45:53,403 INFO Parsed 8500000 reads
2023-05-03 15:45:56,939 INFO Parsed 8600000 reads
2023-05-03 15:46:00,475 INFO Parsed 8700000 reads
2023-05-03 15:46:04,101 INFO Parsed 8800000 reads
2023-05-03 15:46:07,713 INFO Parsed 8900000 reads
2023-05-03 15:46:11,313 INFO Parsed 9000000 reads
2023-05-03 15:46:14,937 INFO Parsed 9100000 reads
2023-05-03 15:46:18,634 INFO Parsed 9200000 reads
2023-05-03 15:46:22,444 INFO Parsed 9300000 reads
2023-05-03 15:46:26,418 INFO Parsed 9400000 reads
2023-05-03 15:46:30,386 INFO Parsed 9500000 reads
2023-05-03 15:46:34,340 INFO Parsed 9600000 reads
2023-05-03 15:46:38,176 INFO Parsed 9700000 reads
2023-05-03 15:46:41,817 INFO Parsed 9800000 reads
2023-05-03 15:46:45,476 INFO Parsed 9900000 reads
2023-05-03 15:46:49,301 INFO Parsed 10000000 reads
2023-05-03 15:46:53,066 INFO Parsed 10100000 reads
2023-05-03 15:46:56,769 INFO Parsed 10200000 reads
2023-05-03 15:47:00,326 INFO Parsed 10300000 reads
2023-05-03 15:47:04,114 INFO Parsed 10400000 reads
2023-05-03 15:47:07,922 INFO Parsed 10500000 reads
2023-05-03 15:47:11,703 INFO Parsed 10600000 reads
2023-05-03 15:47:15,334 INFO Parsed 10700000 reads
2023-05-03 15:47:19,029 INFO Parsed 10800000 reads
2023-05-03 15:47:22,780 INFO Parsed 10900000 reads
2023-05-03 15:47:26,624 INFO Parsed 11000000 reads
2023-05-03 15:47:31,124 INFO Parsed 11100000 reads
2023-05-03 15:47:34,878 INFO Parsed 11200000 reads
2023-05-03 15:47:38,637 INFO Parsed 11300000 reads
2023-05-03 15:47:42,691 INFO Parsed 11400000 reads
2023-05-03 15:47:46,745 INFO Parsed 11500000 reads
2023-05-03 15:47:50,714 INFO Parsed 11600000 reads
2023-05-03 15:47:54,662 INFO Parsed 11700000 reads
2023-05-03 15:47:58,638 INFO Parsed 11800000 reads
2023-05-03 15:48:02,511 INFO Parsed 11900000 reads
2023-05-03 15:48:06,227 INFO Parsed 12000000 reads
2023-05-03 15:48:09,943 INFO Parsed 12100000 reads
2023-05-03 15:48:13,777 INFO Parsed 12200000 reads
2023-05-03 15:48:17,613 INFO Parsed 12300000 reads
2023-05-03 15:48:21,396 INFO Parsed 12400000 reads
2023-05-03 15:48:25,007 INFO Parsed 12500000 reads
2023-05-03 15:48:28,625 INFO Parsed 12600000 reads
2023-05-03 15:48:32,329 INFO Parsed 12700000 reads
2023-05-03 15:48:36,018 INFO Parsed 12800000 reads
2023-05-03 15:48:39,611 INFO Parsed 12900000 reads
2023-05-03 15:48:43,292 INFO Parsed 13000000 reads
2023-05-03 15:48:47,119 INFO Parsed 13100000 reads
2023-05-03 15:48:50,867 INFO Parsed 13200000 reads
2023-05-03 15:48:54,660 INFO Parsed 13300000 reads
2023-05-03 15:48:58,421 INFO Parsed 13400000 reads
2023-05-03 15:49:02,192 INFO Parsed 13500000 reads
2023-05-03 15:49:05,990 INFO Parsed 13600000 reads
2023-05-03 15:49:09,799 INFO Parsed 13700000 reads
2023-05-03 15:49:13,644 INFO Parsed 13800000 reads
2023-05-03 15:49:17,502 INFO Parsed 13900000 reads
2023-05-03 15:49:21,362 INFO Parsed 14000000 reads
2023-05-03 15:49:25,246 INFO Parsed 14100000 reads
2023-05-03 15:49:30,276 INFO Parsed 14200000 reads
2023-05-03 15:49:34,133 INFO Parsed 14300000 reads
2023-05-03 15:49:37,992 INFO Parsed 14400000 reads
2023-05-03 15:49:41,786 INFO Parsed 14500000 reads
2023-05-03 15:49:45,493 INFO Parsed 14600000 reads
2023-05-03 15:49:49,212 INFO Parsed 14700000 reads
2023-05-03 15:49:52,948 INFO Parsed 14800000 reads
2023-05-03 15:49:56,518 INFO Parsed 14900000 reads
2023-05-03 15:50:00,110 INFO Parsed 15000000 reads
2023-05-03 15:50:03,759 INFO Parsed 15100000 reads
2023-05-03 15:50:07,321 INFO Parsed 15200000 reads
2023-05-03 15:50:10,864 INFO Parsed 15300000 reads
2023-05-03 15:50:14,477 INFO Parsed 15400000 reads
2023-05-03 15:50:18,091 INFO Parsed 15500000 reads
2023-05-03 15:50:21,601 INFO Parsed 15600000 reads
2023-05-03 15:50:25,108 INFO Parsed 15700000 reads
2023-05-03 15:50:28,599 INFO Parsed 15800000 reads
2023-05-03 15:50:32,101 INFO Parsed 15900000 reads
2023-05-03 15:50:35,603 INFO Parsed 16000000 reads
2023-05-03 15:50:39,208 INFO Parsed 16100000 reads
2023-05-03 15:50:42,720 INFO Parsed 16200000 reads
2023-05-03 15:50:46,226 INFO Parsed 16300000 reads
2023-05-03 15:50:49,734 INFO Parsed 16400000 reads
2023-05-03 15:50:53,231 INFO Parsed 16500000 reads
2023-05-03 15:50:56,694 INFO Parsed 16600000 reads
2023-05-03 15:51:00,188 INFO Parsed 16700000 reads
2023-05-03 15:51:03,671 INFO Parsed 16800000 reads
2023-05-03 15:51:09,477 INFO Parsed 16900000 reads
2023-05-03 15:51:12,937 INFO Parsed 17000000 reads
2023-05-03 15:51:16,421 INFO Parsed 17100000 reads
2023-05-03 15:51:19,930 INFO Parsed 17200000 reads
2023-05-03 15:51:23,414 INFO Parsed 17300000 reads
2023-05-03 15:51:26,900 INFO Parsed 17400000 reads
2023-05-03 15:51:30,421 INFO Parsed 17500000 reads
2023-05-03 15:51:33,930 INFO Parsed 17600000 reads
2023-05-03 15:51:38,447 INFO Parsed 17700000 reads
2023-05-03 15:51:41,933 INFO Parsed 17800000 reads
2023-05-03 15:51:45,425 INFO Parsed 17900000 reads
2023-05-03 15:51:48,926 INFO Parsed 18000000 reads
2023-05-03 15:51:52,452 INFO Parsed 18100000 reads
2023-05-03 15:51:56,140 INFO Parsed 18200000 reads
2023-05-03 15:51:59,750 INFO Parsed 18300000 reads
2023-05-03 15:52:03,307 INFO Parsed 18400000 reads
2023-05-03 15:52:06,931 INFO Parsed 18500000 reads
2023-05-03 15:52:10,705 INFO Parsed 18600000 reads
2023-05-03 15:52:14,492 INFO Parsed 18700000 reads
2023-05-03 15:52:18,390 INFO Parsed 18800000 reads
2023-05-03 15:52:22,279 INFO Parsed 18900000 reads
2023-05-03 15:52:26,075 INFO Parsed 19000000 reads
2023-05-03 15:52:30,016 INFO Parsed 19100000 reads
2023-05-03 15:52:33,861 INFO Input Reads: 19199519
2023-05-03 15:52:33,862 INFO regex matches read1: 16357253
2023-05-03 15:52:33,862 INFO Reads output: 16357253
2023-05-03 15:52:33,862 INFO regex does not match read1: 2842266
# job finished in 744 seconds at Wed May  3 15:52:33 2023 -- 735.09  2.00  0.00  0.00 -- 13ed24d0-f81e-4b92-a797-9133d0d3beeb
[Wed May  3 15:52:34 2023]
Finished job 0.
1 of 1 steps (100%) done
[Wed May  3 15:52:35 2023]
Finished job 0.
1 of 1 steps (100%) done
