Building DAG of jobs...
Using shell: /usr/bin/bash
Provided cores: 8
Rules claiming more threads will be scaled down.
Provided resources: mem_mb=8192, mem_mib=7813, disk_mb=1149, disk_mib=1096
Select jobs to execute...
Building DAG of jobs...
Using shell: /usr/bin/bash
Provided cores: 8
Rules claiming more threads will be scaled down.
Provided resources: mem_mb=8192, mem_mib=7813, disk_mb=1149, disk_mib=1096
Select jobs to execute...

[Wed May  3 15:39:42 2023]
rule extract_umis_single_end:
    input: results/reads/162_MSI_R1.fastq.gz
    output: results/reads/umis/162_MSI_R1.fastq.gz
    log: logs/extract_umis/162_MSI.log
    jobid: 0
    reason: Missing output files: results/reads/umis/162_MSI_R1.fastq.gz
    wildcards: sample=162_MSI
    threads: 8
    resources: mem_mb=8192, mem_mib=7813, disk_mb=1149, disk_mib=1096, tmpdir=/tmp, runtime=60

# UMI-tools version: 1.1.4
# output generated by extract --random-seed 1234 --extract-method=regex --bc-pattern=(?P<umi_1>.{6})(?P<discard_1>TATA).* -I results/reads/162_MSI_R1.fastq.gz -S results/reads/umis/162_MSI_R1.fastq.gz
# job started at Wed May  3 15:39:43 2023 on bc003 -- 4af0395e-faa5-4ce2-85ad-55a3b3f86af3
# pid: 920129, system: Linux 4.18.0-193.19.1.el8_2.x86_64 #1 SMP Mon Sep 14 14:37:00 UTC 2020 x86_64
# blacklist                               : None
# compresslevel                           : 6
# correct_umi_threshold                   : 0
# either_read                             : False
# either_read_resolve                     : discard
# error_correct_cell                      : False
# extract_method                          : regex
# filter_cell_barcode                     : None
# filter_cell_barcodes                    : False
# filter_umi                              : None
# filtered_out                            : None
# filtered_out2                           : None
# ignore_suffix                           : False
# log2stderr                              : False
# loglevel                                : 1
# pattern                                 : (?P<umi_1>.{6})(?P<discard_1>TATA).*
# pattern2                                : None
# prime3                                  : None
# quality_encoding                        : None
# quality_filter_mask                     : None
# quality_filter_threshold                : None
# random_seed                             : 1234
# read2_in                                : None
# read2_out                               : False
# read2_stdout                            : False
# reads_subset                            : None
# reconcile                               : False
# retain_umi                              : None
# short_help                              : None
# stderr                                  : <_io.TextIOWrapper name='<stderr>' mode='w' encoding='utf-8'>
# stdin                                   : <_io.TextIOWrapper name='results/reads/162_MSI_R1.fastq.gz' encoding='ascii'>
# stdlog                                  : <_io.TextIOWrapper name='<stdout>' mode='w' encoding='utf-8'>
# stdout                                  : <_io.TextIOWrapper name='results/reads/umis/162_MSI_R1.fastq.gz' encoding='ascii'>
# timeit_file                             : None
# timeit_header                           : None
# timeit_name                             : all
# tmpdir                                  : None
# umi_correct_log                         : None
# umi_separator                           : _
# umi_whitelist                           : None
# umi_whitelist_paired                    : None
# whitelist                               : None
2023-05-03 15:39:43,460 INFO Starting barcode extraction
2023-05-03 15:39:46,932 INFO Parsed 100000 reads
2023-05-03 15:39:50,330 INFO Parsed 200000 reads
2023-05-03 15:39:53,492 INFO Parsed 300000 reads
2023-05-03 15:39:56,649 INFO Parsed 400000 reads
2023-05-03 15:39:59,800 INFO Parsed 500000 reads
2023-05-03 15:40:02,990 INFO Parsed 600000 reads
2023-05-03 15:40:06,278 INFO Parsed 700000 reads
2023-05-03 15:40:09,515 INFO Parsed 800000 reads
2023-05-03 15:40:12,672 INFO Parsed 900000 reads
2023-05-03 15:40:15,830 INFO Parsed 1000000 reads
2023-05-03 15:40:19,196 INFO Parsed 1100000 reads
2023-05-03 15:40:22,823 INFO Parsed 1200000 reads
2023-05-03 15:40:26,329 INFO Parsed 1300000 reads
2023-05-03 15:40:29,887 INFO Parsed 1400000 reads
2023-05-03 15:40:33,141 INFO Parsed 1500000 reads
2023-05-03 15:40:36,922 INFO Parsed 1600000 reads
2023-05-03 15:40:40,573 INFO Parsed 1700000 reads
2023-05-03 15:40:43,961 INFO Parsed 1800000 reads
2023-05-03 15:40:47,251 INFO Parsed 1900000 reads
2023-05-03 15:40:50,521 INFO Parsed 2000000 reads
2023-05-03 15:40:53,786 INFO Parsed 2100000 reads
2023-05-03 15:40:57,272 INFO Parsed 2200000 reads
2023-05-03 15:41:00,594 INFO Parsed 2300000 reads
2023-05-03 15:41:04,311 INFO Parsed 2400000 reads
2023-05-03 15:41:07,945 INFO Parsed 2500000 reads
2023-05-03 15:41:11,675 INFO Parsed 2600000 reads
2023-05-03 15:41:15,147 INFO Parsed 2700000 reads
2023-05-03 15:41:18,595 INFO Parsed 2800000 reads
2023-05-03 15:41:21,987 INFO Parsed 2900000 reads
2023-05-03 15:41:25,236 INFO Parsed 3000000 reads
2023-05-03 15:41:28,454 INFO Parsed 3100000 reads
2023-05-03 15:41:32,447 INFO Parsed 3200000 reads
2023-05-03 15:41:35,641 INFO Parsed 3300000 reads
2023-05-03 15:41:39,058 INFO Parsed 3400000 reads
2023-05-03 15:41:42,358 INFO Parsed 3500000 reads
2023-05-03 15:41:45,590 INFO Parsed 3600000 reads
2023-05-03 15:41:48,812 INFO Parsed 3700000 reads
2023-05-03 15:41:52,100 INFO Parsed 3800000 reads
2023-05-03 15:41:55,320 INFO Parsed 3900000 reads
2023-05-03 15:41:58,541 INFO Parsed 4000000 reads
2023-05-03 15:42:01,760 INFO Parsed 4100000 reads
2023-05-03 15:42:05,014 INFO Parsed 4200000 reads
2023-05-03 15:42:08,610 INFO Parsed 4300000 reads
2023-05-03 15:42:11,987 INFO Parsed 4400000 reads
2023-05-03 15:42:15,338 INFO Parsed 4500000 reads
2023-05-03 15:42:18,855 INFO Parsed 4600000 reads
2023-05-03 15:42:22,411 INFO Parsed 4700000 reads
2023-05-03 15:42:26,096 INFO Parsed 4800000 reads
2023-05-03 15:42:29,751 INFO Parsed 4900000 reads
2023-05-03 15:42:33,422 INFO Parsed 5000000 reads
2023-05-03 15:42:37,578 INFO Parsed 5100000 reads
2023-05-03 15:42:41,121 INFO Parsed 5200000 reads
2023-05-03 15:42:44,777 INFO Parsed 5300000 reads
2023-05-03 15:42:48,467 INFO Parsed 5400000 reads
2023-05-03 15:42:52,034 INFO Parsed 5500000 reads
2023-05-03 15:42:55,412 INFO Parsed 5600000 reads
2023-05-03 15:42:58,764 INFO Parsed 5700000 reads
2023-05-03 15:43:02,130 INFO Parsed 5800000 reads
2023-05-03 15:43:05,533 INFO Parsed 5900000 reads
2023-05-03 15:43:08,942 INFO Parsed 6000000 reads
2023-05-03 15:43:12,500 INFO Parsed 6100000 reads
2023-05-03 15:43:15,958 INFO Parsed 6200000 reads
2023-05-03 15:43:19,389 INFO Parsed 6300000 reads
2023-05-03 15:43:22,724 INFO Parsed 6400000 reads
2023-05-03 15:43:25,991 INFO Parsed 6500000 reads
2023-05-03 15:43:29,260 INFO Parsed 6600000 reads
2023-05-03 15:43:32,515 INFO Parsed 6700000 reads
2023-05-03 15:43:35,805 INFO Parsed 6800000 reads
2023-05-03 15:43:39,264 INFO Parsed 6900000 reads
2023-05-03 15:43:42,698 INFO Parsed 7000000 reads
2023-05-03 15:43:46,149 INFO Parsed 7100000 reads
2023-05-03 15:43:49,735 INFO Parsed 7200000 reads
2023-05-03 15:43:52,974 INFO Parsed 7300000 reads
2023-05-03 15:43:56,235 INFO Parsed 7400000 reads
2023-05-03 15:43:59,607 INFO Parsed 7500000 reads
2023-05-03 15:44:02,992 INFO Parsed 7600000 reads
2023-05-03 15:44:06,472 INFO Parsed 7700000 reads
2023-05-03 15:44:10,529 INFO Parsed 7800000 reads
2023-05-03 15:44:14,668 INFO Parsed 7900000 reads
2023-05-03 15:44:18,542 INFO Parsed 8000000 reads
2023-05-03 15:44:22,158 INFO Parsed 8100000 reads
2023-05-03 15:44:25,861 INFO Parsed 8200000 reads
2023-05-03 15:44:29,374 INFO Parsed 8300000 reads
2023-05-03 15:44:32,853 INFO Parsed 8400000 reads
2023-05-03 15:44:36,450 INFO Parsed 8500000 reads
2023-05-03 15:44:40,036 INFO Parsed 8600000 reads
2023-05-03 15:44:43,935 INFO Parsed 8700000 reads
2023-05-03 15:44:47,532 INFO Parsed 8800000 reads
2023-05-03 15:44:51,126 INFO Parsed 8900000 reads
2023-05-03 15:44:54,732 INFO Parsed 9000000 reads
2023-05-03 15:44:58,326 INFO Parsed 9100000 reads
2023-05-03 15:45:02,047 INFO Parsed 9200000 reads
2023-05-03 15:45:05,570 INFO Parsed 9300000 reads
2023-05-03 15:45:08,924 INFO Parsed 9400000 reads
2023-05-03 15:45:12,205 INFO Parsed 9500000 reads
2023-05-03 15:45:15,477 INFO Parsed 9600000 reads
2023-05-03 15:45:18,735 INFO Parsed 9700000 reads
2023-05-03 15:45:21,994 INFO Parsed 9800000 reads
2023-05-03 15:45:25,295 INFO Parsed 9900000 reads
2023-05-03 15:45:28,873 INFO Parsed 10000000 reads
2023-05-03 15:45:32,805 INFO Parsed 10100000 reads
2023-05-03 15:45:36,353 INFO Parsed 10200000 reads
2023-05-03 15:45:39,653 INFO Parsed 10300000 reads
2023-05-03 15:45:43,078 INFO Parsed 10400000 reads
2023-05-03 15:45:46,477 INFO Parsed 10500000 reads
2023-05-03 15:45:49,807 INFO Parsed 10600000 reads
2023-05-03 15:45:53,186 INFO Parsed 10700000 reads
2023-05-03 15:45:56,568 INFO Parsed 10800000 reads
2023-05-03 15:46:00,126 INFO Parsed 10900000 reads
2023-05-03 15:46:03,426 INFO Parsed 11000000 reads
2023-05-03 15:46:06,785 INFO Parsed 11100000 reads
2023-05-03 15:46:10,130 INFO Parsed 11200000 reads
2023-05-03 15:46:13,452 INFO Parsed 11300000 reads
2023-05-03 15:46:17,219 INFO Parsed 11400000 reads
2023-05-03 15:46:21,115 INFO Parsed 11500000 reads
2023-05-03 15:46:25,131 INFO Parsed 11600000 reads
2023-05-03 15:46:29,071 INFO Parsed 11700000 reads
2023-05-03 15:46:32,933 INFO Parsed 11800000 reads
2023-05-03 15:46:36,700 INFO Parsed 11900000 reads
2023-05-03 15:46:40,502 INFO Parsed 12000000 reads
2023-05-03 15:46:44,351 INFO Parsed 12100000 reads
2023-05-03 15:46:48,107 INFO Parsed 12200000 reads
2023-05-03 15:46:51,757 INFO Parsed 12300000 reads
2023-05-03 15:46:57,788 INFO Parsed 12400000 reads
2023-05-03 15:47:01,424 INFO Parsed 12500000 reads
2023-05-03 15:47:05,162 INFO Parsed 12600000 reads
2023-05-03 15:47:08,804 INFO Parsed 12700000 reads
2023-05-03 15:47:12,405 INFO Parsed 12800000 reads
2023-05-03 15:47:15,384 INFO Input Reads: 12881658
2023-05-03 15:47:15,384 INFO regex matches read1: 12014492
2023-05-03 15:47:15,384 INFO Reads output: 12014492
2023-05-03 15:47:15,384 INFO regex does not match read1: 867166
# job finished in 451 seconds at Wed May  3 15:47:15 2023 -- 445.96  1.75  0.00  0.00 -- 4af0395e-faa5-4ce2-85ad-55a3b3f86af3
[Wed May  3 15:47:16 2023]
Finished job 0.
1 of 1 steps (100%) done
[Wed May  3 15:47:17 2023]
Finished job 0.
1 of 1 steps (100%) done
