Building DAG of jobs...
Using shell: /usr/bin/bash
Provided cores: 8
Rules claiming more threads will be scaled down.
Provided resources: mem_mb=8192, mem_mib=7813, disk_mb=1520, disk_mib=1450
Select jobs to execute...
Building DAG of jobs...
Using shell: /usr/bin/bash
Provided cores: 8
Rules claiming more threads will be scaled down.
Provided resources: mem_mb=8192, mem_mib=7813, disk_mb=1520, disk_mib=1450
Select jobs to execute...

[Wed May  3 15:39:45 2023]
rule extract_umis_single_end:
    input: results/reads/195_MSI_R1.fastq.gz
    output: results/reads/umis/195_MSI_R1.fastq.gz
    log: logs/extract_umis/195_MSI.log
    jobid: 0
    reason: Missing output files: results/reads/umis/195_MSI_R1.fastq.gz
    wildcards: sample=195_MSI
    threads: 8
    resources: mem_mb=8192, mem_mib=7813, disk_mb=1520, disk_mib=1450, tmpdir=/tmp, runtime=60

# UMI-tools version: 1.1.4
# output generated by extract --random-seed 1234 --extract-method=regex --bc-pattern=(?P<umi_1>.{6})(?P<discard_1>TATA).* -I results/reads/195_MSI_R1.fastq.gz -S results/reads/umis/195_MSI_R1.fastq.gz
# job started at Wed May  3 15:39:46 2023 on bc003 -- 8121638b-17e2-48da-a4fb-785707023be5
# pid: 920252, system: Linux 4.18.0-193.19.1.el8_2.x86_64 #1 SMP Mon Sep 14 14:37:00 UTC 2020 x86_64
# blacklist                               : None
# compresslevel                           : 6
# correct_umi_threshold                   : 0
# either_read                             : False
# either_read_resolve                     : discard
# error_correct_cell                      : False
# extract_method                          : regex
# filter_cell_barcode                     : None
# filter_cell_barcodes                    : False
# filter_umi                              : None
# filtered_out                            : None
# filtered_out2                           : None
# ignore_suffix                           : False
# log2stderr                              : False
# loglevel                                : 1
# pattern                                 : (?P<umi_1>.{6})(?P<discard_1>TATA).*
# pattern2                                : None
# prime3                                  : None
# quality_encoding                        : None
# quality_filter_mask                     : None
# quality_filter_threshold                : None
# random_seed                             : 1234
# read2_in                                : None
# read2_out                               : False
# read2_stdout                            : False
# reads_subset                            : None
# reconcile                               : False
# retain_umi                              : None
# short_help                              : None
# stderr                                  : <_io.TextIOWrapper name='<stderr>' mode='w' encoding='utf-8'>
# stdin                                   : <_io.TextIOWrapper name='results/reads/195_MSI_R1.fastq.gz' encoding='ascii'>
# stdlog                                  : <_io.TextIOWrapper name='<stdout>' mode='w' encoding='utf-8'>
# stdout                                  : <_io.TextIOWrapper name='results/reads/umis/195_MSI_R1.fastq.gz' encoding='ascii'>
# timeit_file                             : None
# timeit_header                           : None
# timeit_name                             : all
# tmpdir                                  : None
# umi_correct_log                         : None
# umi_separator                           : _
# umi_whitelist                           : None
# umi_whitelist_paired                    : None
# whitelist                               : None
2023-05-03 15:39:46,600 INFO Starting barcode extraction
2023-05-03 15:39:50,036 INFO Parsed 100000 reads
2023-05-03 15:39:53,416 INFO Parsed 200000 reads
2023-05-03 15:39:56,781 INFO Parsed 300000 reads
2023-05-03 15:40:00,119 INFO Parsed 400000 reads
2023-05-03 15:40:03,527 INFO Parsed 500000 reads
2023-05-03 15:40:06,967 INFO Parsed 600000 reads
2023-05-03 15:40:10,438 INFO Parsed 700000 reads
2023-05-03 15:40:13,899 INFO Parsed 800000 reads
2023-05-03 15:40:17,334 INFO Parsed 900000 reads
2023-05-03 15:40:20,779 INFO Parsed 1000000 reads
2023-05-03 15:40:24,227 INFO Parsed 1100000 reads
2023-05-03 15:40:27,650 INFO Parsed 1200000 reads
2023-05-03 15:40:31,142 INFO Parsed 1300000 reads
2023-05-03 15:40:34,629 INFO Parsed 1400000 reads
2023-05-03 15:40:38,090 INFO Parsed 1500000 reads
2023-05-03 15:40:41,523 INFO Parsed 1600000 reads
2023-05-03 15:40:44,954 INFO Parsed 1700000 reads
2023-05-03 15:40:48,374 INFO Parsed 1800000 reads
2023-05-03 15:40:51,837 INFO Parsed 1900000 reads
2023-05-03 15:40:55,295 INFO Parsed 2000000 reads
2023-05-03 15:40:58,764 INFO Parsed 2100000 reads
2023-05-03 15:41:02,190 INFO Parsed 2200000 reads
2023-05-03 15:41:05,624 INFO Parsed 2300000 reads
2023-05-03 15:41:09,042 INFO Parsed 2400000 reads
2023-05-03 15:41:12,507 INFO Parsed 2500000 reads
2023-05-03 15:41:15,956 INFO Parsed 2600000 reads
2023-05-03 15:41:19,388 INFO Parsed 2700000 reads
2023-05-03 15:41:22,791 INFO Parsed 2800000 reads
2023-05-03 15:41:26,212 INFO Parsed 2900000 reads
2023-05-03 15:41:29,631 INFO Parsed 3000000 reads
2023-05-03 15:41:33,236 INFO Parsed 3100000 reads
2023-05-03 15:41:36,678 INFO Parsed 3200000 reads
2023-05-03 15:41:40,109 INFO Parsed 3300000 reads
2023-05-03 15:41:43,543 INFO Parsed 3400000 reads
2023-05-03 15:41:46,964 INFO Parsed 3500000 reads
2023-05-03 15:41:50,385 INFO Parsed 3600000 reads
2023-05-03 15:41:53,831 INFO Parsed 3700000 reads
2023-05-03 15:41:57,316 INFO Parsed 3800000 reads
2023-05-03 15:42:00,800 INFO Parsed 3900000 reads
2023-05-03 15:42:04,272 INFO Parsed 4000000 reads
2023-05-03 15:42:07,765 INFO Parsed 4100000 reads
2023-05-03 15:42:11,240 INFO Parsed 4200000 reads
2023-05-03 15:42:14,706 INFO Parsed 4300000 reads
2023-05-03 15:42:18,189 INFO Parsed 4400000 reads
2023-05-03 15:42:21,659 INFO Parsed 4500000 reads
2023-05-03 15:42:25,132 INFO Parsed 4600000 reads
2023-05-03 15:42:28,593 INFO Parsed 4700000 reads
2023-05-03 15:42:32,065 INFO Parsed 4800000 reads
2023-05-03 15:42:35,570 INFO Parsed 4900000 reads
2023-05-03 15:42:39,736 INFO Parsed 5000000 reads
2023-05-03 15:42:43,207 INFO Parsed 5100000 reads
2023-05-03 15:42:46,678 INFO Parsed 5200000 reads
2023-05-03 15:42:50,148 INFO Parsed 5300000 reads
2023-05-03 15:42:53,708 INFO Parsed 5400000 reads
2023-05-03 15:42:57,165 INFO Parsed 5500000 reads
2023-05-03 15:43:00,629 INFO Parsed 5600000 reads
2023-05-03 15:43:04,089 INFO Parsed 5700000 reads
2023-05-03 15:43:07,533 INFO Parsed 5800000 reads
2023-05-03 15:43:10,981 INFO Parsed 5900000 reads
2023-05-03 15:43:14,425 INFO Parsed 6000000 reads
2023-05-03 15:43:17,879 INFO Parsed 6100000 reads
2023-05-03 15:43:21,513 INFO Parsed 6200000 reads
2023-05-03 15:43:24,983 INFO Parsed 6300000 reads
2023-05-03 15:43:28,436 INFO Parsed 6400000 reads
2023-05-03 15:43:31,892 INFO Parsed 6500000 reads
2023-05-03 15:43:35,353 INFO Parsed 6600000 reads
2023-05-03 15:43:38,809 INFO Parsed 6700000 reads
2023-05-03 15:43:42,275 INFO Parsed 6800000 reads
2023-05-03 15:43:45,737 INFO Parsed 6900000 reads
2023-05-03 15:43:49,192 INFO Parsed 7000000 reads
2023-05-03 15:43:52,768 INFO Parsed 7100000 reads
2023-05-03 15:43:56,217 INFO Parsed 7200000 reads
2023-05-03 15:43:59,657 INFO Parsed 7300000 reads
2023-05-03 15:44:03,073 INFO Parsed 7400000 reads
2023-05-03 15:44:06,514 INFO Parsed 7500000 reads
2023-05-03 15:44:10,034 INFO Parsed 7600000 reads
2023-05-03 15:44:13,494 INFO Parsed 7700000 reads
2023-05-03 15:44:16,945 INFO Parsed 7800000 reads
2023-05-03 15:44:20,369 INFO Parsed 7900000 reads
2023-05-03 15:44:23,784 INFO Parsed 8000000 reads
2023-05-03 15:44:27,209 INFO Parsed 8100000 reads
2023-05-03 15:44:30,637 INFO Parsed 8200000 reads
2023-05-03 15:44:34,082 INFO Parsed 8300000 reads
2023-05-03 15:44:37,532 INFO Parsed 8400000 reads
2023-05-03 15:44:41,491 INFO Parsed 8500000 reads
2023-05-03 15:44:44,917 INFO Parsed 8600000 reads
2023-05-03 15:44:48,332 INFO Parsed 8700000 reads
2023-05-03 15:44:51,773 INFO Parsed 8800000 reads
2023-05-03 15:44:55,207 INFO Parsed 8900000 reads
2023-05-03 15:44:58,658 INFO Parsed 9000000 reads
2023-05-03 15:45:02,242 INFO Parsed 9100000 reads
2023-05-03 15:45:05,666 INFO Parsed 9200000 reads
2023-05-03 15:45:09,077 INFO Parsed 9300000 reads
2023-05-03 15:45:12,499 INFO Parsed 9400000 reads
2023-05-03 15:45:15,939 INFO Parsed 9500000 reads
2023-05-03 15:45:19,359 INFO Parsed 9600000 reads
2023-05-03 15:45:22,767 INFO Parsed 9700000 reads
2023-05-03 15:45:26,180 INFO Parsed 9800000 reads
2023-05-03 15:45:29,596 INFO Parsed 9900000 reads
2023-05-03 15:45:33,336 INFO Parsed 10000000 reads
2023-05-03 15:45:36,770 INFO Parsed 10100000 reads
2023-05-03 15:45:40,209 INFO Parsed 10200000 reads
2023-05-03 15:45:43,630 INFO Parsed 10300000 reads
2023-05-03 15:45:47,050 INFO Parsed 10400000 reads
2023-05-03 15:45:50,466 INFO Parsed 10500000 reads
2023-05-03 15:45:53,883 INFO Parsed 10600000 reads
2023-05-03 15:45:57,495 INFO Parsed 10700000 reads
2023-05-03 15:46:00,924 INFO Parsed 10800000 reads
2023-05-03 15:46:04,360 INFO Parsed 10900000 reads
2023-05-03 15:46:07,784 INFO Parsed 11000000 reads
2023-05-03 15:46:11,208 INFO Parsed 11100000 reads
2023-05-03 15:46:14,653 INFO Parsed 11200000 reads
2023-05-03 15:46:18,134 INFO Parsed 11300000 reads
2023-05-03 15:46:21,555 INFO Parsed 11400000 reads
2023-05-03 15:46:25,013 INFO Parsed 11500000 reads
2023-05-03 15:46:28,456 INFO Parsed 11600000 reads
2023-05-03 15:46:31,898 INFO Parsed 11700000 reads
2023-05-03 15:46:35,363 INFO Parsed 11800000 reads
2023-05-03 15:46:38,825 INFO Parsed 11900000 reads
2023-05-03 15:46:42,280 INFO Parsed 12000000 reads
2023-05-03 15:46:45,829 INFO Parsed 12100000 reads
2023-05-03 15:46:49,377 INFO Parsed 12200000 reads
2023-05-03 15:46:55,296 INFO Parsed 12300000 reads
2023-05-03 15:46:58,779 INFO Parsed 12400000 reads
2023-05-03 15:47:02,218 INFO Parsed 12500000 reads
2023-05-03 15:47:05,658 INFO Parsed 12600000 reads
2023-05-03 15:47:09,085 INFO Parsed 12700000 reads
2023-05-03 15:47:12,521 INFO Parsed 12800000 reads
2023-05-03 15:47:15,944 INFO Parsed 12900000 reads
2023-05-03 15:47:19,357 INFO Parsed 13000000 reads
2023-05-03 15:47:23,439 INFO Parsed 13100000 reads
2023-05-03 15:47:26,866 INFO Parsed 13200000 reads
2023-05-03 15:47:30,300 INFO Parsed 13300000 reads
2023-05-03 15:47:34,565 INFO Parsed 13400000 reads
2023-05-03 15:47:38,035 INFO Parsed 13500000 reads
2023-05-03 15:47:41,486 INFO Parsed 13600000 reads
2023-05-03 15:47:44,945 INFO Parsed 13700000 reads
2023-05-03 15:47:48,435 INFO Parsed 13800000 reads
2023-05-03 15:47:51,895 INFO Parsed 13900000 reads
2023-05-03 15:47:55,399 INFO Parsed 14000000 reads
2023-05-03 15:47:59,467 INFO Parsed 14100000 reads
2023-05-03 15:48:02,915 INFO Parsed 14200000 reads
2023-05-03 15:48:06,491 INFO Parsed 14300000 reads
2023-05-03 15:48:10,000 INFO Parsed 14400000 reads
2023-05-03 15:48:13,454 INFO Parsed 14500000 reads
2023-05-03 15:48:16,898 INFO Parsed 14600000 reads
2023-05-03 15:48:18,318 INFO Input Reads: 14641376
2023-05-03 15:48:18,318 INFO regex matches read1: 12456120
2023-05-03 15:48:18,318 INFO Reads output: 12456120
2023-05-03 15:48:18,318 INFO regex does not match read1: 2185256
# job finished in 511 seconds at Wed May  3 15:48:18 2023 -- 504.16  1.65  0.00  0.00 -- 8121638b-17e2-48da-a4fb-785707023be5
[Wed May  3 15:48:18 2023]
Finished job 0.
1 of 1 steps (100%) done
[Wed May  3 15:48:19 2023]
Finished job 0.
1 of 1 steps (100%) done
