Building DAG of jobs...
Using shell: /usr/bin/bash
Provided cores: 8
Rules claiming more threads will be scaled down.
Provided resources: mem_mb=8192, mem_mib=7813, disk_mb=2754, disk_mib=2627
Select jobs to execute...
Building DAG of jobs...
Using shell: /usr/bin/bash
Provided cores: 8
Rules claiming more threads will be scaled down.
Provided resources: mem_mb=8192, mem_mib=7813, disk_mb=2754, disk_mib=2627
Select jobs to execute...

[Wed May  3 15:40:07 2023]
rule extract_umis_single_end:
    input: results/reads/226_MSI_R1.fastq.gz
    output: results/reads/umis/226_MSI_R1.fastq.gz
    log: logs/extract_umis/226_MSI.log
    jobid: 0
    reason: Missing output files: results/reads/umis/226_MSI_R1.fastq.gz
    wildcards: sample=226_MSI
    threads: 8
    resources: mem_mb=8192, mem_mib=7813, disk_mb=2754, disk_mib=2627, tmpdir=/tmp, runtime=60

# UMI-tools version: 1.1.4
# output generated by extract --random-seed 1234 --extract-method=regex --bc-pattern=(?P<umi_1>.{6})(?P<discard_1>TATA).* -I results/reads/226_MSI_R1.fastq.gz -S results/reads/umis/226_MSI_R1.fastq.gz
# job started at Wed May  3 15:40:08 2023 on bc007 -- b8f1e217-46b2-43af-896e-925825582470
# pid: 1292884, system: Linux 4.18.0-193.19.1.el8_2.x86_64 #1 SMP Mon Sep 14 14:37:00 UTC 2020 x86_64
# blacklist                               : None
# compresslevel                           : 6
# correct_umi_threshold                   : 0
# either_read                             : False
# either_read_resolve                     : discard
# error_correct_cell                      : False
# extract_method                          : regex
# filter_cell_barcode                     : None
# filter_cell_barcodes                    : False
# filter_umi                              : None
# filtered_out                            : None
# filtered_out2                           : None
# ignore_suffix                           : False
# log2stderr                              : False
# loglevel                                : 1
# pattern                                 : (?P<umi_1>.{6})(?P<discard_1>TATA).*
# pattern2                                : None
# prime3                                  : None
# quality_encoding                        : None
# quality_filter_mask                     : None
# quality_filter_threshold                : None
# random_seed                             : 1234
# read2_in                                : None
# read2_out                               : False
# read2_stdout                            : False
# reads_subset                            : None
# reconcile                               : False
# retain_umi                              : None
# short_help                              : None
# stderr                                  : <_io.TextIOWrapper name='<stderr>' mode='w' encoding='utf-8'>
# stdin                                   : <_io.TextIOWrapper name='results/reads/226_MSI_R1.fastq.gz' encoding='ascii'>
# stdlog                                  : <_io.TextIOWrapper name='<stdout>' mode='w' encoding='utf-8'>
# stdout                                  : <_io.TextIOWrapper name='results/reads/umis/226_MSI_R1.fastq.gz' encoding='ascii'>
# timeit_file                             : None
# timeit_header                           : None
# timeit_name                             : all
# tmpdir                                  : None
# umi_correct_log                         : None
# umi_separator                           : _
# umi_whitelist                           : None
# umi_whitelist_paired                    : None
# whitelist                               : None
2023-05-03 15:40:08,210 INFO Starting barcode extraction
2023-05-03 15:40:11,882 INFO Parsed 100000 reads
2023-05-03 15:40:15,415 INFO Parsed 200000 reads
2023-05-03 15:40:18,955 INFO Parsed 300000 reads
2023-05-03 15:40:22,476 INFO Parsed 400000 reads
2023-05-03 15:40:25,987 INFO Parsed 500000 reads
2023-05-03 15:40:29,458 INFO Parsed 600000 reads
2023-05-03 15:40:33,299 INFO Parsed 700000 reads
2023-05-03 15:40:37,424 INFO Parsed 800000 reads
2023-05-03 15:40:41,378 INFO Parsed 900000 reads
2023-05-03 15:40:45,309 INFO Parsed 1000000 reads
2023-05-03 15:40:49,222 INFO Parsed 1100000 reads
2023-05-03 15:40:53,270 INFO Parsed 1200000 reads
2023-05-03 15:40:57,277 INFO Parsed 1300000 reads
2023-05-03 15:41:01,226 INFO Parsed 1400000 reads
2023-05-03 15:41:05,226 INFO Parsed 1500000 reads
2023-05-03 15:41:09,317 INFO Parsed 1600000 reads
2023-05-03 15:41:13,327 INFO Parsed 1700000 reads
2023-05-03 15:41:17,250 INFO Parsed 1800000 reads
2023-05-03 15:41:21,195 INFO Parsed 1900000 reads
2023-05-03 15:41:25,147 INFO Parsed 2000000 reads
2023-05-03 15:41:28,931 INFO Parsed 2100000 reads
2023-05-03 15:41:32,712 INFO Parsed 2200000 reads
2023-05-03 15:41:36,550 INFO Parsed 2300000 reads
2023-05-03 15:41:40,520 INFO Parsed 2400000 reads
2023-05-03 15:41:44,539 INFO Parsed 2500000 reads
2023-05-03 15:41:48,586 INFO Parsed 2600000 reads
2023-05-03 15:41:52,713 INFO Parsed 2700000 reads
2023-05-03 15:41:57,180 INFO Parsed 2800000 reads
2023-05-03 15:42:01,427 INFO Parsed 2900000 reads
2023-05-03 15:42:05,775 INFO Parsed 3000000 reads
2023-05-03 15:42:10,143 INFO Parsed 3100000 reads
2023-05-03 15:42:14,507 INFO Parsed 3200000 reads
2023-05-03 15:42:18,808 INFO Parsed 3300000 reads
2023-05-03 15:42:23,067 INFO Parsed 3400000 reads
2023-05-03 15:42:27,283 INFO Parsed 3500000 reads
2023-05-03 15:42:31,504 INFO Parsed 3600000 reads
2023-05-03 15:42:35,717 INFO Parsed 3700000 reads
2023-05-03 15:42:39,905 INFO Parsed 3800000 reads
2023-05-03 15:42:44,092 INFO Parsed 3900000 reads
2023-05-03 15:42:48,367 INFO Parsed 4000000 reads
2023-05-03 15:42:52,747 INFO Parsed 4100000 reads
2023-05-03 15:42:57,156 INFO Parsed 4200000 reads
2023-05-03 15:43:01,587 INFO Parsed 4300000 reads
2023-05-03 15:43:06,041 INFO Parsed 4400000 reads
2023-05-03 15:43:10,323 INFO Parsed 4500000 reads
2023-05-03 15:43:14,541 INFO Parsed 4600000 reads
2023-05-03 15:43:18,636 INFO Parsed 4700000 reads
2023-05-03 15:43:22,809 INFO Parsed 4800000 reads
2023-05-03 15:43:27,167 INFO Parsed 4900000 reads
2023-05-03 15:43:31,453 INFO Parsed 5000000 reads
2023-05-03 15:43:35,709 INFO Parsed 5100000 reads
2023-05-03 15:43:39,935 INFO Parsed 5200000 reads
2023-05-03 15:43:45,502 INFO Parsed 5300000 reads
2023-05-03 15:43:49,743 INFO Parsed 5400000 reads
2023-05-03 15:43:53,904 INFO Parsed 5500000 reads
2023-05-03 15:43:58,005 INFO Parsed 5600000 reads
2023-05-03 15:44:02,074 INFO Parsed 5700000 reads
2023-05-03 15:44:06,167 INFO Parsed 5800000 reads
2023-05-03 15:44:10,248 INFO Parsed 5900000 reads
2023-05-03 15:44:14,208 INFO Parsed 6000000 reads
2023-05-03 15:44:18,201 INFO Parsed 6100000 reads
2023-05-03 15:44:22,302 INFO Parsed 6200000 reads
2023-05-03 15:44:26,155 INFO Parsed 6300000 reads
2023-05-03 15:44:30,027 INFO Parsed 6400000 reads
2023-05-03 15:44:34,165 INFO Parsed 6500000 reads
2023-05-03 15:44:38,226 INFO Parsed 6600000 reads
2023-05-03 15:44:42,047 INFO Parsed 6700000 reads
2023-05-03 15:44:45,806 INFO Parsed 6800000 reads
2023-05-03 15:44:49,499 INFO Parsed 6900000 reads
2023-05-03 15:44:53,133 INFO Parsed 7000000 reads
2023-05-03 15:44:56,721 INFO Parsed 7100000 reads
2023-05-03 15:45:00,168 INFO Parsed 7200000 reads
2023-05-03 15:45:03,591 INFO Parsed 7300000 reads
2023-05-03 15:45:07,051 INFO Parsed 7400000 reads
2023-05-03 15:45:10,475 INFO Parsed 7500000 reads
2023-05-03 15:45:13,907 INFO Parsed 7600000 reads
2023-05-03 15:45:17,344 INFO Parsed 7700000 reads
2023-05-03 15:45:20,773 INFO Parsed 7800000 reads
2023-05-03 15:45:24,221 INFO Parsed 7900000 reads
2023-05-03 15:45:27,649 INFO Parsed 8000000 reads
2023-05-03 15:45:31,067 INFO Parsed 8100000 reads
2023-05-03 15:45:34,494 INFO Parsed 8200000 reads
2023-05-03 15:45:37,940 INFO Parsed 8300000 reads
2023-05-03 15:45:41,374 INFO Parsed 8400000 reads
2023-05-03 15:45:44,793 INFO Parsed 8500000 reads
2023-05-03 15:45:48,238 INFO Parsed 8600000 reads
2023-05-03 15:45:51,671 INFO Parsed 8700000 reads
2023-05-03 15:45:55,078 INFO Parsed 8800000 reads
2023-05-03 15:45:58,502 INFO Parsed 8900000 reads
2023-05-03 15:46:01,937 INFO Parsed 9000000 reads
2023-05-03 15:46:05,464 INFO Parsed 9100000 reads
2023-05-03 15:46:08,955 INFO Parsed 9200000 reads
2023-05-03 15:46:12,443 INFO Parsed 9300000 reads
2023-05-03 15:46:15,974 INFO Parsed 9400000 reads
2023-05-03 15:46:19,575 INFO Parsed 9500000 reads
2023-05-03 15:46:23,339 INFO Parsed 9600000 reads
2023-05-03 15:46:27,175 INFO Parsed 9700000 reads
2023-05-03 15:46:31,044 INFO Parsed 9800000 reads
2023-05-03 15:46:34,957 INFO Parsed 9900000 reads
2023-05-03 15:46:38,669 INFO Parsed 10000000 reads
2023-05-03 15:46:42,218 INFO Parsed 10100000 reads
2023-05-03 15:46:45,801 INFO Parsed 10200000 reads
2023-05-03 15:46:49,527 INFO Parsed 10300000 reads
2023-05-03 15:46:53,178 INFO Parsed 10400000 reads
2023-05-03 15:46:56,773 INFO Parsed 10500000 reads
2023-05-03 15:47:00,275 INFO Parsed 10600000 reads
2023-05-03 15:47:04,000 INFO Parsed 10700000 reads
2023-05-03 15:47:07,752 INFO Parsed 10800000 reads
2023-05-03 15:47:11,461 INFO Parsed 10900000 reads
2023-05-03 15:47:15,020 INFO Parsed 11000000 reads
2023-05-03 15:47:18,625 INFO Parsed 11100000 reads
2023-05-03 15:47:22,281 INFO Parsed 11200000 reads
2023-05-03 15:47:25,995 INFO Parsed 11300000 reads
2023-05-03 15:47:29,598 INFO Parsed 11400000 reads
2023-05-03 15:47:33,139 INFO Parsed 11500000 reads
2023-05-03 15:47:36,921 INFO Parsed 11600000 reads
2023-05-03 15:47:40,659 INFO Parsed 11700000 reads
2023-05-03 15:47:44,754 INFO Parsed 11800000 reads
2023-05-03 15:47:48,636 INFO Parsed 11900000 reads
2023-05-03 15:47:52,488 INFO Parsed 12000000 reads
2023-05-03 15:47:56,359 INFO Parsed 12100000 reads
2023-05-03 15:48:00,209 INFO Parsed 12200000 reads
2023-05-03 15:48:03,955 INFO Parsed 12300000 reads
2023-05-03 15:48:07,564 INFO Parsed 12400000 reads
2023-05-03 15:48:11,288 INFO Parsed 12500000 reads
2023-05-03 15:48:15,044 INFO Parsed 12600000 reads
2023-05-03 15:48:18,800 INFO Parsed 12700000 reads
2023-05-03 15:48:22,447 INFO Parsed 12800000 reads
2023-05-03 15:48:25,957 INFO Parsed 12900000 reads
2023-05-03 15:48:29,542 INFO Parsed 13000000 reads
2023-05-03 15:48:33,177 INFO Parsed 13100000 reads
2023-05-03 15:48:36,807 INFO Parsed 13200000 reads
2023-05-03 15:48:40,306 INFO Parsed 13300000 reads
2023-05-03 15:48:43,971 INFO Parsed 13400000 reads
2023-05-03 15:48:47,694 INFO Parsed 13500000 reads
2023-05-03 15:48:51,371 INFO Parsed 13600000 reads
2023-05-03 15:48:55,093 INFO Parsed 13700000 reads
2023-05-03 15:48:58,879 INFO Parsed 13800000 reads
2023-05-03 15:49:02,585 INFO Parsed 13900000 reads
2023-05-03 15:49:06,314 INFO Parsed 14000000 reads
2023-05-03 15:49:10,057 INFO Parsed 14100000 reads
2023-05-03 15:49:13,850 INFO Parsed 14200000 reads
2023-05-03 15:49:17,616 INFO Parsed 14300000 reads
2023-05-03 15:49:21,376 INFO Parsed 14400000 reads
2023-05-03 15:49:25,168 INFO Parsed 14500000 reads
2023-05-03 15:49:29,366 INFO Parsed 14600000 reads
2023-05-03 15:49:33,147 INFO Parsed 14700000 reads
2023-05-03 15:49:36,898 INFO Parsed 14800000 reads
2023-05-03 15:49:40,665 INFO Parsed 14900000 reads
2023-05-03 15:49:44,324 INFO Parsed 15000000 reads
2023-05-03 15:49:47,946 INFO Parsed 15100000 reads
2023-05-03 15:49:51,577 INFO Parsed 15200000 reads
2023-05-03 15:49:55,122 INFO Parsed 15300000 reads
2023-05-03 15:49:58,660 INFO Parsed 15400000 reads
2023-05-03 15:50:02,184 INFO Parsed 15500000 reads
2023-05-03 15:50:05,688 INFO Parsed 15600000 reads
2023-05-03 15:50:09,129 INFO Parsed 15700000 reads
2023-05-03 15:50:12,616 INFO Parsed 15800000 reads
2023-05-03 15:50:16,160 INFO Parsed 15900000 reads
2023-05-03 15:50:19,604 INFO Parsed 16000000 reads
2023-05-03 15:50:23,010 INFO Parsed 16100000 reads
2023-05-03 15:50:26,430 INFO Parsed 16200000 reads
2023-05-03 15:50:29,859 INFO Parsed 16300000 reads
2023-05-03 15:50:33,279 INFO Parsed 16400000 reads
2023-05-03 15:50:36,759 INFO Parsed 16500000 reads
2023-05-03 15:50:40,249 INFO Parsed 16600000 reads
2023-05-03 15:50:43,668 INFO Parsed 16700000 reads
2023-05-03 15:50:47,097 INFO Parsed 16800000 reads
2023-05-03 15:50:50,512 INFO Parsed 16900000 reads
2023-05-03 15:50:53,943 INFO Parsed 17000000 reads
2023-05-03 15:50:57,371 INFO Parsed 17100000 reads
2023-05-03 15:51:00,856 INFO Parsed 17200000 reads
2023-05-03 15:51:04,277 INFO Parsed 17300000 reads
2023-05-03 15:51:07,707 INFO Parsed 17400000 reads
2023-05-03 15:51:11,138 INFO Parsed 17500000 reads
2023-05-03 15:51:14,571 INFO Parsed 17600000 reads
2023-05-03 15:51:17,982 INFO Parsed 17700000 reads
2023-05-03 15:51:21,390 INFO Parsed 17800000 reads
2023-05-03 15:51:24,808 INFO Parsed 17900000 reads
2023-05-03 15:51:28,228 INFO Parsed 18000000 reads
2023-05-03 15:51:32,834 INFO Parsed 18100000 reads
2023-05-03 15:51:36,251 INFO Parsed 18200000 reads
2023-05-03 15:51:39,671 INFO Parsed 18300000 reads
2023-05-03 15:51:43,090 INFO Parsed 18400000 reads
2023-05-03 15:51:46,520 INFO Parsed 18500000 reads
2023-05-03 15:51:49,945 INFO Parsed 18600000 reads
2023-05-03 15:51:53,450 INFO Parsed 18700000 reads
2023-05-03 15:51:57,129 INFO Parsed 18800000 reads
2023-05-03 15:52:00,624 INFO Parsed 18900000 reads
2023-05-03 15:52:04,094 INFO Parsed 19000000 reads
2023-05-03 15:52:07,678 INFO Parsed 19100000 reads
2023-05-03 15:52:11,453 INFO Parsed 19200000 reads
2023-05-03 15:52:15,144 INFO Parsed 19300000 reads
2023-05-03 15:52:18,998 INFO Parsed 19400000 reads
2023-05-03 15:52:22,787 INFO Parsed 19500000 reads
2023-05-03 15:52:26,523 INFO Parsed 19600000 reads
2023-05-03 15:52:30,356 INFO Parsed 19700000 reads
2023-05-03 15:52:34,167 INFO Parsed 19800000 reads
2023-05-03 15:52:37,898 INFO Parsed 19900000 reads
2023-05-03 15:52:41,464 INFO Parsed 20000000 reads
2023-05-03 15:52:44,990 INFO Parsed 20100000 reads
2023-05-03 15:52:48,484 INFO Parsed 20200000 reads
2023-05-03 15:52:52,268 INFO Parsed 20300000 reads
2023-05-03 15:52:55,920 INFO Parsed 20400000 reads
2023-05-03 15:52:59,440 INFO Parsed 20500000 reads
2023-05-03 15:53:03,061 INFO Parsed 20600000 reads
2023-05-03 15:53:07,100 INFO Parsed 20700000 reads
2023-05-03 15:53:11,092 INFO Parsed 20800000 reads
2023-05-03 15:53:15,119 INFO Parsed 20900000 reads
2023-05-03 15:53:18,808 INFO Parsed 21000000 reads
2023-05-03 15:53:22,828 INFO Parsed 21100000 reads
2023-05-03 15:53:27,047 INFO Parsed 21200000 reads
2023-05-03 15:53:31,067 INFO Parsed 21300000 reads
2023-05-03 15:53:35,022 INFO Parsed 21400000 reads
2023-05-03 15:53:39,391 INFO Parsed 21500000 reads
2023-05-03 15:53:43,801 INFO Parsed 21600000 reads
2023-05-03 15:53:47,799 INFO Parsed 21700000 reads
2023-05-03 15:53:51,688 INFO Parsed 21800000 reads
2023-05-03 15:53:55,708 INFO Parsed 21900000 reads
2023-05-03 15:53:59,833 INFO Parsed 22000000 reads
2023-05-03 15:54:04,058 INFO Parsed 22100000 reads
2023-05-03 15:54:08,165 INFO Parsed 22200000 reads
2023-05-03 15:54:11,803 INFO Parsed 22300000 reads
2023-05-03 15:54:15,325 INFO Parsed 22400000 reads
2023-05-03 15:54:18,805 INFO Parsed 22500000 reads
2023-05-03 15:54:22,312 INFO Parsed 22600000 reads
2023-05-03 15:54:25,859 INFO Parsed 22700000 reads
2023-05-03 15:54:29,274 INFO Parsed 22800000 reads
2023-05-03 15:54:32,702 INFO Parsed 22900000 reads
2023-05-03 15:54:36,144 INFO Parsed 23000000 reads
2023-05-03 15:54:39,582 INFO Parsed 23100000 reads
2023-05-03 15:54:42,991 INFO Parsed 23200000 reads
2023-05-03 15:54:46,409 INFO Parsed 23300000 reads
2023-05-03 15:54:49,836 INFO Parsed 23400000 reads
2023-05-03 15:54:53,267 INFO Parsed 23500000 reads
2023-05-03 15:54:56,716 INFO Parsed 23600000 reads
2023-05-03 15:55:00,132 INFO Parsed 23700000 reads
2023-05-03 15:55:03,538 INFO Parsed 23800000 reads
2023-05-03 15:55:06,979 INFO Parsed 23900000 reads
2023-05-03 15:55:10,433 INFO Parsed 24000000 reads
2023-05-03 15:55:13,911 INFO Parsed 24100000 reads
2023-05-03 15:55:26,981 INFO Parsed 24200000 reads
2023-05-03 15:55:30,422 INFO Parsed 24300000 reads
2023-05-03 15:55:33,868 INFO Parsed 24400000 reads
2023-05-03 15:55:37,480 INFO Parsed 24500000 reads
2023-05-03 15:55:42,608 INFO Parsed 24600000 reads
2023-05-03 15:55:47,698 INFO Parsed 24700000 reads
2023-05-03 15:55:52,758 INFO Parsed 24800000 reads
2023-05-03 15:55:57,798 INFO Parsed 24900000 reads
2023-05-03 15:56:02,834 INFO Parsed 25000000 reads
2023-05-03 15:56:07,937 INFO Parsed 25100000 reads
2023-05-03 15:56:13,270 INFO Parsed 25200000 reads
2023-05-03 15:56:18,613 INFO Parsed 25300000 reads
2023-05-03 15:56:24,028 INFO Parsed 25400000 reads
2023-05-03 15:56:29,812 INFO Parsed 25500000 reads
2023-05-03 15:56:35,557 INFO Parsed 25600000 reads
2023-05-03 15:56:41,290 INFO Parsed 25700000 reads
2023-05-03 15:56:46,986 INFO Parsed 25800000 reads
2023-05-03 15:56:52,615 INFO Parsed 25900000 reads
2023-05-03 15:56:58,192 INFO Parsed 26000000 reads
2023-05-03 15:57:04,091 INFO Parsed 26100000 reads
2023-05-03 15:57:09,820 INFO Parsed 26200000 reads
2023-05-03 15:57:15,236 INFO Parsed 26300000 reads
2023-05-03 15:57:20,689 INFO Parsed 26400000 reads
2023-05-03 15:57:26,247 INFO Parsed 26500000 reads
2023-05-03 15:57:32,027 INFO Parsed 26600000 reads
2023-05-03 15:57:38,207 INFO Parsed 26700000 reads
2023-05-03 15:57:44,002 INFO Parsed 26800000 reads
2023-05-03 15:57:49,806 INFO Parsed 26900000 reads
2023-05-03 15:57:55,571 INFO Parsed 27000000 reads
2023-05-03 15:58:01,092 INFO Parsed 27100000 reads
2023-05-03 15:58:01,599 INFO Input Reads: 27109300
2023-05-03 15:58:01,599 INFO regex matches read1: 23275149
2023-05-03 15:58:01,599 INFO Reads output: 23275149
2023-05-03 15:58:01,599 INFO regex does not match read1: 3834151
# job finished in 1073 seconds at Wed May  3 15:58:01 2023 -- 1055.12  2.37  0.00  0.00 -- b8f1e217-46b2-43af-896e-925825582470
[Wed May  3 15:58:04 2023]
Finished job 0.
1 of 1 steps (100%) done
[Wed May  3 15:58:09 2023]
Finished job 0.
1 of 1 steps (100%) done
