Building DAG of jobs...
Using shell: /usr/bin/bash
Provided cores: 8
Rules claiming more threads will be scaled down.
Provided resources: mem_mb=8192, mem_mib=7813, disk_mb=1626, disk_mib=1551
Select jobs to execute...
Building DAG of jobs...
Using shell: /usr/bin/bash
Provided cores: 8
Rules claiming more threads will be scaled down.
Provided resources: mem_mb=8192, mem_mib=7813, disk_mb=1626, disk_mib=1551
Select jobs to execute...

[Wed May  3 15:40:07 2023]
rule extract_umis_single_end:
    input: results/reads/112_MSI_R1.fastq.gz
    output: results/reads/umis/112_MSI_R1.fastq.gz
    log: logs/extract_umis/112_MSI.log
    jobid: 0
    reason: Missing output files: results/reads/umis/112_MSI_R1.fastq.gz
    wildcards: sample=112_MSI
    threads: 8
    resources: mem_mb=8192, mem_mib=7813, disk_mb=1626, disk_mib=1551, tmpdir=/tmp, runtime=60

# UMI-tools version: 1.1.4
# output generated by extract --random-seed 1234 --extract-method=regex --bc-pattern=(?P<umi_1>.{6})(?P<discard_1>TATA).* -I results/reads/112_MSI_R1.fastq.gz -S results/reads/umis/112_MSI_R1.fastq.gz
# job started at Wed May  3 15:40:07 2023 on bc007 -- ef206a89-24a1-478b-aeb6-672cb7c0b1ac
# pid: 1292874, system: Linux 4.18.0-193.19.1.el8_2.x86_64 #1 SMP Mon Sep 14 14:37:00 UTC 2020 x86_64
# blacklist                               : None
# compresslevel                           : 6
# correct_umi_threshold                   : 0
# either_read                             : False
# either_read_resolve                     : discard
# error_correct_cell                      : False
# extract_method                          : regex
# filter_cell_barcode                     : None
# filter_cell_barcodes                    : False
# filter_umi                              : None
# filtered_out                            : None
# filtered_out2                           : None
# ignore_suffix                           : False
# log2stderr                              : False
# loglevel                                : 1
# pattern                                 : (?P<umi_1>.{6})(?P<discard_1>TATA).*
# pattern2                                : None
# prime3                                  : None
# quality_encoding                        : None
# quality_filter_mask                     : None
# quality_filter_threshold                : None
# random_seed                             : 1234
# read2_in                                : None
# read2_out                               : False
# read2_stdout                            : False
# reads_subset                            : None
# reconcile                               : False
# retain_umi                              : None
# short_help                              : None
# stderr                                  : <_io.TextIOWrapper name='<stderr>' mode='w' encoding='utf-8'>
# stdin                                   : <_io.TextIOWrapper name='results/reads/112_MSI_R1.fastq.gz' encoding='ascii'>
# stdlog                                  : <_io.TextIOWrapper name='<stdout>' mode='w' encoding='utf-8'>
# stdout                                  : <_io.TextIOWrapper name='results/reads/umis/112_MSI_R1.fastq.gz' encoding='ascii'>
# timeit_file                             : None
# timeit_header                           : None
# timeit_name                             : all
# tmpdir                                  : None
# umi_correct_log                         : None
# umi_separator                           : _
# umi_whitelist                           : None
# umi_whitelist_paired                    : None
# whitelist                               : None
2023-05-03 15:40:07,962 INFO Starting barcode extraction
2023-05-03 15:40:11,537 INFO Parsed 100000 reads
2023-05-03 15:40:15,065 INFO Parsed 200000 reads
2023-05-03 15:40:18,572 INFO Parsed 300000 reads
2023-05-03 15:40:22,048 INFO Parsed 400000 reads
2023-05-03 15:40:25,535 INFO Parsed 500000 reads
2023-05-03 15:40:29,020 INFO Parsed 600000 reads
2023-05-03 15:40:32,521 INFO Parsed 700000 reads
2023-05-03 15:40:36,033 INFO Parsed 800000 reads
2023-05-03 15:40:39,486 INFO Parsed 900000 reads
2023-05-03 15:40:42,924 INFO Parsed 1000000 reads
2023-05-03 15:40:46,365 INFO Parsed 1100000 reads
2023-05-03 15:40:49,809 INFO Parsed 1200000 reads
2023-05-03 15:40:53,253 INFO Parsed 1300000 reads
2023-05-03 15:40:56,753 INFO Parsed 1400000 reads
2023-05-03 15:41:00,227 INFO Parsed 1500000 reads
2023-05-03 15:41:03,694 INFO Parsed 1600000 reads
2023-05-03 15:41:07,126 INFO Parsed 1700000 reads
2023-05-03 15:41:10,582 INFO Parsed 1800000 reads
2023-05-03 15:41:14,014 INFO Parsed 1900000 reads
2023-05-03 15:41:17,515 INFO Parsed 2000000 reads
2023-05-03 15:41:21,031 INFO Parsed 2100000 reads
2023-05-03 15:41:24,471 INFO Parsed 2200000 reads
2023-05-03 15:41:27,916 INFO Parsed 2300000 reads
2023-05-03 15:41:31,360 INFO Parsed 2400000 reads
2023-05-03 15:41:34,797 INFO Parsed 2500000 reads
2023-05-03 15:41:38,243 INFO Parsed 2600000 reads
2023-05-03 15:41:41,713 INFO Parsed 2700000 reads
2023-05-03 15:41:45,180 INFO Parsed 2800000 reads
2023-05-03 15:41:48,625 INFO Parsed 2900000 reads
2023-05-03 15:41:52,072 INFO Parsed 3000000 reads
2023-05-03 15:41:55,521 INFO Parsed 3100000 reads
2023-05-03 15:41:59,526 INFO Parsed 3200000 reads
2023-05-03 15:42:03,016 INFO Parsed 3300000 reads
2023-05-03 15:42:06,543 INFO Parsed 3400000 reads
2023-05-03 15:42:10,001 INFO Parsed 3500000 reads
2023-05-03 15:42:13,442 INFO Parsed 3600000 reads
2023-05-03 15:42:16,892 INFO Parsed 3700000 reads
2023-05-03 15:42:20,333 INFO Parsed 3800000 reads
2023-05-03 15:42:23,789 INFO Parsed 3900000 reads
2023-05-03 15:42:27,307 INFO Parsed 4000000 reads
2023-05-03 15:42:30,800 INFO Parsed 4100000 reads
2023-05-03 15:42:34,325 INFO Parsed 4200000 reads
2023-05-03 15:42:37,901 INFO Parsed 4300000 reads
2023-05-03 15:42:41,417 INFO Parsed 4400000 reads
2023-05-03 15:42:44,924 INFO Parsed 4500000 reads
2023-05-03 15:42:48,423 INFO Parsed 4600000 reads
2023-05-03 15:42:51,917 INFO Parsed 4700000 reads
2023-05-03 15:42:55,416 INFO Parsed 4800000 reads
2023-05-03 15:42:58,901 INFO Parsed 4900000 reads
2023-05-03 15:43:02,398 INFO Parsed 5000000 reads
2023-05-03 15:43:05,881 INFO Parsed 5100000 reads
2023-05-03 15:43:09,358 INFO Parsed 5200000 reads
2023-05-03 15:43:12,844 INFO Parsed 5300000 reads
2023-05-03 15:43:16,346 INFO Parsed 5400000 reads
2023-05-03 15:43:19,843 INFO Parsed 5500000 reads
2023-05-03 15:43:23,346 INFO Parsed 5600000 reads
2023-05-03 15:43:26,841 INFO Parsed 5700000 reads
2023-05-03 15:43:30,333 INFO Parsed 5800000 reads
2023-05-03 15:43:33,843 INFO Parsed 5900000 reads
2023-05-03 15:43:37,341 INFO Parsed 6000000 reads
2023-05-03 15:43:40,813 INFO Parsed 6100000 reads
2023-05-03 15:43:45,824 INFO Parsed 6200000 reads
2023-05-03 15:43:49,295 INFO Parsed 6300000 reads
2023-05-03 15:43:52,778 INFO Parsed 6400000 reads
2023-05-03 15:43:56,272 INFO Parsed 6500000 reads
2023-05-03 15:43:59,779 INFO Parsed 6600000 reads
2023-05-03 15:44:03,271 INFO Parsed 6700000 reads
2023-05-03 15:44:06,758 INFO Parsed 6800000 reads
2023-05-03 15:44:10,241 INFO Parsed 6900000 reads
2023-05-03 15:44:13,726 INFO Parsed 7000000 reads
2023-05-03 15:44:17,349 INFO Parsed 7100000 reads
2023-05-03 15:44:20,846 INFO Parsed 7200000 reads
2023-05-03 15:44:24,326 INFO Parsed 7300000 reads
2023-05-03 15:44:27,799 INFO Parsed 7400000 reads
2023-05-03 15:44:31,269 INFO Parsed 7500000 reads
2023-05-03 15:44:34,767 INFO Parsed 7600000 reads
2023-05-03 15:44:38,244 INFO Parsed 7700000 reads
2023-05-03 15:44:41,699 INFO Parsed 7800000 reads
2023-05-03 15:44:45,168 INFO Parsed 7900000 reads
2023-05-03 15:44:48,672 INFO Parsed 8000000 reads
2023-05-03 15:44:52,169 INFO Parsed 8100000 reads
2023-05-03 15:44:55,661 INFO Parsed 8200000 reads
2023-05-03 15:44:59,141 INFO Parsed 8300000 reads
2023-05-03 15:45:02,595 INFO Parsed 8400000 reads
2023-05-03 15:45:06,043 INFO Parsed 8500000 reads
2023-05-03 15:45:09,500 INFO Parsed 8600000 reads
2023-05-03 15:45:13,006 INFO Parsed 8700000 reads
2023-05-03 15:45:16,582 INFO Parsed 8800000 reads
2023-05-03 15:45:20,158 INFO Parsed 8900000 reads
2023-05-03 15:45:23,672 INFO Parsed 9000000 reads
2023-05-03 15:45:27,125 INFO Parsed 9100000 reads
2023-05-03 15:45:30,575 INFO Parsed 9200000 reads
2023-05-03 15:45:34,063 INFO Parsed 9300000 reads
2023-05-03 15:45:37,533 INFO Parsed 9400000 reads
2023-05-03 15:45:41,003 INFO Parsed 9500000 reads
2023-05-03 15:45:44,470 INFO Parsed 9600000 reads
2023-05-03 15:45:47,939 INFO Parsed 9700000 reads
2023-05-03 15:45:51,380 INFO Parsed 9800000 reads
2023-05-03 15:45:54,829 INFO Parsed 9900000 reads
2023-05-03 15:45:58,288 INFO Parsed 10000000 reads
2023-05-03 15:46:01,733 INFO Parsed 10100000 reads
2023-05-03 15:46:05,277 INFO Parsed 10200000 reads
2023-05-03 15:46:08,787 INFO Parsed 10300000 reads
2023-05-03 15:46:12,310 INFO Parsed 10400000 reads
2023-05-03 15:46:15,813 INFO Parsed 10500000 reads
2023-05-03 15:46:19,405 INFO Parsed 10600000 reads
2023-05-03 15:46:22,961 INFO Parsed 10700000 reads
2023-05-03 15:46:26,481 INFO Parsed 10800000 reads
2023-05-03 15:46:30,018 INFO Parsed 10900000 reads
2023-05-03 15:46:33,559 INFO Parsed 11000000 reads
2023-05-03 15:46:36,998 INFO Parsed 11100000 reads
2023-05-03 15:46:40,450 INFO Parsed 11200000 reads
2023-05-03 15:46:43,960 INFO Parsed 11300000 reads
2023-05-03 15:46:47,481 INFO Parsed 11400000 reads
2023-05-03 15:46:50,976 INFO Parsed 11500000 reads
2023-05-03 15:46:54,429 INFO Parsed 11600000 reads
2023-05-03 15:46:57,900 INFO Parsed 11700000 reads
2023-05-03 15:47:01,486 INFO Parsed 11800000 reads
2023-05-03 15:47:05,040 INFO Parsed 11900000 reads
2023-05-03 15:47:08,545 INFO Parsed 12000000 reads
2023-05-03 15:47:12,053 INFO Parsed 12100000 reads
2023-05-03 15:47:15,643 INFO Parsed 12200000 reads
2023-05-03 15:47:19,203 INFO Parsed 12300000 reads
2023-05-03 15:47:22,724 INFO Parsed 12400000 reads
2023-05-03 15:47:26,361 INFO Parsed 12500000 reads
2023-05-03 15:47:30,598 INFO Parsed 12600000 reads
2023-05-03 15:47:34,304 INFO Parsed 12700000 reads
2023-05-03 15:47:38,023 INFO Parsed 12800000 reads
2023-05-03 15:47:41,788 INFO Parsed 12900000 reads
2023-05-03 15:47:45,609 INFO Parsed 13000000 reads
2023-05-03 15:47:49,355 INFO Parsed 13100000 reads
2023-05-03 15:47:52,927 INFO Parsed 13200000 reads
2023-05-03 15:47:56,400 INFO Parsed 13300000 reads
2023-05-03 15:47:59,858 INFO Parsed 13400000 reads
2023-05-03 15:48:03,331 INFO Parsed 13500000 reads
2023-05-03 15:48:06,867 INFO Parsed 13600000 reads
2023-05-03 15:48:10,295 INFO Parsed 13700000 reads
2023-05-03 15:48:13,767 INFO Parsed 13800000 reads
2023-05-03 15:48:17,228 INFO Parsed 13900000 reads
2023-05-03 15:48:20,680 INFO Parsed 14000000 reads
2023-05-03 15:48:24,206 INFO Parsed 14100000 reads
2023-05-03 15:48:27,669 INFO Parsed 14200000 reads
2023-05-03 15:48:31,093 INFO Parsed 14300000 reads
2023-05-03 15:48:34,523 INFO Parsed 14400000 reads
2023-05-03 15:48:37,960 INFO Parsed 14500000 reads
2023-05-03 15:48:41,397 INFO Parsed 14600000 reads
2023-05-03 15:48:44,766 INFO Parsed 14700000 reads
2023-05-03 15:48:48,174 INFO Parsed 14800000 reads
2023-05-03 15:48:51,555 INFO Parsed 14900000 reads
2023-05-03 15:48:54,983 INFO Parsed 15000000 reads
2023-05-03 15:48:58,411 INFO Parsed 15100000 reads
2023-05-03 15:49:01,864 INFO Parsed 15200000 reads
2023-05-03 15:49:05,316 INFO Parsed 15300000 reads
2023-05-03 15:49:08,769 INFO Parsed 15400000 reads
2023-05-03 15:49:10,466 INFO Input Reads: 15446239
2023-05-03 15:49:10,466 INFO regex matches read1: 13149127
2023-05-03 15:49:10,466 INFO Reads output: 13149127
2023-05-03 15:49:10,466 INFO regex does not match read1: 2297112
# job finished in 542 seconds at Wed May  3 15:49:10 2023 -- 538.46  1.71  0.00  0.00 -- ef206a89-24a1-478b-aeb6-672cb7c0b1ac
[Wed May  3 15:49:10 2023]
Finished job 0.
1 of 1 steps (100%) done
[Wed May  3 15:49:11 2023]
Finished job 0.
1 of 1 steps (100%) done
