Building DAG of jobs...
Using shell: /usr/bin/bash
Provided cores: 8
Rules claiming more threads will be scaled down.
Provided resources: mem_mb=8192, mem_mib=7813, disk_mb=2345, disk_mib=2237
Select jobs to execute...
Building DAG of jobs...
Using shell: /usr/bin/bash
Provided cores: 8
Rules claiming more threads will be scaled down.
Provided resources: mem_mb=8192, mem_mib=7813, disk_mb=2345, disk_mib=2237
Select jobs to execute...

[Wed May  3 15:39:45 2023]
rule extract_umis_single_end:
    input: results/reads/104_MSI_R1.fastq.gz
    output: results/reads/umis/104_MSI_R1.fastq.gz
    log: logs/extract_umis/104_MSI.log
    jobid: 0
    reason: Missing output files: results/reads/umis/104_MSI_R1.fastq.gz
    wildcards: sample=104_MSI
    threads: 8
    resources: mem_mb=8192, mem_mib=7813, disk_mb=2345, disk_mib=2237, tmpdir=/tmp, runtime=60

# UMI-tools version: 1.1.4
# output generated by extract --random-seed 1234 --extract-method=regex --bc-pattern=(?P<umi_1>.{6})(?P<discard_1>TATA).* -I results/reads/104_MSI_R1.fastq.gz -S results/reads/umis/104_MSI_R1.fastq.gz
# job started at Wed May  3 15:39:46 2023 on bc003 -- 27df49c9-13c8-40e0-ba38-63c928850878
# pid: 920246, system: Linux 4.18.0-193.19.1.el8_2.x86_64 #1 SMP Mon Sep 14 14:37:00 UTC 2020 x86_64
# blacklist                               : None
# compresslevel                           : 6
# correct_umi_threshold                   : 0
# either_read                             : False
# either_read_resolve                     : discard
# error_correct_cell                      : False
# extract_method                          : regex
# filter_cell_barcode                     : None
# filter_cell_barcodes                    : False
# filter_umi                              : None
# filtered_out                            : None
# filtered_out2                           : None
# ignore_suffix                           : False
# log2stderr                              : False
# loglevel                                : 1
# pattern                                 : (?P<umi_1>.{6})(?P<discard_1>TATA).*
# pattern2                                : None
# prime3                                  : None
# quality_encoding                        : None
# quality_filter_mask                     : None
# quality_filter_threshold                : None
# random_seed                             : 1234
# read2_in                                : None
# read2_out                               : False
# read2_stdout                            : False
# reads_subset                            : None
# reconcile                               : False
# retain_umi                              : None
# short_help                              : None
# stderr                                  : <_io.TextIOWrapper name='<stderr>' mode='w' encoding='utf-8'>
# stdin                                   : <_io.TextIOWrapper name='results/reads/104_MSI_R1.fastq.gz' encoding='ascii'>
# stdlog                                  : <_io.TextIOWrapper name='<stdout>' mode='w' encoding='utf-8'>
# stdout                                  : <_io.TextIOWrapper name='results/reads/umis/104_MSI_R1.fastq.gz' encoding='ascii'>
# timeit_file                             : None
# timeit_header                           : None
# timeit_name                             : all
# tmpdir                                  : None
# umi_correct_log                         : None
# umi_separator                           : _
# umi_whitelist                           : None
# umi_whitelist_paired                    : None
# whitelist                               : None
2023-05-03 15:39:46,480 INFO Starting barcode extraction
2023-05-03 15:39:50,265 INFO Parsed 100000 reads
2023-05-03 15:39:53,815 INFO Parsed 200000 reads
2023-05-03 15:39:57,351 INFO Parsed 300000 reads
2023-05-03 15:40:00,843 INFO Parsed 400000 reads
2023-05-03 15:40:04,403 INFO Parsed 500000 reads
2023-05-03 15:40:07,986 INFO Parsed 600000 reads
2023-05-03 15:40:11,496 INFO Parsed 700000 reads
2023-05-03 15:40:14,989 INFO Parsed 800000 reads
2023-05-03 15:40:18,596 INFO Parsed 900000 reads
2023-05-03 15:40:22,543 INFO Parsed 1000000 reads
2023-05-03 15:40:26,477 INFO Parsed 1100000 reads
2023-05-03 15:40:30,388 INFO Parsed 1200000 reads
2023-05-03 15:40:33,974 INFO Parsed 1300000 reads
2023-05-03 15:40:38,382 INFO Parsed 1400000 reads
2023-05-03 15:40:42,022 INFO Parsed 1500000 reads
2023-05-03 15:40:45,787 INFO Parsed 1600000 reads
2023-05-03 15:40:49,311 INFO Parsed 1700000 reads
2023-05-03 15:40:52,963 INFO Parsed 1800000 reads
2023-05-03 15:40:56,792 INFO Parsed 1900000 reads
2023-05-03 15:41:00,514 INFO Parsed 2000000 reads
2023-05-03 15:41:04,610 INFO Parsed 2100000 reads
2023-05-03 15:41:08,647 INFO Parsed 2200000 reads
2023-05-03 15:41:12,699 INFO Parsed 2300000 reads
2023-05-03 15:41:16,544 INFO Parsed 2400000 reads
2023-05-03 15:41:20,281 INFO Parsed 2500000 reads
2023-05-03 15:41:23,943 INFO Parsed 2600000 reads
2023-05-03 15:41:27,488 INFO Parsed 2700000 reads
2023-05-03 15:41:31,699 INFO Parsed 2800000 reads
2023-05-03 15:41:35,285 INFO Parsed 2900000 reads
2023-05-03 15:41:39,011 INFO Parsed 3000000 reads
2023-05-03 15:41:42,605 INFO Parsed 3100000 reads
2023-05-03 15:41:46,134 INFO Parsed 3200000 reads
2023-05-03 15:41:49,656 INFO Parsed 3300000 reads
2023-05-03 15:41:53,220 INFO Parsed 3400000 reads
2023-05-03 15:41:56,712 INFO Parsed 3500000 reads
2023-05-03 15:42:00,215 INFO Parsed 3600000 reads
2023-05-03 15:42:03,732 INFO Parsed 3700000 reads
2023-05-03 15:42:07,655 INFO Parsed 3800000 reads
2023-05-03 15:42:11,341 INFO Parsed 3900000 reads
2023-05-03 15:42:15,018 INFO Parsed 4000000 reads
2023-05-03 15:42:18,853 INFO Parsed 4100000 reads
2023-05-03 15:42:22,730 INFO Parsed 4200000 reads
2023-05-03 15:42:26,730 INFO Parsed 4300000 reads
2023-05-03 15:42:30,712 INFO Parsed 4400000 reads
2023-05-03 15:42:34,752 INFO Parsed 4500000 reads
2023-05-03 15:42:39,284 INFO Parsed 4600000 reads
2023-05-03 15:42:43,195 INFO Parsed 4700000 reads
2023-05-03 15:42:47,305 INFO Parsed 4800000 reads
2023-05-03 15:42:51,239 INFO Parsed 4900000 reads
2023-05-03 15:42:54,949 INFO Parsed 5000000 reads
2023-05-03 15:42:58,613 INFO Parsed 5100000 reads
2023-05-03 15:43:02,266 INFO Parsed 5200000 reads
2023-05-03 15:43:05,973 INFO Parsed 5300000 reads
2023-05-03 15:43:09,738 INFO Parsed 5400000 reads
2023-05-03 15:43:13,591 INFO Parsed 5500000 reads
2023-05-03 15:43:17,448 INFO Parsed 5600000 reads
2023-05-03 15:43:21,239 INFO Parsed 5700000 reads
2023-05-03 15:43:24,913 INFO Parsed 5800000 reads
2023-05-03 15:43:28,574 INFO Parsed 5900000 reads
2023-05-03 15:43:32,200 INFO Parsed 6000000 reads
2023-05-03 15:43:35,828 INFO Parsed 6100000 reads
2023-05-03 15:43:39,686 INFO Parsed 6200000 reads
2023-05-03 15:43:43,548 INFO Parsed 6300000 reads
2023-05-03 15:43:47,367 INFO Parsed 6400000 reads
2023-05-03 15:43:51,686 INFO Parsed 6500000 reads
2023-05-03 15:43:55,322 INFO Parsed 6600000 reads
2023-05-03 15:43:59,049 INFO Parsed 6700000 reads
2023-05-03 15:44:02,844 INFO Parsed 6800000 reads
2023-05-03 15:44:06,752 INFO Parsed 6900000 reads
2023-05-03 15:44:11,073 INFO Parsed 7000000 reads
2023-05-03 15:44:15,428 INFO Parsed 7100000 reads
2023-05-03 15:44:19,526 INFO Parsed 7200000 reads
2023-05-03 15:44:23,457 INFO Parsed 7300000 reads
2023-05-03 15:44:27,396 INFO Parsed 7400000 reads
2023-05-03 15:44:31,133 INFO Parsed 7500000 reads
2023-05-03 15:44:35,061 INFO Parsed 7600000 reads
2023-05-03 15:44:38,974 INFO Parsed 7700000 reads
2023-05-03 15:44:43,146 INFO Parsed 7800000 reads
2023-05-03 15:44:47,035 INFO Parsed 7900000 reads
2023-05-03 15:44:50,933 INFO Parsed 8000000 reads
2023-05-03 15:44:54,823 INFO Parsed 8100000 reads
2023-05-03 15:44:58,702 INFO Parsed 8200000 reads
2023-05-03 15:45:02,705 INFO Parsed 8300000 reads
2023-05-03 15:45:06,530 INFO Parsed 8400000 reads
2023-05-03 15:45:10,123 INFO Parsed 8500000 reads
2023-05-03 15:45:13,652 INFO Parsed 8600000 reads
2023-05-03 15:45:17,158 INFO Parsed 8700000 reads
2023-05-03 15:45:20,667 INFO Parsed 8800000 reads
2023-05-03 15:45:24,215 INFO Parsed 8900000 reads
2023-05-03 15:45:27,929 INFO Parsed 9000000 reads
2023-05-03 15:45:32,106 INFO Parsed 9100000 reads
2023-05-03 15:45:35,978 INFO Parsed 9200000 reads
2023-05-03 15:45:39,549 INFO Parsed 9300000 reads
2023-05-03 15:45:43,250 INFO Parsed 9400000 reads
2023-05-03 15:45:46,892 INFO Parsed 9500000 reads
2023-05-03 15:45:50,516 INFO Parsed 9600000 reads
2023-05-03 15:45:54,166 INFO Parsed 9700000 reads
2023-05-03 15:45:58,185 INFO Parsed 9800000 reads
2023-05-03 15:46:01,769 INFO Parsed 9900000 reads
2023-05-03 15:46:05,394 INFO Parsed 10000000 reads
2023-05-03 15:46:09,051 INFO Parsed 10100000 reads
2023-05-03 15:46:12,695 INFO Parsed 10200000 reads
2023-05-03 15:46:16,464 INFO Parsed 10300000 reads
2023-05-03 15:46:20,727 INFO Parsed 10400000 reads
2023-05-03 15:46:25,029 INFO Parsed 10500000 reads
2023-05-03 15:46:29,258 INFO Parsed 10600000 reads
2023-05-03 15:46:33,406 INFO Parsed 10700000 reads
2023-05-03 15:46:37,475 INFO Parsed 10800000 reads
2023-05-03 15:46:41,548 INFO Parsed 10900000 reads
2023-05-03 15:46:45,672 INFO Parsed 11000000 reads
2023-05-03 15:46:49,694 INFO Parsed 11100000 reads
2023-05-03 15:46:55,982 INFO Parsed 11200000 reads
2023-05-03 15:46:59,898 INFO Parsed 11300000 reads
2023-05-03 15:47:03,900 INFO Parsed 11400000 reads
2023-05-03 15:47:07,873 INFO Parsed 11500000 reads
2023-05-03 15:47:11,785 INFO Parsed 11600000 reads
2023-05-03 15:47:15,740 INFO Parsed 11700000 reads
2023-05-03 15:47:19,509 INFO Parsed 11800000 reads
2023-05-03 15:47:24,072 INFO Parsed 11900000 reads
2023-05-03 15:47:27,761 INFO Parsed 12000000 reads
2023-05-03 15:47:31,423 INFO Parsed 12100000 reads
2023-05-03 15:47:35,691 INFO Parsed 12200000 reads
2023-05-03 15:47:39,557 INFO Parsed 12300000 reads
2023-05-03 15:47:43,293 INFO Parsed 12400000 reads
2023-05-03 15:47:47,043 INFO Parsed 12500000 reads
2023-05-03 15:47:50,581 INFO Parsed 12600000 reads
2023-05-03 15:47:54,166 INFO Parsed 12700000 reads
2023-05-03 15:47:58,987 INFO Parsed 12800000 reads
2023-05-03 15:48:02,841 INFO Parsed 12900000 reads
2023-05-03 15:48:06,766 INFO Parsed 13000000 reads
2023-05-03 15:48:10,539 INFO Parsed 13100000 reads
2023-05-03 15:48:14,519 INFO Parsed 13200000 reads
2023-05-03 15:48:18,457 INFO Parsed 13300000 reads
2023-05-03 15:48:22,133 INFO Parsed 13400000 reads
2023-05-03 15:48:26,241 INFO Parsed 13500000 reads
2023-05-03 15:48:30,101 INFO Parsed 13600000 reads
2023-05-03 15:48:33,865 INFO Parsed 13700000 reads
2023-05-03 15:48:37,538 INFO Parsed 13800000 reads
2023-05-03 15:48:41,109 INFO Parsed 13900000 reads
2023-05-03 15:48:44,645 INFO Parsed 14000000 reads
2023-05-03 15:48:48,202 INFO Parsed 14100000 reads
2023-05-03 15:48:51,730 INFO Parsed 14200000 reads
2023-05-03 15:48:55,254 INFO Parsed 14300000 reads
2023-05-03 15:48:58,757 INFO Parsed 14400000 reads
2023-05-03 15:49:02,627 INFO Parsed 14500000 reads
2023-05-03 15:49:07,537 INFO Parsed 14600000 reads
2023-05-03 15:49:12,931 INFO Parsed 14700000 reads
2023-05-03 15:49:18,212 INFO Parsed 14800000 reads
2023-05-03 15:49:23,278 INFO Parsed 14900000 reads
2023-05-03 15:49:27,716 INFO Parsed 15000000 reads
2023-05-03 15:49:31,535 INFO Parsed 15100000 reads
2023-05-03 15:49:35,286 INFO Parsed 15200000 reads
2023-05-03 15:49:39,026 INFO Parsed 15300000 reads
2023-05-03 15:49:42,780 INFO Parsed 15400000 reads
2023-05-03 15:49:46,520 INFO Parsed 15500000 reads
2023-05-03 15:49:50,243 INFO Parsed 15600000 reads
2023-05-03 15:49:53,917 INFO Parsed 15700000 reads
2023-05-03 15:49:58,073 INFO Parsed 15800000 reads
2023-05-03 15:50:01,536 INFO Parsed 15900000 reads
2023-05-03 15:50:05,118 INFO Parsed 16000000 reads
2023-05-03 15:50:08,684 INFO Parsed 16100000 reads
2023-05-03 15:50:12,317 INFO Parsed 16200000 reads
2023-05-03 15:50:16,013 INFO Parsed 16300000 reads
2023-05-03 15:50:19,625 INFO Parsed 16400000 reads
2023-05-03 15:50:23,601 INFO Parsed 16500000 reads
2023-05-03 15:50:33,518 INFO Parsed 16600000 reads
2023-05-03 15:50:37,489 INFO Parsed 16700000 reads
2023-05-03 15:50:41,902 INFO Parsed 16800000 reads
2023-05-03 15:50:46,138 INFO Parsed 16900000 reads
2023-05-03 15:50:50,131 INFO Parsed 17000000 reads
2023-05-03 15:50:54,044 INFO Parsed 17100000 reads
2023-05-03 15:50:57,811 INFO Parsed 17200000 reads
2023-05-03 15:51:01,457 INFO Parsed 17300000 reads
2023-05-03 15:51:16,550 INFO Parsed 17400000 reads
2023-05-03 15:51:20,064 INFO Parsed 17500000 reads
2023-05-03 15:51:23,586 INFO Parsed 17600000 reads
2023-05-03 15:51:27,091 INFO Parsed 17700000 reads
2023-05-03 15:51:30,603 INFO Parsed 17800000 reads
2023-05-03 15:51:34,111 INFO Parsed 17900000 reads
2023-05-03 15:51:37,783 INFO Parsed 18000000 reads
2023-05-03 15:51:41,279 INFO Parsed 18100000 reads
2023-05-03 15:51:45,878 INFO Parsed 18200000 reads
2023-05-03 15:51:49,527 INFO Parsed 18300000 reads
2023-05-03 15:51:53,083 INFO Parsed 18400000 reads
2023-05-03 15:51:56,622 INFO Parsed 18500000 reads
2023-05-03 15:52:00,153 INFO Parsed 18600000 reads
2023-05-03 15:52:03,662 INFO Parsed 18700000 reads
2023-05-03 15:52:07,196 INFO Parsed 18800000 reads
2023-05-03 15:52:10,724 INFO Parsed 18900000 reads
2023-05-03 15:52:14,206 INFO Parsed 19000000 reads
2023-05-03 15:52:17,750 INFO Parsed 19100000 reads
2023-05-03 15:52:21,418 INFO Parsed 19200000 reads
2023-05-03 15:52:25,151 INFO Parsed 19300000 reads
2023-05-03 15:52:28,747 INFO Parsed 19400000 reads
2023-05-03 15:52:32,350 INFO Parsed 19500000 reads
2023-05-03 15:52:36,001 INFO Parsed 19600000 reads
2023-05-03 15:52:39,738 INFO Parsed 19700000 reads
2023-05-03 15:52:43,439 INFO Parsed 19800000 reads
2023-05-03 15:52:47,032 INFO Parsed 19900000 reads
2023-05-03 15:52:57,097 INFO Parsed 20000000 reads
2023-05-03 15:53:00,682 INFO Parsed 20100000 reads
2023-05-03 15:53:04,274 INFO Parsed 20200000 reads
2023-05-03 15:53:07,867 INFO Parsed 20300000 reads
2023-05-03 15:53:11,406 INFO Parsed 20400000 reads
2023-05-03 15:53:14,917 INFO Parsed 20500000 reads
2023-05-03 15:53:18,473 INFO Parsed 20600000 reads
2023-05-03 15:53:22,039 INFO Parsed 20700000 reads
2023-05-03 15:53:25,568 INFO Parsed 20800000 reads
2023-05-03 15:53:29,036 INFO Parsed 20900000 reads
2023-05-03 15:53:32,557 INFO Parsed 21000000 reads
2023-05-03 15:53:36,091 INFO Parsed 21100000 reads
2023-05-03 15:53:39,596 INFO Parsed 21200000 reads
2023-05-03 15:53:43,129 INFO Parsed 21300000 reads
2023-05-03 15:53:46,620 INFO Parsed 21400000 reads
2023-05-03 15:53:50,136 INFO Parsed 21500000 reads
2023-05-03 15:53:53,665 INFO Parsed 21600000 reads
2023-05-03 15:53:57,177 INFO Parsed 21700000 reads
2023-05-03 15:54:00,692 INFO Parsed 21800000 reads
2023-05-03 15:54:04,223 INFO Parsed 21900000 reads
2023-05-03 15:54:07,772 INFO Parsed 22000000 reads
2023-05-03 15:54:09,862 INFO Input Reads: 22058167
2023-05-03 15:54:09,862 INFO regex matches read1: 18629341
2023-05-03 15:54:09,862 INFO Reads output: 18629341
2023-05-03 15:54:09,862 INFO regex does not match read1: 3428826
# job finished in 863 seconds at Wed May  3 15:54:09 2023 -- 827.47  1.84  0.00  0.00 -- 27df49c9-13c8-40e0-ba38-63c928850878
[Wed May  3 15:54:10 2023]
Finished job 0.
1 of 1 steps (100%) done
[Wed May  3 15:54:12 2023]
Finished job 0.
1 of 1 steps (100%) done
