Building DAG of jobs...
Using shell: /usr/bin/bash
Provided cores: 8
Rules claiming more threads will be scaled down.
Provided resources: mem_mb=8192, mem_mib=7813, disk_mb=1470, disk_mib=1402
Select jobs to execute...
Building DAG of jobs...
Using shell: /usr/bin/bash
Provided cores: 8
Rules claiming more threads will be scaled down.
Provided resources: mem_mb=8192, mem_mib=7813, disk_mb=1470, disk_mib=1402
Select jobs to execute...

[Wed May  3 15:40:07 2023]
rule extract_umis_single_end:
    input: results/reads/171_MSI_R1.fastq.gz
    output: results/reads/umis/171_MSI_R1.fastq.gz
    log: logs/extract_umis/171_MSI.log
    jobid: 0
    reason: Missing output files: results/reads/umis/171_MSI_R1.fastq.gz
    wildcards: sample=171_MSI
    threads: 8
    resources: mem_mb=8192, mem_mib=7813, disk_mb=1470, disk_mib=1402, tmpdir=/tmp, runtime=60

# UMI-tools version: 1.1.4
# output generated by extract --random-seed 1234 --extract-method=regex --bc-pattern=(?P<umi_1>.{6})(?P<discard_1>TATA).* -I results/reads/171_MSI_R1.fastq.gz -S results/reads/umis/171_MSI_R1.fastq.gz
# job started at Wed May  3 15:40:08 2023 on bc007 -- 6a43a7e5-6cb4-4729-821e-da354b50821c
# pid: 1292922, system: Linux 4.18.0-193.19.1.el8_2.x86_64 #1 SMP Mon Sep 14 14:37:00 UTC 2020 x86_64
# blacklist                               : None
# compresslevel                           : 6
# correct_umi_threshold                   : 0
# either_read                             : False
# either_read_resolve                     : discard
# error_correct_cell                      : False
# extract_method                          : regex
# filter_cell_barcode                     : None
# filter_cell_barcodes                    : False
# filter_umi                              : None
# filtered_out                            : None
# filtered_out2                           : None
# ignore_suffix                           : False
# log2stderr                              : False
# loglevel                                : 1
# pattern                                 : (?P<umi_1>.{6})(?P<discard_1>TATA).*
# pattern2                                : None
# prime3                                  : None
# quality_encoding                        : None
# quality_filter_mask                     : None
# quality_filter_threshold                : None
# random_seed                             : 1234
# read2_in                                : None
# read2_out                               : False
# read2_stdout                            : False
# reads_subset                            : None
# reconcile                               : False
# retain_umi                              : None
# short_help                              : None
# stderr                                  : <_io.TextIOWrapper name='<stderr>' mode='w' encoding='utf-8'>
# stdin                                   : <_io.TextIOWrapper name='results/reads/171_MSI_R1.fastq.gz' encoding='ascii'>
# stdlog                                  : <_io.TextIOWrapper name='<stdout>' mode='w' encoding='utf-8'>
# stdout                                  : <_io.TextIOWrapper name='results/reads/umis/171_MSI_R1.fastq.gz' encoding='ascii'>
# timeit_file                             : None
# timeit_header                           : None
# timeit_name                             : all
# tmpdir                                  : None
# umi_correct_log                         : None
# umi_separator                           : _
# umi_whitelist                           : None
# umi_whitelist_paired                    : None
# whitelist                               : None
2023-05-03 15:40:08,652 INFO Starting barcode extraction
2023-05-03 15:40:11,898 INFO Parsed 100000 reads
2023-05-03 15:40:15,128 INFO Parsed 200000 reads
2023-05-03 15:40:18,347 INFO Parsed 300000 reads
2023-05-03 15:40:21,569 INFO Parsed 400000 reads
2023-05-03 15:40:24,791 INFO Parsed 500000 reads
2023-05-03 15:40:28,002 INFO Parsed 600000 reads
2023-05-03 15:40:31,240 INFO Parsed 700000 reads
2023-05-03 15:40:34,446 INFO Parsed 800000 reads
2023-05-03 15:40:37,631 INFO Parsed 900000 reads
2023-05-03 15:40:40,819 INFO Parsed 1000000 reads
2023-05-03 15:40:44,012 INFO Parsed 1100000 reads
2023-05-03 15:40:47,206 INFO Parsed 1200000 reads
2023-05-03 15:40:50,391 INFO Parsed 1300000 reads
2023-05-03 15:40:53,575 INFO Parsed 1400000 reads
2023-05-03 15:40:56,779 INFO Parsed 1500000 reads
2023-05-03 15:40:59,977 INFO Parsed 1600000 reads
2023-05-03 15:41:03,182 INFO Parsed 1700000 reads
2023-05-03 15:41:06,368 INFO Parsed 1800000 reads
2023-05-03 15:41:09,545 INFO Parsed 1900000 reads
2023-05-03 15:41:12,737 INFO Parsed 2000000 reads
2023-05-03 15:41:15,944 INFO Parsed 2100000 reads
2023-05-03 15:41:19,239 INFO Parsed 2200000 reads
2023-05-03 15:41:22,448 INFO Parsed 2300000 reads
2023-05-03 15:41:25,645 INFO Parsed 2400000 reads
2023-05-03 15:41:28,856 INFO Parsed 2500000 reads
2023-05-03 15:41:32,054 INFO Parsed 2600000 reads
2023-05-03 15:41:35,237 INFO Parsed 2700000 reads
2023-05-03 15:41:38,435 INFO Parsed 2800000 reads
2023-05-03 15:41:41,636 INFO Parsed 2900000 reads
2023-05-03 15:41:44,837 INFO Parsed 3000000 reads
2023-05-03 15:41:48,037 INFO Parsed 3100000 reads
2023-05-03 15:41:51,242 INFO Parsed 3200000 reads
2023-05-03 15:41:54,443 INFO Parsed 3300000 reads
2023-05-03 15:41:58,496 INFO Parsed 3400000 reads
2023-05-03 15:42:01,725 INFO Parsed 3500000 reads
2023-05-03 15:42:04,999 INFO Parsed 3600000 reads
2023-05-03 15:42:08,240 INFO Parsed 3700000 reads
2023-05-03 15:42:11,430 INFO Parsed 3800000 reads
2023-05-03 15:42:14,599 INFO Parsed 3900000 reads
2023-05-03 15:42:17,726 INFO Parsed 4000000 reads
2023-05-03 15:42:20,897 INFO Parsed 4100000 reads
2023-05-03 15:42:24,054 INFO Parsed 4200000 reads
2023-05-03 15:42:27,233 INFO Parsed 4300000 reads
2023-05-03 15:42:30,405 INFO Parsed 4400000 reads
2023-05-03 15:42:33,611 INFO Parsed 4500000 reads
2023-05-03 15:42:36,888 INFO Parsed 4600000 reads
2023-05-03 15:42:40,114 INFO Parsed 4700000 reads
2023-05-03 15:42:43,296 INFO Parsed 4800000 reads
2023-05-03 15:42:46,507 INFO Parsed 4900000 reads
2023-05-03 15:42:49,635 INFO Parsed 5000000 reads
2023-05-03 15:42:52,826 INFO Parsed 5100000 reads
2023-05-03 15:42:56,013 INFO Parsed 5200000 reads
2023-05-03 15:42:59,214 INFO Parsed 5300000 reads
2023-05-03 15:43:02,395 INFO Parsed 5400000 reads
2023-05-03 15:43:05,576 INFO Parsed 5500000 reads
2023-05-03 15:43:08,755 INFO Parsed 5600000 reads
2023-05-03 15:43:11,921 INFO Parsed 5700000 reads
2023-05-03 15:43:15,045 INFO Parsed 5800000 reads
2023-05-03 15:43:18,229 INFO Parsed 5900000 reads
2023-05-03 15:43:21,395 INFO Parsed 6000000 reads
2023-05-03 15:43:24,596 INFO Parsed 6100000 reads
2023-05-03 15:43:27,784 INFO Parsed 6200000 reads
2023-05-03 15:43:30,989 INFO Parsed 6300000 reads
2023-05-03 15:43:34,182 INFO Parsed 6400000 reads
2023-05-03 15:43:37,368 INFO Parsed 6500000 reads
2023-05-03 15:43:40,566 INFO Parsed 6600000 reads
2023-05-03 15:43:43,729 INFO Parsed 6700000 reads
2023-05-03 15:43:47,741 INFO Parsed 6800000 reads
2023-05-03 15:43:50,874 INFO Parsed 6900000 reads
2023-05-03 15:43:54,058 INFO Parsed 7000000 reads
2023-05-03 15:43:57,219 INFO Parsed 7100000 reads
2023-05-03 15:44:00,440 INFO Parsed 7200000 reads
2023-05-03 15:44:03,626 INFO Parsed 7300000 reads
2023-05-03 15:44:06,821 INFO Parsed 7400000 reads
2023-05-03 15:44:10,009 INFO Parsed 7500000 reads
2023-05-03 15:44:13,192 INFO Parsed 7600000 reads
2023-05-03 15:44:16,379 INFO Parsed 7700000 reads
2023-05-03 15:44:19,574 INFO Parsed 7800000 reads
2023-05-03 15:44:22,765 INFO Parsed 7900000 reads
2023-05-03 15:44:25,955 INFO Parsed 8000000 reads
2023-05-03 15:44:29,129 INFO Parsed 8100000 reads
2023-05-03 15:44:32,328 INFO Parsed 8200000 reads
2023-05-03 15:44:35,523 INFO Parsed 8300000 reads
2023-05-03 15:44:38,715 INFO Parsed 8400000 reads
2023-05-03 15:44:41,914 INFO Parsed 8500000 reads
2023-05-03 15:44:45,126 INFO Parsed 8600000 reads
2023-05-03 15:44:48,323 INFO Parsed 8700000 reads
2023-05-03 15:44:51,506 INFO Parsed 8800000 reads
2023-05-03 15:44:54,707 INFO Parsed 8900000 reads
2023-05-03 15:44:57,908 INFO Parsed 9000000 reads
2023-05-03 15:45:01,091 INFO Parsed 9100000 reads
2023-05-03 15:45:04,309 INFO Parsed 9200000 reads
2023-05-03 15:45:07,509 INFO Parsed 9300000 reads
2023-05-03 15:45:10,694 INFO Parsed 9400000 reads
2023-05-03 15:45:13,939 INFO Parsed 9500000 reads
2023-05-03 15:45:17,249 INFO Parsed 9600000 reads
2023-05-03 15:45:20,492 INFO Parsed 9700000 reads
2023-05-03 15:45:23,753 INFO Parsed 9800000 reads
2023-05-03 15:45:26,965 INFO Parsed 9900000 reads
2023-05-03 15:45:30,159 INFO Parsed 10000000 reads
2023-05-03 15:45:33,359 INFO Parsed 10100000 reads
2023-05-03 15:45:36,565 INFO Parsed 10200000 reads
2023-05-03 15:45:39,631 INFO Parsed 10300000 reads
2023-05-03 15:45:42,811 INFO Parsed 10400000 reads
2023-05-03 15:45:46,040 INFO Parsed 10500000 reads
2023-05-03 15:45:49,242 INFO Parsed 10600000 reads
2023-05-03 15:45:52,419 INFO Parsed 10700000 reads
2023-05-03 15:45:55,599 INFO Parsed 10800000 reads
2023-05-03 15:45:58,795 INFO Parsed 10900000 reads
2023-05-03 15:46:01,971 INFO Parsed 11000000 reads
2023-05-03 15:46:05,303 INFO Parsed 11100000 reads
2023-05-03 15:46:08,575 INFO Parsed 11200000 reads
2023-05-03 15:46:11,862 INFO Parsed 11300000 reads
2023-05-03 15:46:15,103 INFO Parsed 11400000 reads
2023-05-03 15:46:18,385 INFO Parsed 11500000 reads
2023-05-03 15:46:21,679 INFO Parsed 11600000 reads
2023-05-03 15:46:24,925 INFO Parsed 11700000 reads
2023-05-03 15:46:28,188 INFO Parsed 11800000 reads
2023-05-03 15:46:31,437 INFO Parsed 11900000 reads
2023-05-03 15:46:34,666 INFO Parsed 12000000 reads
2023-05-03 15:46:37,847 INFO Parsed 12100000 reads
2023-05-03 15:46:41,027 INFO Parsed 12200000 reads
2023-05-03 15:46:44,266 INFO Parsed 12300000 reads
2023-05-03 15:46:47,516 INFO Parsed 12400000 reads
2023-05-03 15:46:50,740 INFO Parsed 12500000 reads
2023-05-03 15:46:53,914 INFO Parsed 12600000 reads
2023-05-03 15:46:57,110 INFO Parsed 12700000 reads
2023-05-03 15:47:00,393 INFO Parsed 12800000 reads
2023-05-03 15:47:03,638 INFO Parsed 12900000 reads
2023-05-03 15:47:06,888 INFO Parsed 13000000 reads
2023-05-03 15:47:10,128 INFO Parsed 13100000 reads
2023-05-03 15:47:13,411 INFO Parsed 13200000 reads
2023-05-03 15:47:16,675 INFO Parsed 13300000 reads
2023-05-03 15:47:19,966 INFO Parsed 13400000 reads
2023-05-03 15:47:23,199 INFO Parsed 13500000 reads
2023-05-03 15:47:26,566 INFO Parsed 13600000 reads
2023-05-03 15:47:29,842 INFO Parsed 13700000 reads
2023-05-03 15:47:33,186 INFO Parsed 13800000 reads
2023-05-03 15:47:36,685 INFO Parsed 13900000 reads
2023-05-03 15:47:40,073 INFO Parsed 14000000 reads
2023-05-03 15:47:43,708 INFO Parsed 14100000 reads
2023-05-03 15:47:47,175 INFO Parsed 14200000 reads
2023-05-03 15:47:50,592 INFO Parsed 14300000 reads
2023-05-03 15:47:53,854 INFO Parsed 14400000 reads
2023-05-03 15:47:57,024 INFO Parsed 14500000 reads
2023-05-03 15:48:00,241 INFO Parsed 14600000 reads
2023-05-03 15:48:03,453 INFO Parsed 14700000 reads
2023-05-03 15:48:06,664 INFO Parsed 14800000 reads
2023-05-03 15:48:09,869 INFO Parsed 14900000 reads
2023-05-03 15:48:13,075 INFO Parsed 15000000 reads
2023-05-03 15:48:16,274 INFO Parsed 15100000 reads
2023-05-03 15:48:19,460 INFO Parsed 15200000 reads
2023-05-03 15:48:21,502 INFO Input Reads: 15263936
2023-05-03 15:48:21,502 INFO regex matches read1: 13239622
2023-05-03 15:48:21,502 INFO Reads output: 13239622
2023-05-03 15:48:21,502 INFO regex does not match read1: 2024314
# job finished in 492 seconds at Wed May  3 15:48:21 2023 -- 490.37  1.63  0.00  0.00 -- 6a43a7e5-6cb4-4729-821e-da354b50821c
[Wed May  3 15:48:21 2023]
Finished job 0.
1 of 1 steps (100%) done
[Wed May  3 15:48:22 2023]
Finished job 0.
1 of 1 steps (100%) done
