Building DAG of jobs...
Using shell: /usr/bin/bash
Provided cores: 8
Rules claiming more threads will be scaled down.
Provided resources: mem_mb=8192, mem_mib=7813, disk_mb=1601, disk_mib=1527
Select jobs to execute...
Building DAG of jobs...
Using shell: /usr/bin/bash
Provided cores: 8
Rules claiming more threads will be scaled down.
Provided resources: mem_mb=8192, mem_mib=7813, disk_mb=1601, disk_mib=1527
Select jobs to execute...

[Wed May  3 15:40:08 2023]
rule extract_umis_single_end:
    input: results/reads/121_MSI_R1.fastq.gz
    output: results/reads/umis/121_MSI_R1.fastq.gz
    log: logs/extract_umis/121_MSI.log
    jobid: 0
    reason: Missing output files: results/reads/umis/121_MSI_R1.fastq.gz
    wildcards: sample=121_MSI
    threads: 8
    resources: mem_mb=8192, mem_mib=7813, disk_mb=1601, disk_mib=1527, tmpdir=/tmp, runtime=60

# UMI-tools version: 1.1.4
# output generated by extract --random-seed 1234 --extract-method=regex --bc-pattern=(?P<umi_1>.{6})(?P<discard_1>TATA).* -I results/reads/121_MSI_R1.fastq.gz -S results/reads/umis/121_MSI_R1.fastq.gz
# job started at Wed May  3 15:40:09 2023 on bc007 -- b91399ca-d54c-4782-9dc1-67917b7ad37a
# pid: 1292949, system: Linux 4.18.0-193.19.1.el8_2.x86_64 #1 SMP Mon Sep 14 14:37:00 UTC 2020 x86_64
# blacklist                               : None
# compresslevel                           : 6
# correct_umi_threshold                   : 0
# either_read                             : False
# either_read_resolve                     : discard
# error_correct_cell                      : False
# extract_method                          : regex
# filter_cell_barcode                     : None
# filter_cell_barcodes                    : False
# filter_umi                              : None
# filtered_out                            : None
# filtered_out2                           : None
# ignore_suffix                           : False
# log2stderr                              : False
# loglevel                                : 1
# pattern                                 : (?P<umi_1>.{6})(?P<discard_1>TATA).*
# pattern2                                : None
# prime3                                  : None
# quality_encoding                        : None
# quality_filter_mask                     : None
# quality_filter_threshold                : None
# random_seed                             : 1234
# read2_in                                : None
# read2_out                               : False
# read2_stdout                            : False
# reads_subset                            : None
# reconcile                               : False
# retain_umi                              : None
# short_help                              : None
# stderr                                  : <_io.TextIOWrapper name='<stderr>' mode='w' encoding='utf-8'>
# stdin                                   : <_io.TextIOWrapper name='results/reads/121_MSI_R1.fastq.gz' encoding='ascii'>
# stdlog                                  : <_io.TextIOWrapper name='<stdout>' mode='w' encoding='utf-8'>
# stdout                                  : <_io.TextIOWrapper name='results/reads/umis/121_MSI_R1.fastq.gz' encoding='ascii'>
# timeit_file                             : None
# timeit_header                           : None
# timeit_name                             : all
# tmpdir                                  : None
# umi_correct_log                         : None
# umi_separator                           : _
# umi_whitelist                           : None
# umi_whitelist_paired                    : None
# whitelist                               : None
2023-05-03 15:40:09,378 INFO Starting barcode extraction
2023-05-03 15:40:12,811 INFO Parsed 100000 reads
2023-05-03 15:40:16,174 INFO Parsed 200000 reads
2023-05-03 15:40:19,532 INFO Parsed 300000 reads
2023-05-03 15:40:22,891 INFO Parsed 400000 reads
2023-05-03 15:40:26,207 INFO Parsed 500000 reads
2023-05-03 15:40:29,487 INFO Parsed 600000 reads
2023-05-03 15:40:33,102 INFO Parsed 700000 reads
2023-05-03 15:40:37,112 INFO Parsed 800000 reads
2023-05-03 15:40:40,875 INFO Parsed 900000 reads
2023-05-03 15:40:44,613 INFO Parsed 1000000 reads
2023-05-03 15:40:48,315 INFO Parsed 1100000 reads
2023-05-03 15:40:52,121 INFO Parsed 1200000 reads
2023-05-03 15:40:56,015 INFO Parsed 1300000 reads
2023-05-03 15:40:59,778 INFO Parsed 1400000 reads
2023-05-03 15:41:03,547 INFO Parsed 1500000 reads
2023-05-03 15:41:07,414 INFO Parsed 1600000 reads
2023-05-03 15:41:11,259 INFO Parsed 1700000 reads
2023-05-03 15:41:14,995 INFO Parsed 1800000 reads
2023-05-03 15:41:18,694 INFO Parsed 1900000 reads
2023-05-03 15:41:22,472 INFO Parsed 2000000 reads
2023-05-03 15:41:26,159 INFO Parsed 2100000 reads
2023-05-03 15:41:29,724 INFO Parsed 2200000 reads
2023-05-03 15:41:33,356 INFO Parsed 2300000 reads
2023-05-03 15:41:36,985 INFO Parsed 2400000 reads
2023-05-03 15:41:40,800 INFO Parsed 2500000 reads
2023-05-03 15:41:44,635 INFO Parsed 2600000 reads
2023-05-03 15:41:48,478 INFO Parsed 2700000 reads
2023-05-03 15:41:52,627 INFO Parsed 2800000 reads
2023-05-03 15:41:56,606 INFO Parsed 2900000 reads
2023-05-03 15:42:01,294 INFO Parsed 3000000 reads
2023-05-03 15:42:05,424 INFO Parsed 3100000 reads
2023-05-03 15:42:09,591 INFO Parsed 3200000 reads
2023-05-03 15:42:13,740 INFO Parsed 3300000 reads
2023-05-03 15:42:17,830 INFO Parsed 3400000 reads
2023-05-03 15:42:21,886 INFO Parsed 3500000 reads
2023-05-03 15:42:25,924 INFO Parsed 3600000 reads
2023-05-03 15:42:29,949 INFO Parsed 3700000 reads
2023-05-03 15:42:33,962 INFO Parsed 3800000 reads
2023-05-03 15:42:37,961 INFO Parsed 3900000 reads
2023-05-03 15:42:41,947 INFO Parsed 4000000 reads
2023-05-03 15:42:45,924 INFO Parsed 4100000 reads
2023-05-03 15:42:50,034 INFO Parsed 4200000 reads
2023-05-03 15:42:54,195 INFO Parsed 4300000 reads
2023-05-03 15:42:58,394 INFO Parsed 4400000 reads
2023-05-03 15:43:02,616 INFO Parsed 4500000 reads
2023-05-03 15:43:06,790 INFO Parsed 4600000 reads
2023-05-03 15:43:10,827 INFO Parsed 4700000 reads
2023-05-03 15:43:14,769 INFO Parsed 4800000 reads
2023-05-03 15:43:18,668 INFO Parsed 4900000 reads
2023-05-03 15:43:22,628 INFO Parsed 5000000 reads
2023-05-03 15:43:26,798 INFO Parsed 5100000 reads
2023-05-03 15:43:30,905 INFO Parsed 5200000 reads
2023-05-03 15:43:34,965 INFO Parsed 5300000 reads
2023-05-03 15:43:39,015 INFO Parsed 5400000 reads
2023-05-03 15:43:42,977 INFO Parsed 5500000 reads
2023-05-03 15:43:47,668 INFO Parsed 5600000 reads
2023-05-03 15:43:51,636 INFO Parsed 5700000 reads
2023-05-03 15:43:55,485 INFO Parsed 5800000 reads
2023-05-03 15:43:59,366 INFO Parsed 5900000 reads
2023-05-03 15:44:03,201 INFO Parsed 6000000 reads
2023-05-03 15:44:07,075 INFO Parsed 6100000 reads
2023-05-03 15:44:10,928 INFO Parsed 6200000 reads
2023-05-03 15:44:14,618 INFO Parsed 6300000 reads
2023-05-03 15:44:18,396 INFO Parsed 6400000 reads
2023-05-03 15:44:22,253 INFO Parsed 6500000 reads
2023-05-03 15:44:25,907 INFO Parsed 6600000 reads
2023-05-03 15:44:29,522 INFO Parsed 6700000 reads
2023-05-03 15:44:33,423 INFO Parsed 6800000 reads
2023-05-03 15:44:37,299 INFO Parsed 6900000 reads
2023-05-03 15:44:40,920 INFO Parsed 7000000 reads
2023-05-03 15:44:44,538 INFO Parsed 7100000 reads
2023-05-03 15:44:48,158 INFO Parsed 7200000 reads
2023-05-03 15:44:51,649 INFO Parsed 7300000 reads
2023-05-03 15:44:55,082 INFO Parsed 7400000 reads
2023-05-03 15:44:58,432 INFO Parsed 7500000 reads
2023-05-03 15:45:01,669 INFO Parsed 7600000 reads
2023-05-03 15:45:04,882 INFO Parsed 7700000 reads
2023-05-03 15:45:08,159 INFO Parsed 7800000 reads
2023-05-03 15:45:11,403 INFO Parsed 7900000 reads
2023-05-03 15:45:14,665 INFO Parsed 8000000 reads
2023-05-03 15:45:17,928 INFO Parsed 8100000 reads
2023-05-03 15:45:21,183 INFO Parsed 8200000 reads
2023-05-03 15:45:24,431 INFO Parsed 8300000 reads
2023-05-03 15:45:27,659 INFO Parsed 8400000 reads
2023-05-03 15:45:30,906 INFO Parsed 8500000 reads
2023-05-03 15:45:34,156 INFO Parsed 8600000 reads
2023-05-03 15:45:37,418 INFO Parsed 8700000 reads
2023-05-03 15:45:40,666 INFO Parsed 8800000 reads
2023-05-03 15:45:43,899 INFO Parsed 8900000 reads
2023-05-03 15:45:47,149 INFO Parsed 9000000 reads
2023-05-03 15:45:50,375 INFO Parsed 9100000 reads
2023-05-03 15:45:53,613 INFO Parsed 9200000 reads
2023-05-03 15:45:56,860 INFO Parsed 9300000 reads
2023-05-03 15:46:00,110 INFO Parsed 9400000 reads
2023-05-03 15:46:03,415 INFO Parsed 9500000 reads
2023-05-03 15:46:06,705 INFO Parsed 9600000 reads
2023-05-03 15:46:09,993 INFO Parsed 9700000 reads
2023-05-03 15:46:13,264 INFO Parsed 9800000 reads
2023-05-03 15:46:16,647 INFO Parsed 9900000 reads
2023-05-03 15:46:20,048 INFO Parsed 10000000 reads
2023-05-03 15:46:23,650 INFO Parsed 10100000 reads
2023-05-03 15:46:27,279 INFO Parsed 10200000 reads
2023-05-03 15:46:30,939 INFO Parsed 10300000 reads
2023-05-03 15:46:34,596 INFO Parsed 10400000 reads
2023-05-03 15:46:38,117 INFO Parsed 10500000 reads
2023-05-03 15:46:41,500 INFO Parsed 10600000 reads
2023-05-03 15:46:44,856 INFO Parsed 10700000 reads
2023-05-03 15:46:48,397 INFO Parsed 10800000 reads
2023-05-03 15:46:51,853 INFO Parsed 10900000 reads
2023-05-03 15:46:55,279 INFO Parsed 11000000 reads
2023-05-03 15:46:58,581 INFO Parsed 11100000 reads
2023-05-03 15:47:01,776 INFO Parsed 11200000 reads
2023-05-03 15:47:05,342 INFO Parsed 11300000 reads
2023-05-03 15:47:08,892 INFO Parsed 11400000 reads
2023-05-03 15:47:12,367 INFO Parsed 11500000 reads
2023-05-03 15:47:15,703 INFO Parsed 11600000 reads
2023-05-03 15:47:19,149 INFO Parsed 11700000 reads
2023-05-03 15:47:22,578 INFO Parsed 11800000 reads
2023-05-03 15:47:26,090 INFO Parsed 11900000 reads
2023-05-03 15:47:29,495 INFO Parsed 12000000 reads
2023-05-03 15:47:32,835 INFO Parsed 12100000 reads
2023-05-03 15:47:36,431 INFO Parsed 12200000 reads
2023-05-03 15:47:39,884 INFO Parsed 12300000 reads
2023-05-03 15:47:43,777 INFO Parsed 12400000 reads
2023-05-03 15:47:47,452 INFO Parsed 12500000 reads
2023-05-03 15:47:51,115 INFO Parsed 12600000 reads
2023-05-03 15:47:54,762 INFO Parsed 12700000 reads
2023-05-03 15:47:58,421 INFO Parsed 12800000 reads
2023-05-03 15:48:02,009 INFO Parsed 12900000 reads
2023-05-03 15:48:05,445 INFO Parsed 13000000 reads
2023-05-03 15:48:08,867 INFO Parsed 13100000 reads
2023-05-03 15:48:12,464 INFO Parsed 13200000 reads
2023-05-03 15:48:16,027 INFO Parsed 13300000 reads
2023-05-03 15:48:19,597 INFO Parsed 13400000 reads
2023-05-03 15:48:23,015 INFO Parsed 13500000 reads
2023-05-03 15:48:26,320 INFO Parsed 13600000 reads
2023-05-03 15:48:29,708 INFO Parsed 13700000 reads
2023-05-03 15:48:33,146 INFO Parsed 13800000 reads
2023-05-03 15:48:36,564 INFO Parsed 13900000 reads
2023-05-03 15:48:39,877 INFO Parsed 14000000 reads
2023-05-03 15:48:43,315 INFO Parsed 14100000 reads
2023-05-03 15:48:46,859 INFO Parsed 14200000 reads
2023-05-03 15:48:50,318 INFO Parsed 14300000 reads
2023-05-03 15:48:53,787 INFO Parsed 14400000 reads
2023-05-03 15:48:57,253 INFO Parsed 14500000 reads
2023-05-03 15:49:00,734 INFO Parsed 14600000 reads
2023-05-03 15:49:04,272 INFO Parsed 14700000 reads
2023-05-03 15:49:07,806 INFO Parsed 14800000 reads
2023-05-03 15:49:11,372 INFO Parsed 14900000 reads
2023-05-03 15:49:14,951 INFO Parsed 15000000 reads
2023-05-03 15:49:18,519 INFO Parsed 15100000 reads
2023-05-03 15:49:22,080 INFO Parsed 15200000 reads
2023-05-03 15:49:25,683 INFO Parsed 15300000 reads
2023-05-03 15:49:30,206 INFO Parsed 15400000 reads
2023-05-03 15:49:33,799 INFO Parsed 15500000 reads
2023-05-03 15:49:37,390 INFO Parsed 15600000 reads
2023-05-03 15:49:40,940 INFO Parsed 15700000 reads
2023-05-03 15:49:44,352 INFO Parsed 15800000 reads
2023-05-03 15:49:47,786 INFO Parsed 15900000 reads
2023-05-03 15:49:51,207 INFO Parsed 16000000 reads
2023-05-03 15:49:54,590 INFO Parsed 16100000 reads
2023-05-03 15:49:57,911 INFO Parsed 16200000 reads
2023-05-03 15:50:01,240 INFO Parsed 16300000 reads
2023-05-03 15:50:04,577 INFO Parsed 16400000 reads
2023-05-03 15:50:07,842 INFO Parsed 16500000 reads
2023-05-03 15:50:10,422 INFO Input Reads: 16579639
2023-05-03 15:50:10,423 INFO regex matches read1: 14740958
2023-05-03 15:50:10,423 INFO Reads output: 14740958
2023-05-03 15:50:10,423 INFO regex does not match read1: 1838681
# job finished in 601 seconds at Wed May  3 15:50:10 2023 -- 596.48  1.41  0.00  0.00 -- b91399ca-d54c-4782-9dc1-67917b7ad37a
[Wed May  3 15:50:10 2023]
Finished job 0.
1 of 1 steps (100%) done
[Wed May  3 15:50:11 2023]
Finished job 0.
1 of 1 steps (100%) done
