Building DAG of jobs...
Using shell: /usr/bin/bash
Provided cores: 8
Rules claiming more threads will be scaled down.
Provided resources: mem_mb=8192, mem_mib=7813, disk_mb=1151, disk_mib=1098
Select jobs to execute...
Building DAG of jobs...
Using shell: /usr/bin/bash
Provided cores: 8
Rules claiming more threads will be scaled down.
Provided resources: mem_mb=8192, mem_mib=7813, disk_mb=1151, disk_mib=1098
Select jobs to execute...

[Wed May  3 15:40:06 2023]
rule extract_umis_single_end:
    input: results/reads/150_MSI_R1.fastq.gz
    output: results/reads/umis/150_MSI_R1.fastq.gz
    log: logs/extract_umis/150_MSI.log
    jobid: 0
    reason: Missing output files: results/reads/umis/150_MSI_R1.fastq.gz
    wildcards: sample=150_MSI
    threads: 8
    resources: mem_mb=8192, mem_mib=7813, disk_mb=1151, disk_mib=1098, tmpdir=/tmp, runtime=60

# UMI-tools version: 1.1.4
# output generated by extract --random-seed 1234 --extract-method=regex --bc-pattern=(?P<umi_1>.{6})(?P<discard_1>TATA).* -I results/reads/150_MSI_R1.fastq.gz -S results/reads/umis/150_MSI_R1.fastq.gz
# job started at Wed May  3 15:40:07 2023 on bc003 -- 3e7e0f4e-ef12-45c7-a349-953592bdea0a
# pid: 920483, system: Linux 4.18.0-193.19.1.el8_2.x86_64 #1 SMP Mon Sep 14 14:37:00 UTC 2020 x86_64
# blacklist                               : None
# compresslevel                           : 6
# correct_umi_threshold                   : 0
# either_read                             : False
# either_read_resolve                     : discard
# error_correct_cell                      : False
# extract_method                          : regex
# filter_cell_barcode                     : None
# filter_cell_barcodes                    : False
# filter_umi                              : None
# filtered_out                            : None
# filtered_out2                           : None
# ignore_suffix                           : False
# log2stderr                              : False
# loglevel                                : 1
# pattern                                 : (?P<umi_1>.{6})(?P<discard_1>TATA).*
# pattern2                                : None
# prime3                                  : None
# quality_encoding                        : None
# quality_filter_mask                     : None
# quality_filter_threshold                : None
# random_seed                             : 1234
# read2_in                                : None
# read2_out                               : False
# read2_stdout                            : False
# reads_subset                            : None
# reconcile                               : False
# retain_umi                              : None
# short_help                              : None
# stderr                                  : <_io.TextIOWrapper name='<stderr>' mode='w' encoding='utf-8'>
# stdin                                   : <_io.TextIOWrapper name='results/reads/150_MSI_R1.fastq.gz' encoding='ascii'>
# stdlog                                  : <_io.TextIOWrapper name='<stdout>' mode='w' encoding='utf-8'>
# stdout                                  : <_io.TextIOWrapper name='results/reads/umis/150_MSI_R1.fastq.gz' encoding='ascii'>
# timeit_file                             : None
# timeit_header                           : None
# timeit_name                             : all
# tmpdir                                  : None
# umi_correct_log                         : None
# umi_separator                           : _
# umi_whitelist                           : None
# umi_whitelist_paired                    : None
# whitelist                               : None
2023-05-03 15:40:07,520 INFO Starting barcode extraction
2023-05-03 15:40:10,799 INFO Parsed 100000 reads
2023-05-03 15:40:14,070 INFO Parsed 200000 reads
2023-05-03 15:40:17,355 INFO Parsed 300000 reads
2023-05-03 15:40:20,631 INFO Parsed 400000 reads
2023-05-03 15:40:23,923 INFO Parsed 500000 reads
2023-05-03 15:40:27,191 INFO Parsed 600000 reads
2023-05-03 15:40:30,489 INFO Parsed 700000 reads
2023-05-03 15:40:33,774 INFO Parsed 800000 reads
2023-05-03 15:40:37,073 INFO Parsed 900000 reads
2023-05-03 15:40:40,365 INFO Parsed 1000000 reads
2023-05-03 15:40:43,639 INFO Parsed 1100000 reads
2023-05-03 15:40:46,904 INFO Parsed 1200000 reads
2023-05-03 15:40:50,177 INFO Parsed 1300000 reads
2023-05-03 15:40:53,457 INFO Parsed 1400000 reads
2023-05-03 15:40:56,739 INFO Parsed 1500000 reads
2023-05-03 15:41:00,060 INFO Parsed 1600000 reads
2023-05-03 15:41:03,364 INFO Parsed 1700000 reads
2023-05-03 15:41:06,645 INFO Parsed 1800000 reads
2023-05-03 15:41:10,001 INFO Parsed 1900000 reads
2023-05-03 15:41:13,290 INFO Parsed 2000000 reads
2023-05-03 15:41:16,564 INFO Parsed 2100000 reads
2023-05-03 15:41:19,850 INFO Parsed 2200000 reads
2023-05-03 15:41:23,141 INFO Parsed 2300000 reads
2023-05-03 15:41:26,440 INFO Parsed 2400000 reads
2023-05-03 15:41:29,728 INFO Parsed 2500000 reads
2023-05-03 15:41:33,258 INFO Parsed 2600000 reads
2023-05-03 15:41:36,547 INFO Parsed 2700000 reads
2023-05-03 15:41:39,852 INFO Parsed 2800000 reads
2023-05-03 15:41:43,150 INFO Parsed 2900000 reads
2023-05-03 15:41:46,425 INFO Parsed 3000000 reads
2023-05-03 15:41:49,698 INFO Parsed 3100000 reads
2023-05-03 15:41:52,984 INFO Parsed 3200000 reads
2023-05-03 15:41:56,246 INFO Parsed 3300000 reads
2023-05-03 15:41:59,527 INFO Parsed 3400000 reads
2023-05-03 15:42:02,801 INFO Parsed 3500000 reads
2023-05-03 15:42:06,092 INFO Parsed 3600000 reads
2023-05-03 15:42:09,368 INFO Parsed 3700000 reads
2023-05-03 15:42:12,639 INFO Parsed 3800000 reads
2023-05-03 15:42:15,913 INFO Parsed 3900000 reads
2023-05-03 15:42:19,185 INFO Parsed 4000000 reads
2023-05-03 15:42:22,461 INFO Parsed 4100000 reads
2023-05-03 15:42:25,731 INFO Parsed 4200000 reads
2023-05-03 15:42:28,998 INFO Parsed 4300000 reads
2023-05-03 15:42:32,284 INFO Parsed 4400000 reads
2023-05-03 15:42:35,605 INFO Parsed 4500000 reads
2023-05-03 15:42:39,425 INFO Parsed 4600000 reads
2023-05-03 15:42:42,701 INFO Parsed 4700000 reads
2023-05-03 15:42:46,143 INFO Parsed 4800000 reads
2023-05-03 15:42:49,423 INFO Parsed 4900000 reads
2023-05-03 15:42:52,700 INFO Parsed 5000000 reads
2023-05-03 15:42:55,972 INFO Parsed 5100000 reads
2023-05-03 15:42:59,256 INFO Parsed 5200000 reads
2023-05-03 15:43:02,532 INFO Parsed 5300000 reads
2023-05-03 15:43:05,815 INFO Parsed 5400000 reads
2023-05-03 15:43:09,088 INFO Parsed 5500000 reads
2023-05-03 15:43:12,368 INFO Parsed 5600000 reads
2023-05-03 15:43:15,642 INFO Parsed 5700000 reads
2023-05-03 15:43:18,915 INFO Parsed 5800000 reads
2023-05-03 15:43:22,189 INFO Parsed 5900000 reads
2023-05-03 15:43:25,461 INFO Parsed 6000000 reads
2023-05-03 15:43:28,747 INFO Parsed 6100000 reads
2023-05-03 15:43:32,008 INFO Parsed 6200000 reads
2023-05-03 15:43:35,275 INFO Parsed 6300000 reads
2023-05-03 15:43:38,559 INFO Parsed 6400000 reads
2023-05-03 15:43:41,833 INFO Parsed 6500000 reads
2023-05-03 15:43:45,115 INFO Parsed 6600000 reads
2023-05-03 15:43:48,389 INFO Parsed 6700000 reads
2023-05-03 15:43:51,929 INFO Parsed 6800000 reads
2023-05-03 15:43:55,203 INFO Parsed 6900000 reads
2023-05-03 15:43:58,475 INFO Parsed 7000000 reads
2023-05-03 15:44:01,746 INFO Parsed 7100000 reads
2023-05-03 15:44:05,009 INFO Parsed 7200000 reads
2023-05-03 15:44:08,286 INFO Parsed 7300000 reads
2023-05-03 15:44:11,701 INFO Parsed 7400000 reads
2023-05-03 15:44:14,981 INFO Parsed 7500000 reads
2023-05-03 15:44:18,266 INFO Parsed 7600000 reads
2023-05-03 15:44:21,530 INFO Parsed 7700000 reads
2023-05-03 15:44:24,800 INFO Parsed 7800000 reads
2023-05-03 15:44:28,084 INFO Parsed 7900000 reads
2023-05-03 15:44:31,375 INFO Parsed 8000000 reads
2023-05-03 15:44:34,646 INFO Parsed 8100000 reads
2023-05-03 15:44:37,923 INFO Parsed 8200000 reads
2023-05-03 15:44:41,719 INFO Parsed 8300000 reads
2023-05-03 15:44:44,993 INFO Parsed 8400000 reads
2023-05-03 15:44:48,280 INFO Parsed 8500000 reads
2023-05-03 15:44:51,564 INFO Parsed 8600000 reads
2023-05-03 15:44:54,848 INFO Parsed 8700000 reads
2023-05-03 15:44:58,124 INFO Parsed 8800000 reads
2023-05-03 15:45:01,436 INFO Parsed 8900000 reads
2023-05-03 15:45:04,707 INFO Parsed 9000000 reads
2023-05-03 15:45:07,980 INFO Parsed 9100000 reads
2023-05-03 15:45:11,250 INFO Parsed 9200000 reads
2023-05-03 15:45:14,519 INFO Parsed 9300000 reads
2023-05-03 15:45:17,797 INFO Parsed 9400000 reads
2023-05-03 15:45:21,073 INFO Parsed 9500000 reads
2023-05-03 15:45:24,333 INFO Parsed 9600000 reads
2023-05-03 15:45:27,603 INFO Parsed 9700000 reads
2023-05-03 15:45:30,868 INFO Parsed 9800000 reads
2023-05-03 15:45:34,457 INFO Parsed 9900000 reads
2023-05-03 15:45:37,728 INFO Parsed 10000000 reads
2023-05-03 15:45:40,990 INFO Parsed 10100000 reads
2023-05-03 15:45:44,248 INFO Parsed 10200000 reads
2023-05-03 15:45:47,513 INFO Parsed 10300000 reads
2023-05-03 15:45:50,801 INFO Parsed 10400000 reads
2023-05-03 15:45:54,076 INFO Parsed 10500000 reads
2023-05-03 15:45:57,608 INFO Parsed 10600000 reads
2023-05-03 15:46:00,882 INFO Parsed 10700000 reads
2023-05-03 15:46:04,165 INFO Parsed 10800000 reads
2023-05-03 15:46:07,451 INFO Parsed 10900000 reads
2023-05-03 15:46:10,736 INFO Parsed 11000000 reads
2023-05-03 15:46:14,009 INFO Parsed 11100000 reads
2023-05-03 15:46:17,348 INFO Parsed 11200000 reads
2023-05-03 15:46:20,644 INFO Parsed 11300000 reads
2023-05-03 15:46:23,994 INFO Parsed 11400000 reads
2023-05-03 15:46:27,298 INFO Parsed 11500000 reads
2023-05-03 15:46:30,597 INFO Parsed 11600000 reads
2023-05-03 15:46:32,011 INFO Input Reads: 11642830
2023-05-03 15:46:32,011 INFO regex matches read1: 10314531
2023-05-03 15:46:32,011 INFO Reads output: 10314531
2023-05-03 15:46:32,011 INFO regex does not match read1: 1328299
# job finished in 384 seconds at Wed May  3 15:46:32 2023 -- 381.98  1.43  0.00  0.00 -- 3e7e0f4e-ef12-45c7-a349-953592bdea0a
[Wed May  3 15:46:32 2023]
Finished job 0.
1 of 1 steps (100%) done
[Wed May  3 15:46:33 2023]
Finished job 0.
1 of 1 steps (100%) done
