Building DAG of jobs...
Using shell: /usr/bin/bash
Provided cores: 8
Rules claiming more threads will be scaled down.
Provided resources: mem_mb=8192, mem_mib=7813, disk_mb=1176, disk_mib=1122
Select jobs to execute...
Building DAG of jobs...
Using shell: /usr/bin/bash
Provided cores: 8
Rules claiming more threads will be scaled down.
Provided resources: mem_mb=8192, mem_mib=7813, disk_mb=1176, disk_mib=1122
Select jobs to execute...

[Wed May  3 15:39:45 2023]
rule extract_umis_single_end:
    input: results/reads/116_MSI_R1.fastq.gz
    output: results/reads/umis/116_MSI_R1.fastq.gz
    log: logs/extract_umis/116_MSI.log
    jobid: 0
    reason: Missing output files: results/reads/umis/116_MSI_R1.fastq.gz
    wildcards: sample=116_MSI
    threads: 8
    resources: mem_mb=8192, mem_mib=7813, disk_mb=1176, disk_mib=1122, tmpdir=/tmp, runtime=60

# UMI-tools version: 1.1.4
# output generated by extract --random-seed 1234 --extract-method=regex --bc-pattern=(?P<umi_1>.{6})(?P<discard_1>TATA).* -I results/reads/116_MSI_R1.fastq.gz -S results/reads/umis/116_MSI_R1.fastq.gz
# job started at Wed May  3 15:39:46 2023 on bc003 -- a1b6397c-ac6a-490c-86db-b1fdd9a03e91
# pid: 920249, system: Linux 4.18.0-193.19.1.el8_2.x86_64 #1 SMP Mon Sep 14 14:37:00 UTC 2020 x86_64
# blacklist                               : None
# compresslevel                           : 6
# correct_umi_threshold                   : 0
# either_read                             : False
# either_read_resolve                     : discard
# error_correct_cell                      : False
# extract_method                          : regex
# filter_cell_barcode                     : None
# filter_cell_barcodes                    : False
# filter_umi                              : None
# filtered_out                            : None
# filtered_out2                           : None
# ignore_suffix                           : False
# log2stderr                              : False
# loglevel                                : 1
# pattern                                 : (?P<umi_1>.{6})(?P<discard_1>TATA).*
# pattern2                                : None
# prime3                                  : None
# quality_encoding                        : None
# quality_filter_mask                     : None
# quality_filter_threshold                : None
# random_seed                             : 1234
# read2_in                                : None
# read2_out                               : False
# read2_stdout                            : False
# reads_subset                            : None
# reconcile                               : False
# retain_umi                              : None
# short_help                              : None
# stderr                                  : <_io.TextIOWrapper name='<stderr>' mode='w' encoding='utf-8'>
# stdin                                   : <_io.TextIOWrapper name='results/reads/116_MSI_R1.fastq.gz' encoding='ascii'>
# stdlog                                  : <_io.TextIOWrapper name='<stdout>' mode='w' encoding='utf-8'>
# stdout                                  : <_io.TextIOWrapper name='results/reads/umis/116_MSI_R1.fastq.gz' encoding='ascii'>
# timeit_file                             : None
# timeit_header                           : None
# timeit_name                             : all
# tmpdir                                  : None
# umi_correct_log                         : None
# umi_separator                           : _
# umi_whitelist                           : None
# umi_whitelist_paired                    : None
# whitelist                               : None
2023-05-03 15:39:46,517 INFO Starting barcode extraction
2023-05-03 15:39:49,722 INFO Parsed 100000 reads
2023-05-03 15:39:52,902 INFO Parsed 200000 reads
2023-05-03 15:39:56,070 INFO Parsed 300000 reads
2023-05-03 15:39:59,232 INFO Parsed 400000 reads
2023-05-03 15:40:02,435 INFO Parsed 500000 reads
2023-05-03 15:40:05,693 INFO Parsed 600000 reads
2023-05-03 15:40:08,962 INFO Parsed 700000 reads
2023-05-03 15:40:12,207 INFO Parsed 800000 reads
2023-05-03 15:40:15,450 INFO Parsed 900000 reads
2023-05-03 15:40:18,696 INFO Parsed 1000000 reads
2023-05-03 15:40:21,941 INFO Parsed 1100000 reads
2023-05-03 15:40:25,188 INFO Parsed 1200000 reads
2023-05-03 15:40:28,439 INFO Parsed 1300000 reads
2023-05-03 15:40:31,697 INFO Parsed 1400000 reads
2023-05-03 15:40:34,955 INFO Parsed 1500000 reads
2023-05-03 15:40:38,237 INFO Parsed 1600000 reads
2023-05-03 15:40:41,495 INFO Parsed 1700000 reads
2023-05-03 15:40:44,744 INFO Parsed 1800000 reads
2023-05-03 15:40:47,997 INFO Parsed 1900000 reads
2023-05-03 15:40:51,260 INFO Parsed 2000000 reads
2023-05-03 15:40:54,757 INFO Parsed 2100000 reads
2023-05-03 15:40:58,054 INFO Parsed 2200000 reads
2023-05-03 15:41:01,310 INFO Parsed 2300000 reads
2023-05-03 15:41:04,564 INFO Parsed 2400000 reads
2023-05-03 15:41:07,824 INFO Parsed 2500000 reads
2023-05-03 15:41:11,110 INFO Parsed 2600000 reads
2023-05-03 15:41:14,366 INFO Parsed 2700000 reads
2023-05-03 15:41:17,622 INFO Parsed 2800000 reads
2023-05-03 15:41:20,881 INFO Parsed 2900000 reads
2023-05-03 15:41:24,132 INFO Parsed 3000000 reads
2023-05-03 15:41:27,376 INFO Parsed 3100000 reads
2023-05-03 15:41:30,620 INFO Parsed 3200000 reads
2023-05-03 15:41:33,940 INFO Parsed 3300000 reads
2023-05-03 15:41:37,196 INFO Parsed 3400000 reads
2023-05-03 15:41:40,475 INFO Parsed 3500000 reads
2023-05-03 15:41:43,720 INFO Parsed 3600000 reads
2023-05-03 15:41:46,960 INFO Parsed 3700000 reads
2023-05-03 15:41:50,208 INFO Parsed 3800000 reads
2023-05-03 15:41:53,451 INFO Parsed 3900000 reads
2023-05-03 15:41:56,703 INFO Parsed 4000000 reads
2023-05-03 15:41:59,936 INFO Parsed 4100000 reads
2023-05-03 15:42:03,185 INFO Parsed 4200000 reads
2023-05-03 15:42:06,861 INFO Parsed 4300000 reads
2023-05-03 15:42:10,116 INFO Parsed 4400000 reads
2023-05-03 15:42:13,362 INFO Parsed 4500000 reads
2023-05-03 15:42:16,606 INFO Parsed 4600000 reads
2023-05-03 15:42:19,846 INFO Parsed 4700000 reads
2023-05-03 15:42:23,084 INFO Parsed 4800000 reads
2023-05-03 15:42:26,347 INFO Parsed 4900000 reads
2023-05-03 15:42:29,593 INFO Parsed 5000000 reads
2023-05-03 15:42:32,839 INFO Parsed 5100000 reads
2023-05-03 15:42:36,148 INFO Parsed 5200000 reads
2023-05-03 15:42:39,559 INFO Parsed 5300000 reads
2023-05-03 15:42:42,816 INFO Parsed 5400000 reads
2023-05-03 15:42:46,170 INFO Parsed 5500000 reads
2023-05-03 15:42:49,406 INFO Parsed 5600000 reads
2023-05-03 15:42:52,648 INFO Parsed 5700000 reads
2023-05-03 15:42:55,888 INFO Parsed 5800000 reads
2023-05-03 15:42:59,144 INFO Parsed 5900000 reads
2023-05-03 15:43:02,384 INFO Parsed 6000000 reads
2023-05-03 15:43:05,633 INFO Parsed 6100000 reads
2023-05-03 15:43:08,872 INFO Parsed 6200000 reads
2023-05-03 15:43:12,126 INFO Parsed 6300000 reads
2023-05-03 15:43:15,375 INFO Parsed 6400000 reads
2023-05-03 15:43:18,850 INFO Parsed 6500000 reads
2023-05-03 15:43:22,091 INFO Parsed 6600000 reads
2023-05-03 15:43:25,335 INFO Parsed 6700000 reads
2023-05-03 15:43:28,590 INFO Parsed 6800000 reads
2023-05-03 15:43:31,825 INFO Parsed 6900000 reads
2023-05-03 15:43:35,070 INFO Parsed 7000000 reads
2023-05-03 15:43:38,304 INFO Parsed 7100000 reads
2023-05-03 15:43:41,544 INFO Parsed 7200000 reads
2023-05-03 15:43:44,788 INFO Parsed 7300000 reads
2023-05-03 15:43:48,020 INFO Parsed 7400000 reads
2023-05-03 15:43:51,524 INFO Parsed 7500000 reads
2023-05-03 15:43:54,768 INFO Parsed 7600000 reads
2023-05-03 15:43:58,023 INFO Parsed 7700000 reads
2023-05-03 15:44:01,263 INFO Parsed 7800000 reads
2023-05-03 15:44:04,495 INFO Parsed 7900000 reads
2023-05-03 15:44:07,768 INFO Parsed 8000000 reads
2023-05-03 15:44:11,044 INFO Parsed 8100000 reads
2023-05-03 15:44:14,325 INFO Parsed 8200000 reads
2023-05-03 15:44:17,595 INFO Parsed 8300000 reads
2023-05-03 15:44:20,837 INFO Parsed 8400000 reads
2023-05-03 15:44:24,081 INFO Parsed 8500000 reads
2023-05-03 15:44:27,330 INFO Parsed 8600000 reads
2023-05-03 15:44:30,586 INFO Parsed 8700000 reads
2023-05-03 15:44:33,839 INFO Parsed 8800000 reads
2023-05-03 15:44:37,088 INFO Parsed 8900000 reads
2023-05-03 15:44:41,057 INFO Parsed 9000000 reads
2023-05-03 15:44:44,318 INFO Parsed 9100000 reads
2023-05-03 15:44:47,553 INFO Parsed 9200000 reads
2023-05-03 15:44:50,794 INFO Parsed 9300000 reads
2023-05-03 15:44:54,044 INFO Parsed 9400000 reads
2023-05-03 15:44:57,274 INFO Parsed 9500000 reads
2023-05-03 15:45:00,540 INFO Parsed 9600000 reads
2023-05-03 15:45:03,793 INFO Parsed 9700000 reads
2023-05-03 15:45:07,027 INFO Parsed 9800000 reads
2023-05-03 15:45:10,255 INFO Parsed 9900000 reads
2023-05-03 15:45:13,499 INFO Parsed 10000000 reads
2023-05-03 15:45:16,750 INFO Parsed 10100000 reads
2023-05-03 15:45:19,982 INFO Parsed 10200000 reads
2023-05-03 15:45:23,209 INFO Parsed 10300000 reads
2023-05-03 15:45:26,444 INFO Parsed 10400000 reads
2023-05-03 15:45:29,708 INFO Parsed 10500000 reads
2023-05-03 15:45:32,996 INFO Parsed 10600000 reads
2023-05-03 15:45:36,273 INFO Parsed 10700000 reads
2023-05-03 15:45:39,509 INFO Parsed 10800000 reads
2023-05-03 15:45:42,763 INFO Parsed 10900000 reads
2023-05-03 15:45:46,012 INFO Parsed 11000000 reads
2023-05-03 15:45:49,272 INFO Parsed 11100000 reads
2023-05-03 15:45:52,534 INFO Parsed 11200000 reads
2023-05-03 15:45:55,779 INFO Parsed 11300000 reads
2023-05-03 15:45:59,031 INFO Parsed 11400000 reads
2023-05-03 15:46:02,275 INFO Parsed 11500000 reads
2023-05-03 15:46:05,546 INFO Parsed 11600000 reads
2023-05-03 15:46:08,804 INFO Parsed 11700000 reads
2023-05-03 15:46:12,041 INFO Parsed 11800000 reads
2023-05-03 15:46:15,050 INFO Input Reads: 11892897
2023-05-03 15:46:15,050 INFO regex matches read1: 10167072
2023-05-03 15:46:15,050 INFO Reads output: 10167072
2023-05-03 15:46:15,050 INFO regex does not match read1: 1725825
# job finished in 388 seconds at Wed May  3 15:46:15 2023 -- 385.61  1.71  0.00  0.00 -- a1b6397c-ac6a-490c-86db-b1fdd9a03e91
[Wed May  3 15:46:15 2023]
Finished job 0.
1 of 1 steps (100%) done
[Wed May  3 15:46:16 2023]
Finished job 0.
1 of 1 steps (100%) done
