Building DAG of jobs...
Using shell: /usr/bin/bash
Provided cores: 8
Rules claiming more threads will be scaled down.
Provided resources: mem_mb=8192, mem_mib=7813, disk_mb=1024, disk_mib=977
Select jobs to execute...
Building DAG of jobs...
Using shell: /usr/bin/bash
Provided cores: 8
Rules claiming more threads will be scaled down.
Provided resources: mem_mb=8192, mem_mib=7813, disk_mb=1024, disk_mib=977
Select jobs to execute...

[Wed May  3 15:40:06 2023]
rule extract_umis_single_end:
    input: results/reads/115_MSI_R1.fastq.gz
    output: results/reads/umis/115_MSI_R1.fastq.gz
    log: logs/extract_umis/115_MSI.log
    jobid: 0
    reason: Missing output files: results/reads/umis/115_MSI_R1.fastq.gz
    wildcards: sample=115_MSI
    threads: 8
    resources: mem_mb=8192, mem_mib=7813, disk_mb=1024, disk_mib=977, tmpdir=/tmp, runtime=60

# UMI-tools version: 1.1.4
# output generated by extract --random-seed 1234 --extract-method=regex --bc-pattern=(?P<umi_1>.{6})(?P<discard_1>TATA).* -I results/reads/115_MSI_R1.fastq.gz -S results/reads/umis/115_MSI_R1.fastq.gz
# job started at Wed May  3 15:40:07 2023 on bc007 -- 7da5bb7d-309e-4207-ba50-e89fe743b443
# pid: 1292844, system: Linux 4.18.0-193.19.1.el8_2.x86_64 #1 SMP Mon Sep 14 14:37:00 UTC 2020 x86_64
# blacklist                               : None
# compresslevel                           : 6
# correct_umi_threshold                   : 0
# either_read                             : False
# either_read_resolve                     : discard
# error_correct_cell                      : False
# extract_method                          : regex
# filter_cell_barcode                     : None
# filter_cell_barcodes                    : False
# filter_umi                              : None
# filtered_out                            : None
# filtered_out2                           : None
# ignore_suffix                           : False
# log2stderr                              : False
# loglevel                                : 1
# pattern                                 : (?P<umi_1>.{6})(?P<discard_1>TATA).*
# pattern2                                : None
# prime3                                  : None
# quality_encoding                        : None
# quality_filter_mask                     : None
# quality_filter_threshold                : None
# random_seed                             : 1234
# read2_in                                : None
# read2_out                               : False
# read2_stdout                            : False
# reads_subset                            : None
# reconcile                               : False
# retain_umi                              : None
# short_help                              : None
# stderr                                  : <_io.TextIOWrapper name='<stderr>' mode='w' encoding='utf-8'>
# stdin                                   : <_io.TextIOWrapper name='results/reads/115_MSI_R1.fastq.gz' encoding='ascii'>
# stdlog                                  : <_io.TextIOWrapper name='<stdout>' mode='w' encoding='utf-8'>
# stdout                                  : <_io.TextIOWrapper name='results/reads/umis/115_MSI_R1.fastq.gz' encoding='ascii'>
# timeit_file                             : None
# timeit_header                           : None
# timeit_name                             : all
# tmpdir                                  : None
# umi_correct_log                         : None
# umi_separator                           : _
# umi_whitelist                           : None
# umi_whitelist_paired                    : None
# whitelist                               : None
2023-05-03 15:40:07,795 INFO Starting barcode extraction
2023-05-03 15:40:11,188 INFO Parsed 100000 reads
2023-05-03 15:40:14,552 INFO Parsed 200000 reads
2023-05-03 15:40:17,925 INFO Parsed 300000 reads
2023-05-03 15:40:21,281 INFO Parsed 400000 reads
2023-05-03 15:40:24,643 INFO Parsed 500000 reads
2023-05-03 15:40:27,989 INFO Parsed 600000 reads
2023-05-03 15:40:31,376 INFO Parsed 700000 reads
2023-05-03 15:40:34,800 INFO Parsed 800000 reads
2023-05-03 15:40:38,126 INFO Parsed 900000 reads
2023-05-03 15:40:41,450 INFO Parsed 1000000 reads
2023-05-03 15:40:44,784 INFO Parsed 1100000 reads
2023-05-03 15:40:48,120 INFO Parsed 1200000 reads
2023-05-03 15:40:51,441 INFO Parsed 1300000 reads
2023-05-03 15:40:54,786 INFO Parsed 1400000 reads
2023-05-03 15:40:58,154 INFO Parsed 1500000 reads
2023-05-03 15:41:01,502 INFO Parsed 1600000 reads
2023-05-03 15:41:04,865 INFO Parsed 1700000 reads
2023-05-03 15:41:08,190 INFO Parsed 1800000 reads
2023-05-03 15:41:11,533 INFO Parsed 1900000 reads
2023-05-03 15:41:14,879 INFO Parsed 2000000 reads
2023-05-03 15:41:18,296 INFO Parsed 2100000 reads
2023-05-03 15:41:21,631 INFO Parsed 2200000 reads
2023-05-03 15:41:24,982 INFO Parsed 2300000 reads
2023-05-03 15:41:28,327 INFO Parsed 2400000 reads
2023-05-03 15:41:31,663 INFO Parsed 2500000 reads
2023-05-03 15:41:34,981 INFO Parsed 2600000 reads
2023-05-03 15:41:38,371 INFO Parsed 2700000 reads
2023-05-03 15:41:41,694 INFO Parsed 2800000 reads
2023-05-03 15:41:45,007 INFO Parsed 2900000 reads
2023-05-03 15:41:48,344 INFO Parsed 3000000 reads
2023-05-03 15:41:51,692 INFO Parsed 3100000 reads
2023-05-03 15:41:55,024 INFO Parsed 3200000 reads
2023-05-03 15:41:58,359 INFO Parsed 3300000 reads
2023-05-03 15:42:01,699 INFO Parsed 3400000 reads
2023-05-03 15:42:05,107 INFO Parsed 3500000 reads
2023-05-03 15:42:08,479 INFO Parsed 3600000 reads
2023-05-03 15:42:11,800 INFO Parsed 3700000 reads
2023-05-03 15:42:15,124 INFO Parsed 3800000 reads
2023-05-03 15:42:18,451 INFO Parsed 3900000 reads
2023-05-03 15:42:21,784 INFO Parsed 4000000 reads
2023-05-03 15:42:25,110 INFO Parsed 4100000 reads
2023-05-03 15:42:28,444 INFO Parsed 4200000 reads
2023-05-03 15:42:31,777 INFO Parsed 4300000 reads
2023-05-03 15:42:35,208 INFO Parsed 4400000 reads
2023-05-03 15:42:38,594 INFO Parsed 4500000 reads
2023-05-03 15:42:41,955 INFO Parsed 4600000 reads
2023-05-03 15:42:45,283 INFO Parsed 4700000 reads
2023-05-03 15:42:48,628 INFO Parsed 4800000 reads
2023-05-03 15:42:51,955 INFO Parsed 4900000 reads
2023-05-03 15:42:55,298 INFO Parsed 5000000 reads
2023-05-03 15:42:58,627 INFO Parsed 5100000 reads
2023-05-03 15:43:01,965 INFO Parsed 5200000 reads
2023-05-03 15:43:05,293 INFO Parsed 5300000 reads
2023-05-03 15:43:08,615 INFO Parsed 5400000 reads
2023-05-03 15:43:11,937 INFO Parsed 5500000 reads
2023-05-03 15:43:15,285 INFO Parsed 5600000 reads
2023-05-03 15:43:18,640 INFO Parsed 5700000 reads
2023-05-03 15:43:21,963 INFO Parsed 5800000 reads
2023-05-03 15:43:25,293 INFO Parsed 5900000 reads
2023-05-03 15:43:28,625 INFO Parsed 6000000 reads
2023-05-03 15:43:31,971 INFO Parsed 6100000 reads
2023-05-03 15:43:35,302 INFO Parsed 6200000 reads
2023-05-03 15:43:38,632 INFO Parsed 6300000 reads
2023-05-03 15:43:41,958 INFO Parsed 6400000 reads
2023-05-03 15:43:46,039 INFO Parsed 6500000 reads
2023-05-03 15:43:49,362 INFO Parsed 6600000 reads
2023-05-03 15:43:52,692 INFO Parsed 6700000 reads
2023-05-03 15:43:55,935 INFO Parsed 6800000 reads
2023-05-03 15:43:59,290 INFO Parsed 6900000 reads
2023-05-03 15:44:02,639 INFO Parsed 7000000 reads
2023-05-03 15:44:05,968 INFO Parsed 7100000 reads
2023-05-03 15:44:09,305 INFO Parsed 7200000 reads
2023-05-03 15:44:12,653 INFO Parsed 7300000 reads
2023-05-03 15:44:16,009 INFO Parsed 7400000 reads
2023-05-03 15:44:19,343 INFO Parsed 7500000 reads
2023-05-03 15:44:22,670 INFO Parsed 7600000 reads
2023-05-03 15:44:25,994 INFO Parsed 7700000 reads
2023-05-03 15:44:29,314 INFO Parsed 7800000 reads
2023-05-03 15:44:32,648 INFO Parsed 7900000 reads
2023-05-03 15:44:35,973 INFO Parsed 8000000 reads
2023-05-03 15:44:39,308 INFO Parsed 8100000 reads
2023-05-03 15:44:42,648 INFO Parsed 8200000 reads
2023-05-03 15:44:46,016 INFO Parsed 8300000 reads
2023-05-03 15:44:49,340 INFO Parsed 8400000 reads
2023-05-03 15:44:52,671 INFO Parsed 8500000 reads
2023-05-03 15:44:56,016 INFO Parsed 8600000 reads
2023-05-03 15:44:59,363 INFO Parsed 8700000 reads
2023-05-03 15:45:02,703 INFO Parsed 8800000 reads
2023-05-03 15:45:06,025 INFO Parsed 8900000 reads
2023-05-03 15:45:09,360 INFO Parsed 9000000 reads
2023-05-03 15:45:12,714 INFO Parsed 9100000 reads
2023-05-03 15:45:16,119 INFO Parsed 9200000 reads
2023-05-03 15:45:19,576 INFO Parsed 9300000 reads
2023-05-03 15:45:22,984 INFO Parsed 9400000 reads
2023-05-03 15:45:26,369 INFO Parsed 9500000 reads
2023-05-03 15:45:29,677 INFO Parsed 9600000 reads
2023-05-03 15:45:33,027 INFO Parsed 9700000 reads
2023-05-03 15:45:36,375 INFO Parsed 9800000 reads
2023-05-03 15:45:39,732 INFO Parsed 9900000 reads
2023-05-03 15:45:43,069 INFO Parsed 10000000 reads
2023-05-03 15:45:44,759 INFO Input Reads: 10050581
2023-05-03 15:45:44,760 INFO regex matches read1: 8774373
2023-05-03 15:45:44,760 INFO Reads output: 8774373
2023-05-03 15:45:44,760 INFO regex does not match read1: 1276208
# job finished in 337 seconds at Wed May  3 15:45:44 2023 -- 336.17  1.41  0.00  0.00 -- 7da5bb7d-309e-4207-ba50-e89fe743b443
[Wed May  3 15:45:45 2023]
Finished job 0.
1 of 1 steps (100%) done
[Wed May  3 15:45:45 2023]
Finished job 0.
1 of 1 steps (100%) done
