Building DAG of jobs...
Using shell: /usr/bin/bash
Provided cores: 8
Rules claiming more threads will be scaled down.
Provided resources: mem_mb=8192, mem_mib=7813, disk_mb=1532, disk_mib=1462
Select jobs to execute...
Building DAG of jobs...
Using shell: /usr/bin/bash
Provided cores: 8
Rules claiming more threads will be scaled down.
Provided resources: mem_mb=8192, mem_mib=7813, disk_mb=1532, disk_mib=1462
Select jobs to execute...

[Wed May  3 15:40:06 2023]
rule extract_umis_single_end:
    input: results/reads/182_MSI_R1.fastq.gz
    output: results/reads/umis/182_MSI_R1.fastq.gz
    log: logs/extract_umis/182_MSI.log
    jobid: 0
    reason: Missing output files: results/reads/umis/182_MSI_R1.fastq.gz
    wildcards: sample=182_MSI
    threads: 8
    resources: mem_mb=8192, mem_mib=7813, disk_mb=1532, disk_mib=1462, tmpdir=/tmp, runtime=60

# UMI-tools version: 1.1.4
# output generated by extract --random-seed 1234 --extract-method=regex --bc-pattern=(?P<umi_1>.{6})(?P<discard_1>TATA).* -I results/reads/182_MSI_R1.fastq.gz -S results/reads/umis/182_MSI_R1.fastq.gz
# job started at Wed May  3 15:40:07 2023 on bc004 -- 2bfcd50b-61eb-4cac-9414-5c06a76470a6
# pid: 1484900, system: Linux 4.18.0-193.19.1.el8_2.x86_64 #1 SMP Mon Sep 14 14:37:00 UTC 2020 x86_64
# blacklist                               : None
# compresslevel                           : 6
# correct_umi_threshold                   : 0
# either_read                             : False
# either_read_resolve                     : discard
# error_correct_cell                      : False
# extract_method                          : regex
# filter_cell_barcode                     : None
# filter_cell_barcodes                    : False
# filter_umi                              : None
# filtered_out                            : None
# filtered_out2                           : None
# ignore_suffix                           : False
# log2stderr                              : False
# loglevel                                : 1
# pattern                                 : (?P<umi_1>.{6})(?P<discard_1>TATA).*
# pattern2                                : None
# prime3                                  : None
# quality_encoding                        : None
# quality_filter_mask                     : None
# quality_filter_threshold                : None
# random_seed                             : 1234
# read2_in                                : None
# read2_out                               : False
# read2_stdout                            : False
# reads_subset                            : None
# reconcile                               : False
# retain_umi                              : None
# short_help                              : None
# stderr                                  : <_io.TextIOWrapper name='<stderr>' mode='w' encoding='utf-8'>
# stdin                                   : <_io.TextIOWrapper name='results/reads/182_MSI_R1.fastq.gz' encoding='ascii'>
# stdlog                                  : <_io.TextIOWrapper name='<stdout>' mode='w' encoding='utf-8'>
# stdout                                  : <_io.TextIOWrapper name='results/reads/umis/182_MSI_R1.fastq.gz' encoding='ascii'>
# timeit_file                             : None
# timeit_header                           : None
# timeit_name                             : all
# tmpdir                                  : None
# umi_correct_log                         : None
# umi_separator                           : _
# umi_whitelist                           : None
# umi_whitelist_paired                    : None
# whitelist                               : None
2023-05-03 15:40:07,652 INFO Starting barcode extraction
2023-05-03 15:40:11,079 INFO Parsed 100000 reads
2023-05-03 15:40:14,515 INFO Parsed 200000 reads
2023-05-03 15:40:18,002 INFO Parsed 300000 reads
2023-05-03 15:40:21,432 INFO Parsed 400000 reads
2023-05-03 15:40:24,755 INFO Parsed 500000 reads
2023-05-03 15:40:28,075 INFO Parsed 600000 reads
2023-05-03 15:40:31,381 INFO Parsed 700000 reads
2023-05-03 15:40:34,684 INFO Parsed 800000 reads
2023-05-03 15:40:38,019 INFO Parsed 900000 reads
2023-05-03 15:40:41,333 INFO Parsed 1000000 reads
2023-05-03 15:40:44,651 INFO Parsed 1100000 reads
2023-05-03 15:40:48,059 INFO Parsed 1200000 reads
2023-05-03 15:40:51,770 INFO Parsed 1300000 reads
2023-05-03 15:40:55,595 INFO Parsed 1400000 reads
2023-05-03 15:40:59,194 INFO Parsed 1500000 reads
2023-05-03 15:41:02,656 INFO Parsed 1600000 reads
2023-05-03 15:41:06,313 INFO Parsed 1700000 reads
2023-05-03 15:41:09,853 INFO Parsed 1800000 reads
2023-05-03 15:41:13,320 INFO Parsed 1900000 reads
2023-05-03 15:41:16,854 INFO Parsed 2000000 reads
2023-05-03 15:41:20,344 INFO Parsed 2100000 reads
2023-05-03 15:41:23,941 INFO Parsed 2200000 reads
2023-05-03 15:41:27,742 INFO Parsed 2300000 reads
2023-05-03 15:41:31,451 INFO Parsed 2400000 reads
2023-05-03 15:41:35,101 INFO Parsed 2500000 reads
2023-05-03 15:41:38,433 INFO Parsed 2600000 reads
2023-05-03 15:41:41,766 INFO Parsed 2700000 reads
2023-05-03 15:41:45,135 INFO Parsed 2800000 reads
2023-05-03 15:41:48,500 INFO Parsed 2900000 reads
2023-05-03 15:41:51,929 INFO Parsed 3000000 reads
2023-05-03 15:41:55,518 INFO Parsed 3100000 reads
2023-05-03 15:41:58,877 INFO Parsed 3200000 reads
2023-05-03 15:42:02,480 INFO Parsed 3300000 reads
2023-05-03 15:42:06,851 INFO Parsed 3400000 reads
2023-05-03 15:42:10,873 INFO Parsed 3500000 reads
2023-05-03 15:42:14,824 INFO Parsed 3600000 reads
2023-05-03 15:42:18,970 INFO Parsed 3700000 reads
2023-05-03 15:42:23,159 INFO Parsed 3800000 reads
2023-05-03 15:42:26,958 INFO Parsed 3900000 reads
2023-05-03 15:42:30,482 INFO Parsed 4000000 reads
2023-05-03 15:42:33,938 INFO Parsed 4100000 reads
2023-05-03 15:42:37,386 INFO Parsed 4200000 reads
2023-05-03 15:42:40,691 INFO Parsed 4300000 reads
2023-05-03 15:42:43,984 INFO Parsed 4400000 reads
2023-05-03 15:42:47,306 INFO Parsed 4500000 reads
2023-05-03 15:42:50,631 INFO Parsed 4600000 reads
2023-05-03 15:42:53,980 INFO Parsed 4700000 reads
2023-05-03 15:42:57,304 INFO Parsed 4800000 reads
2023-05-03 15:43:00,620 INFO Parsed 4900000 reads
2023-05-03 15:43:03,958 INFO Parsed 5000000 reads
2023-05-03 15:43:07,263 INFO Parsed 5100000 reads
2023-05-03 15:43:10,561 INFO Parsed 5200000 reads
2023-05-03 15:43:13,870 INFO Parsed 5300000 reads
2023-05-03 15:43:17,178 INFO Parsed 5400000 reads
2023-05-03 15:43:20,488 INFO Parsed 5500000 reads
2023-05-03 15:43:23,884 INFO Parsed 5600000 reads
2023-05-03 15:43:27,269 INFO Parsed 5700000 reads
2023-05-03 15:43:30,725 INFO Parsed 5800000 reads
2023-05-03 15:43:34,173 INFO Parsed 5900000 reads
2023-05-03 15:43:37,574 INFO Parsed 6000000 reads
2023-05-03 15:43:40,904 INFO Parsed 6100000 reads
2023-05-03 15:43:44,217 INFO Parsed 6200000 reads
2023-05-03 15:43:47,536 INFO Parsed 6300000 reads
2023-05-03 15:43:50,857 INFO Parsed 6400000 reads
2023-05-03 15:43:54,274 INFO Parsed 6500000 reads
2023-05-03 15:43:57,689 INFO Parsed 6600000 reads
2023-05-03 15:44:01,117 INFO Parsed 6700000 reads
2023-05-03 15:44:04,554 INFO Parsed 6800000 reads
2023-05-03 15:44:08,036 INFO Parsed 6900000 reads
2023-05-03 15:44:11,487 INFO Parsed 7000000 reads
2023-05-03 15:44:14,868 INFO Parsed 7100000 reads
2023-05-03 15:44:18,216 INFO Parsed 7200000 reads
2023-05-03 15:44:21,546 INFO Parsed 7300000 reads
2023-05-03 15:44:24,868 INFO Parsed 7400000 reads
2023-05-03 15:44:28,202 INFO Parsed 7500000 reads
2023-05-03 15:44:31,511 INFO Parsed 7600000 reads
2023-05-03 15:44:34,832 INFO Parsed 7700000 reads
2023-05-03 15:44:38,167 INFO Parsed 7800000 reads
2023-05-03 15:44:41,501 INFO Parsed 7900000 reads
2023-05-03 15:44:44,974 INFO Parsed 8000000 reads
2023-05-03 15:44:48,284 INFO Parsed 8100000 reads
2023-05-03 15:44:51,608 INFO Parsed 8200000 reads
2023-05-03 15:44:55,054 INFO Parsed 8300000 reads
2023-05-03 15:44:58,535 INFO Parsed 8400000 reads
2023-05-03 15:45:03,531 INFO Parsed 8500000 reads
2023-05-03 15:45:08,559 INFO Parsed 8600000 reads
2023-05-03 15:45:13,858 INFO Parsed 8700000 reads
2023-05-03 15:45:19,380 INFO Parsed 8800000 reads
2023-05-03 15:45:24,558 INFO Parsed 8900000 reads
2023-05-03 15:45:29,645 INFO Parsed 9000000 reads
2023-05-03 15:45:34,741 INFO Parsed 9100000 reads
2023-05-03 15:45:39,797 INFO Parsed 9200000 reads
2023-05-03 15:45:44,720 INFO Parsed 9300000 reads
2023-05-03 15:45:48,884 INFO Parsed 9400000 reads
2023-05-03 15:45:52,528 INFO Parsed 9500000 reads
2023-05-03 15:45:55,977 INFO Parsed 9600000 reads
2023-05-03 15:45:59,298 INFO Parsed 9700000 reads
2023-05-03 15:46:02,625 INFO Parsed 9800000 reads
2023-05-03 15:46:06,014 INFO Parsed 9900000 reads
2023-05-03 15:46:09,688 INFO Parsed 10000000 reads
2023-05-03 15:46:13,067 INFO Parsed 10100000 reads
2023-05-03 15:46:16,489 INFO Parsed 10200000 reads
2023-05-03 15:46:19,792 INFO Parsed 10300000 reads
2023-05-03 15:46:23,132 INFO Parsed 10400000 reads
2023-05-03 15:46:26,575 INFO Parsed 10500000 reads
2023-05-03 15:46:30,054 INFO Parsed 10600000 reads
2023-05-03 15:46:33,452 INFO Parsed 10700000 reads
2023-05-03 15:46:36,872 INFO Parsed 10800000 reads
2023-05-03 15:46:40,252 INFO Parsed 10900000 reads
2023-05-03 15:46:43,579 INFO Parsed 11000000 reads
2023-05-03 15:46:46,930 INFO Parsed 11100000 reads
2023-05-03 15:46:50,283 INFO Parsed 11200000 reads
2023-05-03 15:46:53,796 INFO Parsed 11300000 reads
2023-05-03 15:46:57,155 INFO Parsed 11400000 reads
2023-05-03 15:47:00,473 INFO Parsed 11500000 reads
2023-05-03 15:47:03,779 INFO Parsed 11600000 reads
2023-05-03 15:47:07,080 INFO Parsed 11700000 reads
2023-05-03 15:47:10,397 INFO Parsed 11800000 reads
2023-05-03 15:47:13,761 INFO Parsed 11900000 reads
2023-05-03 15:47:17,127 INFO Parsed 12000000 reads
2023-05-03 15:47:20,433 INFO Parsed 12100000 reads
2023-05-03 15:47:23,750 INFO Parsed 12200000 reads
2023-05-03 15:47:27,058 INFO Parsed 12300000 reads
2023-05-03 15:47:30,363 INFO Parsed 12400000 reads
2023-05-03 15:47:33,667 INFO Parsed 12500000 reads
2023-05-03 15:47:36,997 INFO Parsed 12600000 reads
2023-05-03 15:47:40,370 INFO Parsed 12700000 reads
2023-05-03 15:47:43,763 INFO Parsed 12800000 reads
2023-05-03 15:47:47,126 INFO Parsed 12900000 reads
2023-05-03 15:47:50,844 INFO Parsed 13000000 reads
2023-05-03 15:47:54,354 INFO Parsed 13100000 reads
2023-05-03 15:47:57,859 INFO Parsed 13200000 reads
2023-05-03 15:48:01,338 INFO Parsed 13300000 reads
2023-05-03 15:48:04,758 INFO Parsed 13400000 reads
2023-05-03 15:48:08,179 INFO Parsed 13500000 reads
2023-05-03 15:48:11,663 INFO Parsed 13600000 reads
2023-05-03 15:48:15,359 INFO Parsed 13700000 reads
2023-05-03 15:48:19,098 INFO Parsed 13800000 reads
2023-05-03 15:48:22,734 INFO Parsed 13900000 reads
2023-05-03 15:48:26,486 INFO Parsed 14000000 reads
2023-05-03 15:48:30,193 INFO Parsed 14100000 reads
2023-05-03 15:48:33,990 INFO Parsed 14200000 reads
2023-05-03 15:48:37,931 INFO Parsed 14300000 reads
2023-05-03 15:48:41,881 INFO Parsed 14400000 reads
2023-05-03 15:48:45,816 INFO Parsed 14500000 reads
2023-05-03 15:48:49,681 INFO Parsed 14600000 reads
2023-05-03 15:48:53,468 INFO Parsed 14700000 reads
2023-05-03 15:48:57,252 INFO Parsed 14800000 reads
2023-05-03 15:49:01,133 INFO Parsed 14900000 reads
2023-05-03 15:49:04,982 INFO Parsed 15000000 reads
2023-05-03 15:49:08,756 INFO Parsed 15100000 reads
2023-05-03 15:49:12,605 INFO Parsed 15200000 reads
2023-05-03 15:49:16,066 INFO Input Reads: 15280996
2023-05-03 15:49:16,067 INFO regex matches read1: 13004327
2023-05-03 15:49:16,067 INFO Reads output: 13004327
2023-05-03 15:49:16,067 INFO regex does not match read1: 2276669
# job finished in 548 seconds at Wed May  3 15:49:16 2023 -- 546.05  1.59  0.00  0.00 -- 2bfcd50b-61eb-4cac-9414-5c06a76470a6
[Wed May  3 15:49:16 2023]
Finished job 0.
1 of 1 steps (100%) done
[Wed May  3 15:49:17 2023]
Finished job 0.
1 of 1 steps (100%) done
