Building DAG of jobs...
Using shell: /usr/bin/bash
Provided cores: 8
Rules claiming more threads will be scaled down.
Provided resources: mem_mb=8192, mem_mib=7813, disk_mb=2439, disk_mib=2327
Select jobs to execute...
Building DAG of jobs...
Using shell: /usr/bin/bash
Provided cores: 8
Rules claiming more threads will be scaled down.
Provided resources: mem_mb=8192, mem_mib=7813, disk_mb=2439, disk_mib=2327
Select jobs to execute...

[Wed May  3 15:40:08 2023]
rule extract_umis_single_end:
    input: results/reads/184_MSI_R1.fastq.gz
    output: results/reads/umis/184_MSI_R1.fastq.gz
    log: logs/extract_umis/184_MSI.log
    jobid: 0
    reason: Missing output files: results/reads/umis/184_MSI_R1.fastq.gz
    wildcards: sample=184_MSI
    threads: 8
    resources: mem_mb=8192, mem_mib=7813, disk_mb=2439, disk_mib=2327, tmpdir=/tmp, runtime=60

# UMI-tools version: 1.1.4
# output generated by extract --random-seed 1234 --extract-method=regex --bc-pattern=(?P<umi_1>.{6})(?P<discard_1>TATA).* -I results/reads/184_MSI_R1.fastq.gz -S results/reads/umis/184_MSI_R1.fastq.gz
# job started at Wed May  3 15:40:09 2023 on bc007 -- 1ed62a47-8f18-45b0-a1b0-42b671049f4d
# pid: 1292946, system: Linux 4.18.0-193.19.1.el8_2.x86_64 #1 SMP Mon Sep 14 14:37:00 UTC 2020 x86_64
# blacklist                               : None
# compresslevel                           : 6
# correct_umi_threshold                   : 0
# either_read                             : False
# either_read_resolve                     : discard
# error_correct_cell                      : False
# extract_method                          : regex
# filter_cell_barcode                     : None
# filter_cell_barcodes                    : False
# filter_umi                              : None
# filtered_out                            : None
# filtered_out2                           : None
# ignore_suffix                           : False
# log2stderr                              : False
# loglevel                                : 1
# pattern                                 : (?P<umi_1>.{6})(?P<discard_1>TATA).*
# pattern2                                : None
# prime3                                  : None
# quality_encoding                        : None
# quality_filter_mask                     : None
# quality_filter_threshold                : None
# random_seed                             : 1234
# read2_in                                : None
# read2_out                               : False
# read2_stdout                            : False
# reads_subset                            : None
# reconcile                               : False
# retain_umi                              : None
# short_help                              : None
# stderr                                  : <_io.TextIOWrapper name='<stderr>' mode='w' encoding='utf-8'>
# stdin                                   : <_io.TextIOWrapper name='results/reads/184_MSI_R1.fastq.gz' encoding='ascii'>
# stdlog                                  : <_io.TextIOWrapper name='<stdout>' mode='w' encoding='utf-8'>
# stdout                                  : <_io.TextIOWrapper name='results/reads/umis/184_MSI_R1.fastq.gz' encoding='ascii'>
# timeit_file                             : None
# timeit_header                           : None
# timeit_name                             : all
# tmpdir                                  : None
# umi_correct_log                         : None
# umi_separator                           : _
# umi_whitelist                           : None
# umi_whitelist_paired                    : None
# whitelist                               : None
2023-05-03 15:40:09,461 INFO Starting barcode extraction
2023-05-03 15:40:12,978 INFO Parsed 100000 reads
2023-05-03 15:40:16,400 INFO Parsed 200000 reads
2023-05-03 15:40:19,824 INFO Parsed 300000 reads
2023-05-03 15:40:23,255 INFO Parsed 400000 reads
2023-05-03 15:40:26,650 INFO Parsed 500000 reads
2023-05-03 15:40:30,029 INFO Parsed 600000 reads
2023-05-03 15:40:33,870 INFO Parsed 700000 reads
2023-05-03 15:40:37,861 INFO Parsed 800000 reads
2023-05-03 15:40:41,713 INFO Parsed 900000 reads
2023-05-03 15:40:45,533 INFO Parsed 1000000 reads
2023-05-03 15:40:49,314 INFO Parsed 1100000 reads
2023-05-03 15:40:53,219 INFO Parsed 1200000 reads
2023-05-03 15:40:57,107 INFO Parsed 1300000 reads
2023-05-03 15:41:00,947 INFO Parsed 1400000 reads
2023-05-03 15:41:04,824 INFO Parsed 1500000 reads
2023-05-03 15:41:08,808 INFO Parsed 1600000 reads
2023-05-03 15:41:12,723 INFO Parsed 1700000 reads
2023-05-03 15:41:16,539 INFO Parsed 1800000 reads
2023-05-03 15:41:20,346 INFO Parsed 1900000 reads
2023-05-03 15:41:24,217 INFO Parsed 2000000 reads
2023-05-03 15:41:27,926 INFO Parsed 2100000 reads
2023-05-03 15:41:31,523 INFO Parsed 2200000 reads
2023-05-03 15:41:35,262 INFO Parsed 2300000 reads
2023-05-03 15:41:39,061 INFO Parsed 2400000 reads
2023-05-03 15:41:43,022 INFO Parsed 2500000 reads
2023-05-03 15:41:46,909 INFO Parsed 2600000 reads
2023-05-03 15:41:50,920 INFO Parsed 2700000 reads
2023-05-03 15:41:54,927 INFO Parsed 2800000 reads
2023-05-03 15:41:59,100 INFO Parsed 2900000 reads
2023-05-03 15:42:03,287 INFO Parsed 3000000 reads
2023-05-03 15:42:07,514 INFO Parsed 3100000 reads
2023-05-03 15:42:11,741 INFO Parsed 3200000 reads
2023-05-03 15:42:15,958 INFO Parsed 3300000 reads
2023-05-03 15:42:20,137 INFO Parsed 3400000 reads
2023-05-03 15:42:24,281 INFO Parsed 3500000 reads
2023-05-03 15:42:28,411 INFO Parsed 3600000 reads
2023-05-03 15:42:32,614 INFO Parsed 3700000 reads
2023-05-03 15:42:36,704 INFO Parsed 3800000 reads
2023-05-03 15:42:40,809 INFO Parsed 3900000 reads
2023-05-03 15:42:44,900 INFO Parsed 4000000 reads
2023-05-03 15:42:49,063 INFO Parsed 4100000 reads
2023-05-03 15:42:53,307 INFO Parsed 4200000 reads
2023-05-03 15:42:57,571 INFO Parsed 4300000 reads
2023-05-03 15:43:01,869 INFO Parsed 4400000 reads
2023-05-03 15:43:06,173 INFO Parsed 4500000 reads
2023-05-03 15:43:10,320 INFO Parsed 4600000 reads
2023-05-03 15:43:14,348 INFO Parsed 4700000 reads
2023-05-03 15:43:18,332 INFO Parsed 4800000 reads
2023-05-03 15:43:22,372 INFO Parsed 4900000 reads
2023-05-03 15:43:26,612 INFO Parsed 5000000 reads
2023-05-03 15:43:30,747 INFO Parsed 5100000 reads
2023-05-03 15:43:34,870 INFO Parsed 5200000 reads
2023-05-03 15:43:38,964 INFO Parsed 5300000 reads
2023-05-03 15:43:42,995 INFO Parsed 5400000 reads
2023-05-03 15:43:48,174 INFO Parsed 5500000 reads
2023-05-03 15:43:52,272 INFO Parsed 5600000 reads
2023-05-03 15:43:56,260 INFO Parsed 5700000 reads
2023-05-03 15:44:00,232 INFO Parsed 5800000 reads
2023-05-03 15:44:04,208 INFO Parsed 5900000 reads
2023-05-03 15:44:08,193 INFO Parsed 6000000 reads
2023-05-03 15:44:12,080 INFO Parsed 6100000 reads
2023-05-03 15:44:15,868 INFO Parsed 6200000 reads
2023-05-03 15:44:19,810 INFO Parsed 6300000 reads
2023-05-03 15:44:23,670 INFO Parsed 6400000 reads
2023-05-03 15:44:27,425 INFO Parsed 6500000 reads
2023-05-03 15:44:31,269 INFO Parsed 6600000 reads
2023-05-03 15:44:35,259 INFO Parsed 6700000 reads
2023-05-03 15:44:39,085 INFO Parsed 6800000 reads
2023-05-03 15:44:42,793 INFO Parsed 6900000 reads
2023-05-03 15:44:46,409 INFO Parsed 7000000 reads
2023-05-03 15:44:49,991 INFO Parsed 7100000 reads
2023-05-03 15:44:53,496 INFO Parsed 7200000 reads
2023-05-03 15:44:56,969 INFO Parsed 7300000 reads
2023-05-03 15:45:00,312 INFO Parsed 7400000 reads
2023-05-03 15:45:03,639 INFO Parsed 7500000 reads
2023-05-03 15:45:06,997 INFO Parsed 7600000 reads
2023-05-03 15:45:10,320 INFO Parsed 7700000 reads
2023-05-03 15:45:13,653 INFO Parsed 7800000 reads
2023-05-03 15:45:16,977 INFO Parsed 7900000 reads
2023-05-03 15:45:20,312 INFO Parsed 8000000 reads
2023-05-03 15:45:23,645 INFO Parsed 8100000 reads
2023-05-03 15:45:26,976 INFO Parsed 8200000 reads
2023-05-03 15:45:30,297 INFO Parsed 8300000 reads
2023-05-03 15:45:33,632 INFO Parsed 8400000 reads
2023-05-03 15:45:36,977 INFO Parsed 8500000 reads
2023-05-03 15:45:40,311 INFO Parsed 8600000 reads
2023-05-03 15:45:43,627 INFO Parsed 8700000 reads
2023-05-03 15:45:46,944 INFO Parsed 8800000 reads
2023-05-03 15:45:50,259 INFO Parsed 8900000 reads
2023-05-03 15:45:53,571 INFO Parsed 9000000 reads
2023-05-03 15:45:56,895 INFO Parsed 9100000 reads
2023-05-03 15:46:00,224 INFO Parsed 9200000 reads
2023-05-03 15:46:03,623 INFO Parsed 9300000 reads
2023-05-03 15:46:07,014 INFO Parsed 9400000 reads
2023-05-03 15:46:10,403 INFO Parsed 9500000 reads
2023-05-03 15:46:13,800 INFO Parsed 9600000 reads
2023-05-03 15:46:17,298 INFO Parsed 9700000 reads
2023-05-03 15:46:20,778 INFO Parsed 9800000 reads
2023-05-03 15:46:24,508 INFO Parsed 9900000 reads
2023-05-03 15:46:28,226 INFO Parsed 10000000 reads
2023-05-03 15:46:32,006 INFO Parsed 10100000 reads
2023-05-03 15:46:35,712 INFO Parsed 10200000 reads
2023-05-03 15:46:39,298 INFO Parsed 10300000 reads
2023-05-03 15:46:42,737 INFO Parsed 10400000 reads
2023-05-03 15:46:46,240 INFO Parsed 10500000 reads
2023-05-03 15:46:49,862 INFO Parsed 10600000 reads
2023-05-03 15:46:53,396 INFO Parsed 10700000 reads
2023-05-03 15:46:56,873 INFO Parsed 10800000 reads
2023-05-03 15:47:00,637 INFO Parsed 10900000 reads
2023-05-03 15:47:04,266 INFO Parsed 11000000 reads
2023-05-03 15:47:07,918 INFO Parsed 11100000 reads
2023-05-03 15:47:11,505 INFO Parsed 11200000 reads
2023-05-03 15:47:14,962 INFO Parsed 11300000 reads
2023-05-03 15:47:18,466 INFO Parsed 11400000 reads
2023-05-03 15:47:22,012 INFO Parsed 11500000 reads
2023-05-03 15:47:25,612 INFO Parsed 11600000 reads
2023-05-03 15:47:29,151 INFO Parsed 11700000 reads
2023-05-03 15:47:32,896 INFO Parsed 11800000 reads
2023-05-03 15:47:36,555 INFO Parsed 11900000 reads
2023-05-03 15:47:40,127 INFO Parsed 12000000 reads
2023-05-03 15:47:44,133 INFO Parsed 12100000 reads
2023-05-03 15:47:47,888 INFO Parsed 12200000 reads
2023-05-03 15:47:51,641 INFO Parsed 12300000 reads
2023-05-03 15:47:55,378 INFO Parsed 12400000 reads
2023-05-03 15:47:59,144 INFO Parsed 12500000 reads
2023-05-03 15:48:02,806 INFO Parsed 12600000 reads
2023-05-03 15:48:06,318 INFO Parsed 12700000 reads
2023-05-03 15:48:09,838 INFO Parsed 12800000 reads
2023-05-03 15:48:13,488 INFO Parsed 12900000 reads
2023-05-03 15:48:17,128 INFO Parsed 13000000 reads
2023-05-03 15:48:20,737 INFO Parsed 13100000 reads
2023-05-03 15:48:24,188 INFO Parsed 13200000 reads
2023-05-03 15:48:27,586 INFO Parsed 13300000 reads
2023-05-03 15:48:31,119 INFO Parsed 13400000 reads
2023-05-03 15:48:34,647 INFO Parsed 13500000 reads
2023-05-03 15:48:38,127 INFO Parsed 13600000 reads
2023-05-03 15:48:41,524 INFO Parsed 13700000 reads
2023-05-03 15:48:45,145 INFO Parsed 13800000 reads
2023-05-03 15:48:48,745 INFO Parsed 13900000 reads
2023-05-03 15:48:52,295 INFO Parsed 14000000 reads
2023-05-03 15:48:55,905 INFO Parsed 14100000 reads
2023-05-03 15:48:59,506 INFO Parsed 14200000 reads
2023-05-03 15:49:03,103 INFO Parsed 14300000 reads
2023-05-03 15:49:06,702 INFO Parsed 14400000 reads
2023-05-03 15:49:10,320 INFO Parsed 14500000 reads
2023-05-03 15:49:13,999 INFO Parsed 14600000 reads
2023-05-03 15:49:17,665 INFO Parsed 14700000 reads
2023-05-03 15:49:21,308 INFO Parsed 14800000 reads
2023-05-03 15:49:24,967 INFO Parsed 14900000 reads
2023-05-03 15:49:29,870 INFO Parsed 15000000 reads
2023-05-03 15:49:33,523 INFO Parsed 15100000 reads
2023-05-03 15:49:37,189 INFO Parsed 15200000 reads
2023-05-03 15:49:40,840 INFO Parsed 15300000 reads
2023-05-03 15:49:44,388 INFO Parsed 15400000 reads
2023-05-03 15:49:47,915 INFO Parsed 15500000 reads
2023-05-03 15:49:51,456 INFO Parsed 15600000 reads
2023-05-03 15:49:54,931 INFO Parsed 15700000 reads
2023-05-03 15:49:58,309 INFO Parsed 15800000 reads
2023-05-03 15:50:01,725 INFO Parsed 15900000 reads
2023-05-03 15:50:05,132 INFO Parsed 16000000 reads
2023-05-03 15:50:08,487 INFO Parsed 16100000 reads
2023-05-03 15:50:11,851 INFO Parsed 16200000 reads
2023-05-03 15:50:15,307 INFO Parsed 16300000 reads
2023-05-03 15:50:18,709 INFO Parsed 16400000 reads
2023-05-03 15:50:22,042 INFO Parsed 16500000 reads
2023-05-03 15:50:25,382 INFO Parsed 16600000 reads
2023-05-03 15:50:28,718 INFO Parsed 16700000 reads
2023-05-03 15:50:32,035 INFO Parsed 16800000 reads
2023-05-03 15:50:35,361 INFO Parsed 16900000 reads
2023-05-03 15:50:38,791 INFO Parsed 17000000 reads
2023-05-03 15:50:42,136 INFO Parsed 17100000 reads
2023-05-03 15:50:45,463 INFO Parsed 17200000 reads
2023-05-03 15:50:48,799 INFO Parsed 17300000 reads
2023-05-03 15:50:52,117 INFO Parsed 17400000 reads
2023-05-03 15:50:55,444 INFO Parsed 17500000 reads
2023-05-03 15:50:58,776 INFO Parsed 17600000 reads
2023-05-03 15:51:02,116 INFO Parsed 17700000 reads
2023-05-03 15:51:09,115 INFO Parsed 17800000 reads
2023-05-03 15:51:12,419 INFO Parsed 17900000 reads
2023-05-03 15:51:15,729 INFO Parsed 18000000 reads
2023-05-03 15:51:19,049 INFO Parsed 18100000 reads
2023-05-03 15:51:22,360 INFO Parsed 18200000 reads
2023-05-03 15:51:25,656 INFO Parsed 18300000 reads
2023-05-03 15:51:28,954 INFO Parsed 18400000 reads
2023-05-03 15:51:32,314 INFO Parsed 18500000 reads
2023-05-03 15:51:35,624 INFO Parsed 18600000 reads
2023-05-03 15:51:38,948 INFO Parsed 18700000 reads
2023-05-03 15:51:42,257 INFO Parsed 18800000 reads
2023-05-03 15:51:45,557 INFO Parsed 18900000 reads
2023-05-03 15:51:48,868 INFO Parsed 19000000 reads
2023-05-03 15:51:52,207 INFO Parsed 19100000 reads
2023-05-03 15:51:55,747 INFO Parsed 19200000 reads
2023-05-03 15:51:59,188 INFO Parsed 19300000 reads
2023-05-03 15:52:02,547 INFO Parsed 19400000 reads
2023-05-03 15:52:06,003 INFO Parsed 19500000 reads
2023-05-03 15:52:09,568 INFO Parsed 19600000 reads
2023-05-03 15:52:13,208 INFO Parsed 19700000 reads
2023-05-03 15:52:16,803 INFO Parsed 19800000 reads
2023-05-03 15:52:20,557 INFO Parsed 19900000 reads
2023-05-03 15:52:24,209 INFO Parsed 20000000 reads
2023-05-03 15:52:28,502 INFO Parsed 20100000 reads
2023-05-03 15:52:32,184 INFO Parsed 20200000 reads
2023-05-03 15:52:35,875 INFO Parsed 20300000 reads
2023-05-03 15:52:39,339 INFO Parsed 20400000 reads
2023-05-03 15:52:42,797 INFO Parsed 20500000 reads
2023-05-03 15:52:46,226 INFO Parsed 20600000 reads
2023-05-03 15:52:49,644 INFO Parsed 20700000 reads
2023-05-03 15:52:53,632 INFO Parsed 20800000 reads
2023-05-03 15:52:57,150 INFO Parsed 20900000 reads
2023-05-03 15:53:00,550 INFO Parsed 21000000 reads
2023-05-03 15:53:04,119 INFO Parsed 21100000 reads
2023-05-03 15:53:08,061 INFO Parsed 21200000 reads
2023-05-03 15:53:11,900 INFO Parsed 21300000 reads
2023-05-03 15:53:15,787 INFO Parsed 21400000 reads
2023-05-03 15:53:19,366 INFO Parsed 21500000 reads
2023-05-03 15:53:23,356 INFO Parsed 21600000 reads
2023-05-03 15:53:27,473 INFO Parsed 21700000 reads
2023-05-03 15:53:31,342 INFO Parsed 21800000 reads
2023-05-03 15:53:35,206 INFO Parsed 21900000 reads
2023-05-03 15:53:39,460 INFO Parsed 22000000 reads
2023-05-03 15:53:43,802 INFO Parsed 22100000 reads
2023-05-03 15:53:47,721 INFO Parsed 22200000 reads
2023-05-03 15:53:51,488 INFO Parsed 22300000 reads
2023-05-03 15:53:55,353 INFO Parsed 22400000 reads
2023-05-03 15:53:59,368 INFO Parsed 22500000 reads
2023-05-03 15:54:03,496 INFO Parsed 22600000 reads
2023-05-03 15:54:07,487 INFO Parsed 22700000 reads
2023-05-03 15:54:11,158 INFO Parsed 22800000 reads
2023-05-03 15:54:14,593 INFO Parsed 22900000 reads
2023-05-03 15:54:17,972 INFO Parsed 23000000 reads
2023-05-03 15:54:21,381 INFO Parsed 23100000 reads
2023-05-03 15:54:24,849 INFO Parsed 23200000 reads
2023-05-03 15:54:28,175 INFO Parsed 23300000 reads
2023-05-03 15:54:31,485 INFO Parsed 23400000 reads
2023-05-03 15:54:34,822 INFO Parsed 23500000 reads
2023-05-03 15:54:38,176 INFO Parsed 23600000 reads
2023-05-03 15:54:41,508 INFO Parsed 23700000 reads
2023-05-03 15:54:44,849 INFO Parsed 23800000 reads
2023-05-03 15:54:48,172 INFO Parsed 23900000 reads
2023-05-03 15:54:51,513 INFO Parsed 24000000 reads
2023-05-03 15:54:54,867 INFO Parsed 24100000 reads
2023-05-03 15:54:57,005 INFO Input Reads: 24163489
2023-05-03 15:54:57,005 INFO regex matches read1: 20640726
2023-05-03 15:54:57,005 INFO Reads output: 20640726
2023-05-03 15:54:57,005 INFO regex does not match read1: 3522763
# job finished in 887 seconds at Wed May  3 15:54:57 2023 -- 877.20  2.11  0.00  0.00 -- 1ed62a47-8f18-45b0-a1b0-42b671049f4d
[Wed May  3 15:55:02 2023]
Finished job 0.
1 of 1 steps (100%) done
[Wed May  3 15:55:03 2023]
Finished job 0.
1 of 1 steps (100%) done
