Building DAG of jobs...
Using shell: /usr/bin/bash
Provided cores: 8
Rules claiming more threads will be scaled down.
Provided resources: mem_mb=8192, mem_mib=7813, disk_mb=1151, disk_mib=1098
Select jobs to execute...
Building DAG of jobs...
Using shell: /usr/bin/bash
Provided cores: 8
Rules claiming more threads will be scaled down.
Provided resources: mem_mb=8192, mem_mib=7813, disk_mb=1151, disk_mib=1098
Select jobs to execute...

[Wed May  3 15:40:06 2023]
rule extract_umis_single_end:
    input: results/reads/168_MSI_R1.fastq.gz
    output: results/reads/umis/168_MSI_R1.fastq.gz
    log: logs/extract_umis/168_MSI.log
    jobid: 0
    reason: Missing output files: results/reads/umis/168_MSI_R1.fastq.gz
    wildcards: sample=168_MSI
    threads: 8
    resources: mem_mb=8192, mem_mib=7813, disk_mb=1151, disk_mib=1098, tmpdir=/tmp, runtime=60

# UMI-tools version: 1.1.4
# output generated by extract --random-seed 1234 --extract-method=regex --bc-pattern=(?P<umi_1>.{6})(?P<discard_1>TATA).* -I results/reads/168_MSI_R1.fastq.gz -S results/reads/umis/168_MSI_R1.fastq.gz
# job started at Wed May  3 15:40:07 2023 on bc007 -- fd75b3fc-2d73-429b-a212-bc20caf5aafb
# pid: 1292850, system: Linux 4.18.0-193.19.1.el8_2.x86_64 #1 SMP Mon Sep 14 14:37:00 UTC 2020 x86_64
# blacklist                               : None
# compresslevel                           : 6
# correct_umi_threshold                   : 0
# either_read                             : False
# either_read_resolve                     : discard
# error_correct_cell                      : False
# extract_method                          : regex
# filter_cell_barcode                     : None
# filter_cell_barcodes                    : False
# filter_umi                              : None
# filtered_out                            : None
# filtered_out2                           : None
# ignore_suffix                           : False
# log2stderr                              : False
# loglevel                                : 1
# pattern                                 : (?P<umi_1>.{6})(?P<discard_1>TATA).*
# pattern2                                : None
# prime3                                  : None
# quality_encoding                        : None
# quality_filter_mask                     : None
# quality_filter_threshold                : None
# random_seed                             : 1234
# read2_in                                : None
# read2_out                               : False
# read2_stdout                            : False
# reads_subset                            : None
# reconcile                               : False
# retain_umi                              : None
# short_help                              : None
# stderr                                  : <_io.TextIOWrapper name='<stderr>' mode='w' encoding='utf-8'>
# stdin                                   : <_io.TextIOWrapper name='results/reads/168_MSI_R1.fastq.gz' encoding='ascii'>
# stdlog                                  : <_io.TextIOWrapper name='<stdout>' mode='w' encoding='utf-8'>
# stdout                                  : <_io.TextIOWrapper name='results/reads/umis/168_MSI_R1.fastq.gz' encoding='ascii'>
# timeit_file                             : None
# timeit_header                           : None
# timeit_name                             : all
# tmpdir                                  : None
# umi_correct_log                         : None
# umi_separator                           : _
# umi_whitelist                           : None
# umi_whitelist_paired                    : None
# whitelist                               : None
2023-05-03 15:40:07,785 INFO Starting barcode extraction
2023-05-03 15:40:11,198 INFO Parsed 100000 reads
2023-05-03 15:40:14,559 INFO Parsed 200000 reads
2023-05-03 15:40:17,941 INFO Parsed 300000 reads
2023-05-03 15:40:21,305 INFO Parsed 400000 reads
2023-05-03 15:40:24,680 INFO Parsed 500000 reads
2023-05-03 15:40:28,039 INFO Parsed 600000 reads
2023-05-03 15:40:31,427 INFO Parsed 700000 reads
2023-05-03 15:40:34,805 INFO Parsed 800000 reads
2023-05-03 15:40:38,144 INFO Parsed 900000 reads
2023-05-03 15:40:41,483 INFO Parsed 1000000 reads
2023-05-03 15:40:44,814 INFO Parsed 1100000 reads
2023-05-03 15:40:48,139 INFO Parsed 1200000 reads
2023-05-03 15:40:51,473 INFO Parsed 1300000 reads
2023-05-03 15:40:54,816 INFO Parsed 1400000 reads
2023-05-03 15:40:58,180 INFO Parsed 1500000 reads
2023-05-03 15:41:01,533 INFO Parsed 1600000 reads
2023-05-03 15:41:04,889 INFO Parsed 1700000 reads
2023-05-03 15:41:08,232 INFO Parsed 1800000 reads
2023-05-03 15:41:11,584 INFO Parsed 1900000 reads
2023-05-03 15:41:14,937 INFO Parsed 2000000 reads
2023-05-03 15:41:18,341 INFO Parsed 2100000 reads
2023-05-03 15:41:21,680 INFO Parsed 2200000 reads
2023-05-03 15:41:25,011 INFO Parsed 2300000 reads
2023-05-03 15:41:28,352 INFO Parsed 2400000 reads
2023-05-03 15:41:31,699 INFO Parsed 2500000 reads
2023-05-03 15:41:35,038 INFO Parsed 2600000 reads
2023-05-03 15:41:38,391 INFO Parsed 2700000 reads
2023-05-03 15:41:41,751 INFO Parsed 2800000 reads
2023-05-03 15:41:45,103 INFO Parsed 2900000 reads
2023-05-03 15:41:48,438 INFO Parsed 3000000 reads
2023-05-03 15:41:51,788 INFO Parsed 3100000 reads
2023-05-03 15:41:55,127 INFO Parsed 3200000 reads
2023-05-03 15:41:58,774 INFO Parsed 3300000 reads
2023-05-03 15:42:02,137 INFO Parsed 3400000 reads
2023-05-03 15:42:05,553 INFO Parsed 3500000 reads
2023-05-03 15:42:08,907 INFO Parsed 3600000 reads
2023-05-03 15:42:12,247 INFO Parsed 3700000 reads
2023-05-03 15:42:15,575 INFO Parsed 3800000 reads
2023-05-03 15:42:18,917 INFO Parsed 3900000 reads
2023-05-03 15:42:22,247 INFO Parsed 4000000 reads
2023-05-03 15:42:25,583 INFO Parsed 4100000 reads
2023-05-03 15:42:28,914 INFO Parsed 4200000 reads
2023-05-03 15:42:32,270 INFO Parsed 4300000 reads
2023-05-03 15:42:35,708 INFO Parsed 4400000 reads
2023-05-03 15:42:39,073 INFO Parsed 4500000 reads
2023-05-03 15:42:42,436 INFO Parsed 4600000 reads
2023-05-03 15:42:45,807 INFO Parsed 4700000 reads
2023-05-03 15:42:49,149 INFO Parsed 4800000 reads
2023-05-03 15:42:52,496 INFO Parsed 4900000 reads
2023-05-03 15:42:55,846 INFO Parsed 5000000 reads
2023-05-03 15:42:59,197 INFO Parsed 5100000 reads
2023-05-03 15:43:02,541 INFO Parsed 5200000 reads
2023-05-03 15:43:05,886 INFO Parsed 5300000 reads
2023-05-03 15:43:09,224 INFO Parsed 5400000 reads
2023-05-03 15:43:12,567 INFO Parsed 5500000 reads
2023-05-03 15:43:15,906 INFO Parsed 5600000 reads
2023-05-03 15:43:19,250 INFO Parsed 5700000 reads
2023-05-03 15:43:22,599 INFO Parsed 5800000 reads
2023-05-03 15:43:25,949 INFO Parsed 5900000 reads
2023-05-03 15:43:29,293 INFO Parsed 6000000 reads
2023-05-03 15:43:32,637 INFO Parsed 6100000 reads
2023-05-03 15:43:35,986 INFO Parsed 6200000 reads
2023-05-03 15:43:39,323 INFO Parsed 6300000 reads
2023-05-03 15:43:42,655 INFO Parsed 6400000 reads
2023-05-03 15:43:47,481 INFO Parsed 6500000 reads
2023-05-03 15:43:50,821 INFO Parsed 6600000 reads
2023-05-03 15:43:54,182 INFO Parsed 6700000 reads
2023-05-03 15:43:57,521 INFO Parsed 6800000 reads
2023-05-03 15:44:00,851 INFO Parsed 6900000 reads
2023-05-03 15:44:04,187 INFO Parsed 7000000 reads
2023-05-03 15:44:07,523 INFO Parsed 7100000 reads
2023-05-03 15:44:10,868 INFO Parsed 7200000 reads
2023-05-03 15:44:14,205 INFO Parsed 7300000 reads
2023-05-03 15:44:17,547 INFO Parsed 7400000 reads
2023-05-03 15:44:20,886 INFO Parsed 7500000 reads
2023-05-03 15:44:24,231 INFO Parsed 7600000 reads
2023-05-03 15:44:27,568 INFO Parsed 7700000 reads
2023-05-03 15:44:30,895 INFO Parsed 7800000 reads
2023-05-03 15:44:34,248 INFO Parsed 7900000 reads
2023-05-03 15:44:37,605 INFO Parsed 8000000 reads
2023-05-03 15:44:40,950 INFO Parsed 8100000 reads
2023-05-03 15:44:44,318 INFO Parsed 8200000 reads
2023-05-03 15:44:47,678 INFO Parsed 8300000 reads
2023-05-03 15:44:51,024 INFO Parsed 8400000 reads
2023-05-03 15:44:54,390 INFO Parsed 8500000 reads
2023-05-03 15:44:57,772 INFO Parsed 8600000 reads
2023-05-03 15:45:01,117 INFO Parsed 8700000 reads
2023-05-03 15:45:04,467 INFO Parsed 8800000 reads
2023-05-03 15:45:07,811 INFO Parsed 8900000 reads
2023-05-03 15:45:11,156 INFO Parsed 9000000 reads
2023-05-03 15:45:14,563 INFO Parsed 9100000 reads
2023-05-03 15:45:18,026 INFO Parsed 9200000 reads
2023-05-03 15:45:21,422 INFO Parsed 9300000 reads
2023-05-03 15:45:24,792 INFO Parsed 9400000 reads
2023-05-03 15:45:28,145 INFO Parsed 9500000 reads
2023-05-03 15:45:31,481 INFO Parsed 9600000 reads
2023-05-03 15:45:34,825 INFO Parsed 9700000 reads
2023-05-03 15:45:38,170 INFO Parsed 9800000 reads
2023-05-03 15:45:41,524 INFO Parsed 9900000 reads
2023-05-03 15:45:44,863 INFO Parsed 10000000 reads
2023-05-03 15:45:48,211 INFO Parsed 10100000 reads
2023-05-03 15:45:51,532 INFO Parsed 10200000 reads
2023-05-03 15:45:54,863 INFO Parsed 10300000 reads
2023-05-03 15:45:58,209 INFO Parsed 10400000 reads
2023-05-03 15:46:01,556 INFO Parsed 10500000 reads
2023-05-03 15:46:04,949 INFO Parsed 10600000 reads
2023-05-03 15:46:08,351 INFO Parsed 10700000 reads
2023-05-03 15:46:11,773 INFO Parsed 10800000 reads
2023-05-03 15:46:15,167 INFO Parsed 10900000 reads
2023-05-03 15:46:18,622 INFO Parsed 11000000 reads
2023-05-03 15:46:22,086 INFO Parsed 11100000 reads
2023-05-03 15:46:25,495 INFO Parsed 11200000 reads
2023-05-03 15:46:28,911 INFO Parsed 11300000 reads
2023-05-03 15:46:32,344 INFO Parsed 11400000 reads
2023-05-03 15:46:35,730 INFO Parsed 11500000 reads
2023-05-03 15:46:39,065 INFO Parsed 11600000 reads
2023-05-03 15:46:42,420 INFO Parsed 11700000 reads
2023-05-03 15:46:42,494 INFO Input Reads: 11702110
2023-05-03 15:46:42,494 INFO regex matches read1: 10220479
2023-05-03 15:46:42,494 INFO Reads output: 10220479
2023-05-03 15:46:42,494 INFO regex does not match read1: 1481631
# job finished in 394 seconds at Wed May  3 15:46:42 2023 -- 392.64  1.49  0.00  0.00 -- fd75b3fc-2d73-429b-a212-bc20caf5aafb
[Wed May  3 15:46:42 2023]
Finished job 0.
1 of 1 steps (100%) done
[Wed May  3 15:46:43 2023]
Finished job 0.
1 of 1 steps (100%) done
