Building DAG of jobs...
Using shell: /usr/bin/bash
Provided cores: 8
Rules claiming more threads will be scaled down.
Provided resources: mem_mb=8192, mem_mib=7813, disk_mb=1727, disk_mib=1647
Select jobs to execute...
Building DAG of jobs...
Using shell: /usr/bin/bash
Provided cores: 8
Rules claiming more threads will be scaled down.
Provided resources: mem_mb=8192, mem_mib=7813, disk_mb=1727, disk_mib=1647
Select jobs to execute...

[Thu May  4 15:22:23 2023]
rule extract_umis_single_end:
    input: results/reads/120_MSI_R1.fastq.gz
    output: results/reads/umis/120_MSI_R1.fastq.gz
    log: logs/extract_umis/120_MSI.log
    jobid: 0
    reason: Missing output files: results/reads/umis/120_MSI_R1.fastq.gz
    wildcards: sample=120_MSI
    threads: 8
    resources: mem_mb=8192, mem_mib=7813, disk_mb=1727, disk_mib=1647, tmpdir=/tmp, runtime=60

# UMI-tools version: 1.1.4
# output generated by extract --random-seed 1234 --extract-method=regex --bc-pattern=(?P<umi_1>.{6})(?P<discard_1>TATA).* -I results/reads/120_MSI_R1.fastq.gz -S results/reads/umis/120_MSI_R1.fastq.gz
# job started at Thu May  4 15:22:25 2023 on bc006 -- d5b4f1c4-26a7-42a9-9990-6d303985a4b6
# pid: 458423, system: Linux 4.18.0-193.19.1.el8_2.x86_64 #1 SMP Mon Sep 14 14:37:00 UTC 2020 x86_64
# blacklist                               : None
# compresslevel                           : 6
# correct_umi_threshold                   : 0
# either_read                             : False
# either_read_resolve                     : discard
# error_correct_cell                      : False
# extract_method                          : regex
# filter_cell_barcode                     : None
# filter_cell_barcodes                    : False
# filter_umi                              : None
# filtered_out                            : None
# filtered_out2                           : None
# ignore_suffix                           : False
# log2stderr                              : False
# loglevel                                : 1
# pattern                                 : (?P<umi_1>.{6})(?P<discard_1>TATA).*
# pattern2                                : None
# prime3                                  : None
# quality_encoding                        : None
# quality_filter_mask                     : None
# quality_filter_threshold                : None
# random_seed                             : 1234
# read2_in                                : None
# read2_out                               : False
# read2_stdout                            : False
# reads_subset                            : None
# reconcile                               : False
# retain_umi                              : None
# short_help                              : None
# stderr                                  : <_io.TextIOWrapper name='<stderr>' mode='w' encoding='utf-8'>
# stdin                                   : <_io.TextIOWrapper name='results/reads/120_MSI_R1.fastq.gz' encoding='ascii'>
# stdlog                                  : <_io.TextIOWrapper name='<stdout>' mode='w' encoding='utf-8'>
# stdout                                  : <_io.TextIOWrapper name='results/reads/umis/120_MSI_R1.fastq.gz' encoding='ascii'>
# timeit_file                             : None
# timeit_header                           : None
# timeit_name                             : all
# tmpdir                                  : None
# umi_correct_log                         : None
# umi_separator                           : _
# umi_whitelist                           : None
# umi_whitelist_paired                    : None
# whitelist                               : None
2023-05-04 15:22:25,246 INFO Starting barcode extraction
2023-05-04 15:22:28,714 INFO Parsed 100000 reads
2023-05-04 15:22:32,215 INFO Parsed 200000 reads
2023-05-04 15:22:35,970 INFO Parsed 300000 reads
2023-05-04 15:22:39,499 INFO Parsed 400000 reads
2023-05-04 15:22:42,998 INFO Parsed 500000 reads
2023-05-04 15:22:46,483 INFO Parsed 600000 reads
2023-05-04 15:22:49,959 INFO Parsed 700000 reads
2023-05-04 15:22:53,728 INFO Parsed 800000 reads
2023-05-04 15:22:57,673 INFO Parsed 900000 reads
2023-05-04 15:23:01,785 INFO Parsed 1000000 reads
2023-05-04 15:23:05,900 INFO Parsed 1100000 reads
2023-05-04 15:23:09,963 INFO Parsed 1200000 reads
2023-05-04 15:23:13,946 INFO Parsed 1300000 reads
2023-05-04 15:23:17,843 INFO Parsed 1400000 reads
2023-05-04 15:23:21,693 INFO Parsed 1500000 reads
2023-05-04 15:23:25,612 INFO Parsed 1600000 reads
2023-05-04 15:23:29,533 INFO Parsed 1700000 reads
2023-05-04 15:23:33,472 INFO Parsed 1800000 reads
2023-05-04 15:23:37,289 INFO Parsed 1900000 reads
2023-05-04 15:23:41,211 INFO Parsed 2000000 reads
2023-05-04 15:23:45,203 INFO Parsed 2100000 reads
2023-05-04 15:23:49,093 INFO Parsed 2200000 reads
2023-05-04 15:23:52,847 INFO Parsed 2300000 reads
2023-05-04 15:23:56,377 INFO Parsed 2400000 reads
2023-05-04 15:23:59,884 INFO Parsed 2500000 reads
2023-05-04 15:24:03,443 INFO Parsed 2600000 reads
2023-05-04 15:24:06,972 INFO Parsed 2700000 reads
2023-05-04 15:24:10,612 INFO Parsed 2800000 reads
2023-05-04 15:24:14,560 INFO Parsed 2900000 reads
2023-05-04 15:24:18,435 INFO Parsed 3000000 reads
2023-05-04 15:24:21,989 INFO Parsed 3100000 reads
2023-05-04 15:24:25,511 INFO Parsed 3200000 reads
2023-05-04 15:24:29,021 INFO Parsed 3300000 reads
2023-05-04 15:24:32,547 INFO Parsed 3400000 reads
2023-05-04 15:24:36,054 INFO Parsed 3500000 reads
2023-05-04 15:24:39,527 INFO Parsed 3600000 reads
2023-05-04 15:24:43,017 INFO Parsed 3700000 reads
2023-05-04 15:24:46,517 INFO Parsed 3800000 reads
2023-05-04 15:24:50,048 INFO Parsed 3900000 reads
2023-05-04 15:24:53,535 INFO Parsed 4000000 reads
2023-05-04 15:24:57,026 INFO Parsed 4100000 reads
2023-05-04 15:25:00,525 INFO Parsed 4200000 reads
2023-05-04 15:25:04,030 INFO Parsed 4300000 reads
2023-05-04 15:25:07,631 INFO Parsed 4400000 reads
2023-05-04 15:25:11,512 INFO Parsed 4500000 reads
2023-05-04 15:25:16,413 INFO Parsed 4600000 reads
2023-05-04 15:25:21,818 INFO Parsed 4700000 reads
2023-05-04 15:25:27,298 INFO Parsed 4800000 reads
2023-05-04 15:25:32,872 INFO Parsed 4900000 reads
2023-05-04 15:25:38,341 INFO Parsed 5000000 reads
2023-05-04 15:25:43,912 INFO Parsed 5100000 reads
2023-05-04 15:25:49,381 INFO Parsed 5200000 reads
2023-05-04 15:25:54,834 INFO Parsed 5300000 reads
2023-05-04 15:26:00,191 INFO Parsed 5400000 reads
2023-05-04 15:26:05,566 INFO Parsed 5500000 reads
2023-05-04 15:26:10,677 INFO Parsed 5600000 reads
2023-05-04 15:26:15,420 INFO Parsed 5700000 reads
2023-05-04 15:26:19,762 INFO Parsed 5800000 reads
2023-05-04 15:26:23,614 INFO Parsed 5900000 reads
2023-05-04 15:26:27,226 INFO Parsed 6000000 reads
2023-05-04 15:26:30,701 INFO Parsed 6100000 reads
2023-05-04 15:26:34,183 INFO Parsed 6200000 reads
2023-05-04 15:26:37,677 INFO Parsed 6300000 reads
2023-05-04 15:26:41,388 INFO Parsed 6400000 reads
2023-05-04 15:26:45,053 INFO Parsed 6500000 reads
2023-05-04 15:26:48,682 INFO Parsed 6600000 reads
2023-05-04 15:26:52,284 INFO Parsed 6700000 reads
2023-05-04 15:26:56,186 INFO Parsed 6800000 reads
2023-05-04 15:27:00,151 INFO Parsed 6900000 reads
2023-05-04 15:27:03,831 INFO Parsed 7000000 reads
2023-05-04 15:27:07,545 INFO Parsed 7100000 reads
2023-05-04 15:27:11,211 INFO Parsed 7200000 reads
2023-05-04 15:27:14,851 INFO Parsed 7300000 reads
2023-05-04 15:27:18,482 INFO Parsed 7400000 reads
2023-05-04 15:27:22,074 INFO Parsed 7500000 reads
2023-05-04 15:27:25,581 INFO Parsed 7600000 reads
2023-05-04 15:27:29,033 INFO Parsed 7700000 reads
2023-05-04 15:27:32,521 INFO Parsed 7800000 reads
2023-05-04 15:27:36,061 INFO Parsed 7900000 reads
2023-05-04 15:27:39,544 INFO Parsed 8000000 reads
2023-05-04 15:27:43,019 INFO Parsed 8100000 reads
2023-05-04 15:27:46,497 INFO Parsed 8200000 reads
2023-05-04 15:27:49,970 INFO Parsed 8300000 reads
2023-05-04 15:27:53,436 INFO Parsed 8400000 reads
2023-05-04 15:27:56,975 INFO Parsed 8500000 reads
2023-05-04 15:28:00,555 INFO Parsed 8600000 reads
2023-05-04 15:28:04,414 INFO Parsed 8700000 reads
2023-05-04 15:28:08,038 INFO Parsed 8800000 reads
2023-05-04 15:28:11,521 INFO Parsed 8900000 reads
2023-05-04 15:28:15,015 INFO Parsed 9000000 reads
2023-05-04 15:28:18,503 INFO Parsed 9100000 reads
2023-05-04 15:28:21,994 INFO Parsed 9200000 reads
2023-05-04 15:28:25,475 INFO Parsed 9300000 reads
2023-05-04 15:28:29,022 INFO Parsed 9400000 reads
2023-05-04 15:28:32,553 INFO Parsed 9500000 reads
2023-05-04 15:28:36,033 INFO Parsed 9600000 reads
2023-05-04 15:28:39,508 INFO Parsed 9700000 reads
2023-05-04 15:28:42,975 INFO Parsed 9800000 reads
2023-05-04 15:28:46,465 INFO Parsed 9900000 reads
2023-05-04 15:28:49,960 INFO Parsed 10000000 reads
2023-05-04 15:28:53,442 INFO Parsed 10100000 reads
2023-05-04 15:28:56,911 INFO Parsed 10200000 reads
2023-05-04 15:29:00,821 INFO Parsed 10300000 reads
2023-05-04 15:29:04,598 INFO Parsed 10400000 reads
2023-05-04 15:29:08,178 INFO Parsed 10500000 reads
2023-05-04 15:29:11,743 INFO Parsed 10600000 reads
2023-05-04 15:29:15,232 INFO Parsed 10700000 reads
2023-05-04 15:29:18,705 INFO Parsed 10800000 reads
2023-05-04 15:29:22,607 INFO Parsed 10900000 reads
2023-05-04 15:29:26,751 INFO Parsed 11000000 reads
2023-05-04 15:29:30,835 INFO Parsed 11100000 reads
2023-05-04 15:29:34,707 INFO Parsed 11200000 reads
2023-05-04 15:29:38,813 INFO Parsed 11300000 reads
2023-05-04 15:29:42,518 INFO Parsed 11400000 reads
2023-05-04 15:29:46,007 INFO Parsed 11500000 reads
2023-05-04 15:29:49,486 INFO Parsed 11600000 reads
2023-05-04 15:29:53,129 INFO Parsed 11700000 reads
2023-05-04 15:29:57,565 INFO Parsed 11800000 reads
2023-05-04 15:30:01,595 INFO Parsed 11900000 reads
2023-05-04 15:30:05,509 INFO Parsed 12000000 reads
2023-05-04 15:30:09,311 INFO Parsed 12100000 reads
2023-05-04 15:30:13,316 INFO Parsed 12200000 reads
2023-05-04 15:30:17,245 INFO Parsed 12300000 reads
2023-05-04 15:30:21,041 INFO Parsed 12400000 reads
2023-05-04 15:30:24,879 INFO Parsed 12500000 reads
2023-05-04 15:30:28,492 INFO Parsed 12600000 reads
2023-05-04 15:30:32,048 INFO Parsed 12700000 reads
2023-05-04 15:30:35,681 INFO Parsed 12800000 reads
2023-05-04 15:30:39,495 INFO Parsed 12900000 reads
2023-05-04 15:30:43,075 INFO Parsed 13000000 reads
2023-05-04 15:30:46,874 INFO Parsed 13100000 reads
2023-05-04 15:30:50,494 INFO Parsed 13200000 reads
2023-05-04 15:30:54,200 INFO Parsed 13300000 reads
2023-05-04 15:30:57,915 INFO Parsed 13400000 reads
2023-05-04 15:31:01,574 INFO Parsed 13500000 reads
2023-05-04 15:31:05,357 INFO Parsed 13600000 reads
2023-05-04 15:31:09,009 INFO Parsed 13700000 reads
2023-05-04 15:31:12,863 INFO Parsed 13800000 reads
2023-05-04 15:31:16,686 INFO Parsed 13900000 reads
2023-05-04 15:31:20,479 INFO Parsed 14000000 reads
2023-05-04 15:31:24,115 INFO Parsed 14100000 reads
2023-05-04 15:31:27,826 INFO Parsed 14200000 reads
2023-05-04 15:31:31,359 INFO Parsed 14300000 reads
2023-05-04 15:31:34,952 INFO Parsed 14400000 reads
2023-05-04 15:31:38,541 INFO Parsed 14500000 reads
2023-05-04 15:31:42,034 INFO Parsed 14600000 reads
2023-05-04 15:31:45,521 INFO Parsed 14700000 reads
2023-05-04 15:31:48,954 INFO Parsed 14800000 reads
2023-05-04 15:31:52,394 INFO Parsed 14900000 reads
2023-05-04 15:31:55,820 INFO Parsed 15000000 reads
2023-05-04 15:31:59,279 INFO Parsed 15100000 reads
2023-05-04 15:32:02,737 INFO Parsed 15200000 reads
2023-05-04 15:32:06,204 INFO Parsed 15300000 reads
2023-05-04 15:32:10,130 INFO Parsed 15400000 reads
2023-05-04 15:32:13,627 INFO Parsed 15500000 reads
2023-05-04 15:32:17,177 INFO Parsed 15600000 reads
2023-05-04 15:32:20,667 INFO Parsed 15700000 reads
2023-05-04 15:32:24,099 INFO Parsed 15800000 reads
2023-05-04 15:32:27,568 INFO Parsed 15900000 reads
2023-05-04 15:32:31,026 INFO Parsed 16000000 reads
2023-05-04 15:32:34,485 INFO Parsed 16100000 reads
2023-05-04 15:32:37,986 INFO Parsed 16200000 reads
2023-05-04 15:32:41,473 INFO Parsed 16300000 reads
2023-05-04 15:32:44,964 INFO Parsed 16400000 reads
2023-05-04 15:32:48,439 INFO Parsed 16500000 reads
2023-05-04 15:32:50,928 INFO Input Reads: 16571568
2023-05-04 15:32:50,928 INFO regex matches read1: 13994643
2023-05-04 15:32:50,928 INFO Reads output: 13994643
2023-05-04 15:32:50,928 INFO regex does not match read1: 2576925
# job finished in 625 seconds at Thu May  4 15:32:50 2023 -- 623.21  1.72  0.00  0.00 -- d5b4f1c4-26a7-42a9-9990-6d303985a4b6
[Thu May  4 15:32:51 2023]
Finished job 0.
1 of 1 steps (100%) done
[Thu May  4 15:32:52 2023]
Finished job 0.
1 of 1 steps (100%) done
