Building DAG of jobs...
Using shell: /usr/bin/bash
Provided cores: 8
Rules claiming more threads will be scaled down.
Provided resources: mem_mb=8192, mem_mib=7813, disk_mb=1000, disk_mib=954
Select jobs to execute...
Building DAG of jobs...
Using shell: /usr/bin/bash
Provided cores: 8
Rules claiming more threads will be scaled down.
Provided resources: mem_mb=8192, mem_mib=7813, disk_mb=1000, disk_mib=954
Select jobs to execute...

[Thu May  4 15:22:23 2023]
rule extract_umis_single_end:
    input: results/reads/187_MSI_R1.fastq.gz
    output: results/reads/umis/187_MSI_R1.fastq.gz
    log: logs/extract_umis/187_MSI.log
    jobid: 0
    reason: Missing output files: results/reads/umis/187_MSI_R1.fastq.gz
    wildcards: sample=187_MSI
    threads: 8
    resources: mem_mb=8192, mem_mib=7813, disk_mb=1000, disk_mib=954, tmpdir=/tmp, runtime=60

# UMI-tools version: 1.1.4
# output generated by extract --random-seed 1234 --extract-method=regex --bc-pattern=(?P<umi_1>.{6})(?P<discard_1>TATA).* -I results/reads/187_MSI_R1.fastq.gz -S results/reads/umis/187_MSI_R1.fastq.gz
# job started at Thu May  4 15:22:25 2023 on bc002 -- c4955852-2e42-4fea-9c10-7f771185d358
# pid: 2312849, system: Linux 4.18.0-193.19.1.el8_2.x86_64 #1 SMP Mon Sep 14 14:37:00 UTC 2020 x86_64
# blacklist                               : None
# compresslevel                           : 6
# correct_umi_threshold                   : 0
# either_read                             : False
# either_read_resolve                     : discard
# error_correct_cell                      : False
# extract_method                          : regex
# filter_cell_barcode                     : None
# filter_cell_barcodes                    : False
# filter_umi                              : None
# filtered_out                            : None
# filtered_out2                           : None
# ignore_suffix                           : False
# log2stderr                              : False
# loglevel                                : 1
# pattern                                 : (?P<umi_1>.{6})(?P<discard_1>TATA).*
# pattern2                                : None
# prime3                                  : None
# quality_encoding                        : None
# quality_filter_mask                     : None
# quality_filter_threshold                : None
# random_seed                             : 1234
# read2_in                                : None
# read2_out                               : False
# read2_stdout                            : False
# reads_subset                            : None
# reconcile                               : False
# retain_umi                              : None
# short_help                              : None
# stderr                                  : <_io.TextIOWrapper name='<stderr>' mode='w' encoding='utf-8'>
# stdin                                   : <_io.TextIOWrapper name='results/reads/187_MSI_R1.fastq.gz' encoding='ascii'>
# stdlog                                  : <_io.TextIOWrapper name='<stdout>' mode='w' encoding='utf-8'>
# stdout                                  : <_io.TextIOWrapper name='results/reads/umis/187_MSI_R1.fastq.gz' encoding='ascii'>
# timeit_file                             : None
# timeit_header                           : None
# timeit_name                             : all
# tmpdir                                  : None
# umi_correct_log                         : None
# umi_separator                           : _
# umi_whitelist                           : None
# umi_whitelist_paired                    : None
# whitelist                               : None
2023-05-04 15:22:25,176 INFO Starting barcode extraction
2023-05-04 15:22:28,578 INFO Parsed 100000 reads
2023-05-04 15:22:31,970 INFO Parsed 200000 reads
2023-05-04 15:22:35,375 INFO Parsed 300000 reads
2023-05-04 15:22:38,765 INFO Parsed 400000 reads
2023-05-04 15:22:42,167 INFO Parsed 500000 reads
2023-05-04 15:22:45,564 INFO Parsed 600000 reads
2023-05-04 15:22:48,965 INFO Parsed 700000 reads
2023-05-04 15:22:52,361 INFO Parsed 800000 reads
2023-05-04 15:22:55,758 INFO Parsed 900000 reads
2023-05-04 15:22:59,151 INFO Parsed 1000000 reads
2023-05-04 15:23:02,553 INFO Parsed 1100000 reads
2023-05-04 15:23:05,954 INFO Parsed 1200000 reads
2023-05-04 15:23:09,578 INFO Parsed 1300000 reads
2023-05-04 15:23:13,256 INFO Parsed 1400000 reads
2023-05-04 15:23:16,662 INFO Parsed 1500000 reads
2023-05-04 15:23:20,057 INFO Parsed 1600000 reads
2023-05-04 15:23:23,460 INFO Parsed 1700000 reads
2023-05-04 15:23:26,862 INFO Parsed 1800000 reads
2023-05-04 15:23:30,264 INFO Parsed 1900000 reads
2023-05-04 15:23:33,654 INFO Parsed 2000000 reads
2023-05-04 15:23:37,060 INFO Parsed 2100000 reads
2023-05-04 15:23:40,460 INFO Parsed 2200000 reads
2023-05-04 15:23:43,854 INFO Parsed 2300000 reads
2023-05-04 15:23:47,313 INFO Parsed 2400000 reads
2023-05-04 15:23:50,704 INFO Parsed 2500000 reads
2023-05-04 15:23:54,085 INFO Parsed 2600000 reads
2023-05-04 15:23:57,486 INFO Parsed 2700000 reads
2023-05-04 15:24:00,886 INFO Parsed 2800000 reads
2023-05-04 15:24:04,288 INFO Parsed 2900000 reads
2023-05-04 15:24:05,586 INFO Input Reads: 2938289
2023-05-04 15:24:05,586 INFO regex matches read1: 2561400
2023-05-04 15:24:05,586 INFO Reads output: 2561400
2023-05-04 15:24:05,586 INFO regex does not match read1: 376889
# job finished in 100 seconds at Thu May  4 15:24:05 2023 -- 101.23  1.22  0.00  0.00 -- c4955852-2e42-4fea-9c10-7f771185d358
[Thu May  4 15:24:05 2023]
Finished job 0.
1 of 1 steps (100%) done
[Thu May  4 15:24:06 2023]
Finished job 0.
1 of 1 steps (100%) done
