Building DAG of jobs...
Using shell: /usr/bin/bash
Provided cores: 8
Rules claiming more threads will be scaled down.
Provided resources: mem_mb=8192, mem_mib=7813, disk_mb=1517, disk_mib=1447
Select jobs to execute...
Building DAG of jobs...
Using shell: /usr/bin/bash
Provided cores: 8
Rules claiming more threads will be scaled down.
Provided resources: mem_mb=8192, mem_mib=7813, disk_mb=1517, disk_mib=1447
Select jobs to execute...

[Thu May  4 15:22:23 2023]
rule extract_umis_single_end:
    input: results/reads/183_MSI_R1.fastq.gz
    output: results/reads/umis/183_MSI_R1.fastq.gz
    log: logs/extract_umis/183_MSI.log
    jobid: 0
    reason: Missing output files: results/reads/umis/183_MSI_R1.fastq.gz
    wildcards: sample=183_MSI
    threads: 8
    resources: mem_mb=8192, mem_mib=7813, disk_mb=1517, disk_mib=1447, tmpdir=/tmp, runtime=60

# UMI-tools version: 1.1.4
# output generated by extract --random-seed 1234 --extract-method=regex --bc-pattern=(?P<umi_1>.{6})(?P<discard_1>TATA).* -I results/reads/183_MSI_R1.fastq.gz -S results/reads/umis/183_MSI_R1.fastq.gz
# job started at Thu May  4 15:22:25 2023 on bc002 -- a2799981-b651-4fb2-9021-faec8ef45941
# pid: 2312826, system: Linux 4.18.0-193.19.1.el8_2.x86_64 #1 SMP Mon Sep 14 14:37:00 UTC 2020 x86_64
# blacklist                               : None
# compresslevel                           : 6
# correct_umi_threshold                   : 0
# either_read                             : False
# either_read_resolve                     : discard
# error_correct_cell                      : False
# extract_method                          : regex
# filter_cell_barcode                     : None
# filter_cell_barcodes                    : False
# filter_umi                              : None
# filtered_out                            : None
# filtered_out2                           : None
# ignore_suffix                           : False
# log2stderr                              : False
# loglevel                                : 1
# pattern                                 : (?P<umi_1>.{6})(?P<discard_1>TATA).*
# pattern2                                : None
# prime3                                  : None
# quality_encoding                        : None
# quality_filter_mask                     : None
# quality_filter_threshold                : None
# random_seed                             : 1234
# read2_in                                : None
# read2_out                               : False
# read2_stdout                            : False
# reads_subset                            : None
# reconcile                               : False
# retain_umi                              : None
# short_help                              : None
# stderr                                  : <_io.TextIOWrapper name='<stderr>' mode='w' encoding='utf-8'>
# stdin                                   : <_io.TextIOWrapper name='results/reads/183_MSI_R1.fastq.gz' encoding='ascii'>
# stdlog                                  : <_io.TextIOWrapper name='<stdout>' mode='w' encoding='utf-8'>
# stdout                                  : <_io.TextIOWrapper name='results/reads/umis/183_MSI_R1.fastq.gz' encoding='ascii'>
# timeit_file                             : None
# timeit_header                           : None
# timeit_name                             : all
# tmpdir                                  : None
# umi_correct_log                         : None
# umi_separator                           : _
# umi_whitelist                           : None
# umi_whitelist_paired                    : None
# whitelist                               : None
2023-05-04 15:22:25,246 INFO Starting barcode extraction
2023-05-04 15:22:28,513 INFO Parsed 100000 reads
2023-05-04 15:22:31,698 INFO Parsed 200000 reads
2023-05-04 15:22:34,890 INFO Parsed 300000 reads
2023-05-04 15:22:38,096 INFO Parsed 400000 reads
2023-05-04 15:22:41,297 INFO Parsed 500000 reads
2023-05-04 15:22:44,496 INFO Parsed 600000 reads
2023-05-04 15:22:47,701 INFO Parsed 700000 reads
2023-05-04 15:22:50,880 INFO Parsed 800000 reads
2023-05-04 15:22:54,064 INFO Parsed 900000 reads
2023-05-04 15:22:57,270 INFO Parsed 1000000 reads
2023-05-04 15:23:00,470 INFO Parsed 1100000 reads
2023-05-04 15:23:03,673 INFO Parsed 1200000 reads
2023-05-04 15:23:06,936 INFO Parsed 1300000 reads
2023-05-04 15:23:10,311 INFO Parsed 1400000 reads
2023-05-04 15:23:13,743 INFO Parsed 1500000 reads
2023-05-04 15:23:16,940 INFO Parsed 1600000 reads
2023-05-04 15:23:20,150 INFO Parsed 1700000 reads
2023-05-04 15:23:23,350 INFO Parsed 1800000 reads
2023-05-04 15:23:26,558 INFO Parsed 1900000 reads
2023-05-04 15:23:29,765 INFO Parsed 2000000 reads
2023-05-04 15:23:32,965 INFO Parsed 2100000 reads
2023-05-04 15:23:36,166 INFO Parsed 2200000 reads
2023-05-04 15:23:39,376 INFO Parsed 2300000 reads
2023-05-04 15:23:42,585 INFO Parsed 2400000 reads
2023-05-04 15:23:45,801 INFO Parsed 2500000 reads
2023-05-04 15:23:49,024 INFO Parsed 2600000 reads
2023-05-04 15:23:52,224 INFO Parsed 2700000 reads
2023-05-04 15:23:55,427 INFO Parsed 2800000 reads
2023-05-04 15:23:58,630 INFO Parsed 2900000 reads
2023-05-04 15:24:01,841 INFO Parsed 3000000 reads
2023-05-04 15:24:05,049 INFO Parsed 3100000 reads
2023-05-04 15:24:08,266 INFO Parsed 3200000 reads
2023-05-04 15:24:11,494 INFO Parsed 3300000 reads
2023-05-04 15:24:14,704 INFO Parsed 3400000 reads
2023-05-04 15:24:17,915 INFO Parsed 3500000 reads
2023-05-04 15:24:21,134 INFO Parsed 3600000 reads
2023-05-04 15:24:24,354 INFO Parsed 3700000 reads
2023-05-04 15:24:27,569 INFO Parsed 3800000 reads
2023-05-04 15:24:30,794 INFO Parsed 3900000 reads
2023-05-04 15:24:34,008 INFO Parsed 4000000 reads
2023-05-04 15:24:37,200 INFO Parsed 4100000 reads
2023-05-04 15:24:40,394 INFO Parsed 4200000 reads
2023-05-04 15:24:43,588 INFO Parsed 4300000 reads
2023-05-04 15:24:46,785 INFO Parsed 4400000 reads
2023-05-04 15:24:49,980 INFO Parsed 4500000 reads
2023-05-04 15:24:53,170 INFO Parsed 4600000 reads
2023-05-04 15:24:56,314 INFO Parsed 4700000 reads
2023-05-04 15:24:59,434 INFO Parsed 4800000 reads
2023-05-04 15:25:02,560 INFO Parsed 4900000 reads
2023-05-04 15:25:05,737 INFO Parsed 5000000 reads
2023-05-04 15:25:08,902 INFO Parsed 5100000 reads
2023-05-04 15:25:12,027 INFO Parsed 5200000 reads
2023-05-04 15:25:15,151 INFO Parsed 5300000 reads
2023-05-04 15:25:18,263 INFO Parsed 5400000 reads
2023-05-04 15:25:21,373 INFO Parsed 5500000 reads
2023-05-04 15:25:24,483 INFO Parsed 5600000 reads
2023-05-04 15:25:27,610 INFO Parsed 5700000 reads
2023-05-04 15:25:30,725 INFO Parsed 5800000 reads
2023-05-04 15:25:33,847 INFO Parsed 5900000 reads
2023-05-04 15:25:36,971 INFO Parsed 6000000 reads
2023-05-04 15:25:40,088 INFO Parsed 6100000 reads
2023-05-04 15:25:43,218 INFO Parsed 6200000 reads
2023-05-04 15:25:46,350 INFO Parsed 6300000 reads
2023-05-04 15:25:49,483 INFO Parsed 6400000 reads
2023-05-04 15:25:52,609 INFO Parsed 6500000 reads
2023-05-04 15:25:55,742 INFO Parsed 6600000 reads
2023-05-04 15:25:58,890 INFO Parsed 6700000 reads
2023-05-04 15:26:02,016 INFO Parsed 6800000 reads
2023-05-04 15:26:05,143 INFO Parsed 6900000 reads
2023-05-04 15:26:08,261 INFO Parsed 7000000 reads
2023-05-04 15:26:11,424 INFO Parsed 7100000 reads
2023-05-04 15:26:14,627 INFO Parsed 7200000 reads
2023-05-04 15:26:17,818 INFO Parsed 7300000 reads
2023-05-04 15:26:21,009 INFO Parsed 7400000 reads
2023-05-04 15:26:24,223 INFO Parsed 7500000 reads
2023-05-04 15:26:27,445 INFO Parsed 7600000 reads
2023-05-04 15:26:30,708 INFO Parsed 7700000 reads
2023-05-04 15:26:34,318 INFO Parsed 7800000 reads
2023-05-04 15:26:37,568 INFO Parsed 7900000 reads
2023-05-04 15:26:40,775 INFO Parsed 8000000 reads
2023-05-04 15:26:43,989 INFO Parsed 8100000 reads
2023-05-04 15:26:47,205 INFO Parsed 8200000 reads
2023-05-04 15:26:50,418 INFO Parsed 8300000 reads
2023-05-04 15:26:53,618 INFO Parsed 8400000 reads
2023-05-04 15:26:56,823 INFO Parsed 8500000 reads
2023-05-04 15:27:00,024 INFO Parsed 8600000 reads
2023-05-04 15:27:03,221 INFO Parsed 8700000 reads
2023-05-04 15:27:06,432 INFO Parsed 8800000 reads
2023-05-04 15:27:09,628 INFO Parsed 8900000 reads
2023-05-04 15:27:12,824 INFO Parsed 9000000 reads
2023-05-04 15:27:16,025 INFO Parsed 9100000 reads
2023-05-04 15:27:19,228 INFO Parsed 9200000 reads
2023-05-04 15:27:22,420 INFO Parsed 9300000 reads
2023-05-04 15:27:25,594 INFO Parsed 9400000 reads
2023-05-04 15:27:28,791 INFO Parsed 9500000 reads
2023-05-04 15:27:31,984 INFO Parsed 9600000 reads
2023-05-04 15:27:35,183 INFO Parsed 9700000 reads
2023-05-04 15:27:38,374 INFO Parsed 9800000 reads
2023-05-04 15:27:41,562 INFO Parsed 9900000 reads
2023-05-04 15:27:44,767 INFO Parsed 10000000 reads
2023-05-04 15:27:47,965 INFO Parsed 10100000 reads
2023-05-04 15:27:51,175 INFO Parsed 10200000 reads
2023-05-04 15:27:54,386 INFO Parsed 10300000 reads
2023-05-04 15:27:57,581 INFO Parsed 10400000 reads
2023-05-04 15:28:00,757 INFO Parsed 10500000 reads
2023-05-04 15:28:03,949 INFO Parsed 10600000 reads
2023-05-04 15:28:07,155 INFO Parsed 10700000 reads
2023-05-04 15:28:10,368 INFO Parsed 10800000 reads
2023-05-04 15:28:13,590 INFO Parsed 10900000 reads
2023-05-04 15:28:16,794 INFO Parsed 11000000 reads
2023-05-04 15:28:19,995 INFO Parsed 11100000 reads
2023-05-04 15:28:23,201 INFO Parsed 11200000 reads
2023-05-04 15:28:26,416 INFO Parsed 11300000 reads
2023-05-04 15:28:29,618 INFO Parsed 11400000 reads
2023-05-04 15:28:32,834 INFO Parsed 11500000 reads
2023-05-04 15:28:36,052 INFO Parsed 11600000 reads
2023-05-04 15:28:39,267 INFO Parsed 11700000 reads
2023-05-04 15:28:42,468 INFO Parsed 11800000 reads
2023-05-04 15:28:45,681 INFO Parsed 11900000 reads
2023-05-04 15:28:48,880 INFO Parsed 12000000 reads
2023-05-04 15:28:52,090 INFO Parsed 12100000 reads
2023-05-04 15:28:55,294 INFO Parsed 12200000 reads
2023-05-04 15:28:58,498 INFO Parsed 12300000 reads
2023-05-04 15:29:01,694 INFO Parsed 12400000 reads
2023-05-04 15:29:04,897 INFO Parsed 12500000 reads
2023-05-04 15:29:08,074 INFO Parsed 12600000 reads
2023-05-04 15:29:11,260 INFO Parsed 12700000 reads
2023-05-04 15:29:14,463 INFO Parsed 12800000 reads
2023-05-04 15:29:17,675 INFO Parsed 12900000 reads
2023-05-04 15:29:20,878 INFO Parsed 13000000 reads
2023-05-04 15:29:24,087 INFO Parsed 13100000 reads
2023-05-04 15:29:27,297 INFO Parsed 13200000 reads
2023-05-04 15:29:30,663 INFO Parsed 13300000 reads
2023-05-04 15:29:33,965 INFO Parsed 13400000 reads
2023-05-04 15:29:37,160 INFO Parsed 13500000 reads
2023-05-04 15:29:40,349 INFO Parsed 13600000 reads
2023-05-04 15:29:43,545 INFO Parsed 13700000 reads
2023-05-04 15:29:46,730 INFO Parsed 13800000 reads
2023-05-04 15:29:49,916 INFO Parsed 13900000 reads
2023-05-04 15:29:53,102 INFO Parsed 14000000 reads
2023-05-04 15:29:56,303 INFO Parsed 14100000 reads
2023-05-04 15:29:59,504 INFO Parsed 14200000 reads
2023-05-04 15:30:02,712 INFO Parsed 14300000 reads
2023-05-04 15:30:05,903 INFO Parsed 14400000 reads
2023-05-04 15:30:09,105 INFO Parsed 14500000 reads
2023-05-04 15:30:12,300 INFO Parsed 14600000 reads
2023-05-04 15:30:15,500 INFO Parsed 14700000 reads
2023-05-04 15:30:18,718 INFO Parsed 14800000 reads
2023-05-04 15:30:21,974 INFO Parsed 14900000 reads
2023-05-04 15:30:25,198 INFO Parsed 15000000 reads
2023-05-04 15:30:28,400 INFO Parsed 15100000 reads
2023-05-04 15:30:31,624 INFO Parsed 15200000 reads
2023-05-04 15:30:34,850 INFO Parsed 15300000 reads
2023-05-04 15:30:38,088 INFO Parsed 15400000 reads
2023-05-04 15:30:41,319 INFO Parsed 15500000 reads
2023-05-04 15:30:44,548 INFO Parsed 15600000 reads
2023-05-04 15:30:47,767 INFO Parsed 15700000 reads
2023-05-04 15:30:50,974 INFO Parsed 15800000 reads
2023-05-04 15:30:52,609 INFO Input Reads: 15850620
2023-05-04 15:30:52,609 INFO regex matches read1: 13837395
2023-05-04 15:30:52,609 INFO Reads output: 13837395
2023-05-04 15:30:52,609 INFO regex does not match read1: 2013225
# job finished in 507 seconds at Thu May  4 15:30:52 2023 -- 506.50  1.67  0.00  0.00 -- a2799981-b651-4fb2-9021-faec8ef45941
[Thu May  4 15:30:53 2023]
Finished job 0.
1 of 1 steps (100%) done
[Thu May  4 15:30:54 2023]
Finished job 0.
1 of 1 steps (100%) done
