Building DAG of jobs...
Using shell: /usr/bin/bash
Provided cores: 8
Rules claiming more threads will be scaled down.
Provided resources: mem_mb=8192, mem_mib=7813, disk_mb=1532, disk_mib=1462
Select jobs to execute...
Building DAG of jobs...
Using shell: /usr/bin/bash
Provided cores: 8
Rules claiming more threads will be scaled down.
Provided resources: mem_mb=8192, mem_mib=7813, disk_mb=1532, disk_mib=1462
Select jobs to execute...

[Thu May  4 15:22:25 2023]
rule extract_umis_single_end:
    input: results/reads/182_MSI_R1.fastq.gz
    output: results/reads/umis/182_MSI_R1.fastq.gz
    log: logs/extract_umis/182_MSI.log
    jobid: 0
    reason: Missing output files: results/reads/umis/182_MSI_R1.fastq.gz
    wildcards: sample=182_MSI
    threads: 8
    resources: mem_mb=8192, mem_mib=7813, disk_mb=1532, disk_mib=1462, tmpdir=/tmp, runtime=60

# UMI-tools version: 1.1.4
# output generated by extract --random-seed 1234 --extract-method=regex --bc-pattern=(?P<umi_1>.{6})(?P<discard_1>TATA).* -I results/reads/182_MSI_R1.fastq.gz -S results/reads/umis/182_MSI_R1.fastq.gz
# job started at Thu May  4 15:22:26 2023 on bc004 -- d8f2d366-d5c7-4587-9ea0-38cd209b1831
# pid: 1600798, system: Linux 4.18.0-193.19.1.el8_2.x86_64 #1 SMP Mon Sep 14 14:37:00 UTC 2020 x86_64
# blacklist                               : None
# compresslevel                           : 6
# correct_umi_threshold                   : 0
# either_read                             : False
# either_read_resolve                     : discard
# error_correct_cell                      : False
# extract_method                          : regex
# filter_cell_barcode                     : None
# filter_cell_barcodes                    : False
# filter_umi                              : None
# filtered_out                            : None
# filtered_out2                           : None
# ignore_suffix                           : False
# log2stderr                              : False
# loglevel                                : 1
# pattern                                 : (?P<umi_1>.{6})(?P<discard_1>TATA).*
# pattern2                                : None
# prime3                                  : None
# quality_encoding                        : None
# quality_filter_mask                     : None
# quality_filter_threshold                : None
# random_seed                             : 1234
# read2_in                                : None
# read2_out                               : False
# read2_stdout                            : False
# reads_subset                            : None
# reconcile                               : False
# retain_umi                              : None
# short_help                              : None
# stderr                                  : <_io.TextIOWrapper name='<stderr>' mode='w' encoding='utf-8'>
# stdin                                   : <_io.TextIOWrapper name='results/reads/182_MSI_R1.fastq.gz' encoding='ascii'>
# stdlog                                  : <_io.TextIOWrapper name='<stdout>' mode='w' encoding='utf-8'>
# stdout                                  : <_io.TextIOWrapper name='results/reads/umis/182_MSI_R1.fastq.gz' encoding='ascii'>
# timeit_file                             : None
# timeit_header                           : None
# timeit_name                             : all
# tmpdir                                  : None
# umi_correct_log                         : None
# umi_separator                           : _
# umi_whitelist                           : None
# umi_whitelist_paired                    : None
# whitelist                               : None
2023-05-04 15:22:26,218 INFO Starting barcode extraction
2023-05-04 15:22:29,546 INFO Parsed 100000 reads
2023-05-04 15:22:32,991 INFO Parsed 200000 reads
2023-05-04 15:22:36,487 INFO Parsed 300000 reads
2023-05-04 15:22:39,850 INFO Parsed 400000 reads
2023-05-04 15:22:43,195 INFO Parsed 500000 reads
2023-05-04 15:22:46,532 INFO Parsed 600000 reads
2023-05-04 15:22:49,856 INFO Parsed 700000 reads
2023-05-04 15:22:53,187 INFO Parsed 800000 reads
2023-05-04 15:22:56,534 INFO Parsed 900000 reads
2023-05-04 15:22:59,865 INFO Parsed 1000000 reads
2023-05-04 15:23:03,200 INFO Parsed 1100000 reads
2023-05-04 15:23:06,532 INFO Parsed 1200000 reads
2023-05-04 15:23:09,852 INFO Parsed 1300000 reads
2023-05-04 15:23:13,165 INFO Parsed 1400000 reads
2023-05-04 15:23:16,504 INFO Parsed 1500000 reads
2023-05-04 15:23:19,836 INFO Parsed 1600000 reads
2023-05-04 15:23:23,168 INFO Parsed 1700000 reads
2023-05-04 15:23:26,502 INFO Parsed 1800000 reads
2023-05-04 15:23:29,835 INFO Parsed 1900000 reads
2023-05-04 15:23:33,183 INFO Parsed 2000000 reads
2023-05-04 15:23:36,581 INFO Parsed 2100000 reads
2023-05-04 15:23:40,090 INFO Parsed 2200000 reads
2023-05-04 15:23:43,452 INFO Parsed 2300000 reads
2023-05-04 15:23:46,814 INFO Parsed 2400000 reads
2023-05-04 15:23:50,159 INFO Parsed 2500000 reads
2023-05-04 15:23:53,491 INFO Parsed 2600000 reads
2023-05-04 15:23:56,813 INFO Parsed 2700000 reads
2023-05-04 15:24:00,149 INFO Parsed 2800000 reads
2023-05-04 15:24:03,482 INFO Parsed 2900000 reads
2023-05-04 15:24:06,831 INFO Parsed 3000000 reads
2023-05-04 15:24:10,176 INFO Parsed 3100000 reads
2023-05-04 15:24:13,508 INFO Parsed 3200000 reads
2023-05-04 15:24:16,833 INFO Parsed 3300000 reads
2023-05-04 15:24:20,186 INFO Parsed 3400000 reads
2023-05-04 15:24:23,555 INFO Parsed 3500000 reads
2023-05-04 15:24:26,910 INFO Parsed 3600000 reads
2023-05-04 15:24:30,265 INFO Parsed 3700000 reads
2023-05-04 15:24:33,606 INFO Parsed 3800000 reads
2023-05-04 15:24:36,942 INFO Parsed 3900000 reads
2023-05-04 15:24:40,262 INFO Parsed 4000000 reads
2023-05-04 15:24:43,596 INFO Parsed 4100000 reads
2023-05-04 15:24:46,929 INFO Parsed 4200000 reads
2023-05-04 15:24:50,250 INFO Parsed 4300000 reads
2023-05-04 15:24:53,555 INFO Parsed 4400000 reads
2023-05-04 15:24:56,882 INFO Parsed 4500000 reads
2023-05-04 15:25:00,213 INFO Parsed 4600000 reads
2023-05-04 15:25:03,562 INFO Parsed 4700000 reads
2023-05-04 15:25:06,904 INFO Parsed 4800000 reads
2023-05-04 15:25:10,235 INFO Parsed 4900000 reads
2023-05-04 15:25:13,573 INFO Parsed 5000000 reads
2023-05-04 15:25:16,909 INFO Parsed 5100000 reads
2023-05-04 15:25:20,234 INFO Parsed 5200000 reads
2023-05-04 15:25:23,581 INFO Parsed 5300000 reads
2023-05-04 15:25:26,918 INFO Parsed 5400000 reads
2023-05-04 15:25:30,251 INFO Parsed 5500000 reads
2023-05-04 15:25:33,565 INFO Parsed 5600000 reads
2023-05-04 15:25:36,898 INFO Parsed 5700000 reads
2023-05-04 15:25:40,229 INFO Parsed 5800000 reads
2023-05-04 15:25:43,582 INFO Parsed 5900000 reads
2023-05-04 15:25:46,919 INFO Parsed 6000000 reads
2023-05-04 15:25:50,260 INFO Parsed 6100000 reads
2023-05-04 15:25:53,576 INFO Parsed 6200000 reads
2023-05-04 15:25:56,898 INFO Parsed 6300000 reads
2023-05-04 15:26:00,218 INFO Parsed 6400000 reads
2023-05-04 15:26:03,534 INFO Parsed 6500000 reads
2023-05-04 15:26:06,863 INFO Parsed 6600000 reads
2023-05-04 15:26:10,191 INFO Parsed 6700000 reads
2023-05-04 15:26:13,524 INFO Parsed 6800000 reads
2023-05-04 15:26:16,845 INFO Parsed 6900000 reads
2023-05-04 15:26:20,155 INFO Parsed 7000000 reads
2023-05-04 15:26:23,456 INFO Parsed 7100000 reads
2023-05-04 15:26:26,792 INFO Parsed 7200000 reads
2023-05-04 15:26:30,125 INFO Parsed 7300000 reads
2023-05-04 15:26:33,434 INFO Parsed 7400000 reads
2023-05-04 15:26:36,737 INFO Parsed 7500000 reads
2023-05-04 15:26:40,041 INFO Parsed 7600000 reads
2023-05-04 15:26:43,362 INFO Parsed 7700000 reads
2023-05-04 15:26:46,680 INFO Parsed 7800000 reads
2023-05-04 15:26:50,009 INFO Parsed 7900000 reads
2023-05-04 15:26:53,347 INFO Parsed 8000000 reads
2023-05-04 15:26:56,666 INFO Parsed 8100000 reads
2023-05-04 15:27:00,125 INFO Parsed 8200000 reads
2023-05-04 15:27:03,552 INFO Parsed 8300000 reads
2023-05-04 15:27:06,864 INFO Parsed 8400000 reads
2023-05-04 15:27:10,193 INFO Parsed 8500000 reads
2023-05-04 15:27:13,520 INFO Parsed 8600000 reads
2023-05-04 15:27:17,149 INFO Parsed 8700000 reads
2023-05-04 15:27:20,453 INFO Parsed 8800000 reads
2023-05-04 15:27:23,769 INFO Parsed 8900000 reads
2023-05-04 15:27:27,077 INFO Parsed 9000000 reads
2023-05-04 15:27:30,392 INFO Parsed 9100000 reads
2023-05-04 15:27:33,720 INFO Parsed 9200000 reads
2023-05-04 15:27:37,075 INFO Parsed 9300000 reads
2023-05-04 15:27:40,373 INFO Parsed 9400000 reads
2023-05-04 15:27:43,692 INFO Parsed 9500000 reads
2023-05-04 15:27:47,011 INFO Parsed 9600000 reads
2023-05-04 15:27:50,325 INFO Parsed 9700000 reads
2023-05-04 15:27:53,654 INFO Parsed 9800000 reads
2023-05-04 15:27:56,986 INFO Parsed 9900000 reads
2023-05-04 15:28:00,287 INFO Parsed 10000000 reads
2023-05-04 15:28:03,592 INFO Parsed 10100000 reads
2023-05-04 15:28:06,912 INFO Parsed 10200000 reads
2023-05-04 15:28:10,150 INFO Parsed 10300000 reads
2023-05-04 15:28:13,420 INFO Parsed 10400000 reads
2023-05-04 15:28:16,766 INFO Parsed 10500000 reads
2023-05-04 15:28:20,094 INFO Parsed 10600000 reads
2023-05-04 15:28:23,387 INFO Parsed 10700000 reads
2023-05-04 15:28:26,705 INFO Parsed 10800000 reads
2023-05-04 15:28:30,024 INFO Parsed 10900000 reads
2023-05-04 15:28:33,346 INFO Parsed 11000000 reads
2023-05-04 15:28:36,693 INFO Parsed 11100000 reads
2023-05-04 15:28:40,026 INFO Parsed 11200000 reads
2023-05-04 15:28:43,348 INFO Parsed 11300000 reads
2023-05-04 15:28:46,661 INFO Parsed 11400000 reads
2023-05-04 15:28:49,971 INFO Parsed 11500000 reads
2023-05-04 15:28:53,270 INFO Parsed 11600000 reads
2023-05-04 15:28:56,572 INFO Parsed 11700000 reads
2023-05-04 15:28:59,887 INFO Parsed 11800000 reads
2023-05-04 15:29:03,207 INFO Parsed 11900000 reads
2023-05-04 15:29:06,522 INFO Parsed 12000000 reads
2023-05-04 15:29:09,836 INFO Parsed 12100000 reads
2023-05-04 15:29:13,245 INFO Parsed 12200000 reads
2023-05-04 15:29:16,749 INFO Parsed 12300000 reads
2023-05-04 15:29:20,073 INFO Parsed 12400000 reads
2023-05-04 15:29:23,393 INFO Parsed 12500000 reads
2023-05-04 15:29:26,710 INFO Parsed 12600000 reads
2023-05-04 15:29:30,028 INFO Parsed 12700000 reads
2023-05-04 15:29:33,333 INFO Parsed 12800000 reads
2023-05-04 15:29:36,623 INFO Parsed 12900000 reads
2023-05-04 15:29:39,942 INFO Parsed 13000000 reads
2023-05-04 15:29:43,300 INFO Parsed 13100000 reads
2023-05-04 15:29:46,719 INFO Parsed 13200000 reads
2023-05-04 15:29:50,205 INFO Parsed 13300000 reads
2023-05-04 15:29:53,521 INFO Parsed 13400000 reads
2023-05-04 15:29:56,824 INFO Parsed 13500000 reads
2023-05-04 15:30:00,153 INFO Parsed 13600000 reads
2023-05-04 15:30:03,504 INFO Parsed 13700000 reads
2023-05-04 15:30:06,833 INFO Parsed 13800000 reads
2023-05-04 15:30:10,263 INFO Parsed 13900000 reads
2023-05-04 15:30:13,782 INFO Parsed 14000000 reads
2023-05-04 15:30:17,286 INFO Parsed 14100000 reads
2023-05-04 15:30:20,762 INFO Parsed 14200000 reads
2023-05-04 15:30:24,289 INFO Parsed 14300000 reads
2023-05-04 15:30:27,841 INFO Parsed 14400000 reads
2023-05-04 15:30:31,400 INFO Parsed 14500000 reads
2023-05-04 15:30:34,763 INFO Parsed 14600000 reads
2023-05-04 15:30:38,078 INFO Parsed 14700000 reads
2023-05-04 15:30:41,480 INFO Parsed 14800000 reads
2023-05-04 15:30:45,059 INFO Parsed 14900000 reads
2023-05-04 15:30:48,622 INFO Parsed 15000000 reads
2023-05-04 15:30:52,365 INFO Parsed 15100000 reads
2023-05-04 15:31:00,035 INFO Parsed 15200000 reads
2023-05-04 15:31:02,893 INFO Input Reads: 15280996
2023-05-04 15:31:02,893 INFO regex matches read1: 13004327
2023-05-04 15:31:02,893 INFO Reads output: 13004327
2023-05-04 15:31:02,893 INFO regex does not match read1: 2276669
# job finished in 516 seconds at Thu May  4 15:31:02 2023 -- 511.70  1.52  0.00  0.00 -- d8f2d366-d5c7-4587-9ea0-38cd209b1831
[Thu May  4 15:31:05 2023]
Finished job 0.
1 of 1 steps (100%) done
[Thu May  4 15:31:06 2023]
Finished job 0.
1 of 1 steps (100%) done
