Building DAG of jobs...
Using shell: /usr/bin/bash
Provided cores: 8
Rules claiming more threads will be scaled down.
Provided resources: mem_mb=8192, mem_mib=7813, disk_mb=1151, disk_mib=1098
Select jobs to execute...
Building DAG of jobs...
Using shell: /usr/bin/bash
Provided cores: 8
Rules claiming more threads will be scaled down.
Provided resources: mem_mb=8192, mem_mib=7813, disk_mb=1151, disk_mib=1098
Select jobs to execute...

[Thu May  4 15:22:23 2023]
rule extract_umis_single_end:
    input: results/reads/150_MSI_R1.fastq.gz
    output: results/reads/umis/150_MSI_R1.fastq.gz
    log: logs/extract_umis/150_MSI.log
    jobid: 0
    reason: Missing output files: results/reads/umis/150_MSI_R1.fastq.gz
    wildcards: sample=150_MSI
    threads: 8
    resources: mem_mb=8192, mem_mib=7813, disk_mb=1151, disk_mib=1098, tmpdir=/tmp, runtime=60

# UMI-tools version: 1.1.4
# output generated by extract --random-seed 1234 --extract-method=regex --bc-pattern=(?P<umi_1>.{6})(?P<discard_1>TATA).* -I results/reads/150_MSI_R1.fastq.gz -S results/reads/umis/150_MSI_R1.fastq.gz
# job started at Thu May  4 15:22:25 2023 on bc006 -- 94b0dea3-ce67-4223-8abe-42ea56f4468d
# pid: 458435, system: Linux 4.18.0-193.19.1.el8_2.x86_64 #1 SMP Mon Sep 14 14:37:00 UTC 2020 x86_64
# blacklist                               : None
# compresslevel                           : 6
# correct_umi_threshold                   : 0
# either_read                             : False
# either_read_resolve                     : discard
# error_correct_cell                      : False
# extract_method                          : regex
# filter_cell_barcode                     : None
# filter_cell_barcodes                    : False
# filter_umi                              : None
# filtered_out                            : None
# filtered_out2                           : None
# ignore_suffix                           : False
# log2stderr                              : False
# loglevel                                : 1
# pattern                                 : (?P<umi_1>.{6})(?P<discard_1>TATA).*
# pattern2                                : None
# prime3                                  : None
# quality_encoding                        : None
# quality_filter_mask                     : None
# quality_filter_threshold                : None
# random_seed                             : 1234
# read2_in                                : None
# read2_out                               : False
# read2_stdout                            : False
# reads_subset                            : None
# reconcile                               : False
# retain_umi                              : None
# short_help                              : None
# stderr                                  : <_io.TextIOWrapper name='<stderr>' mode='w' encoding='utf-8'>
# stdin                                   : <_io.TextIOWrapper name='results/reads/150_MSI_R1.fastq.gz' encoding='ascii'>
# stdlog                                  : <_io.TextIOWrapper name='<stdout>' mode='w' encoding='utf-8'>
# stdout                                  : <_io.TextIOWrapper name='results/reads/umis/150_MSI_R1.fastq.gz' encoding='ascii'>
# timeit_file                             : None
# timeit_header                           : None
# timeit_name                             : all
# tmpdir                                  : None
# umi_correct_log                         : None
# umi_separator                           : _
# umi_whitelist                           : None
# umi_whitelist_paired                    : None
# whitelist                               : None
2023-05-04 15:22:25,177 INFO Starting barcode extraction
2023-05-04 15:22:28,386 INFO Parsed 100000 reads
2023-05-04 15:22:31,595 INFO Parsed 200000 reads
2023-05-04 15:22:34,863 INFO Parsed 300000 reads
2023-05-04 15:22:38,110 INFO Parsed 400000 reads
2023-05-04 15:22:41,356 INFO Parsed 500000 reads
2023-05-04 15:22:44,554 INFO Parsed 600000 reads
2023-05-04 15:22:47,761 INFO Parsed 700000 reads
2023-05-04 15:22:50,972 INFO Parsed 800000 reads
2023-05-04 15:22:54,211 INFO Parsed 900000 reads
2023-05-04 15:22:57,453 INFO Parsed 1000000 reads
2023-05-04 15:23:00,689 INFO Parsed 1100000 reads
2023-05-04 15:23:03,917 INFO Parsed 1200000 reads
2023-05-04 15:23:07,167 INFO Parsed 1300000 reads
2023-05-04 15:23:10,382 INFO Parsed 1400000 reads
2023-05-04 15:23:13,598 INFO Parsed 1500000 reads
2023-05-04 15:23:16,815 INFO Parsed 1600000 reads
2023-05-04 15:23:20,038 INFO Parsed 1700000 reads
2023-05-04 15:23:23,251 INFO Parsed 1800000 reads
2023-05-04 15:23:26,481 INFO Parsed 1900000 reads
2023-05-04 15:23:29,704 INFO Parsed 2000000 reads
2023-05-04 15:23:32,920 INFO Parsed 2100000 reads
2023-05-04 15:23:36,137 INFO Parsed 2200000 reads
2023-05-04 15:23:39,354 INFO Parsed 2300000 reads
2023-05-04 15:23:42,607 INFO Parsed 2400000 reads
2023-05-04 15:23:45,876 INFO Parsed 2500000 reads
2023-05-04 15:23:49,132 INFO Parsed 2600000 reads
2023-05-04 15:23:52,381 INFO Parsed 2700000 reads
2023-05-04 15:23:55,623 INFO Parsed 2800000 reads
2023-05-04 15:23:58,853 INFO Parsed 2900000 reads
2023-05-04 15:24:02,076 INFO Parsed 3000000 reads
2023-05-04 15:24:05,341 INFO Parsed 3100000 reads
2023-05-04 15:24:08,630 INFO Parsed 3200000 reads
2023-05-04 15:24:11,958 INFO Parsed 3300000 reads
2023-05-04 15:24:15,432 INFO Parsed 3400000 reads
2023-05-04 15:24:18,685 INFO Parsed 3500000 reads
2023-05-04 15:24:21,900 INFO Parsed 3600000 reads
2023-05-04 15:24:25,122 INFO Parsed 3700000 reads
2023-05-04 15:24:28,333 INFO Parsed 3800000 reads
2023-05-04 15:24:31,551 INFO Parsed 3900000 reads
2023-05-04 15:24:34,774 INFO Parsed 4000000 reads
2023-05-04 15:24:37,988 INFO Parsed 4100000 reads
2023-05-04 15:24:41,188 INFO Parsed 4200000 reads
2023-05-04 15:24:44,394 INFO Parsed 4300000 reads
2023-05-04 15:24:47,638 INFO Parsed 4400000 reads
2023-05-04 15:24:50,844 INFO Parsed 4500000 reads
2023-05-04 15:24:54,067 INFO Parsed 4600000 reads
2023-05-04 15:24:57,321 INFO Parsed 4700000 reads
2023-05-04 15:25:00,612 INFO Parsed 4800000 reads
2023-05-04 15:25:03,930 INFO Parsed 4900000 reads
2023-05-04 15:25:07,224 INFO Parsed 5000000 reads
2023-05-04 15:25:10,504 INFO Parsed 5100000 reads
2023-05-04 15:25:13,804 INFO Parsed 5200000 reads
2023-05-04 15:25:17,122 INFO Parsed 5300000 reads
2023-05-04 15:25:20,584 INFO Parsed 5400000 reads
2023-05-04 15:25:23,884 INFO Parsed 5500000 reads
2023-05-04 15:25:27,171 INFO Parsed 5600000 reads
2023-05-04 15:25:30,443 INFO Parsed 5700000 reads
2023-05-04 15:25:33,721 INFO Parsed 5800000 reads
2023-05-04 15:25:36,986 INFO Parsed 5900000 reads
2023-05-04 15:25:40,253 INFO Parsed 6000000 reads
2023-05-04 15:25:43,533 INFO Parsed 6100000 reads
2023-05-04 15:25:46,794 INFO Parsed 6200000 reads
2023-05-04 15:25:50,069 INFO Parsed 6300000 reads
2023-05-04 15:25:53,347 INFO Parsed 6400000 reads
2023-05-04 15:25:56,610 INFO Parsed 6500000 reads
2023-05-04 15:25:59,881 INFO Parsed 6600000 reads
2023-05-04 15:26:03,136 INFO Parsed 6700000 reads
2023-05-04 15:26:06,364 INFO Parsed 6800000 reads
2023-05-04 15:26:09,584 INFO Parsed 6900000 reads
2023-05-04 15:26:12,812 INFO Parsed 7000000 reads
2023-05-04 15:26:16,039 INFO Parsed 7100000 reads
2023-05-04 15:26:19,295 INFO Parsed 7200000 reads
2023-05-04 15:26:22,529 INFO Parsed 7300000 reads
2023-05-04 15:26:25,806 INFO Parsed 7400000 reads
2023-05-04 15:26:29,068 INFO Parsed 7500000 reads
2023-05-04 15:26:32,317 INFO Parsed 7600000 reads
2023-05-04 15:26:38,644 INFO Parsed 7700000 reads
2023-05-04 15:26:41,868 INFO Parsed 7800000 reads
2023-05-04 15:26:45,088 INFO Parsed 7900000 reads
2023-05-04 15:26:48,319 INFO Parsed 8000000 reads
2023-05-04 15:26:51,536 INFO Parsed 8100000 reads
2023-05-04 15:26:54,820 INFO Parsed 8200000 reads
2023-05-04 15:26:58,133 INFO Parsed 8300000 reads
2023-05-04 15:27:01,402 INFO Parsed 8400000 reads
2023-05-04 15:27:04,643 INFO Parsed 8500000 reads
2023-05-04 15:27:07,872 INFO Parsed 8600000 reads
2023-05-04 15:27:11,098 INFO Parsed 8700000 reads
2023-05-04 15:27:14,348 INFO Parsed 8800000 reads
2023-05-04 15:27:17,564 INFO Parsed 8900000 reads
2023-05-04 15:27:20,836 INFO Parsed 9000000 reads
2023-05-04 15:27:24,054 INFO Parsed 9100000 reads
2023-05-04 15:27:27,262 INFO Parsed 9200000 reads
2023-05-04 15:27:30,472 INFO Parsed 9300000 reads
2023-05-04 15:27:33,688 INFO Parsed 9400000 reads
2023-05-04 15:27:36,973 INFO Parsed 9500000 reads
2023-05-04 15:27:40,172 INFO Parsed 9600000 reads
2023-05-04 15:27:43,367 INFO Parsed 9700000 reads
2023-05-04 15:27:46,577 INFO Parsed 9800000 reads
2023-05-04 15:27:49,797 INFO Parsed 9900000 reads
2023-05-04 15:27:53,003 INFO Parsed 10000000 reads
2023-05-04 15:27:56,206 INFO Parsed 10100000 reads
2023-05-04 15:27:59,401 INFO Parsed 10200000 reads
2023-05-04 15:28:02,614 INFO Parsed 10300000 reads
2023-05-04 15:28:05,844 INFO Parsed 10400000 reads
2023-05-04 15:28:09,052 INFO Parsed 10500000 reads
2023-05-04 15:28:12,281 INFO Parsed 10600000 reads
2023-05-04 15:28:15,495 INFO Parsed 10700000 reads
2023-05-04 15:28:18,711 INFO Parsed 10800000 reads
2023-05-04 15:28:21,924 INFO Parsed 10900000 reads
2023-05-04 15:28:25,146 INFO Parsed 11000000 reads
2023-05-04 15:28:28,356 INFO Parsed 11100000 reads
2023-05-04 15:28:31,563 INFO Parsed 11200000 reads
2023-05-04 15:28:34,781 INFO Parsed 11300000 reads
2023-05-04 15:28:38,003 INFO Parsed 11400000 reads
2023-05-04 15:28:41,221 INFO Parsed 11500000 reads
2023-05-04 15:28:44,433 INFO Parsed 11600000 reads
2023-05-04 15:28:45,809 INFO Input Reads: 11642830
2023-05-04 15:28:45,809 INFO regex matches read1: 10314531
2023-05-04 15:28:45,809 INFO Reads output: 10314531
2023-05-04 15:28:45,809 INFO regex does not match read1: 1328299
# job finished in 380 seconds at Thu May  4 15:28:45 2023 -- 377.23  1.35  0.00  0.00 -- 94b0dea3-ce67-4223-8abe-42ea56f4468d
[Thu May  4 15:28:46 2023]
Finished job 0.
1 of 1 steps (100%) done
[Thu May  4 15:28:46 2023]
Finished job 0.
1 of 1 steps (100%) done
