Building DAG of jobs...
Using shell: /usr/bin/bash
Provided cores: 8
Rules claiming more threads will be scaled down.
Provided resources: mem_mb=8192, mem_mib=7813, disk_mb=1470, disk_mib=1402
Select jobs to execute...
Building DAG of jobs...
Using shell: /usr/bin/bash
Provided cores: 8
Rules claiming more threads will be scaled down.
Provided resources: mem_mb=8192, mem_mib=7813, disk_mb=1470, disk_mib=1402
Select jobs to execute...

[Thu May  4 15:22:23 2023]
rule extract_umis_single_end:
    input: results/reads/171_MSI_R1.fastq.gz
    output: results/reads/umis/171_MSI_R1.fastq.gz
    log: logs/extract_umis/171_MSI.log
    jobid: 0
    reason: Missing output files: results/reads/umis/171_MSI_R1.fastq.gz
    wildcards: sample=171_MSI
    threads: 8
    resources: mem_mb=8192, mem_mib=7813, disk_mb=1470, disk_mib=1402, tmpdir=/tmp, runtime=60

# UMI-tools version: 1.1.4
# output generated by extract --random-seed 1234 --extract-method=regex --bc-pattern=(?P<umi_1>.{6})(?P<discard_1>TATA).* -I results/reads/171_MSI_R1.fastq.gz -S results/reads/umis/171_MSI_R1.fastq.gz
# job started at Thu May  4 15:22:25 2023 on bc006 -- b403e3f0-29a7-4644-9d67-862302ea65d4
# pid: 458463, system: Linux 4.18.0-193.19.1.el8_2.x86_64 #1 SMP Mon Sep 14 14:37:00 UTC 2020 x86_64
# blacklist                               : None
# compresslevel                           : 6
# correct_umi_threshold                   : 0
# either_read                             : False
# either_read_resolve                     : discard
# error_correct_cell                      : False
# extract_method                          : regex
# filter_cell_barcode                     : None
# filter_cell_barcodes                    : False
# filter_umi                              : None
# filtered_out                            : None
# filtered_out2                           : None
# ignore_suffix                           : False
# log2stderr                              : False
# loglevel                                : 1
# pattern                                 : (?P<umi_1>.{6})(?P<discard_1>TATA).*
# pattern2                                : None
# prime3                                  : None
# quality_encoding                        : None
# quality_filter_mask                     : None
# quality_filter_threshold                : None
# random_seed                             : 1234
# read2_in                                : None
# read2_out                               : False
# read2_stdout                            : False
# reads_subset                            : None
# reconcile                               : False
# retain_umi                              : None
# short_help                              : None
# stderr                                  : <_io.TextIOWrapper name='<stderr>' mode='w' encoding='utf-8'>
# stdin                                   : <_io.TextIOWrapper name='results/reads/171_MSI_R1.fastq.gz' encoding='ascii'>
# stdlog                                  : <_io.TextIOWrapper name='<stdout>' mode='w' encoding='utf-8'>
# stdout                                  : <_io.TextIOWrapper name='results/reads/umis/171_MSI_R1.fastq.gz' encoding='ascii'>
# timeit_file                             : None
# timeit_header                           : None
# timeit_name                             : all
# tmpdir                                  : None
# umi_correct_log                         : None
# umi_separator                           : _
# umi_whitelist                           : None
# umi_whitelist_paired                    : None
# whitelist                               : None
2023-05-04 15:22:25,303 INFO Starting barcode extraction
2023-05-04 15:22:28,472 INFO Parsed 100000 reads
2023-05-04 15:22:31,679 INFO Parsed 200000 reads
2023-05-04 15:22:35,113 INFO Parsed 300000 reads
2023-05-04 15:22:38,384 INFO Parsed 400000 reads
2023-05-04 15:22:41,581 INFO Parsed 500000 reads
2023-05-04 15:22:44,784 INFO Parsed 600000 reads
2023-05-04 15:22:47,960 INFO Parsed 700000 reads
2023-05-04 15:22:51,200 INFO Parsed 800000 reads
2023-05-04 15:22:54,767 INFO Parsed 900000 reads
2023-05-04 15:22:58,399 INFO Parsed 1000000 reads
2023-05-04 15:23:02,197 INFO Parsed 1100000 reads
2023-05-04 15:23:05,959 INFO Parsed 1200000 reads
2023-05-04 15:23:09,675 INFO Parsed 1300000 reads
2023-05-04 15:23:13,325 INFO Parsed 1400000 reads
2023-05-04 15:23:16,917 INFO Parsed 1500000 reads
2023-05-04 15:23:20,468 INFO Parsed 1600000 reads
2023-05-04 15:23:24,009 INFO Parsed 1700000 reads
2023-05-04 15:23:27,668 INFO Parsed 1800000 reads
2023-05-04 15:23:31,255 INFO Parsed 1900000 reads
2023-05-04 15:23:34,789 INFO Parsed 2000000 reads
2023-05-04 15:23:38,289 INFO Parsed 2100000 reads
2023-05-04 15:23:42,010 INFO Parsed 2200000 reads
2023-05-04 15:23:45,683 INFO Parsed 2300000 reads
2023-05-04 15:23:49,235 INFO Parsed 2400000 reads
2023-05-04 15:23:52,691 INFO Parsed 2500000 reads
2023-05-04 15:23:55,918 INFO Parsed 2600000 reads
2023-05-04 15:23:59,121 INFO Parsed 2700000 reads
2023-05-04 15:24:02,381 INFO Parsed 2800000 reads
2023-05-04 15:24:05,603 INFO Parsed 2900000 reads
2023-05-04 15:24:08,851 INFO Parsed 3000000 reads
2023-05-04 15:24:12,296 INFO Parsed 3100000 reads
2023-05-04 15:24:16,050 INFO Parsed 3200000 reads
2023-05-04 15:24:19,510 INFO Parsed 3300000 reads
2023-05-04 15:24:22,764 INFO Parsed 3400000 reads
2023-05-04 15:24:26,013 INFO Parsed 3500000 reads
2023-05-04 15:24:29,211 INFO Parsed 3600000 reads
2023-05-04 15:24:32,459 INFO Parsed 3700000 reads
2023-05-04 15:24:35,675 INFO Parsed 3800000 reads
2023-05-04 15:24:38,847 INFO Parsed 3900000 reads
2023-05-04 15:24:41,967 INFO Parsed 4000000 reads
2023-05-04 15:24:45,141 INFO Parsed 4100000 reads
2023-05-04 15:24:48,311 INFO Parsed 4200000 reads
2023-05-04 15:24:51,529 INFO Parsed 4300000 reads
2023-05-04 15:24:54,707 INFO Parsed 4400000 reads
2023-05-04 15:24:57,895 INFO Parsed 4500000 reads
2023-05-04 15:25:01,108 INFO Parsed 4600000 reads
2023-05-04 15:25:04,329 INFO Parsed 4700000 reads
2023-05-04 15:25:07,610 INFO Parsed 4800000 reads
2023-05-04 15:25:11,211 INFO Parsed 4900000 reads
2023-05-04 15:25:15,347 INFO Parsed 5000000 reads
2023-05-04 15:25:20,366 INFO Parsed 5100000 reads
2023-05-04 15:25:25,444 INFO Parsed 5200000 reads
2023-05-04 15:25:30,508 INFO Parsed 5300000 reads
2023-05-04 15:25:35,572 INFO Parsed 5400000 reads
2023-05-04 15:25:40,958 INFO Parsed 5500000 reads
2023-05-04 15:25:46,116 INFO Parsed 5600000 reads
2023-05-04 15:25:51,182 INFO Parsed 5700000 reads
2023-05-04 15:25:56,073 INFO Parsed 5800000 reads
2023-05-04 15:26:01,026 INFO Parsed 5900000 reads
2023-05-04 15:26:06,006 INFO Parsed 6000000 reads
2023-05-04 15:26:10,739 INFO Parsed 6100000 reads
2023-05-04 15:26:15,121 INFO Parsed 6200000 reads
2023-05-04 15:26:19,161 INFO Parsed 6300000 reads
2023-05-04 15:26:22,762 INFO Parsed 6400000 reads
2023-05-04 15:26:26,136 INFO Parsed 6500000 reads
2023-05-04 15:26:29,364 INFO Parsed 6600000 reads
2023-05-04 15:26:32,525 INFO Parsed 6700000 reads
2023-05-04 15:26:35,721 INFO Parsed 6800000 reads
2023-05-04 15:26:38,955 INFO Parsed 6900000 reads
2023-05-04 15:26:42,338 INFO Parsed 7000000 reads
2023-05-04 15:26:45,643 INFO Parsed 7100000 reads
2023-05-04 15:26:48,956 INFO Parsed 7200000 reads
2023-05-04 15:26:52,232 INFO Parsed 7300000 reads
2023-05-04 15:26:55,808 INFO Parsed 7400000 reads
2023-05-04 15:26:59,509 INFO Parsed 7500000 reads
2023-05-04 15:27:02,863 INFO Parsed 7600000 reads
2023-05-04 15:27:06,236 INFO Parsed 7700000 reads
2023-05-04 15:27:09,586 INFO Parsed 7800000 reads
2023-05-04 15:27:12,942 INFO Parsed 7900000 reads
2023-05-04 15:27:16,245 INFO Parsed 8000000 reads
2023-05-04 15:27:19,563 INFO Parsed 8100000 reads
2023-05-04 15:27:22,896 INFO Parsed 8200000 reads
2023-05-04 15:27:26,087 INFO Parsed 8300000 reads
2023-05-04 15:27:29,266 INFO Parsed 8400000 reads
2023-05-04 15:27:32,477 INFO Parsed 8500000 reads
2023-05-04 15:27:35,728 INFO Parsed 8600000 reads
2023-05-04 15:27:38,921 INFO Parsed 8700000 reads
2023-05-04 15:27:42,100 INFO Parsed 8800000 reads
2023-05-04 15:27:45,298 INFO Parsed 8900000 reads
2023-05-04 15:27:48,478 INFO Parsed 9000000 reads
2023-05-04 15:27:51,651 INFO Parsed 9100000 reads
2023-05-04 15:27:54,855 INFO Parsed 9200000 reads
2023-05-04 15:27:58,127 INFO Parsed 9300000 reads
2023-05-04 15:28:01,370 INFO Parsed 9400000 reads
2023-05-04 15:28:04,949 INFO Parsed 9500000 reads
2023-05-04 15:28:08,216 INFO Parsed 9600000 reads
2023-05-04 15:28:11,403 INFO Parsed 9700000 reads
2023-05-04 15:28:14,624 INFO Parsed 9800000 reads
2023-05-04 15:28:17,837 INFO Parsed 9900000 reads
2023-05-04 15:28:21,025 INFO Parsed 10000000 reads
2023-05-04 15:28:24,198 INFO Parsed 10100000 reads
2023-05-04 15:28:27,409 INFO Parsed 10200000 reads
2023-05-04 15:28:30,558 INFO Parsed 10300000 reads
2023-05-04 15:28:33,763 INFO Parsed 10400000 reads
2023-05-04 15:28:36,982 INFO Parsed 10500000 reads
2023-05-04 15:28:40,186 INFO Parsed 10600000 reads
2023-05-04 15:28:43,365 INFO Parsed 10700000 reads
2023-05-04 15:28:46,543 INFO Parsed 10800000 reads
2023-05-04 15:28:49,741 INFO Parsed 10900000 reads
2023-05-04 15:28:52,918 INFO Parsed 11000000 reads
2023-05-04 15:28:56,113 INFO Parsed 11100000 reads
2023-05-04 15:28:59,515 INFO Parsed 11200000 reads
2023-05-04 15:29:03,265 INFO Parsed 11300000 reads
2023-05-04 15:29:06,478 INFO Parsed 11400000 reads
2023-05-04 15:29:09,836 INFO Parsed 11500000 reads
2023-05-04 15:29:13,005 INFO Parsed 11600000 reads
2023-05-04 15:29:16,176 INFO Parsed 11700000 reads
2023-05-04 15:29:19,350 INFO Parsed 11800000 reads
2023-05-04 15:29:23,044 INFO Parsed 11900000 reads
2023-05-04 15:29:26,831 INFO Parsed 12000000 reads
2023-05-04 15:29:30,559 INFO Parsed 12100000 reads
2023-05-04 15:29:34,291 INFO Parsed 12200000 reads
2023-05-04 15:29:38,055 INFO Parsed 12300000 reads
2023-05-04 15:29:41,548 INFO Parsed 12400000 reads
2023-05-04 15:29:44,737 INFO Parsed 12500000 reads
2023-05-04 15:29:47,908 INFO Parsed 12600000 reads
2023-05-04 15:29:51,147 INFO Parsed 12700000 reads
2023-05-04 15:29:54,804 INFO Parsed 12800000 reads
2023-05-04 15:29:58,826 INFO Parsed 12900000 reads
2023-05-04 15:30:02,430 INFO Parsed 13000000 reads
2023-05-04 15:30:05,953 INFO Parsed 13100000 reads
2023-05-04 15:30:09,447 INFO Parsed 13200000 reads
2023-05-04 15:30:13,176 INFO Parsed 13300000 reads
2023-05-04 15:30:16,828 INFO Parsed 13400000 reads
2023-05-04 15:30:20,299 INFO Parsed 13500000 reads
2023-05-04 15:30:23,734 INFO Parsed 13600000 reads
2023-05-04 15:30:27,174 INFO Parsed 13700000 reads
2023-05-04 15:30:30,423 INFO Parsed 13800000 reads
2023-05-04 15:30:33,694 INFO Parsed 13900000 reads
2023-05-04 15:30:37,055 INFO Parsed 14000000 reads
2023-05-04 15:30:40,785 INFO Parsed 14100000 reads
2023-05-04 15:30:44,169 INFO Parsed 14200000 reads
2023-05-04 15:30:47,720 INFO Parsed 14300000 reads
2023-05-04 15:30:51,039 INFO Parsed 14400000 reads
2023-05-04 15:30:54,419 INFO Parsed 14500000 reads
2023-05-04 15:30:57,812 INFO Parsed 14600000 reads
2023-05-04 15:31:01,135 INFO Parsed 14700000 reads
2023-05-04 15:31:04,585 INFO Parsed 14800000 reads
2023-05-04 15:31:07,985 INFO Parsed 14900000 reads
2023-05-04 15:31:11,526 INFO Parsed 15000000 reads
2023-05-04 15:31:15,003 INFO Parsed 15100000 reads
2023-05-04 15:31:18,540 INFO Parsed 15200000 reads
2023-05-04 15:31:20,788 INFO Input Reads: 15263936
2023-05-04 15:31:20,788 INFO regex matches read1: 13239622
2023-05-04 15:31:20,788 INFO Reads output: 13239622
2023-05-04 15:31:20,788 INFO regex does not match read1: 2024314
# job finished in 535 seconds at Thu May  4 15:31:20 2023 -- 534.01  1.64  0.00  0.00 -- b403e3f0-29a7-4644-9d67-862302ea65d4
[Thu May  4 15:31:21 2023]
Finished job 0.
1 of 1 steps (100%) done
[Thu May  4 15:31:23 2023]
Finished job 0.
1 of 1 steps (100%) done
