Building DAG of jobs...
Using shell: /usr/bin/bash
Provided cores: 8
Rules claiming more threads will be scaled down.
Provided resources: mem_mb=8192, mem_mib=7813, disk_mb=2209, disk_mib=2107
Select jobs to execute...
Building DAG of jobs...
Using shell: /usr/bin/bash
Provided cores: 8
Rules claiming more threads will be scaled down.
Provided resources: mem_mb=8192, mem_mib=7813, disk_mb=2209, disk_mib=2107
Select jobs to execute...

[Thu May  4 15:22:25 2023]
rule extract_umis_single_end:
    input: results/reads/167_MSI_R1.fastq.gz
    output: results/reads/umis/167_MSI_R1.fastq.gz
    log: logs/extract_umis/167_MSI.log
    jobid: 0
    reason: Missing output files: results/reads/umis/167_MSI_R1.fastq.gz
    wildcards: sample=167_MSI
    threads: 8
    resources: mem_mb=8192, mem_mib=7813, disk_mb=2209, disk_mib=2107, tmpdir=/tmp, runtime=60

# UMI-tools version: 1.1.4
# output generated by extract --random-seed 1234 --extract-method=regex --bc-pattern=(?P<umi_1>.{6})(?P<discard_1>TATA).* -I results/reads/167_MSI_R1.fastq.gz -S results/reads/umis/167_MSI_R1.fastq.gz
# job started at Thu May  4 15:22:26 2023 on bc004 -- 0be625d4-87c2-4ddd-b3d2-d8752bb29917
# pid: 1600831, system: Linux 4.18.0-193.19.1.el8_2.x86_64 #1 SMP Mon Sep 14 14:37:00 UTC 2020 x86_64
# blacklist                               : None
# compresslevel                           : 6
# correct_umi_threshold                   : 0
# either_read                             : False
# either_read_resolve                     : discard
# error_correct_cell                      : False
# extract_method                          : regex
# filter_cell_barcode                     : None
# filter_cell_barcodes                    : False
# filter_umi                              : None
# filtered_out                            : None
# filtered_out2                           : None
# ignore_suffix                           : False
# log2stderr                              : False
# loglevel                                : 1
# pattern                                 : (?P<umi_1>.{6})(?P<discard_1>TATA).*
# pattern2                                : None
# prime3                                  : None
# quality_encoding                        : None
# quality_filter_mask                     : None
# quality_filter_threshold                : None
# random_seed                             : 1234
# read2_in                                : None
# read2_out                               : False
# read2_stdout                            : False
# reads_subset                            : None
# reconcile                               : False
# retain_umi                              : None
# short_help                              : None
# stderr                                  : <_io.TextIOWrapper name='<stderr>' mode='w' encoding='utf-8'>
# stdin                                   : <_io.TextIOWrapper name='results/reads/167_MSI_R1.fastq.gz' encoding='ascii'>
# stdlog                                  : <_io.TextIOWrapper name='<stdout>' mode='w' encoding='utf-8'>
# stdout                                  : <_io.TextIOWrapper name='results/reads/umis/167_MSI_R1.fastq.gz' encoding='ascii'>
# timeit_file                             : None
# timeit_header                           : None
# timeit_name                             : all
# tmpdir                                  : None
# umi_correct_log                         : None
# umi_separator                           : _
# umi_whitelist                           : None
# umi_whitelist_paired                    : None
# whitelist                               : None
2023-05-04 15:22:26,288 INFO Starting barcode extraction
2023-05-04 15:22:29,865 INFO Parsed 100000 reads
2023-05-04 15:22:33,591 INFO Parsed 200000 reads
2023-05-04 15:22:37,216 INFO Parsed 300000 reads
2023-05-04 15:22:40,756 INFO Parsed 400000 reads
2023-05-04 15:22:44,272 INFO Parsed 500000 reads
2023-05-04 15:22:47,777 INFO Parsed 600000 reads
2023-05-04 15:22:51,301 INFO Parsed 700000 reads
2023-05-04 15:22:54,813 INFO Parsed 800000 reads
2023-05-04 15:22:58,347 INFO Parsed 900000 reads
2023-05-04 15:23:01,897 INFO Parsed 1000000 reads
2023-05-04 15:23:05,445 INFO Parsed 1100000 reads
2023-05-04 15:23:08,966 INFO Parsed 1200000 reads
2023-05-04 15:23:12,469 INFO Parsed 1300000 reads
2023-05-04 15:23:15,973 INFO Parsed 1400000 reads
2023-05-04 15:23:19,484 INFO Parsed 1500000 reads
2023-05-04 15:23:22,993 INFO Parsed 1600000 reads
2023-05-04 15:23:26,497 INFO Parsed 1700000 reads
2023-05-04 15:23:30,047 INFO Parsed 1800000 reads
2023-05-04 15:23:33,602 INFO Parsed 1900000 reads
2023-05-04 15:23:37,246 INFO Parsed 2000000 reads
2023-05-04 15:23:40,885 INFO Parsed 2100000 reads
2023-05-04 15:23:44,399 INFO Parsed 2200000 reads
2023-05-04 15:23:47,912 INFO Parsed 2300000 reads
2023-05-04 15:23:51,422 INFO Parsed 2400000 reads
2023-05-04 15:23:54,994 INFO Parsed 2500000 reads
2023-05-04 15:23:58,492 INFO Parsed 2600000 reads
2023-05-04 15:24:02,025 INFO Parsed 2700000 reads
2023-05-04 15:24:05,552 INFO Parsed 2800000 reads
2023-05-04 15:24:09,080 INFO Parsed 2900000 reads
2023-05-04 15:24:12,585 INFO Parsed 3000000 reads
2023-05-04 15:24:16,077 INFO Parsed 3100000 reads
2023-05-04 15:24:19,593 INFO Parsed 3200000 reads
2023-05-04 15:24:23,113 INFO Parsed 3300000 reads
2023-05-04 15:24:26,618 INFO Parsed 3400000 reads
2023-05-04 15:24:30,120 INFO Parsed 3500000 reads
2023-05-04 15:24:33,657 INFO Parsed 3600000 reads
2023-05-04 15:24:37,183 INFO Parsed 3700000 reads
2023-05-04 15:24:40,690 INFO Parsed 3800000 reads
2023-05-04 15:24:44,201 INFO Parsed 3900000 reads
2023-05-04 15:24:47,688 INFO Parsed 4000000 reads
2023-05-04 15:24:51,193 INFO Parsed 4100000 reads
2023-05-04 15:24:54,692 INFO Parsed 4200000 reads
2023-05-04 15:24:58,195 INFO Parsed 4300000 reads
2023-05-04 15:25:01,708 INFO Parsed 4400000 reads
2023-05-04 15:25:05,240 INFO Parsed 4500000 reads
2023-05-04 15:25:08,765 INFO Parsed 4600000 reads
2023-05-04 15:25:12,349 INFO Parsed 4700000 reads
2023-05-04 15:25:15,856 INFO Parsed 4800000 reads
2023-05-04 15:25:19,360 INFO Parsed 4900000 reads
2023-05-04 15:25:22,875 INFO Parsed 5000000 reads
2023-05-04 15:25:26,392 INFO Parsed 5100000 reads
2023-05-04 15:25:29,893 INFO Parsed 5200000 reads
2023-05-04 15:25:33,424 INFO Parsed 5300000 reads
2023-05-04 15:25:36,984 INFO Parsed 5400000 reads
2023-05-04 15:25:40,555 INFO Parsed 5500000 reads
2023-05-04 15:25:44,117 INFO Parsed 5600000 reads
2023-05-04 15:25:47,655 INFO Parsed 5700000 reads
2023-05-04 15:25:51,191 INFO Parsed 5800000 reads
2023-05-04 15:25:54,742 INFO Parsed 5900000 reads
2023-05-04 15:25:58,295 INFO Parsed 6000000 reads
2023-05-04 15:26:01,830 INFO Parsed 6100000 reads
2023-05-04 15:26:05,362 INFO Parsed 6200000 reads
2023-05-04 15:26:08,898 INFO Parsed 6300000 reads
2023-05-04 15:26:12,443 INFO Parsed 6400000 reads
2023-05-04 15:26:15,977 INFO Parsed 6500000 reads
2023-05-04 15:26:19,507 INFO Parsed 6600000 reads
2023-05-04 15:26:23,028 INFO Parsed 6700000 reads
2023-05-04 15:26:26,588 INFO Parsed 6800000 reads
2023-05-04 15:26:30,156 INFO Parsed 6900000 reads
2023-05-04 15:26:33,681 INFO Parsed 7000000 reads
2023-05-04 15:26:37,222 INFO Parsed 7100000 reads
2023-05-04 15:26:40,753 INFO Parsed 7200000 reads
2023-05-04 15:26:44,295 INFO Parsed 7300000 reads
2023-05-04 15:26:47,839 INFO Parsed 7400000 reads
2023-05-04 15:26:51,378 INFO Parsed 7500000 reads
2023-05-04 15:26:54,928 INFO Parsed 7600000 reads
2023-05-04 15:26:58,778 INFO Parsed 7700000 reads
2023-05-04 15:27:02,502 INFO Parsed 7800000 reads
2023-05-04 15:27:06,031 INFO Parsed 7900000 reads
2023-05-04 15:27:09,569 INFO Parsed 8000000 reads
2023-05-04 15:27:13,108 INFO Parsed 8100000 reads
2023-05-04 15:27:16,660 INFO Parsed 8200000 reads
2023-05-04 15:27:20,178 INFO Parsed 8300000 reads
2023-05-04 15:27:23,690 INFO Parsed 8400000 reads
2023-05-04 15:27:27,211 INFO Parsed 8500000 reads
2023-05-04 15:27:30,729 INFO Parsed 8600000 reads
2023-05-04 15:27:34,263 INFO Parsed 8700000 reads
2023-05-04 15:27:37,831 INFO Parsed 8800000 reads
2023-05-04 15:27:41,375 INFO Parsed 8900000 reads
2023-05-04 15:27:44,913 INFO Parsed 9000000 reads
2023-05-04 15:27:48,441 INFO Parsed 9100000 reads
2023-05-04 15:27:51,965 INFO Parsed 9200000 reads
2023-05-04 15:27:55,510 INFO Parsed 9300000 reads
2023-05-04 15:27:59,047 INFO Parsed 9400000 reads
2023-05-04 15:28:02,590 INFO Parsed 9500000 reads
2023-05-04 15:28:06,108 INFO Parsed 9600000 reads
2023-05-04 15:28:09,639 INFO Parsed 9700000 reads
2023-05-04 15:28:13,169 INFO Parsed 9800000 reads
2023-05-04 15:28:16,702 INFO Parsed 9900000 reads
2023-05-04 15:28:20,224 INFO Parsed 10000000 reads
2023-05-04 15:28:23,740 INFO Parsed 10100000 reads
2023-05-04 15:28:27,269 INFO Parsed 10200000 reads
2023-05-04 15:28:30,802 INFO Parsed 10300000 reads
2023-05-04 15:28:34,321 INFO Parsed 10400000 reads
2023-05-04 15:28:37,845 INFO Parsed 10500000 reads
2023-05-04 15:28:41,341 INFO Parsed 10600000 reads
2023-05-04 15:28:44,860 INFO Parsed 10700000 reads
2023-05-04 15:28:48,390 INFO Parsed 10800000 reads
2023-05-04 15:28:51,910 INFO Parsed 10900000 reads
2023-05-04 15:28:55,460 INFO Parsed 11000000 reads
2023-05-04 15:28:59,005 INFO Parsed 11100000 reads
2023-05-04 15:29:02,534 INFO Parsed 11200000 reads
2023-05-04 15:29:06,054 INFO Parsed 11300000 reads
2023-05-04 15:29:09,569 INFO Parsed 11400000 reads
2023-05-04 15:29:13,234 INFO Parsed 11500000 reads
2023-05-04 15:29:16,938 INFO Parsed 11600000 reads
2023-05-04 15:29:20,456 INFO Parsed 11700000 reads
2023-05-04 15:29:23,959 INFO Parsed 11800000 reads
2023-05-04 15:29:27,503 INFO Parsed 11900000 reads
2023-05-04 15:29:31,033 INFO Parsed 12000000 reads
2023-05-04 15:29:34,557 INFO Parsed 12100000 reads
2023-05-04 15:29:38,070 INFO Parsed 12200000 reads
2023-05-04 15:29:41,574 INFO Parsed 12300000 reads
2023-05-04 15:29:45,146 INFO Parsed 12400000 reads
2023-05-04 15:29:48,896 INFO Parsed 12500000 reads
2023-05-04 15:29:52,428 INFO Parsed 12600000 reads
2023-05-04 15:29:55,936 INFO Parsed 12700000 reads
2023-05-04 15:29:59,482 INFO Parsed 12800000 reads
2023-05-04 15:30:03,014 INFO Parsed 12900000 reads
2023-05-04 15:30:06,526 INFO Parsed 13000000 reads
2023-05-04 15:30:10,123 INFO Parsed 13100000 reads
2023-05-04 15:30:13,855 INFO Parsed 13200000 reads
2023-05-04 15:30:17,516 INFO Parsed 13300000 reads
2023-05-04 15:30:21,208 INFO Parsed 13400000 reads
2023-05-04 15:30:24,909 INFO Parsed 13500000 reads
2023-05-04 15:30:28,616 INFO Parsed 13600000 reads
2023-05-04 15:30:32,875 INFO Parsed 13700000 reads
2023-05-04 15:30:36,418 INFO Parsed 13800000 reads
2023-05-04 15:30:39,911 INFO Parsed 13900000 reads
2023-05-04 15:30:43,623 INFO Parsed 14000000 reads
2023-05-04 15:30:47,335 INFO Parsed 14100000 reads
2023-05-04 15:30:51,340 INFO Parsed 14200000 reads
2023-05-04 15:30:55,240 INFO Parsed 14300000 reads
2023-05-04 15:31:04,243 INFO Parsed 14400000 reads
2023-05-04 15:31:07,830 INFO Parsed 14500000 reads
2023-05-04 15:31:11,363 INFO Parsed 14600000 reads
2023-05-04 15:31:14,910 INFO Parsed 14700000 reads
2023-05-04 15:31:18,492 INFO Parsed 14800000 reads
2023-05-04 15:31:22,051 INFO Parsed 14900000 reads
2023-05-04 15:31:25,767 INFO Parsed 15000000 reads
2023-05-04 15:31:34,544 INFO Parsed 15100000 reads
2023-05-04 15:31:38,063 INFO Parsed 15200000 reads
2023-05-04 15:31:41,582 INFO Parsed 15300000 reads
2023-05-04 15:31:45,168 INFO Parsed 15400000 reads
2023-05-04 15:32:01,812 INFO Parsed 15500000 reads
2023-05-04 15:32:07,025 INFO Parsed 15600000 reads
2023-05-04 15:32:12,432 INFO Parsed 15700000 reads
2023-05-04 15:32:17,496 INFO Parsed 15800000 reads
2023-05-04 15:32:22,594 INFO Parsed 15900000 reads
2023-05-04 15:32:27,914 INFO Parsed 16000000 reads
2023-05-04 15:32:33,164 INFO Parsed 16100000 reads
2023-05-04 15:32:39,015 INFO Parsed 16200000 reads
2023-05-04 15:32:44,142 INFO Parsed 16300000 reads
2023-05-04 15:32:49,246 INFO Parsed 16400000 reads
2023-05-04 15:32:54,335 INFO Parsed 16500000 reads
2023-05-04 15:32:59,402 INFO Parsed 16600000 reads
2023-05-04 15:33:04,183 INFO Parsed 16700000 reads
2023-05-04 15:33:08,469 INFO Parsed 16800000 reads
2023-05-04 15:33:12,400 INFO Parsed 16900000 reads
2023-05-04 15:33:16,015 INFO Parsed 17000000 reads
2023-05-04 15:33:19,535 INFO Parsed 17100000 reads
2023-05-04 15:33:23,437 INFO Parsed 17200000 reads
2023-05-04 15:33:27,094 INFO Parsed 17300000 reads
2023-05-04 15:33:30,627 INFO Parsed 17400000 reads
2023-05-04 15:33:34,146 INFO Parsed 17500000 reads
2023-05-04 15:33:37,713 INFO Parsed 17600000 reads
2023-05-04 15:33:41,410 INFO Parsed 17700000 reads
2023-05-04 15:33:45,001 INFO Parsed 17800000 reads
2023-05-04 15:33:48,559 INFO Parsed 17900000 reads
2023-05-04 15:33:52,145 INFO Parsed 18000000 reads
2023-05-04 15:33:55,703 INFO Parsed 18100000 reads
2023-05-04 15:33:59,300 INFO Parsed 18200000 reads
2023-05-04 15:34:03,064 INFO Parsed 18300000 reads
2023-05-04 15:34:06,961 INFO Parsed 18400000 reads
2023-05-04 15:34:10,537 INFO Parsed 18500000 reads
2023-05-04 15:34:14,522 INFO Parsed 18600000 reads
2023-05-04 15:34:18,040 INFO Parsed 18700000 reads
2023-05-04 15:34:21,584 INFO Parsed 18800000 reads
2023-05-04 15:34:25,122 INFO Parsed 18900000 reads
2023-05-04 15:34:28,711 INFO Parsed 19000000 reads
2023-05-04 15:34:33,105 INFO Parsed 19100000 reads
2023-05-04 15:34:37,814 INFO Parsed 19200000 reads
2023-05-04 15:34:41,499 INFO Parsed 19300000 reads
2023-05-04 15:34:45,037 INFO Parsed 19400000 reads
2023-05-04 15:34:48,611 INFO Parsed 19500000 reads
2023-05-04 15:34:52,223 INFO Parsed 19600000 reads
2023-05-04 15:34:55,837 INFO Parsed 19700000 reads
2023-05-04 15:34:59,674 INFO Parsed 19800000 reads
2023-05-04 15:35:03,254 INFO Parsed 19900000 reads
2023-05-04 15:35:06,808 INFO Parsed 20000000 reads
2023-05-04 15:35:10,441 INFO Parsed 20100000 reads
2023-05-04 15:35:14,054 INFO Parsed 20200000 reads
2023-05-04 15:35:17,702 INFO Parsed 20300000 reads
2023-05-04 15:35:21,620 INFO Parsed 20400000 reads
2023-05-04 15:35:25,544 INFO Parsed 20500000 reads
2023-05-04 15:35:29,474 INFO Parsed 20600000 reads
2023-05-04 15:35:33,427 INFO Parsed 20700000 reads
2023-05-04 15:35:37,371 INFO Parsed 20800000 reads
2023-05-04 15:35:41,351 INFO Parsed 20900000 reads
2023-05-04 15:35:44,422 INFO Input Reads: 20976793
2023-05-04 15:35:44,422 INFO regex matches read1: 17828184
2023-05-04 15:35:44,422 INFO Reads output: 17828184
2023-05-04 15:35:44,422 INFO regex does not match read1: 3148609
# job finished in 798 seconds at Thu May  4 15:35:44 2023 -- 770.67  2.43  0.00  0.00 -- 0be625d4-87c2-4ddd-b3d2-d8752bb29917
[Thu May  4 15:35:46 2023]
Finished job 0.
1 of 1 steps (100%) done
[Thu May  4 15:35:48 2023]
Finished job 0.
1 of 1 steps (100%) done
