Building DAG of jobs...
Using shell: /usr/bin/bash
Provided cores: 8
Rules claiming more threads will be scaled down.
Provided resources: mem_mb=8192, mem_mib=7813, disk_mb=1601, disk_mib=1527
Select jobs to execute...
Building DAG of jobs...
Using shell: /usr/bin/bash
Provided cores: 8
Rules claiming more threads will be scaled down.
Provided resources: mem_mb=8192, mem_mib=7813, disk_mb=1601, disk_mib=1527
Select jobs to execute...

[Thu May  4 15:22:23 2023]
rule extract_umis_single_end:
    input: results/reads/121_MSI_R1.fastq.gz
    output: results/reads/umis/121_MSI_R1.fastq.gz
    log: logs/extract_umis/121_MSI.log
    jobid: 0
    reason: Missing output files: results/reads/umis/121_MSI_R1.fastq.gz
    wildcards: sample=121_MSI
    threads: 8
    resources: mem_mb=8192, mem_mib=7813, disk_mb=1601, disk_mib=1527, tmpdir=/tmp, runtime=60

# UMI-tools version: 1.1.4
# output generated by extract --random-seed 1234 --extract-method=regex --bc-pattern=(?P<umi_1>.{6})(?P<discard_1>TATA).* -I results/reads/121_MSI_R1.fastq.gz -S results/reads/umis/121_MSI_R1.fastq.gz
# job started at Thu May  4 15:22:25 2023 on bc006 -- 203211cb-1440-4b0d-853b-a6f7c3e8db65
# pid: 458439, system: Linux 4.18.0-193.19.1.el8_2.x86_64 #1 SMP Mon Sep 14 14:37:00 UTC 2020 x86_64
# blacklist                               : None
# compresslevel                           : 6
# correct_umi_threshold                   : 0
# either_read                             : False
# either_read_resolve                     : discard
# error_correct_cell                      : False
# extract_method                          : regex
# filter_cell_barcode                     : None
# filter_cell_barcodes                    : False
# filter_umi                              : None
# filtered_out                            : None
# filtered_out2                           : None
# ignore_suffix                           : False
# log2stderr                              : False
# loglevel                                : 1
# pattern                                 : (?P<umi_1>.{6})(?P<discard_1>TATA).*
# pattern2                                : None
# prime3                                  : None
# quality_encoding                        : None
# quality_filter_mask                     : None
# quality_filter_threshold                : None
# random_seed                             : 1234
# read2_in                                : None
# read2_out                               : False
# read2_stdout                            : False
# reads_subset                            : None
# reconcile                               : False
# retain_umi                              : None
# short_help                              : None
# stderr                                  : <_io.TextIOWrapper name='<stderr>' mode='w' encoding='utf-8'>
# stdin                                   : <_io.TextIOWrapper name='results/reads/121_MSI_R1.fastq.gz' encoding='ascii'>
# stdlog                                  : <_io.TextIOWrapper name='<stdout>' mode='w' encoding='utf-8'>
# stdout                                  : <_io.TextIOWrapper name='results/reads/umis/121_MSI_R1.fastq.gz' encoding='ascii'>
# timeit_file                             : None
# timeit_header                           : None
# timeit_name                             : all
# tmpdir                                  : None
# umi_correct_log                         : None
# umi_separator                           : _
# umi_whitelist                           : None
# umi_whitelist_paired                    : None
# whitelist                               : None
2023-05-04 15:22:25,265 INFO Starting barcode extraction
2023-05-04 15:22:28,501 INFO Parsed 100000 reads
2023-05-04 15:22:31,746 INFO Parsed 200000 reads
2023-05-04 15:22:35,227 INFO Parsed 300000 reads
2023-05-04 15:22:38,534 INFO Parsed 400000 reads
2023-05-04 15:22:41,765 INFO Parsed 500000 reads
2023-05-04 15:22:44,996 INFO Parsed 600000 reads
2023-05-04 15:22:48,211 INFO Parsed 700000 reads
2023-05-04 15:22:51,527 INFO Parsed 800000 reads
2023-05-04 15:22:55,168 INFO Parsed 900000 reads
2023-05-04 15:22:58,881 INFO Parsed 1000000 reads
2023-05-04 15:23:02,713 INFO Parsed 1100000 reads
2023-05-04 15:23:06,519 INFO Parsed 1200000 reads
2023-05-04 15:23:10,275 INFO Parsed 1300000 reads
2023-05-04 15:23:13,958 INFO Parsed 1400000 reads
2023-05-04 15:23:17,620 INFO Parsed 1500000 reads
2023-05-04 15:23:21,215 INFO Parsed 1600000 reads
2023-05-04 15:23:24,830 INFO Parsed 1700000 reads
2023-05-04 15:23:28,494 INFO Parsed 1800000 reads
2023-05-04 15:23:32,151 INFO Parsed 1900000 reads
2023-05-04 15:23:35,671 INFO Parsed 2000000 reads
2023-05-04 15:23:39,177 INFO Parsed 2100000 reads
2023-05-04 15:23:43,015 INFO Parsed 2200000 reads
2023-05-04 15:23:46,704 INFO Parsed 2300000 reads
2023-05-04 15:23:50,242 INFO Parsed 2400000 reads
2023-05-04 15:23:53,677 INFO Parsed 2500000 reads
2023-05-04 15:23:56,926 INFO Parsed 2600000 reads
2023-05-04 15:24:00,172 INFO Parsed 2700000 reads
2023-05-04 15:24:03,485 INFO Parsed 2800000 reads
2023-05-04 15:24:06,757 INFO Parsed 2900000 reads
2023-05-04 15:24:10,082 INFO Parsed 3000000 reads
2023-05-04 15:24:13,726 INFO Parsed 3100000 reads
2023-05-04 15:24:17,485 INFO Parsed 3200000 reads
2023-05-04 15:24:20,808 INFO Parsed 3300000 reads
2023-05-04 15:24:24,072 INFO Parsed 3400000 reads
2023-05-04 15:24:27,325 INFO Parsed 3500000 reads
2023-05-04 15:24:30,578 INFO Parsed 3600000 reads
2023-05-04 15:24:33,883 INFO Parsed 3700000 reads
2023-05-04 15:24:37,123 INFO Parsed 3800000 reads
2023-05-04 15:24:40,358 INFO Parsed 3900000 reads
2023-05-04 15:24:43,582 INFO Parsed 4000000 reads
2023-05-04 15:24:46,820 INFO Parsed 4100000 reads
2023-05-04 15:24:50,071 INFO Parsed 4200000 reads
2023-05-04 15:24:53,298 INFO Parsed 4300000 reads
2023-05-04 15:24:56,528 INFO Parsed 4400000 reads
2023-05-04 15:24:59,783 INFO Parsed 4500000 reads
2023-05-04 15:25:03,053 INFO Parsed 4600000 reads
2023-05-04 15:25:06,306 INFO Parsed 4700000 reads
2023-05-04 15:25:09,808 INFO Parsed 4800000 reads
2023-05-04 15:25:13,804 INFO Parsed 4900000 reads
2023-05-04 15:25:18,836 INFO Parsed 5000000 reads
2023-05-04 15:25:24,009 INFO Parsed 5100000 reads
2023-05-04 15:25:29,233 INFO Parsed 5200000 reads
2023-05-04 15:25:34,491 INFO Parsed 5300000 reads
2023-05-04 15:25:39,790 INFO Parsed 5400000 reads
2023-05-04 15:25:45,035 INFO Parsed 5500000 reads
2023-05-04 15:25:50,178 INFO Parsed 5600000 reads
2023-05-04 15:25:55,315 INFO Parsed 5700000 reads
2023-05-04 15:26:00,358 INFO Parsed 5800000 reads
2023-05-04 15:26:05,443 INFO Parsed 5900000 reads
2023-05-04 15:26:10,284 INFO Parsed 6000000 reads
2023-05-04 15:26:14,783 INFO Parsed 6100000 reads
2023-05-04 15:26:18,939 INFO Parsed 6200000 reads
2023-05-04 15:26:22,598 INFO Parsed 6300000 reads
2023-05-04 15:26:26,024 INFO Parsed 6400000 reads
2023-05-04 15:26:29,300 INFO Parsed 6500000 reads
2023-05-04 15:26:32,541 INFO Parsed 6600000 reads
2023-05-04 15:26:35,780 INFO Parsed 6700000 reads
2023-05-04 15:26:39,134 INFO Parsed 6800000 reads
2023-05-04 15:26:42,584 INFO Parsed 6900000 reads
2023-05-04 15:26:45,962 INFO Parsed 7000000 reads
2023-05-04 15:26:49,351 INFO Parsed 7100000 reads
2023-05-04 15:26:52,817 INFO Parsed 7200000 reads
2023-05-04 15:26:56,452 INFO Parsed 7300000 reads
2023-05-04 15:27:00,150 INFO Parsed 7400000 reads
2023-05-04 15:27:03,602 INFO Parsed 7500000 reads
2023-05-04 15:27:07,052 INFO Parsed 7600000 reads
2023-05-04 15:27:10,406 INFO Parsed 7700000 reads
2023-05-04 15:27:13,812 INFO Parsed 7800000 reads
2023-05-04 15:27:17,157 INFO Parsed 7900000 reads
2023-05-04 15:27:20,723 INFO Parsed 8000000 reads
2023-05-04 15:27:24,035 INFO Parsed 8100000 reads
2023-05-04 15:27:27,270 INFO Parsed 8200000 reads
2023-05-04 15:27:30,493 INFO Parsed 8300000 reads
2023-05-04 15:27:33,721 INFO Parsed 8400000 reads
2023-05-04 15:27:37,017 INFO Parsed 8500000 reads
2023-05-04 15:27:40,255 INFO Parsed 8600000 reads
2023-05-04 15:27:43,498 INFO Parsed 8700000 reads
2023-05-04 15:27:46,739 INFO Parsed 8800000 reads
2023-05-04 15:27:49,967 INFO Parsed 8900000 reads
2023-05-04 15:27:53,195 INFO Parsed 9000000 reads
2023-05-04 15:27:56,458 INFO Parsed 9100000 reads
2023-05-04 15:27:59,776 INFO Parsed 9200000 reads
2023-05-04 15:28:03,294 INFO Parsed 9300000 reads
2023-05-04 15:28:06,746 INFO Parsed 9400000 reads
2023-05-04 15:28:10,000 INFO Parsed 9500000 reads
2023-05-04 15:28:13,240 INFO Parsed 9600000 reads
2023-05-04 15:28:16,469 INFO Parsed 9700000 reads
2023-05-04 15:28:19,682 INFO Parsed 9800000 reads
2023-05-04 15:28:22,905 INFO Parsed 9900000 reads
2023-05-04 15:28:26,168 INFO Parsed 10000000 reads
2023-05-04 15:28:29,482 INFO Parsed 10100000 reads
2023-05-04 15:28:32,773 INFO Parsed 10200000 reads
2023-05-04 15:28:36,008 INFO Parsed 10300000 reads
2023-05-04 15:28:39,238 INFO Parsed 10400000 reads
2023-05-04 15:28:42,457 INFO Parsed 10500000 reads
2023-05-04 15:28:45,698 INFO Parsed 10600000 reads
2023-05-04 15:28:48,944 INFO Parsed 10700000 reads
2023-05-04 15:28:52,183 INFO Parsed 10800000 reads
2023-05-04 15:28:55,396 INFO Parsed 10900000 reads
2023-05-04 15:28:58,658 INFO Parsed 11000000 reads
2023-05-04 15:29:02,599 INFO Parsed 11100000 reads
2023-05-04 15:29:05,677 INFO Parsed 11200000 reads
2023-05-04 15:29:09,066 INFO Parsed 11300000 reads
2023-05-04 15:29:12,354 INFO Parsed 11400000 reads
2023-05-04 15:29:15,596 INFO Parsed 11500000 reads
2023-05-04 15:29:18,822 INFO Parsed 11600000 reads
2023-05-04 15:29:22,489 INFO Parsed 11700000 reads
2023-05-04 15:29:26,345 INFO Parsed 11800000 reads
2023-05-04 15:29:30,124 INFO Parsed 11900000 reads
2023-05-04 15:29:33,922 INFO Parsed 12000000 reads
2023-05-04 15:29:37,762 INFO Parsed 12100000 reads
2023-05-04 15:29:41,355 INFO Parsed 12200000 reads
2023-05-04 15:29:44,586 INFO Parsed 12300000 reads
2023-05-04 15:29:47,822 INFO Parsed 12400000 reads
2023-05-04 15:29:51,108 INFO Parsed 12500000 reads
2023-05-04 15:29:54,833 INFO Parsed 12600000 reads
2023-05-04 15:29:58,946 INFO Parsed 12700000 reads
2023-05-04 15:30:02,592 INFO Parsed 12800000 reads
2023-05-04 15:30:06,166 INFO Parsed 12900000 reads
2023-05-04 15:30:09,740 INFO Parsed 13000000 reads
2023-05-04 15:30:13,463 INFO Parsed 13100000 reads
2023-05-04 15:30:17,143 INFO Parsed 13200000 reads
2023-05-04 15:30:20,659 INFO Parsed 13300000 reads
2023-05-04 15:30:24,182 INFO Parsed 13400000 reads
2023-05-04 15:30:27,644 INFO Parsed 13500000 reads
2023-05-04 15:30:30,959 INFO Parsed 13600000 reads
2023-05-04 15:30:34,278 INFO Parsed 13700000 reads
2023-05-04 15:30:37,742 INFO Parsed 13800000 reads
2023-05-04 15:30:41,244 INFO Parsed 13900000 reads
2023-05-04 15:30:44,654 INFO Parsed 14000000 reads
2023-05-04 15:30:48,186 INFO Parsed 14100000 reads
2023-05-04 15:30:51,528 INFO Parsed 14200000 reads
2023-05-04 15:30:55,005 INFO Parsed 14300000 reads
2023-05-04 15:30:58,353 INFO Parsed 14400000 reads
2023-05-04 15:31:01,752 INFO Parsed 14500000 reads
2023-05-04 15:31:05,289 INFO Parsed 14600000 reads
2023-05-04 15:31:08,704 INFO Parsed 14700000 reads
2023-05-04 15:31:12,294 INFO Parsed 14800000 reads
2023-05-04 15:31:15,869 INFO Parsed 14900000 reads
2023-05-04 15:31:19,430 INFO Parsed 15000000 reads
2023-05-04 15:31:22,888 INFO Parsed 15100000 reads
2023-05-04 15:31:26,273 INFO Parsed 15200000 reads
2023-05-04 15:31:29,662 INFO Parsed 15300000 reads
2023-05-04 15:31:33,022 INFO Parsed 15400000 reads
2023-05-04 15:31:36,398 INFO Parsed 15500000 reads
2023-05-04 15:31:40,806 INFO Parsed 15600000 reads
2023-05-04 15:31:44,087 INFO Parsed 15700000 reads
2023-05-04 15:31:47,240 INFO Parsed 15800000 reads
2023-05-04 15:31:50,450 INFO Parsed 15900000 reads
2023-05-04 15:31:53,653 INFO Parsed 16000000 reads
2023-05-04 15:31:56,830 INFO Parsed 16100000 reads
2023-05-04 15:32:00,056 INFO Parsed 16200000 reads
2023-05-04 15:32:03,282 INFO Parsed 16300000 reads
2023-05-04 15:32:06,503 INFO Parsed 16400000 reads
2023-05-04 15:32:09,716 INFO Parsed 16500000 reads
2023-05-04 15:32:12,293 INFO Input Reads: 16579639
2023-05-04 15:32:12,293 INFO regex matches read1: 14740958
2023-05-04 15:32:12,293 INFO Reads output: 14740958
2023-05-04 15:32:12,293 INFO regex does not match read1: 1838681
# job finished in 587 seconds at Thu May  4 15:32:12 2023 -- 584.11  1.68  0.00  0.00 -- 203211cb-1440-4b0d-853b-a6f7c3e8db65
[Thu May  4 15:32:12 2023]
Finished job 0.
1 of 1 steps (100%) done
[Thu May  4 15:32:13 2023]
Finished job 0.
1 of 1 steps (100%) done
