Building DAG of jobs...
Using shell: /usr/bin/bash
Provided cores: 8
Rules claiming more threads will be scaled down.
Provided resources: mem_mb=8192, mem_mib=7813, disk_mb=1626, disk_mib=1551
Select jobs to execute...
Building DAG of jobs...
Using shell: /usr/bin/bash
Provided cores: 8
Rules claiming more threads will be scaled down.
Provided resources: mem_mb=8192, mem_mib=7813, disk_mb=1626, disk_mib=1551
Select jobs to execute...

[Thu May  4 15:22:25 2023]
rule extract_umis_single_end:
    input: results/reads/112_MSI_R1.fastq.gz
    output: results/reads/umis/112_MSI_R1.fastq.gz
    log: logs/extract_umis/112_MSI.log
    jobid: 0
    reason: Missing output files: results/reads/umis/112_MSI_R1.fastq.gz
    wildcards: sample=112_MSI
    threads: 8
    resources: mem_mb=8192, mem_mib=7813, disk_mb=1626, disk_mib=1551, tmpdir=/tmp, runtime=60

# UMI-tools version: 1.1.4
# output generated by extract --random-seed 1234 --extract-method=regex --bc-pattern=(?P<umi_1>.{6})(?P<discard_1>TATA).* -I results/reads/112_MSI_R1.fastq.gz -S results/reads/umis/112_MSI_R1.fastq.gz
# job started at Thu May  4 15:22:26 2023 on bc004 -- 61510258-7010-4151-9b33-1737cb04782c
# pid: 1600789, system: Linux 4.18.0-193.19.1.el8_2.x86_64 #1 SMP Mon Sep 14 14:37:00 UTC 2020 x86_64
# blacklist                               : None
# compresslevel                           : 6
# correct_umi_threshold                   : 0
# either_read                             : False
# either_read_resolve                     : discard
# error_correct_cell                      : False
# extract_method                          : regex
# filter_cell_barcode                     : None
# filter_cell_barcodes                    : False
# filter_umi                              : None
# filtered_out                            : None
# filtered_out2                           : None
# ignore_suffix                           : False
# log2stderr                              : False
# loglevel                                : 1
# pattern                                 : (?P<umi_1>.{6})(?P<discard_1>TATA).*
# pattern2                                : None
# prime3                                  : None
# quality_encoding                        : None
# quality_filter_mask                     : None
# quality_filter_threshold                : None
# random_seed                             : 1234
# read2_in                                : None
# read2_out                               : False
# read2_stdout                            : False
# reads_subset                            : None
# reconcile                               : False
# retain_umi                              : None
# short_help                              : None
# stderr                                  : <_io.TextIOWrapper name='<stderr>' mode='w' encoding='utf-8'>
# stdin                                   : <_io.TextIOWrapper name='results/reads/112_MSI_R1.fastq.gz' encoding='ascii'>
# stdlog                                  : <_io.TextIOWrapper name='<stdout>' mode='w' encoding='utf-8'>
# stdout                                  : <_io.TextIOWrapper name='results/reads/umis/112_MSI_R1.fastq.gz' encoding='ascii'>
# timeit_file                             : None
# timeit_header                           : None
# timeit_name                             : all
# tmpdir                                  : None
# umi_correct_log                         : None
# umi_separator                           : _
# umi_whitelist                           : None
# umi_whitelist_paired                    : None
# whitelist                               : None
2023-05-04 15:22:26,202 INFO Starting barcode extraction
2023-05-04 15:22:29,734 INFO Parsed 100000 reads
2023-05-04 15:22:33,421 INFO Parsed 200000 reads
2023-05-04 15:22:37,007 INFO Parsed 300000 reads
2023-05-04 15:22:40,506 INFO Parsed 400000 reads
2023-05-04 15:22:43,997 INFO Parsed 500000 reads
2023-05-04 15:22:47,475 INFO Parsed 600000 reads
2023-05-04 15:22:50,965 INFO Parsed 700000 reads
2023-05-04 15:22:54,486 INFO Parsed 800000 reads
2023-05-04 15:22:57,976 INFO Parsed 900000 reads
2023-05-04 15:23:01,444 INFO Parsed 1000000 reads
2023-05-04 15:23:04,912 INFO Parsed 1100000 reads
2023-05-04 15:23:08,385 INFO Parsed 1200000 reads
2023-05-04 15:23:11,855 INFO Parsed 1300000 reads
2023-05-04 15:23:15,729 INFO Parsed 1400000 reads
2023-05-04 15:23:19,564 INFO Parsed 1500000 reads
2023-05-04 15:23:23,265 INFO Parsed 1600000 reads
2023-05-04 15:23:26,731 INFO Parsed 1700000 reads
2023-05-04 15:23:30,222 INFO Parsed 1800000 reads
2023-05-04 15:23:33,695 INFO Parsed 1900000 reads
2023-05-04 15:23:37,292 INFO Parsed 2000000 reads
2023-05-04 15:23:40,901 INFO Parsed 2100000 reads
2023-05-04 15:23:44,405 INFO Parsed 2200000 reads
2023-05-04 15:23:48,020 INFO Parsed 2300000 reads
2023-05-04 15:23:52,291 INFO Parsed 2400000 reads
2023-05-04 15:23:56,937 INFO Parsed 2500000 reads
2023-05-04 15:24:01,421 INFO Parsed 2600000 reads
2023-05-04 15:24:05,919 INFO Parsed 2700000 reads
2023-05-04 15:24:10,511 INFO Parsed 2800000 reads
2023-05-04 15:24:14,914 INFO Parsed 2900000 reads
2023-05-04 15:24:18,944 INFO Parsed 3000000 reads
2023-05-04 15:24:22,736 INFO Parsed 3100000 reads
2023-05-04 15:24:26,413 INFO Parsed 3200000 reads
2023-05-04 15:24:30,107 INFO Parsed 3300000 reads
2023-05-04 15:24:33,827 INFO Parsed 3400000 reads
2023-05-04 15:24:37,468 INFO Parsed 3500000 reads
2023-05-04 15:24:41,024 INFO Parsed 3600000 reads
2023-05-04 15:24:44,592 INFO Parsed 3700000 reads
2023-05-04 15:24:48,151 INFO Parsed 3800000 reads
2023-05-04 15:24:51,726 INFO Parsed 3900000 reads
2023-05-04 15:24:55,424 INFO Parsed 4000000 reads
2023-05-04 15:24:59,186 INFO Parsed 4100000 reads
2023-05-04 15:25:02,843 INFO Parsed 4200000 reads
2023-05-04 15:25:06,616 INFO Parsed 4300000 reads
2023-05-04 15:25:10,389 INFO Parsed 4400000 reads
2023-05-04 15:25:14,240 INFO Parsed 4500000 reads
2023-05-04 15:25:18,901 INFO Parsed 4600000 reads
2023-05-04 15:25:23,535 INFO Parsed 4700000 reads
2023-05-04 15:25:28,140 INFO Parsed 4800000 reads
2023-05-04 15:25:32,654 INFO Parsed 4900000 reads
2023-05-04 15:25:37,196 INFO Parsed 5000000 reads
2023-05-04 15:25:41,750 INFO Parsed 5100000 reads
2023-05-04 15:25:46,379 INFO Parsed 5200000 reads
2023-05-04 15:25:50,989 INFO Parsed 5300000 reads
2023-05-04 15:25:55,650 INFO Parsed 5400000 reads
2023-05-04 15:26:00,072 INFO Parsed 5500000 reads
2023-05-04 15:26:03,814 INFO Parsed 5600000 reads
2023-05-04 15:26:07,441 INFO Parsed 5700000 reads
2023-05-04 15:26:11,531 INFO Parsed 5800000 reads
2023-05-04 15:26:15,226 INFO Parsed 5900000 reads
2023-05-04 15:26:18,952 INFO Parsed 6000000 reads
2023-05-04 15:26:22,713 INFO Parsed 6100000 reads
2023-05-04 15:26:26,560 INFO Parsed 6200000 reads
2023-05-04 15:26:30,269 INFO Parsed 6300000 reads
2023-05-04 15:26:34,049 INFO Parsed 6400000 reads
2023-05-04 15:26:37,879 INFO Parsed 6500000 reads
2023-05-04 15:26:41,774 INFO Parsed 6600000 reads
2023-05-04 15:26:45,711 INFO Parsed 6700000 reads
2023-05-04 15:26:49,719 INFO Parsed 6800000 reads
2023-05-04 15:26:53,434 INFO Parsed 6900000 reads
2023-05-04 15:26:57,521 INFO Parsed 7000000 reads
2023-05-04 15:27:01,619 INFO Parsed 7100000 reads
2023-05-04 15:27:05,198 INFO Parsed 7200000 reads
2023-05-04 15:27:08,713 INFO Parsed 7300000 reads
2023-05-04 15:27:12,222 INFO Parsed 7400000 reads
2023-05-04 15:27:15,722 INFO Parsed 7500000 reads
2023-05-04 15:27:19,232 INFO Parsed 7600000 reads
2023-05-04 15:27:22,727 INFO Parsed 7700000 reads
2023-05-04 15:27:26,208 INFO Parsed 7800000 reads
2023-05-04 15:27:29,692 INFO Parsed 7900000 reads
2023-05-04 15:27:33,188 INFO Parsed 8000000 reads
2023-05-04 15:27:36,771 INFO Parsed 8100000 reads
2023-05-04 15:27:40,283 INFO Parsed 8200000 reads
2023-05-04 15:27:43,774 INFO Parsed 8300000 reads
2023-05-04 15:27:47,246 INFO Parsed 8400000 reads
2023-05-04 15:27:50,719 INFO Parsed 8500000 reads
2023-05-04 15:27:54,205 INFO Parsed 8600000 reads
2023-05-04 15:27:57,700 INFO Parsed 8700000 reads
2023-05-04 15:28:01,205 INFO Parsed 8800000 reads
2023-05-04 15:28:04,717 INFO Parsed 8900000 reads
2023-05-04 15:28:08,204 INFO Parsed 9000000 reads
2023-05-04 15:28:11,851 INFO Parsed 9100000 reads
2023-05-04 15:28:15,791 INFO Parsed 9200000 reads
2023-05-04 15:28:19,597 INFO Parsed 9300000 reads
2023-05-04 15:28:23,097 INFO Parsed 9400000 reads
2023-05-04 15:28:26,657 INFO Parsed 9500000 reads
2023-05-04 15:28:30,324 INFO Parsed 9600000 reads
2023-05-04 15:28:34,567 INFO Parsed 9700000 reads
2023-05-04 15:28:38,954 INFO Parsed 9800000 reads
2023-05-04 15:28:43,577 INFO Parsed 9900000 reads
2023-05-04 15:28:48,291 INFO Parsed 10000000 reads
2023-05-04 15:28:53,020 INFO Parsed 10100000 reads
2023-05-04 15:28:57,649 INFO Parsed 10200000 reads
2023-05-04 15:29:02,386 INFO Parsed 10300000 reads
2023-05-04 15:29:07,235 INFO Parsed 10400000 reads
2023-05-04 15:29:12,034 INFO Parsed 10500000 reads
2023-05-04 15:29:16,544 INFO Parsed 10600000 reads
2023-05-04 15:29:21,099 INFO Parsed 10700000 reads
2023-05-04 15:29:25,606 INFO Parsed 10800000 reads
2023-05-04 15:29:30,058 INFO Parsed 10900000 reads
2023-05-04 15:29:34,698 INFO Parsed 11000000 reads
2023-05-04 15:29:38,718 INFO Parsed 11100000 reads
2023-05-04 15:29:42,847 INFO Parsed 11200000 reads
2023-05-04 15:29:47,633 INFO Parsed 11300000 reads
2023-05-04 15:29:52,141 INFO Parsed 11400000 reads
2023-05-04 15:29:55,745 INFO Parsed 11500000 reads
2023-05-04 15:29:59,409 INFO Parsed 11600000 reads
2023-05-04 15:30:02,984 INFO Parsed 11700000 reads
2023-05-04 15:30:06,520 INFO Parsed 11800000 reads
2023-05-04 15:30:10,061 INFO Parsed 11900000 reads
2023-05-04 15:30:13,587 INFO Parsed 12000000 reads
2023-05-04 15:30:17,208 INFO Parsed 12100000 reads
2023-05-04 15:30:20,753 INFO Parsed 12200000 reads
2023-05-04 15:30:24,309 INFO Parsed 12300000 reads
2023-05-04 15:30:27,830 INFO Parsed 12400000 reads
2023-05-04 15:30:31,559 INFO Parsed 12500000 reads
2023-05-04 15:30:35,434 INFO Parsed 12600000 reads
2023-05-04 15:30:38,952 INFO Parsed 12700000 reads
2023-05-04 15:30:42,482 INFO Parsed 12800000 reads
2023-05-04 15:30:46,031 INFO Parsed 12900000 reads
2023-05-04 15:30:49,597 INFO Parsed 13000000 reads
2023-05-04 15:30:53,169 INFO Parsed 13100000 reads
2023-05-04 15:30:56,905 INFO Parsed 13200000 reads
2023-05-04 15:31:00,491 INFO Parsed 13300000 reads
2023-05-04 15:31:04,046 INFO Parsed 13400000 reads
2023-05-04 15:31:07,555 INFO Parsed 13500000 reads
2023-05-04 15:31:11,067 INFO Parsed 13600000 reads
2023-05-04 15:31:14,565 INFO Parsed 13700000 reads
2023-05-04 15:31:18,164 INFO Parsed 13800000 reads
2023-05-04 15:31:21,693 INFO Parsed 13900000 reads
2023-05-04 15:31:25,268 INFO Parsed 14000000 reads
2023-05-04 15:31:29,957 INFO Parsed 14100000 reads
2023-05-04 15:31:33,504 INFO Parsed 14200000 reads
2023-05-04 15:31:36,998 INFO Parsed 14300000 reads
2023-05-04 15:31:40,518 INFO Parsed 14400000 reads
2023-05-04 15:31:44,057 INFO Parsed 14500000 reads
2023-05-04 15:31:47,643 INFO Parsed 14600000 reads
2023-05-04 15:31:54,345 INFO Parsed 14700000 reads
2023-05-04 15:31:57,838 INFO Parsed 14800000 reads
2023-05-04 15:32:01,310 INFO Parsed 14900000 reads
2023-05-04 15:32:04,893 INFO Parsed 15000000 reads
2023-05-04 15:32:08,566 INFO Parsed 15100000 reads
2023-05-04 15:32:12,224 INFO Parsed 15200000 reads
2023-05-04 15:32:15,999 INFO Parsed 15300000 reads
2023-05-04 15:32:19,832 INFO Parsed 15400000 reads
2023-05-04 15:32:21,609 INFO Input Reads: 15446239
2023-05-04 15:32:21,609 INFO regex matches read1: 13149127
2023-05-04 15:32:21,609 INFO Reads output: 13149127
2023-05-04 15:32:21,609 INFO regex does not match read1: 2297112
# job finished in 595 seconds at Thu May  4 15:32:21 2023 -- 589.71  1.66  0.00  0.00 -- 61510258-7010-4151-9b33-1737cb04782c
[Thu May  4 15:32:22 2023]
Finished job 0.
1 of 1 steps (100%) done
[Thu May  4 15:32:22 2023]
Finished job 0.
1 of 1 steps (100%) done
