Building DAG of jobs...
Using shell: /usr/bin/bash
Provided cores: 8
Rules claiming more threads will be scaled down.
Provided resources: mem_mb=8192, mem_mib=7813, disk_mb=2006, disk_mib=1914
Select jobs to execute...
Building DAG of jobs...
Using shell: /usr/bin/bash
Provided cores: 8
Rules claiming more threads will be scaled down.
Provided resources: mem_mb=8192, mem_mib=7813, disk_mb=2006, disk_mib=1914
Select jobs to execute...

[Thu May  4 15:22:25 2023]
rule extract_umis_single_end:
    input: results/reads/164_MSI_R1.fastq.gz
    output: results/reads/umis/164_MSI_R1.fastq.gz
    log: logs/extract_umis/164_MSI.log
    jobid: 0
    reason: Missing output files: results/reads/umis/164_MSI_R1.fastq.gz
    wildcards: sample=164_MSI
    threads: 8
    resources: mem_mb=8192, mem_mib=7813, disk_mb=2006, disk_mib=1914, tmpdir=/tmp, runtime=60

# UMI-tools version: 1.1.4
# output generated by extract --random-seed 1234 --extract-method=regex --bc-pattern=(?P<umi_1>.{6})(?P<discard_1>TATA).* -I results/reads/164_MSI_R1.fastq.gz -S results/reads/umis/164_MSI_R1.fastq.gz
# job started at Thu May  4 15:22:26 2023 on bc004 -- ea557b62-5e0c-48ff-9331-37ad0acf0fa3
# pid: 1600866, system: Linux 4.18.0-193.19.1.el8_2.x86_64 #1 SMP Mon Sep 14 14:37:00 UTC 2020 x86_64
# blacklist                               : None
# compresslevel                           : 6
# correct_umi_threshold                   : 0
# either_read                             : False
# either_read_resolve                     : discard
# error_correct_cell                      : False
# extract_method                          : regex
# filter_cell_barcode                     : None
# filter_cell_barcodes                    : False
# filter_umi                              : None
# filtered_out                            : None
# filtered_out2                           : None
# ignore_suffix                           : False
# log2stderr                              : False
# loglevel                                : 1
# pattern                                 : (?P<umi_1>.{6})(?P<discard_1>TATA).*
# pattern2                                : None
# prime3                                  : None
# quality_encoding                        : None
# quality_filter_mask                     : None
# quality_filter_threshold                : None
# random_seed                             : 1234
# read2_in                                : None
# read2_out                               : False
# read2_stdout                            : False
# reads_subset                            : None
# reconcile                               : False
# retain_umi                              : None
# short_help                              : None
# stderr                                  : <_io.TextIOWrapper name='<stderr>' mode='w' encoding='utf-8'>
# stdin                                   : <_io.TextIOWrapper name='results/reads/164_MSI_R1.fastq.gz' encoding='ascii'>
# stdlog                                  : <_io.TextIOWrapper name='<stdout>' mode='w' encoding='utf-8'>
# stdout                                  : <_io.TextIOWrapper name='results/reads/umis/164_MSI_R1.fastq.gz' encoding='ascii'>
# timeit_file                             : None
# timeit_header                           : None
# timeit_name                             : all
# tmpdir                                  : None
# umi_correct_log                         : None
# umi_separator                           : _
# umi_whitelist                           : None
# umi_whitelist_paired                    : None
# whitelist                               : None
2023-05-04 15:22:26,519 INFO Starting barcode extraction
2023-05-04 15:22:30,025 INFO Parsed 100000 reads
2023-05-04 15:22:33,710 INFO Parsed 200000 reads
2023-05-04 15:22:37,248 INFO Parsed 300000 reads
2023-05-04 15:22:40,718 INFO Parsed 400000 reads
2023-05-04 15:22:44,161 INFO Parsed 500000 reads
2023-05-04 15:22:47,613 INFO Parsed 600000 reads
2023-05-04 15:22:51,062 INFO Parsed 700000 reads
2023-05-04 15:22:54,508 INFO Parsed 800000 reads
2023-05-04 15:22:57,998 INFO Parsed 900000 reads
2023-05-04 15:23:01,485 INFO Parsed 1000000 reads
2023-05-04 15:23:04,944 INFO Parsed 1100000 reads
2023-05-04 15:23:08,382 INFO Parsed 1200000 reads
2023-05-04 15:23:11,812 INFO Parsed 1300000 reads
2023-05-04 15:23:15,611 INFO Parsed 1400000 reads
2023-05-04 15:23:19,462 INFO Parsed 1500000 reads
2023-05-04 15:23:23,132 INFO Parsed 1600000 reads
2023-05-04 15:23:26,613 INFO Parsed 1700000 reads
2023-05-04 15:23:30,103 INFO Parsed 1800000 reads
2023-05-04 15:23:33,574 INFO Parsed 1900000 reads
2023-05-04 15:23:37,113 INFO Parsed 2000000 reads
2023-05-04 15:23:40,671 INFO Parsed 2100000 reads
2023-05-04 15:23:44,153 INFO Parsed 2200000 reads
2023-05-04 15:23:47,714 INFO Parsed 2300000 reads
2023-05-04 15:23:51,752 INFO Parsed 2400000 reads
2023-05-04 15:23:56,359 INFO Parsed 2500000 reads
2023-05-04 15:24:00,835 INFO Parsed 2600000 reads
2023-05-04 15:24:05,263 INFO Parsed 2700000 reads
2023-05-04 15:24:09,793 INFO Parsed 2800000 reads
2023-05-04 15:24:14,084 INFO Parsed 2900000 reads
2023-05-04 15:24:18,058 INFO Parsed 3000000 reads
2023-05-04 15:24:21,740 INFO Parsed 3100000 reads
2023-05-04 15:24:25,271 INFO Parsed 3200000 reads
2023-05-04 15:24:28,821 INFO Parsed 3300000 reads
2023-05-04 15:24:32,446 INFO Parsed 3400000 reads
2023-05-04 15:24:36,011 INFO Parsed 3500000 reads
2023-05-04 15:24:39,460 INFO Parsed 3600000 reads
2023-05-04 15:24:42,888 INFO Parsed 3700000 reads
2023-05-04 15:24:46,323 INFO Parsed 3800000 reads
2023-05-04 15:24:49,766 INFO Parsed 3900000 reads
2023-05-04 15:24:53,194 INFO Parsed 4000000 reads
2023-05-04 15:24:56,810 INFO Parsed 4100000 reads
2023-05-04 15:25:00,368 INFO Parsed 4200000 reads
2023-05-04 15:25:03,850 INFO Parsed 4300000 reads
2023-05-04 15:25:07,521 INFO Parsed 4400000 reads
2023-05-04 15:25:11,070 INFO Parsed 4500000 reads
2023-05-04 15:25:14,845 INFO Parsed 4600000 reads
2023-05-04 15:25:19,155 INFO Parsed 4700000 reads
2023-05-04 15:25:23,540 INFO Parsed 4800000 reads
2023-05-04 15:25:27,955 INFO Parsed 4900000 reads
2023-05-04 15:25:32,465 INFO Parsed 5000000 reads
2023-05-04 15:25:36,975 INFO Parsed 5100000 reads
2023-05-04 15:25:41,502 INFO Parsed 5200000 reads
2023-05-04 15:25:46,025 INFO Parsed 5300000 reads
2023-05-04 15:25:50,479 INFO Parsed 5400000 reads
2023-05-04 15:25:54,965 INFO Parsed 5500000 reads
2023-05-04 15:25:59,420 INFO Parsed 5600000 reads
2023-05-04 15:26:03,165 INFO Parsed 5700000 reads
2023-05-04 15:26:06,784 INFO Parsed 5800000 reads
2023-05-04 15:26:10,749 INFO Parsed 5900000 reads
2023-05-04 15:26:14,547 INFO Parsed 6000000 reads
2023-05-04 15:26:18,164 INFO Parsed 6100000 reads
2023-05-04 15:26:21,940 INFO Parsed 6200000 reads
2023-05-04 15:26:25,785 INFO Parsed 6300000 reads
2023-05-04 15:26:29,538 INFO Parsed 6400000 reads
2023-05-04 15:26:33,289 INFO Parsed 6500000 reads
2023-05-04 15:26:37,083 INFO Parsed 6600000 reads
2023-05-04 15:26:40,925 INFO Parsed 6700000 reads
2023-05-04 15:26:44,815 INFO Parsed 6800000 reads
2023-05-04 15:26:48,774 INFO Parsed 6900000 reads
2023-05-04 15:26:52,620 INFO Parsed 7000000 reads
2023-05-04 15:26:56,340 INFO Parsed 7100000 reads
2023-05-04 15:27:00,715 INFO Parsed 7200000 reads
2023-05-04 15:27:04,315 INFO Parsed 7300000 reads
2023-05-04 15:27:07,811 INFO Parsed 7400000 reads
2023-05-04 15:27:11,300 INFO Parsed 7500000 reads
2023-05-04 15:27:15,482 INFO Parsed 7600000 reads
2023-05-04 15:27:18,959 INFO Parsed 7700000 reads
2023-05-04 15:27:22,442 INFO Parsed 7800000 reads
2023-05-04 15:27:25,895 INFO Parsed 7900000 reads
2023-05-04 15:27:29,390 INFO Parsed 8000000 reads
2023-05-04 15:27:32,881 INFO Parsed 8100000 reads
2023-05-04 15:27:36,446 INFO Parsed 8200000 reads
2023-05-04 15:27:39,942 INFO Parsed 8300000 reads
2023-05-04 15:27:43,415 INFO Parsed 8400000 reads
2023-05-04 15:27:46,918 INFO Parsed 8500000 reads
2023-05-04 15:27:50,404 INFO Parsed 8600000 reads
2023-05-04 15:27:53,888 INFO Parsed 8700000 reads
2023-05-04 15:27:57,378 INFO Parsed 8800000 reads
2023-05-04 15:28:00,873 INFO Parsed 8900000 reads
2023-05-04 15:28:04,358 INFO Parsed 9000000 reads
2023-05-04 15:28:07,841 INFO Parsed 9100000 reads
2023-05-04 15:28:11,439 INFO Parsed 9200000 reads
2023-05-04 15:28:15,390 INFO Parsed 9300000 reads
2023-05-04 15:28:19,221 INFO Parsed 9400000 reads
2023-05-04 15:28:22,709 INFO Parsed 9500000 reads
2023-05-04 15:28:26,193 INFO Parsed 9600000 reads
2023-05-04 15:28:29,823 INFO Parsed 9700000 reads
2023-05-04 15:28:33,981 INFO Parsed 9800000 reads
2023-05-04 15:28:38,310 INFO Parsed 9900000 reads
2023-05-04 15:28:42,889 INFO Parsed 10000000 reads
2023-05-04 15:28:47,550 INFO Parsed 10100000 reads
2023-05-04 15:28:52,273 INFO Parsed 10200000 reads
2023-05-04 15:28:56,879 INFO Parsed 10300000 reads
2023-05-04 15:29:01,549 INFO Parsed 10400000 reads
2023-05-04 15:29:06,352 INFO Parsed 10500000 reads
2023-05-04 15:29:11,139 INFO Parsed 10600000 reads
2023-05-04 15:29:15,654 INFO Parsed 10700000 reads
2023-05-04 15:29:20,204 INFO Parsed 10800000 reads
2023-05-04 15:29:24,664 INFO Parsed 10900000 reads
2023-05-04 15:29:29,121 INFO Parsed 11000000 reads
2023-05-04 15:29:33,714 INFO Parsed 11100000 reads
2023-05-04 15:29:37,942 INFO Parsed 11200000 reads
2023-05-04 15:29:41,835 INFO Parsed 11300000 reads
2023-05-04 15:29:46,503 INFO Parsed 11400000 reads
2023-05-04 15:29:51,244 INFO Parsed 11500000 reads
2023-05-04 15:29:54,836 INFO Parsed 11600000 reads
2023-05-04 15:29:58,489 INFO Parsed 11700000 reads
2023-05-04 15:30:02,036 INFO Parsed 11800000 reads
2023-05-04 15:30:05,577 INFO Parsed 11900000 reads
2023-05-04 15:30:09,069 INFO Parsed 12000000 reads
2023-05-04 15:30:12,543 INFO Parsed 12100000 reads
2023-05-04 15:30:16,128 INFO Parsed 12200000 reads
2023-05-04 15:30:19,651 INFO Parsed 12300000 reads
2023-05-04 15:30:23,166 INFO Parsed 12400000 reads
2023-05-04 15:30:26,663 INFO Parsed 12500000 reads
2023-05-04 15:30:30,284 INFO Parsed 12600000 reads
2023-05-04 15:30:34,143 INFO Parsed 12700000 reads
2023-05-04 15:30:37,626 INFO Parsed 12800000 reads
2023-05-04 15:30:41,104 INFO Parsed 12900000 reads
2023-05-04 15:30:44,603 INFO Parsed 13000000 reads
2023-05-04 15:30:48,152 INFO Parsed 13100000 reads
2023-05-04 15:30:51,664 INFO Parsed 13200000 reads
2023-05-04 15:31:01,034 INFO Parsed 13300000 reads
2023-05-04 15:31:04,576 INFO Parsed 13400000 reads
2023-05-04 15:31:08,050 INFO Parsed 13500000 reads
2023-05-04 15:31:11,551 INFO Parsed 13600000 reads
2023-05-04 15:31:15,046 INFO Parsed 13700000 reads
2023-05-04 15:31:18,571 INFO Parsed 13800000 reads
2023-05-04 15:31:22,072 INFO Parsed 13900000 reads
2023-05-04 15:31:25,619 INFO Parsed 14000000 reads
2023-05-04 15:31:35,235 INFO Parsed 14100000 reads
2023-05-04 15:31:38,729 INFO Parsed 14200000 reads
2023-05-04 15:31:42,232 INFO Parsed 14300000 reads
2023-05-04 15:31:45,743 INFO Parsed 14400000 reads
2023-05-04 15:32:02,402 INFO Parsed 14500000 reads
2023-05-04 15:32:06,000 INFO Parsed 14600000 reads
2023-05-04 15:32:09,670 INFO Parsed 14700000 reads
2023-05-04 15:32:13,316 INFO Parsed 14800000 reads
2023-05-04 15:32:17,039 INFO Parsed 14900000 reads
2023-05-04 15:32:20,708 INFO Parsed 15000000 reads
2023-05-04 15:32:24,442 INFO Parsed 15100000 reads
2023-05-04 15:32:28,019 INFO Parsed 15200000 reads
2023-05-04 15:32:31,659 INFO Parsed 15300000 reads
2023-05-04 15:32:36,627 INFO Parsed 15400000 reads
2023-05-04 15:32:40,267 INFO Parsed 15500000 reads
2023-05-04 15:32:43,880 INFO Parsed 15600000 reads
2023-05-04 15:32:47,478 INFO Parsed 15700000 reads
2023-05-04 15:32:51,050 INFO Parsed 15800000 reads
2023-05-04 15:32:54,631 INFO Parsed 15900000 reads
2023-05-04 15:32:58,276 INFO Parsed 16000000 reads
2023-05-04 15:33:02,030 INFO Parsed 16100000 reads
2023-05-04 15:33:05,765 INFO Parsed 16200000 reads
2023-05-04 15:33:09,418 INFO Parsed 16300000 reads
2023-05-04 15:33:13,286 INFO Parsed 16400000 reads
2023-05-04 15:33:16,745 INFO Parsed 16500000 reads
2023-05-04 15:33:20,213 INFO Parsed 16600000 reads
2023-05-04 15:33:23,904 INFO Parsed 16700000 reads
2023-05-04 15:33:27,434 INFO Parsed 16800000 reads
2023-05-04 15:33:30,864 INFO Parsed 16900000 reads
2023-05-04 15:33:34,292 INFO Parsed 17000000 reads
2023-05-04 15:33:37,856 INFO Parsed 17100000 reads
2023-05-04 15:33:41,362 INFO Parsed 17200000 reads
2023-05-04 15:33:44,840 INFO Parsed 17300000 reads
2023-05-04 15:33:48,330 INFO Parsed 17400000 reads
2023-05-04 15:33:51,819 INFO Parsed 17500000 reads
2023-05-04 15:33:55,311 INFO Parsed 17600000 reads
2023-05-04 15:33:58,778 INFO Parsed 17700000 reads
2023-05-04 15:34:02,258 INFO Parsed 17800000 reads
2023-05-04 15:34:05,730 INFO Parsed 17900000 reads
2023-05-04 15:34:09,212 INFO Parsed 18000000 reads
2023-05-04 15:34:12,674 INFO Parsed 18100000 reads
2023-05-04 15:34:16,089 INFO Parsed 18200000 reads
2023-05-04 15:34:19,554 INFO Parsed 18300000 reads
2023-05-04 15:34:23,025 INFO Parsed 18400000 reads
2023-05-04 15:34:26,580 INFO Parsed 18500000 reads
2023-05-04 15:34:30,041 INFO Parsed 18600000 reads
2023-05-04 15:34:33,497 INFO Parsed 18700000 reads
2023-05-04 15:34:36,966 INFO Parsed 18800000 reads
2023-05-04 15:34:40,431 INFO Parsed 18900000 reads
2023-05-04 15:34:43,879 INFO Parsed 19000000 reads
2023-05-04 15:34:47,338 INFO Parsed 19100000 reads
2023-05-04 15:34:50,781 INFO Input Reads: 19199519
2023-05-04 15:34:50,781 INFO regex matches read1: 16357253
2023-05-04 15:34:50,781 INFO Reads output: 16357253
2023-05-04 15:34:50,781 INFO regex does not match read1: 2842266
# job finished in 744 seconds at Thu May  4 15:34:50 2023 -- 715.05  1.81  0.00  0.00 -- ea557b62-5e0c-48ff-9331-37ad0acf0fa3
[Thu May  4 15:34:51 2023]
Finished job 0.
1 of 1 steps (100%) done
[Thu May  4 15:34:51 2023]
Finished job 0.
1 of 1 steps (100%) done
