Building DAG of jobs...
Using shell: /usr/bin/bash
Provided cores: 8
Rules claiming more threads will be scaled down.
Provided resources: mem_mb=8192, mem_mib=7813, disk_mb=1176, disk_mib=1122
Select jobs to execute...
Building DAG of jobs...
Using shell: /usr/bin/bash
Provided cores: 8
Rules claiming more threads will be scaled down.
Provided resources: mem_mb=8192, mem_mib=7813, disk_mb=1176, disk_mib=1122
Select jobs to execute...

[Thu May  4 15:22:23 2023]
rule extract_umis_single_end:
    input: results/reads/116_MSI_R1.fastq.gz
    output: results/reads/umis/116_MSI_R1.fastq.gz
    log: logs/extract_umis/116_MSI.log
    jobid: 0
    reason: Missing output files: results/reads/umis/116_MSI_R1.fastq.gz
    wildcards: sample=116_MSI
    threads: 8
    resources: mem_mb=8192, mem_mib=7813, disk_mb=1176, disk_mib=1122, tmpdir=/tmp, runtime=60

# UMI-tools version: 1.1.4
# output generated by extract --random-seed 1234 --extract-method=regex --bc-pattern=(?P<umi_1>.{6})(?P<discard_1>TATA).* -I results/reads/116_MSI_R1.fastq.gz -S results/reads/umis/116_MSI_R1.fastq.gz
# job started at Thu May  4 15:22:25 2023 on bc002 -- a030bf84-9fb1-4b11-b736-97a416a70341
# pid: 2312829, system: Linux 4.18.0-193.19.1.el8_2.x86_64 #1 SMP Mon Sep 14 14:37:00 UTC 2020 x86_64
# blacklist                               : None
# compresslevel                           : 6
# correct_umi_threshold                   : 0
# either_read                             : False
# either_read_resolve                     : discard
# error_correct_cell                      : False
# extract_method                          : regex
# filter_cell_barcode                     : None
# filter_cell_barcodes                    : False
# filter_umi                              : None
# filtered_out                            : None
# filtered_out2                           : None
# ignore_suffix                           : False
# log2stderr                              : False
# loglevel                                : 1
# pattern                                 : (?P<umi_1>.{6})(?P<discard_1>TATA).*
# pattern2                                : None
# prime3                                  : None
# quality_encoding                        : None
# quality_filter_mask                     : None
# quality_filter_threshold                : None
# random_seed                             : 1234
# read2_in                                : None
# read2_out                               : False
# read2_stdout                            : False
# reads_subset                            : None
# reconcile                               : False
# retain_umi                              : None
# short_help                              : None
# stderr                                  : <_io.TextIOWrapper name='<stderr>' mode='w' encoding='utf-8'>
# stdin                                   : <_io.TextIOWrapper name='results/reads/116_MSI_R1.fastq.gz' encoding='ascii'>
# stdlog                                  : <_io.TextIOWrapper name='<stdout>' mode='w' encoding='utf-8'>
# stdout                                  : <_io.TextIOWrapper name='results/reads/umis/116_MSI_R1.fastq.gz' encoding='ascii'>
# timeit_file                             : None
# timeit_header                           : None
# timeit_name                             : all
# tmpdir                                  : None
# umi_correct_log                         : None
# umi_separator                           : _
# umi_whitelist                           : None
# umi_whitelist_paired                    : None
# whitelist                               : None
2023-05-04 15:22:25,266 INFO Starting barcode extraction
2023-05-04 15:22:28,581 INFO Parsed 100000 reads
2023-05-04 15:22:31,839 INFO Parsed 200000 reads
2023-05-04 15:22:35,095 INFO Parsed 300000 reads
2023-05-04 15:22:38,350 INFO Parsed 400000 reads
2023-05-04 15:22:41,608 INFO Parsed 500000 reads
2023-05-04 15:22:44,862 INFO Parsed 600000 reads
2023-05-04 15:22:48,114 INFO Parsed 700000 reads
2023-05-04 15:22:51,366 INFO Parsed 800000 reads
2023-05-04 15:22:54,619 INFO Parsed 900000 reads
2023-05-04 15:22:57,868 INFO Parsed 1000000 reads
2023-05-04 15:23:01,123 INFO Parsed 1100000 reads
2023-05-04 15:23:04,382 INFO Parsed 1200000 reads
2023-05-04 15:23:07,731 INFO Parsed 1300000 reads
2023-05-04 15:23:11,201 INFO Parsed 1400000 reads
2023-05-04 15:23:14,624 INFO Parsed 1500000 reads
2023-05-04 15:23:17,879 INFO Parsed 1600000 reads
2023-05-04 15:23:21,150 INFO Parsed 1700000 reads
2023-05-04 15:23:24,412 INFO Parsed 1800000 reads
2023-05-04 15:23:27,676 INFO Parsed 1900000 reads
2023-05-04 15:23:30,951 INFO Parsed 2000000 reads
2023-05-04 15:23:34,204 INFO Parsed 2100000 reads
2023-05-04 15:23:37,464 INFO Parsed 2200000 reads
2023-05-04 15:23:40,716 INFO Parsed 2300000 reads
2023-05-04 15:23:43,968 INFO Parsed 2400000 reads
2023-05-04 15:23:47,234 INFO Parsed 2500000 reads
2023-05-04 15:23:50,493 INFO Parsed 2600000 reads
2023-05-04 15:23:53,754 INFO Parsed 2700000 reads
2023-05-04 15:23:57,019 INFO Parsed 2800000 reads
2023-05-04 15:24:00,289 INFO Parsed 2900000 reads
2023-05-04 15:24:03,557 INFO Parsed 3000000 reads
2023-05-04 15:24:06,863 INFO Parsed 3100000 reads
2023-05-04 15:24:10,126 INFO Parsed 3200000 reads
2023-05-04 15:24:13,383 INFO Parsed 3300000 reads
2023-05-04 15:24:16,659 INFO Parsed 3400000 reads
2023-05-04 15:24:19,931 INFO Parsed 3500000 reads
2023-05-04 15:24:23,187 INFO Parsed 3600000 reads
2023-05-04 15:24:26,434 INFO Parsed 3700000 reads
2023-05-04 15:24:29,685 INFO Parsed 3800000 reads
2023-05-04 15:24:32,944 INFO Parsed 3900000 reads
2023-05-04 15:24:36,212 INFO Parsed 4000000 reads
2023-05-04 15:24:39,452 INFO Parsed 4100000 reads
2023-05-04 15:24:42,718 INFO Parsed 4200000 reads
2023-05-04 15:24:45,972 INFO Parsed 4300000 reads
2023-05-04 15:24:49,235 INFO Parsed 4400000 reads
2023-05-04 15:24:52,482 INFO Parsed 4500000 reads
2023-05-04 15:24:55,697 INFO Parsed 4600000 reads
2023-05-04 15:24:58,878 INFO Parsed 4700000 reads
2023-05-04 15:25:02,052 INFO Parsed 4800000 reads
2023-05-04 15:25:05,338 INFO Parsed 4900000 reads
2023-05-04 15:25:08,525 INFO Parsed 5000000 reads
2023-05-04 15:25:11,702 INFO Parsed 5100000 reads
2023-05-04 15:25:14,880 INFO Parsed 5200000 reads
2023-05-04 15:25:18,061 INFO Parsed 5300000 reads
2023-05-04 15:25:21,251 INFO Parsed 5400000 reads
2023-05-04 15:25:24,417 INFO Parsed 5500000 reads
2023-05-04 15:25:27,587 INFO Parsed 5600000 reads
2023-05-04 15:25:30,757 INFO Parsed 5700000 reads
2023-05-04 15:25:33,931 INFO Parsed 5800000 reads
2023-05-04 15:25:37,118 INFO Parsed 5900000 reads
2023-05-04 15:25:40,288 INFO Parsed 6000000 reads
2023-05-04 15:25:43,467 INFO Parsed 6100000 reads
2023-05-04 15:25:46,646 INFO Parsed 6200000 reads
2023-05-04 15:25:49,832 INFO Parsed 6300000 reads
2023-05-04 15:25:53,011 INFO Parsed 6400000 reads
2023-05-04 15:25:56,179 INFO Parsed 6500000 reads
2023-05-04 15:25:59,356 INFO Parsed 6600000 reads
2023-05-04 15:26:02,537 INFO Parsed 6700000 reads
2023-05-04 15:26:05,723 INFO Parsed 6800000 reads
2023-05-04 15:26:08,892 INFO Parsed 6900000 reads
2023-05-04 15:26:12,123 INFO Parsed 7000000 reads
2023-05-04 15:26:15,375 INFO Parsed 7100000 reads
2023-05-04 15:26:18,608 INFO Parsed 7200000 reads
2023-05-04 15:26:21,863 INFO Parsed 7300000 reads
2023-05-04 15:26:25,126 INFO Parsed 7400000 reads
2023-05-04 15:26:28,397 INFO Parsed 7500000 reads
2023-05-04 15:26:31,746 INFO Parsed 7600000 reads
2023-05-04 15:26:35,803 INFO Parsed 7700000 reads
2023-05-04 15:26:39,106 INFO Parsed 7800000 reads
2023-05-04 15:26:42,362 INFO Parsed 7900000 reads
2023-05-04 15:26:45,628 INFO Parsed 8000000 reads
2023-05-04 15:26:48,890 INFO Parsed 8100000 reads
2023-05-04 15:26:52,158 INFO Parsed 8200000 reads
2023-05-04 15:26:55,514 INFO Parsed 8300000 reads
2023-05-04 15:26:58,773 INFO Parsed 8400000 reads
2023-05-04 15:27:02,026 INFO Parsed 8500000 reads
2023-05-04 15:27:05,271 INFO Parsed 8600000 reads
2023-05-04 15:27:08,533 INFO Parsed 8700000 reads
2023-05-04 15:27:11,786 INFO Parsed 8800000 reads
2023-05-04 15:27:15,150 INFO Parsed 8900000 reads
2023-05-04 15:27:18,404 INFO Parsed 9000000 reads
2023-05-04 15:27:21,678 INFO Parsed 9100000 reads
2023-05-04 15:27:24,919 INFO Parsed 9200000 reads
2023-05-04 15:27:28,369 INFO Parsed 9300000 reads
2023-05-04 15:27:31,617 INFO Parsed 9400000 reads
2023-05-04 15:27:34,854 INFO Parsed 9500000 reads
2023-05-04 15:27:38,128 INFO Parsed 9600000 reads
2023-05-04 15:27:41,374 INFO Parsed 9700000 reads
2023-05-04 15:27:44,605 INFO Parsed 9800000 reads
2023-05-04 15:27:47,833 INFO Parsed 9900000 reads
2023-05-04 15:27:51,087 INFO Parsed 10000000 reads
2023-05-04 15:27:54,347 INFO Parsed 10100000 reads
2023-05-04 15:27:57,596 INFO Parsed 10200000 reads
2023-05-04 15:28:00,821 INFO Parsed 10300000 reads
2023-05-04 15:28:04,049 INFO Parsed 10400000 reads
2023-05-04 15:28:07,315 INFO Parsed 10500000 reads
2023-05-04 15:28:10,580 INFO Parsed 10600000 reads
2023-05-04 15:28:13,849 INFO Parsed 10700000 reads
2023-05-04 15:28:17,099 INFO Parsed 10800000 reads
2023-05-04 15:28:20,359 INFO Parsed 10900000 reads
2023-05-04 15:28:23,611 INFO Parsed 11000000 reads
2023-05-04 15:28:26,881 INFO Parsed 11100000 reads
2023-05-04 15:28:30,144 INFO Parsed 11200000 reads
2023-05-04 15:28:33,394 INFO Parsed 11300000 reads
2023-05-04 15:28:36,638 INFO Parsed 11400000 reads
2023-05-04 15:28:39,897 INFO Parsed 11500000 reads
2023-05-04 15:28:43,168 INFO Parsed 11600000 reads
2023-05-04 15:28:46,424 INFO Parsed 11700000 reads
2023-05-04 15:28:49,672 INFO Parsed 11800000 reads
2023-05-04 15:28:52,691 INFO Input Reads: 11892897
2023-05-04 15:28:52,691 INFO regex matches read1: 10167072
2023-05-04 15:28:52,691 INFO Reads output: 10167072
2023-05-04 15:28:52,691 INFO regex does not match read1: 1725825
# job finished in 387 seconds at Thu May  4 15:28:52 2023 -- 386.23  1.52  0.00  0.00 -- a030bf84-9fb1-4b11-b736-97a416a70341
[Thu May  4 15:28:53 2023]
Finished job 0.
1 of 1 steps (100%) done
[Thu May  4 15:28:53 2023]
Finished job 0.
1 of 1 steps (100%) done
