Building DAG of jobs...
Using shell: /usr/bin/bash
Provided cores: 8
Rules claiming more threads will be scaled down.
Provided resources: mem_mb=8192, mem_mib=7813, disk_mb=2157, disk_mib=2058
Select jobs to execute...
Building DAG of jobs...
Using shell: /usr/bin/bash
Provided cores: 8
Rules claiming more threads will be scaled down.
Provided resources: mem_mb=8192, mem_mib=7813, disk_mb=2157, disk_mib=2058
Select jobs to execute...

[Thu May  4 15:22:23 2023]
rule extract_umis_single_end:
    input: results/reads/173_MSI_R1.fastq.gz
    output: results/reads/umis/173_MSI_R1.fastq.gz
    log: logs/extract_umis/173_MSI.log
    jobid: 0
    reason: Missing output files: results/reads/umis/173_MSI_R1.fastq.gz
    wildcards: sample=173_MSI
    threads: 8
    resources: mem_mb=8192, mem_mib=7813, disk_mb=2157, disk_mib=2058, tmpdir=/tmp, runtime=60

# UMI-tools version: 1.1.4
# output generated by extract --random-seed 1234 --extract-method=regex --bc-pattern=(?P<umi_1>.{6})(?P<discard_1>TATA).* -I results/reads/173_MSI_R1.fastq.gz -S results/reads/umis/173_MSI_R1.fastq.gz
# job started at Thu May  4 15:22:25 2023 on bc006 -- dc178b2d-f664-4fa5-95d4-c584e7021548
# pid: 458426, system: Linux 4.18.0-193.19.1.el8_2.x86_64 #1 SMP Mon Sep 14 14:37:00 UTC 2020 x86_64
# blacklist                               : None
# compresslevel                           : 6
# correct_umi_threshold                   : 0
# either_read                             : False
# either_read_resolve                     : discard
# error_correct_cell                      : False
# extract_method                          : regex
# filter_cell_barcode                     : None
# filter_cell_barcodes                    : False
# filter_umi                              : None
# filtered_out                            : None
# filtered_out2                           : None
# ignore_suffix                           : False
# log2stderr                              : False
# loglevel                                : 1
# pattern                                 : (?P<umi_1>.{6})(?P<discard_1>TATA).*
# pattern2                                : None
# prime3                                  : None
# quality_encoding                        : None
# quality_filter_mask                     : None
# quality_filter_threshold                : None
# random_seed                             : 1234
# read2_in                                : None
# read2_out                               : False
# read2_stdout                            : False
# reads_subset                            : None
# reconcile                               : False
# retain_umi                              : None
# short_help                              : None
# stderr                                  : <_io.TextIOWrapper name='<stderr>' mode='w' encoding='utf-8'>
# stdin                                   : <_io.TextIOWrapper name='results/reads/173_MSI_R1.fastq.gz' encoding='ascii'>
# stdlog                                  : <_io.TextIOWrapper name='<stdout>' mode='w' encoding='utf-8'>
# stdout                                  : <_io.TextIOWrapper name='results/reads/umis/173_MSI_R1.fastq.gz' encoding='ascii'>
# timeit_file                             : None
# timeit_header                           : None
# timeit_name                             : all
# tmpdir                                  : None
# umi_correct_log                         : None
# umi_separator                           : _
# umi_whitelist                           : None
# umi_whitelist_paired                    : None
# whitelist                               : None
2023-05-04 15:22:25,122 INFO Starting barcode extraction
2023-05-04 15:22:28,466 INFO Parsed 100000 reads
2023-05-04 15:22:31,807 INFO Parsed 200000 reads
2023-05-04 15:22:35,210 INFO Parsed 300000 reads
2023-05-04 15:22:38,584 INFO Parsed 400000 reads
2023-05-04 15:22:41,965 INFO Parsed 500000 reads
2023-05-04 15:22:45,321 INFO Parsed 600000 reads
2023-05-04 15:22:48,663 INFO Parsed 700000 reads
2023-05-04 15:22:52,009 INFO Parsed 800000 reads
2023-05-04 15:22:55,386 INFO Parsed 900000 reads
2023-05-04 15:22:58,751 INFO Parsed 1000000 reads
2023-05-04 15:23:02,113 INFO Parsed 1100000 reads
2023-05-04 15:23:05,481 INFO Parsed 1200000 reads
2023-05-04 15:23:08,862 INFO Parsed 1300000 reads
2023-05-04 15:23:12,202 INFO Parsed 1400000 reads
2023-05-04 15:23:15,558 INFO Parsed 1500000 reads
2023-05-04 15:23:18,914 INFO Parsed 1600000 reads
2023-05-04 15:23:22,251 INFO Parsed 1700000 reads
2023-05-04 15:23:25,591 INFO Parsed 1800000 reads
2023-05-04 15:23:28,915 INFO Parsed 1900000 reads
2023-05-04 15:23:32,268 INFO Parsed 2000000 reads
2023-05-04 15:23:35,611 INFO Parsed 2100000 reads
2023-05-04 15:23:38,945 INFO Parsed 2200000 reads
2023-05-04 15:23:42,307 INFO Parsed 2300000 reads
2023-05-04 15:23:45,695 INFO Parsed 2400000 reads
2023-05-04 15:23:49,068 INFO Parsed 2500000 reads
2023-05-04 15:23:52,431 INFO Parsed 2600000 reads
2023-05-04 15:23:55,783 INFO Parsed 2700000 reads
2023-05-04 15:23:59,141 INFO Parsed 2800000 reads
2023-05-04 15:24:02,507 INFO Parsed 2900000 reads
2023-05-04 15:24:05,922 INFO Parsed 3000000 reads
2023-05-04 15:24:09,352 INFO Parsed 3100000 reads
2023-05-04 15:24:12,885 INFO Parsed 3200000 reads
2023-05-04 15:24:16,452 INFO Parsed 3300000 reads
2023-05-04 15:24:19,832 INFO Parsed 3400000 reads
2023-05-04 15:24:23,198 INFO Parsed 3500000 reads
2023-05-04 15:24:26,548 INFO Parsed 3600000 reads
2023-05-04 15:24:29,898 INFO Parsed 3700000 reads
2023-05-04 15:24:33,275 INFO Parsed 3800000 reads
2023-05-04 15:24:36,623 INFO Parsed 3900000 reads
2023-05-04 15:24:39,997 INFO Parsed 4000000 reads
2023-05-04 15:24:43,352 INFO Parsed 4100000 reads
2023-05-04 15:24:46,727 INFO Parsed 4200000 reads
2023-05-04 15:24:50,069 INFO Parsed 4300000 reads
2023-05-04 15:24:53,416 INFO Parsed 4400000 reads
2023-05-04 15:24:56,775 INFO Parsed 4500000 reads
2023-05-04 15:25:00,172 INFO Parsed 4600000 reads
2023-05-04 15:25:03,588 INFO Parsed 4700000 reads
2023-05-04 15:25:07,010 INFO Parsed 4800000 reads
2023-05-04 15:25:10,412 INFO Parsed 4900000 reads
2023-05-04 15:25:13,817 INFO Parsed 5000000 reads
2023-05-04 15:25:17,237 INFO Parsed 5100000 reads
2023-05-04 15:25:20,800 INFO Parsed 5200000 reads
2023-05-04 15:25:24,160 INFO Parsed 5300000 reads
2023-05-04 15:25:27,569 INFO Parsed 5400000 reads
2023-05-04 15:25:30,973 INFO Parsed 5500000 reads
2023-05-04 15:25:34,383 INFO Parsed 5600000 reads
2023-05-04 15:25:37,778 INFO Parsed 5700000 reads
2023-05-04 15:25:41,191 INFO Parsed 5800000 reads
2023-05-04 15:25:44,595 INFO Parsed 5900000 reads
2023-05-04 15:25:47,992 INFO Parsed 6000000 reads
2023-05-04 15:25:51,418 INFO Parsed 6100000 reads
2023-05-04 15:25:54,817 INFO Parsed 6200000 reads
2023-05-04 15:25:58,217 INFO Parsed 6300000 reads
2023-05-04 15:26:01,636 INFO Parsed 6400000 reads
2023-05-04 15:26:05,006 INFO Parsed 6500000 reads
2023-05-04 15:26:08,367 INFO Parsed 6600000 reads
2023-05-04 15:26:11,740 INFO Parsed 6700000 reads
2023-05-04 15:26:15,056 INFO Parsed 6800000 reads
2023-05-04 15:26:18,443 INFO Parsed 6900000 reads
2023-05-04 15:26:21,835 INFO Parsed 7000000 reads
2023-05-04 15:26:25,228 INFO Parsed 7100000 reads
2023-05-04 15:26:28,624 INFO Parsed 7200000 reads
2023-05-04 15:26:31,997 INFO Parsed 7300000 reads
2023-05-04 15:26:35,327 INFO Parsed 7400000 reads
2023-05-04 15:26:38,661 INFO Parsed 7500000 reads
2023-05-04 15:26:42,006 INFO Parsed 7600000 reads
2023-05-04 15:26:45,336 INFO Parsed 7700000 reads
2023-05-04 15:26:48,690 INFO Parsed 7800000 reads
2023-05-04 15:26:52,013 INFO Parsed 7900000 reads
2023-05-04 15:26:55,397 INFO Parsed 8000000 reads
2023-05-04 15:26:58,817 INFO Parsed 8100000 reads
2023-05-04 15:27:02,189 INFO Parsed 8200000 reads
2023-05-04 15:27:05,545 INFO Parsed 8300000 reads
2023-05-04 15:27:08,900 INFO Parsed 8400000 reads
2023-05-04 15:27:12,250 INFO Parsed 8500000 reads
2023-05-04 15:27:15,636 INFO Parsed 8600000 reads
2023-05-04 15:27:18,983 INFO Parsed 8700000 reads
2023-05-04 15:27:22,342 INFO Parsed 8800000 reads
2023-05-04 15:27:25,698 INFO Parsed 8900000 reads
2023-05-04 15:27:29,049 INFO Parsed 9000000 reads
2023-05-04 15:27:32,396 INFO Parsed 9100000 reads
2023-05-04 15:27:35,807 INFO Parsed 9200000 reads
2023-05-04 15:27:39,143 INFO Parsed 9300000 reads
2023-05-04 15:27:42,498 INFO Parsed 9400000 reads
2023-05-04 15:27:45,843 INFO Parsed 9500000 reads
2023-05-04 15:27:49,147 INFO Parsed 9600000 reads
2023-05-04 15:27:52,494 INFO Parsed 9700000 reads
2023-05-04 15:27:55,837 INFO Parsed 9800000 reads
2023-05-04 15:27:59,180 INFO Parsed 9900000 reads
2023-05-04 15:28:02,546 INFO Parsed 10000000 reads
2023-05-04 15:28:05,912 INFO Parsed 10100000 reads
2023-05-04 15:28:09,234 INFO Parsed 10200000 reads
2023-05-04 15:28:12,597 INFO Parsed 10300000 reads
2023-05-04 15:28:15,941 INFO Parsed 10400000 reads
2023-05-04 15:28:19,276 INFO Parsed 10500000 reads
2023-05-04 15:28:22,617 INFO Parsed 10600000 reads
2023-05-04 15:28:25,969 INFO Parsed 10700000 reads
2023-05-04 15:28:29,327 INFO Parsed 10800000 reads
2023-05-04 15:28:32,677 INFO Parsed 10900000 reads
2023-05-04 15:28:36,013 INFO Parsed 11000000 reads
2023-05-04 15:28:39,346 INFO Parsed 11100000 reads
2023-05-04 15:28:42,693 INFO Parsed 11200000 reads
2023-05-04 15:28:46,041 INFO Parsed 11300000 reads
2023-05-04 15:28:49,276 INFO Parsed 11400000 reads
2023-05-04 15:28:52,482 INFO Parsed 11500000 reads
2023-05-04 15:28:55,691 INFO Parsed 11600000 reads
2023-05-04 15:28:58,931 INFO Parsed 11700000 reads
2023-05-04 15:29:02,325 INFO Parsed 11800000 reads
2023-05-04 15:29:05,518 INFO Parsed 11900000 reads
2023-05-04 15:29:08,767 INFO Parsed 12000000 reads
2023-05-04 15:29:11,981 INFO Parsed 12100000 reads
2023-05-04 15:29:15,174 INFO Parsed 12200000 reads
2023-05-04 15:29:18,357 INFO Parsed 12300000 reads
2023-05-04 15:29:21,672 INFO Parsed 12400000 reads
2023-05-04 15:29:25,068 INFO Parsed 12500000 reads
2023-05-04 15:29:28,422 INFO Parsed 12600000 reads
2023-05-04 15:29:31,765 INFO Parsed 12700000 reads
2023-05-04 15:29:35,091 INFO Parsed 12800000 reads
2023-05-04 15:29:38,459 INFO Parsed 12900000 reads
2023-05-04 15:29:41,826 INFO Parsed 13000000 reads
2023-05-04 15:29:45,155 INFO Parsed 13100000 reads
2023-05-04 15:29:48,448 INFO Parsed 13200000 reads
2023-05-04 15:29:51,752 INFO Parsed 13300000 reads
2023-05-04 15:29:55,110 INFO Parsed 13400000 reads
2023-05-04 15:29:58,543 INFO Parsed 13500000 reads
2023-05-04 15:30:01,964 INFO Parsed 13600000 reads
2023-05-04 15:30:05,366 INFO Parsed 13700000 reads
2023-05-04 15:30:08,789 INFO Parsed 13800000 reads
2023-05-04 15:30:12,238 INFO Parsed 13900000 reads
2023-05-04 15:30:15,467 INFO Parsed 14000000 reads
2023-05-04 15:30:18,872 INFO Parsed 14100000 reads
2023-05-04 15:30:22,292 INFO Parsed 14200000 reads
2023-05-04 15:30:25,720 INFO Parsed 14300000 reads
2023-05-04 15:30:29,033 INFO Parsed 14400000 reads
2023-05-04 15:30:32,354 INFO Parsed 14500000 reads
2023-05-04 15:30:35,670 INFO Parsed 14600000 reads
2023-05-04 15:30:39,045 INFO Parsed 14700000 reads
2023-05-04 15:30:42,434 INFO Parsed 14800000 reads
2023-05-04 15:30:45,818 INFO Parsed 14900000 reads
2023-05-04 15:30:49,208 INFO Parsed 15000000 reads
2023-05-04 15:30:52,600 INFO Parsed 15100000 reads
2023-05-04 15:30:55,986 INFO Parsed 15200000 reads
2023-05-04 15:30:59,303 INFO Parsed 15300000 reads
2023-05-04 15:31:04,281 INFO Parsed 15400000 reads
2023-05-04 15:31:07,649 INFO Parsed 15500000 reads
2023-05-04 15:31:10,953 INFO Parsed 15600000 reads
2023-05-04 15:31:14,250 INFO Parsed 15700000 reads
2023-05-04 15:31:17,511 INFO Parsed 15800000 reads
2023-05-04 15:31:20,801 INFO Parsed 15900000 reads
2023-05-04 15:31:24,130 INFO Parsed 16000000 reads
2023-05-04 15:31:27,422 INFO Parsed 16100000 reads
2023-05-04 15:31:30,669 INFO Parsed 16200000 reads
2023-05-04 15:31:33,948 INFO Parsed 16300000 reads
2023-05-04 15:31:37,230 INFO Parsed 16400000 reads
2023-05-04 15:31:41,034 INFO Parsed 16500000 reads
2023-05-04 15:31:44,396 INFO Parsed 16600000 reads
2023-05-04 15:31:47,686 INFO Parsed 16700000 reads
2023-05-04 15:31:50,987 INFO Parsed 16800000 reads
2023-05-04 15:31:54,321 INFO Parsed 16900000 reads
2023-05-04 15:31:57,574 INFO Parsed 17000000 reads
2023-05-04 15:32:00,814 INFO Parsed 17100000 reads
2023-05-04 15:32:04,076 INFO Parsed 17200000 reads
2023-05-04 15:32:07,336 INFO Parsed 17300000 reads
2023-05-04 15:32:11,116 INFO Parsed 17400000 reads
2023-05-04 15:32:14,471 INFO Parsed 17500000 reads
2023-05-04 15:32:17,819 INFO Parsed 17600000 reads
2023-05-04 15:32:21,236 INFO Parsed 17700000 reads
2023-05-04 15:32:24,586 INFO Parsed 17800000 reads
2023-05-04 15:32:27,871 INFO Parsed 17900000 reads
2023-05-04 15:32:31,132 INFO Parsed 18000000 reads
2023-05-04 15:32:34,442 INFO Parsed 18100000 reads
2023-05-04 15:32:37,818 INFO Parsed 18200000 reads
2023-05-04 15:32:41,131 INFO Parsed 18300000 reads
2023-05-04 15:32:44,330 INFO Parsed 18400000 reads
2023-05-04 15:32:47,543 INFO Parsed 18500000 reads
2023-05-04 15:32:50,738 INFO Parsed 18600000 reads
2023-05-04 15:32:53,972 INFO Parsed 18700000 reads
2023-05-04 15:32:57,158 INFO Parsed 18800000 reads
2023-05-04 15:33:00,349 INFO Parsed 18900000 reads
2023-05-04 15:33:03,529 INFO Parsed 19000000 reads
2023-05-04 15:33:06,735 INFO Parsed 19100000 reads
2023-05-04 15:33:09,973 INFO Parsed 19200000 reads
2023-05-04 15:33:13,158 INFO Parsed 19300000 reads
2023-05-04 15:33:16,378 INFO Parsed 19400000 reads
2023-05-04 15:33:19,592 INFO Parsed 19500000 reads
2023-05-04 15:33:22,805 INFO Parsed 19600000 reads
2023-05-04 15:33:26,001 INFO Parsed 19700000 reads
2023-05-04 15:33:29,128 INFO Parsed 19800000 reads
2023-05-04 15:33:32,318 INFO Parsed 19900000 reads
2023-05-04 15:33:35,515 INFO Parsed 20000000 reads
2023-05-04 15:33:38,693 INFO Parsed 20100000 reads
2023-05-04 15:33:41,874 INFO Parsed 20200000 reads
2023-05-04 15:33:45,074 INFO Parsed 20300000 reads
2023-05-04 15:33:48,265 INFO Parsed 20400000 reads
2023-05-04 15:33:51,456 INFO Parsed 20500000 reads
2023-05-04 15:33:54,635 INFO Parsed 20600000 reads
2023-05-04 15:33:57,804 INFO Parsed 20700000 reads
2023-05-04 15:34:00,189 INFO Input Reads: 20774849
2023-05-04 15:34:00,189 INFO regex matches read1: 17588492
2023-05-04 15:34:00,189 INFO Reads output: 17588492
2023-05-04 15:34:00,189 INFO regex does not match read1: 3186357
# job finished in 695 seconds at Thu May  4 15:34:00 2023 -- 691.07  1.86  0.00  0.00 -- dc178b2d-f664-4fa5-95d4-c584e7021548
[Thu May  4 15:34:00 2023]
Finished job 0.
1 of 1 steps (100%) done
[Thu May  4 15:34:01 2023]
Finished job 0.
1 of 1 steps (100%) done
