Building DAG of jobs...
Using shell: /usr/bin/bash
Provided cores: 8
Rules claiming more threads will be scaled down.
Provided resources: mem_mb=8192, mem_mib=7813, disk_mb=1024, disk_mib=977
Select jobs to execute...
Building DAG of jobs...
Using shell: /usr/bin/bash
Provided cores: 8
Rules claiming more threads will be scaled down.
Provided resources: mem_mb=8192, mem_mib=7813, disk_mb=1024, disk_mib=977
Select jobs to execute...

[Thu May  4 15:22:23 2023]
rule extract_umis_single_end:
    input: results/reads/115_MSI_R1.fastq.gz
    output: results/reads/umis/115_MSI_R1.fastq.gz
    log: logs/extract_umis/115_MSI.log
    jobid: 0
    reason: Missing output files: results/reads/umis/115_MSI_R1.fastq.gz
    wildcards: sample=115_MSI
    threads: 8
    resources: mem_mb=8192, mem_mib=7813, disk_mb=1024, disk_mib=977, tmpdir=/tmp, runtime=60

# UMI-tools version: 1.1.4
# output generated by extract --random-seed 1234 --extract-method=regex --bc-pattern=(?P<umi_1>.{6})(?P<discard_1>TATA).* -I results/reads/115_MSI_R1.fastq.gz -S results/reads/umis/115_MSI_R1.fastq.gz
# job started at Thu May  4 15:22:25 2023 on bc002 -- 64eb1612-2e42-41dd-bbbb-0a6fd1202953
# pid: 2312839, system: Linux 4.18.0-193.19.1.el8_2.x86_64 #1 SMP Mon Sep 14 14:37:00 UTC 2020 x86_64
# blacklist                               : None
# compresslevel                           : 6
# correct_umi_threshold                   : 0
# either_read                             : False
# either_read_resolve                     : discard
# error_correct_cell                      : False
# extract_method                          : regex
# filter_cell_barcode                     : None
# filter_cell_barcodes                    : False
# filter_umi                              : None
# filtered_out                            : None
# filtered_out2                           : None
# ignore_suffix                           : False
# log2stderr                              : False
# loglevel                                : 1
# pattern                                 : (?P<umi_1>.{6})(?P<discard_1>TATA).*
# pattern2                                : None
# prime3                                  : None
# quality_encoding                        : None
# quality_filter_mask                     : None
# quality_filter_threshold                : None
# random_seed                             : 1234
# read2_in                                : None
# read2_out                               : False
# read2_stdout                            : False
# reads_subset                            : None
# reconcile                               : False
# retain_umi                              : None
# short_help                              : None
# stderr                                  : <_io.TextIOWrapper name='<stderr>' mode='w' encoding='utf-8'>
# stdin                                   : <_io.TextIOWrapper name='results/reads/115_MSI_R1.fastq.gz' encoding='ascii'>
# stdlog                                  : <_io.TextIOWrapper name='<stdout>' mode='w' encoding='utf-8'>
# stdout                                  : <_io.TextIOWrapper name='results/reads/umis/115_MSI_R1.fastq.gz' encoding='ascii'>
# timeit_file                             : None
# timeit_header                           : None
# timeit_name                             : all
# tmpdir                                  : None
# umi_correct_log                         : None
# umi_separator                           : _
# umi_whitelist                           : None
# umi_whitelist_paired                    : None
# whitelist                               : None
2023-05-04 15:22:25,236 INFO Starting barcode extraction
2023-05-04 15:22:28,592 INFO Parsed 100000 reads
2023-05-04 15:22:31,895 INFO Parsed 200000 reads
2023-05-04 15:22:35,201 INFO Parsed 300000 reads
2023-05-04 15:22:38,493 INFO Parsed 400000 reads
2023-05-04 15:22:41,785 INFO Parsed 500000 reads
2023-05-04 15:22:45,073 INFO Parsed 600000 reads
2023-05-04 15:22:48,374 INFO Parsed 700000 reads
2023-05-04 15:22:51,667 INFO Parsed 800000 reads
2023-05-04 15:22:54,965 INFO Parsed 900000 reads
2023-05-04 15:22:58,259 INFO Parsed 1000000 reads
2023-05-04 15:23:01,567 INFO Parsed 1100000 reads
2023-05-04 15:23:04,874 INFO Parsed 1200000 reads
2023-05-04 15:23:08,279 INFO Parsed 1300000 reads
2023-05-04 15:23:11,872 INFO Parsed 1400000 reads
2023-05-04 15:23:15,298 INFO Parsed 1500000 reads
2023-05-04 15:23:18,617 INFO Parsed 1600000 reads
2023-05-04 15:23:21,969 INFO Parsed 1700000 reads
2023-05-04 15:23:25,266 INFO Parsed 1800000 reads
2023-05-04 15:23:28,573 INFO Parsed 1900000 reads
2023-05-04 15:23:31,882 INFO Parsed 2000000 reads
2023-05-04 15:23:35,191 INFO Parsed 2100000 reads
2023-05-04 15:23:38,495 INFO Parsed 2200000 reads
2023-05-04 15:23:41,818 INFO Parsed 2300000 reads
2023-05-04 15:23:45,138 INFO Parsed 2400000 reads
2023-05-04 15:23:48,442 INFO Parsed 2500000 reads
2023-05-04 15:23:51,730 INFO Parsed 2600000 reads
2023-05-04 15:23:55,026 INFO Parsed 2700000 reads
2023-05-04 15:23:58,318 INFO Parsed 2800000 reads
2023-05-04 15:24:01,602 INFO Parsed 2900000 reads
2023-05-04 15:24:04,940 INFO Parsed 3000000 reads
2023-05-04 15:24:08,246 INFO Parsed 3100000 reads
2023-05-04 15:24:11,560 INFO Parsed 3200000 reads
2023-05-04 15:24:14,875 INFO Parsed 3300000 reads
2023-05-04 15:24:18,173 INFO Parsed 3400000 reads
2023-05-04 15:24:21,470 INFO Parsed 3500000 reads
2023-05-04 15:24:24,772 INFO Parsed 3600000 reads
2023-05-04 15:24:28,056 INFO Parsed 3700000 reads
2023-05-04 15:24:31,352 INFO Parsed 3800000 reads
2023-05-04 15:24:34,649 INFO Parsed 3900000 reads
2023-05-04 15:24:37,953 INFO Parsed 4000000 reads
2023-05-04 15:24:41,257 INFO Parsed 4100000 reads
2023-05-04 15:24:44,560 INFO Parsed 4200000 reads
2023-05-04 15:24:47,860 INFO Parsed 4300000 reads
2023-05-04 15:24:51,166 INFO Parsed 4400000 reads
2023-05-04 15:24:54,452 INFO Parsed 4500000 reads
2023-05-04 15:24:57,682 INFO Parsed 4600000 reads
2023-05-04 15:25:00,871 INFO Parsed 4700000 reads
2023-05-04 15:25:04,140 INFO Parsed 4800000 reads
2023-05-04 15:25:07,415 INFO Parsed 4900000 reads
2023-05-04 15:25:10,632 INFO Parsed 5000000 reads
2023-05-04 15:25:13,836 INFO Parsed 5100000 reads
2023-05-04 15:25:17,082 INFO Parsed 5200000 reads
2023-05-04 15:25:20,295 INFO Parsed 5300000 reads
2023-05-04 15:25:23,506 INFO Parsed 5400000 reads
2023-05-04 15:25:26,713 INFO Parsed 5500000 reads
2023-05-04 15:25:29,939 INFO Parsed 5600000 reads
2023-05-04 15:25:33,171 INFO Parsed 5700000 reads
2023-05-04 15:25:36,381 INFO Parsed 5800000 reads
2023-05-04 15:25:39,593 INFO Parsed 5900000 reads
2023-05-04 15:25:42,809 INFO Parsed 6000000 reads
2023-05-04 15:25:46,043 INFO Parsed 6100000 reads
2023-05-04 15:25:49,261 INFO Parsed 6200000 reads
2023-05-04 15:25:52,475 INFO Parsed 6300000 reads
2023-05-04 15:25:55,688 INFO Parsed 6400000 reads
2023-05-04 15:25:58,921 INFO Parsed 6500000 reads
2023-05-04 15:26:02,130 INFO Parsed 6600000 reads
2023-05-04 15:26:05,345 INFO Parsed 6700000 reads
2023-05-04 15:26:08,471 INFO Parsed 6800000 reads
2023-05-04 15:26:11,754 INFO Parsed 6900000 reads
2023-05-04 15:26:15,066 INFO Parsed 7000000 reads
2023-05-04 15:26:18,334 INFO Parsed 7100000 reads
2023-05-04 15:26:21,628 INFO Parsed 7200000 reads
2023-05-04 15:26:24,957 INFO Parsed 7300000 reads
2023-05-04 15:26:28,289 INFO Parsed 7400000 reads
2023-05-04 15:26:31,675 INFO Parsed 7500000 reads
2023-05-04 15:26:35,257 INFO Parsed 7600000 reads
2023-05-04 15:26:38,600 INFO Parsed 7700000 reads
2023-05-04 15:26:41,899 INFO Parsed 7800000 reads
2023-05-04 15:26:45,191 INFO Parsed 7900000 reads
2023-05-04 15:26:48,485 INFO Parsed 8000000 reads
2023-05-04 15:26:51,782 INFO Parsed 8100000 reads
2023-05-04 15:26:55,255 INFO Parsed 8200000 reads
2023-05-04 15:26:58,558 INFO Parsed 8300000 reads
2023-05-04 15:27:01,838 INFO Parsed 8400000 reads
2023-05-04 15:27:05,121 INFO Parsed 8500000 reads
2023-05-04 15:27:08,421 INFO Parsed 8600000 reads
2023-05-04 15:27:11,704 INFO Parsed 8700000 reads
2023-05-04 15:27:14,995 INFO Parsed 8800000 reads
2023-05-04 15:27:18,284 INFO Parsed 8900000 reads
2023-05-04 15:27:21,594 INFO Parsed 9000000 reads
2023-05-04 15:27:24,884 INFO Parsed 9100000 reads
2023-05-04 15:27:28,150 INFO Parsed 9200000 reads
2023-05-04 15:27:31,430 INFO Parsed 9300000 reads
2023-05-04 15:27:34,722 INFO Parsed 9400000 reads
2023-05-04 15:27:38,044 INFO Parsed 9500000 reads
2023-05-04 15:27:41,290 INFO Parsed 9600000 reads
2023-05-04 15:27:44,581 INFO Parsed 9700000 reads
2023-05-04 15:27:47,870 INFO Parsed 9800000 reads
2023-05-04 15:27:51,188 INFO Parsed 9900000 reads
2023-05-04 15:27:54,483 INFO Parsed 10000000 reads
2023-05-04 15:27:56,158 INFO Input Reads: 10050581
2023-05-04 15:27:56,158 INFO regex matches read1: 8774373
2023-05-04 15:27:56,158 INFO Reads output: 8774373
2023-05-04 15:27:56,158 INFO regex does not match read1: 1276208
# job finished in 331 seconds at Thu May  4 15:27:56 2023 -- 329.89  0.78  0.00  0.00 -- 64eb1612-2e42-41dd-bbbb-0a6fd1202953
[Thu May  4 15:27:56 2023]
Finished job 0.
1 of 1 steps (100%) done
[Thu May  4 15:27:56 2023]
Finished job 0.
1 of 1 steps (100%) done
