Building DAG of jobs...
Using shell: /usr/bin/bash
Provided cores: 8
Rules claiming more threads will be scaled down.
Provided resources: mem_mb=8192, mem_mib=7813, disk_mb=5365, disk_mib=5117
Select jobs to execute...
Building DAG of jobs...
Using shell: /usr/bin/bash
Provided cores: 8
Rules claiming more threads will be scaled down.
Provided resources: mem_mb=8192, mem_mib=7813, disk_mb=5365, disk_mib=5117
Select jobs to execute...

[Thu May  4 15:22:25 2023]
rule extract_umis_single_end:
    input: results/reads/175_MSI_R1.fastq.gz
    output: results/reads/umis/175_MSI_R1.fastq.gz
    log: logs/extract_umis/175_MSI.log
    jobid: 0
    reason: Missing output files: results/reads/umis/175_MSI_R1.fastq.gz
    wildcards: sample=175_MSI
    threads: 8
    resources: mem_mb=8192, mem_mib=7813, disk_mb=5365, disk_mib=5117, tmpdir=/tmp, runtime=60

# UMI-tools version: 1.1.4
# output generated by extract --random-seed 1234 --extract-method=regex --bc-pattern=(?P<umi_1>.{6})(?P<discard_1>TATA).* -I results/reads/175_MSI_R1.fastq.gz -S results/reads/umis/175_MSI_R1.fastq.gz
# job started at Thu May  4 15:22:26 2023 on bc004 -- 9076c80b-3f64-4c68-bd51-f34873685f55
# pid: 1600797, system: Linux 4.18.0-193.19.1.el8_2.x86_64 #1 SMP Mon Sep 14 14:37:00 UTC 2020 x86_64
# blacklist                               : None
# compresslevel                           : 6
# correct_umi_threshold                   : 0
# either_read                             : False
# either_read_resolve                     : discard
# error_correct_cell                      : False
# extract_method                          : regex
# filter_cell_barcode                     : None
# filter_cell_barcodes                    : False
# filter_umi                              : None
# filtered_out                            : None
# filtered_out2                           : None
# ignore_suffix                           : False
# log2stderr                              : False
# loglevel                                : 1
# pattern                                 : (?P<umi_1>.{6})(?P<discard_1>TATA).*
# pattern2                                : None
# prime3                                  : None
# quality_encoding                        : None
# quality_filter_mask                     : None
# quality_filter_threshold                : None
# random_seed                             : 1234
# read2_in                                : None
# read2_out                               : False
# read2_stdout                            : False
# reads_subset                            : None
# reconcile                               : False
# retain_umi                              : None
# short_help                              : None
# stderr                                  : <_io.TextIOWrapper name='<stderr>' mode='w' encoding='utf-8'>
# stdin                                   : <_io.TextIOWrapper name='results/reads/175_MSI_R1.fastq.gz' encoding='ascii'>
# stdlog                                  : <_io.TextIOWrapper name='<stdout>' mode='w' encoding='utf-8'>
# stdout                                  : <_io.TextIOWrapper name='results/reads/umis/175_MSI_R1.fastq.gz' encoding='ascii'>
# timeit_file                             : None
# timeit_header                           : None
# timeit_name                             : all
# tmpdir                                  : None
# umi_correct_log                         : None
# umi_separator                           : _
# umi_whitelist                           : None
# umi_whitelist_paired                    : None
# whitelist                               : None
2023-05-04 15:22:26,232 INFO Starting barcode extraction
2023-05-04 15:22:29,715 INFO Parsed 100000 reads
2023-05-04 15:22:33,344 INFO Parsed 200000 reads
2023-05-04 15:22:36,980 INFO Parsed 300000 reads
2023-05-04 15:22:40,464 INFO Parsed 400000 reads
2023-05-04 15:22:43,935 INFO Parsed 500000 reads
2023-05-04 15:22:47,398 INFO Parsed 600000 reads
2023-05-04 15:22:50,865 INFO Parsed 700000 reads
2023-05-04 15:22:54,344 INFO Parsed 800000 reads
2023-05-04 15:22:57,826 INFO Parsed 900000 reads
2023-05-04 15:23:01,298 INFO Parsed 1000000 reads
2023-05-04 15:23:04,771 INFO Parsed 1100000 reads
2023-05-04 15:23:08,243 INFO Parsed 1200000 reads
2023-05-04 15:23:11,713 INFO Parsed 1300000 reads
2023-05-04 15:23:15,198 INFO Parsed 1400000 reads
2023-05-04 15:23:18,672 INFO Parsed 1500000 reads
2023-05-04 15:23:22,144 INFO Parsed 1600000 reads
2023-05-04 15:23:25,608 INFO Parsed 1700000 reads
2023-05-04 15:23:29,093 INFO Parsed 1800000 reads
2023-05-04 15:23:32,585 INFO Parsed 1900000 reads
2023-05-04 15:23:36,090 INFO Parsed 2000000 reads
2023-05-04 15:23:39,731 INFO Parsed 2100000 reads
2023-05-04 15:23:43,210 INFO Parsed 2200000 reads
2023-05-04 15:23:46,688 INFO Parsed 2300000 reads
2023-05-04 15:23:50,144 INFO Parsed 2400000 reads
2023-05-04 15:23:53,607 INFO Parsed 2500000 reads
2023-05-04 15:23:57,071 INFO Parsed 2600000 reads
2023-05-04 15:24:00,538 INFO Parsed 2700000 reads
2023-05-04 15:24:03,997 INFO Parsed 2800000 reads
2023-05-04 15:24:07,466 INFO Parsed 2900000 reads
2023-05-04 15:24:10,966 INFO Parsed 3000000 reads
2023-05-04 15:24:14,438 INFO Parsed 3100000 reads
2023-05-04 15:24:17,936 INFO Parsed 3200000 reads
2023-05-04 15:24:21,415 INFO Parsed 3300000 reads
2023-05-04 15:24:24,904 INFO Parsed 3400000 reads
2023-05-04 15:24:28,366 INFO Parsed 3500000 reads
2023-05-04 15:24:31,834 INFO Parsed 3600000 reads
2023-05-04 15:24:35,312 INFO Parsed 3700000 reads
2023-05-04 15:24:38,768 INFO Parsed 3800000 reads
2023-05-04 15:24:42,240 INFO Parsed 3900000 reads
2023-05-04 15:24:45,708 INFO Parsed 4000000 reads
2023-05-04 15:24:49,186 INFO Parsed 4100000 reads
2023-05-04 15:24:52,650 INFO Parsed 4200000 reads
2023-05-04 15:24:56,104 INFO Parsed 4300000 reads
2023-05-04 15:24:59,573 INFO Parsed 4400000 reads
2023-05-04 15:25:03,043 INFO Parsed 4500000 reads
2023-05-04 15:25:06,515 INFO Parsed 4600000 reads
2023-05-04 15:25:09,964 INFO Parsed 4700000 reads
2023-05-04 15:25:13,429 INFO Parsed 4800000 reads
2023-05-04 15:25:16,895 INFO Parsed 4900000 reads
2023-05-04 15:25:20,354 INFO Parsed 5000000 reads
2023-05-04 15:25:23,829 INFO Parsed 5100000 reads
2023-05-04 15:25:27,313 INFO Parsed 5200000 reads
2023-05-04 15:25:30,771 INFO Parsed 5300000 reads
2023-05-04 15:25:34,251 INFO Parsed 5400000 reads
2023-05-04 15:25:37,720 INFO Parsed 5500000 reads
2023-05-04 15:25:41,191 INFO Parsed 5600000 reads
2023-05-04 15:25:44,675 INFO Parsed 5700000 reads
2023-05-04 15:25:48,144 INFO Parsed 5800000 reads
2023-05-04 15:25:51,601 INFO Parsed 5900000 reads
2023-05-04 15:25:55,056 INFO Parsed 6000000 reads
2023-05-04 15:25:58,517 INFO Parsed 6100000 reads
2023-05-04 15:26:01,976 INFO Parsed 6200000 reads
2023-05-04 15:26:05,418 INFO Parsed 6300000 reads
2023-05-04 15:26:08,871 INFO Parsed 6400000 reads
2023-05-04 15:26:12,335 INFO Parsed 6500000 reads
2023-05-04 15:26:15,765 INFO Parsed 6600000 reads
2023-05-04 15:26:19,216 INFO Parsed 6700000 reads
2023-05-04 15:26:22,657 INFO Parsed 6800000 reads
2023-05-04 15:26:26,115 INFO Parsed 6900000 reads
2023-05-04 15:26:29,587 INFO Parsed 7000000 reads
2023-05-04 15:26:33,040 INFO Parsed 7100000 reads
2023-05-04 15:26:36,505 INFO Parsed 7200000 reads
2023-05-04 15:26:39,963 INFO Parsed 7300000 reads
2023-05-04 15:26:43,486 INFO Parsed 7400000 reads
2023-05-04 15:26:46,952 INFO Parsed 7500000 reads
2023-05-04 15:26:50,419 INFO Parsed 7600000 reads
2023-05-04 15:26:53,904 INFO Parsed 7700000 reads
2023-05-04 15:26:57,426 INFO Parsed 7800000 reads
2023-05-04 15:27:01,102 INFO Parsed 7900000 reads
2023-05-04 15:27:04,573 INFO Parsed 8000000 reads
2023-05-04 15:27:08,040 INFO Parsed 8100000 reads
2023-05-04 15:27:11,505 INFO Parsed 8200000 reads
2023-05-04 15:27:14,988 INFO Parsed 8300000 reads
2023-05-04 15:27:18,461 INFO Parsed 8400000 reads
2023-05-04 15:27:21,933 INFO Parsed 8500000 reads
2023-05-04 15:27:25,400 INFO Parsed 8600000 reads
2023-05-04 15:27:28,868 INFO Parsed 8700000 reads
2023-05-04 15:27:32,318 INFO Parsed 8800000 reads
2023-05-04 15:27:35,802 INFO Parsed 8900000 reads
2023-05-04 15:27:39,251 INFO Parsed 9000000 reads
2023-05-04 15:27:42,694 INFO Parsed 9100000 reads
2023-05-04 15:27:46,139 INFO Parsed 9200000 reads
2023-05-04 15:27:49,583 INFO Parsed 9300000 reads
2023-05-04 15:27:53,046 INFO Parsed 9400000 reads
2023-05-04 15:27:56,510 INFO Parsed 9500000 reads
2023-05-04 15:27:59,961 INFO Parsed 9600000 reads
2023-05-04 15:28:03,421 INFO Parsed 9700000 reads
2023-05-04 15:28:06,878 INFO Parsed 9800000 reads
2023-05-04 15:28:10,328 INFO Parsed 9900000 reads
2023-05-04 15:28:13,793 INFO Parsed 10000000 reads
2023-05-04 15:28:17,264 INFO Parsed 10100000 reads
2023-05-04 15:28:20,722 INFO Parsed 10200000 reads
2023-05-04 15:28:24,180 INFO Parsed 10300000 reads
2023-05-04 15:28:27,631 INFO Parsed 10400000 reads
2023-05-04 15:28:31,091 INFO Parsed 10500000 reads
2023-05-04 15:28:34,560 INFO Parsed 10600000 reads
2023-05-04 15:28:38,022 INFO Parsed 10700000 reads
2023-05-04 15:28:41,487 INFO Parsed 10800000 reads
2023-05-04 15:28:44,947 INFO Parsed 10900000 reads
2023-05-04 15:28:48,395 INFO Parsed 11000000 reads
2023-05-04 15:28:51,849 INFO Parsed 11100000 reads
2023-05-04 15:28:55,297 INFO Parsed 11200000 reads
2023-05-04 15:28:58,758 INFO Parsed 11300000 reads
2023-05-04 15:29:02,221 INFO Parsed 11400000 reads
2023-05-04 15:29:05,692 INFO Parsed 11500000 reads
2023-05-04 15:29:09,173 INFO Parsed 11600000 reads
2023-05-04 15:29:12,711 INFO Parsed 11700000 reads
2023-05-04 15:29:16,395 INFO Parsed 11800000 reads
2023-05-04 15:29:19,881 INFO Parsed 11900000 reads
2023-05-04 15:29:23,349 INFO Parsed 12000000 reads
2023-05-04 15:29:26,811 INFO Parsed 12100000 reads
2023-05-04 15:29:30,276 INFO Parsed 12200000 reads
2023-05-04 15:29:33,751 INFO Parsed 12300000 reads
2023-05-04 15:29:37,228 INFO Parsed 12400000 reads
2023-05-04 15:29:40,695 INFO Parsed 12500000 reads
2023-05-04 15:29:44,314 INFO Parsed 12600000 reads
2023-05-04 15:29:47,972 INFO Parsed 12700000 reads
2023-05-04 15:29:51,500 INFO Parsed 12800000 reads
2023-05-04 15:29:54,979 INFO Parsed 12900000 reads
2023-05-04 15:29:58,466 INFO Parsed 13000000 reads
2023-05-04 15:30:01,923 INFO Parsed 13100000 reads
2023-05-04 15:30:05,374 INFO Parsed 13200000 reads
2023-05-04 15:30:08,899 INFO Parsed 13300000 reads
2023-05-04 15:30:12,540 INFO Parsed 13400000 reads
2023-05-04 15:30:16,174 INFO Parsed 13500000 reads
2023-05-04 15:30:19,845 INFO Parsed 13600000 reads
2023-05-04 15:30:23,490 INFO Parsed 13700000 reads
2023-05-04 15:30:27,192 INFO Parsed 13800000 reads
2023-05-04 15:30:30,926 INFO Parsed 13900000 reads
2023-05-04 15:30:34,495 INFO Parsed 14000000 reads
2023-05-04 15:30:37,955 INFO Parsed 14100000 reads
2023-05-04 15:30:41,519 INFO Parsed 14200000 reads
2023-05-04 15:30:45,248 INFO Parsed 14300000 reads
2023-05-04 15:30:49,002 INFO Parsed 14400000 reads
2023-05-04 15:30:52,868 INFO Parsed 14500000 reads
2023-05-04 15:31:01,701 INFO Parsed 14600000 reads
2023-05-04 15:31:05,337 INFO Parsed 14700000 reads
2023-05-04 15:31:08,854 INFO Parsed 14800000 reads
2023-05-04 15:31:12,331 INFO Parsed 14900000 reads
2023-05-04 15:31:15,818 INFO Parsed 15000000 reads
2023-05-04 15:31:19,380 INFO Parsed 15100000 reads
2023-05-04 15:31:23,076 INFO Parsed 15200000 reads
2023-05-04 15:31:31,541 INFO Parsed 15300000 reads
2023-05-04 15:31:35,017 INFO Parsed 15400000 reads
2023-05-04 15:31:38,487 INFO Parsed 15500000 reads
2023-05-04 15:31:41,959 INFO Parsed 15600000 reads
2023-05-04 15:31:45,483 INFO Parsed 15700000 reads
2023-05-04 15:32:01,677 INFO Parsed 15800000 reads
2023-05-04 15:32:06,863 INFO Parsed 15900000 reads
2023-05-04 15:32:11,984 INFO Parsed 16000000 reads
2023-05-04 15:32:16,995 INFO Parsed 16100000 reads
2023-05-04 15:32:22,006 INFO Parsed 16200000 reads
2023-05-04 15:32:27,207 INFO Parsed 16300000 reads
2023-05-04 15:32:32,434 INFO Parsed 16400000 reads
2023-05-04 15:32:38,600 INFO Parsed 16500000 reads
2023-05-04 15:32:43,623 INFO Parsed 16600000 reads
2023-05-04 15:32:48,705 INFO Parsed 16700000 reads
2023-05-04 15:32:53,700 INFO Parsed 16800000 reads
2023-05-04 15:32:58,732 INFO Parsed 16900000 reads
2023-05-04 15:33:03,499 INFO Parsed 17000000 reads
2023-05-04 15:33:07,775 INFO Parsed 17100000 reads
2023-05-04 15:33:11,824 INFO Parsed 17200000 reads
2023-05-04 15:33:15,403 INFO Parsed 17300000 reads
2023-05-04 15:33:18,857 INFO Parsed 17400000 reads
2023-05-04 15:33:22,614 INFO Parsed 17500000 reads
2023-05-04 15:33:26,336 INFO Parsed 17600000 reads
2023-05-04 15:33:29,806 INFO Parsed 17700000 reads
2023-05-04 15:33:33,276 INFO Parsed 17800000 reads
2023-05-04 15:33:36,741 INFO Parsed 17900000 reads
2023-05-04 15:33:40,244 INFO Parsed 18000000 reads
2023-05-04 15:33:43,833 INFO Parsed 18100000 reads
2023-05-04 15:33:47,341 INFO Parsed 18200000 reads
2023-05-04 15:33:50,836 INFO Parsed 18300000 reads
2023-05-04 15:33:54,357 INFO Parsed 18400000 reads
2023-05-04 15:33:57,851 INFO Parsed 18500000 reads
2023-05-04 15:34:01,473 INFO Parsed 18600000 reads
2023-05-04 15:34:05,292 INFO Parsed 18700000 reads
2023-05-04 15:34:08,902 INFO Parsed 18800000 reads
2023-05-04 15:34:12,526 INFO Parsed 18900000 reads
2023-05-04 15:34:16,318 INFO Parsed 19000000 reads
2023-05-04 15:34:19,778 INFO Parsed 19100000 reads
2023-05-04 15:34:23,247 INFO Parsed 19200000 reads
2023-05-04 15:34:26,717 INFO Parsed 19300000 reads
2023-05-04 15:34:30,470 INFO Parsed 19400000 reads
2023-05-04 15:34:35,156 INFO Parsed 19500000 reads
2023-05-04 15:34:39,370 INFO Parsed 19600000 reads
2023-05-04 15:34:42,879 INFO Parsed 19700000 reads
2023-05-04 15:34:46,370 INFO Parsed 19800000 reads
2023-05-04 15:34:49,906 INFO Parsed 19900000 reads
2023-05-04 15:34:53,473 INFO Parsed 20000000 reads
2023-05-04 15:34:57,172 INFO Parsed 20100000 reads
2023-05-04 15:35:00,881 INFO Parsed 20200000 reads
2023-05-04 15:35:04,451 INFO Parsed 20300000 reads
2023-05-04 15:35:07,977 INFO Parsed 20400000 reads
2023-05-04 15:35:11,563 INFO Parsed 20500000 reads
2023-05-04 15:35:15,144 INFO Parsed 20600000 reads
2023-05-04 15:35:18,862 INFO Parsed 20700000 reads
2023-05-04 15:35:22,744 INFO Parsed 20800000 reads
2023-05-04 15:35:26,622 INFO Parsed 20900000 reads
2023-05-04 15:35:30,508 INFO Parsed 21000000 reads
2023-05-04 15:35:34,566 INFO Parsed 21100000 reads
2023-05-04 15:35:38,458 INFO Parsed 21200000 reads
2023-05-04 15:35:42,426 INFO Parsed 21300000 reads
2023-05-04 15:35:46,352 INFO Parsed 21400000 reads
2023-05-04 15:35:50,312 INFO Parsed 21500000 reads
2023-05-04 15:35:54,270 INFO Parsed 21600000 reads
2023-05-04 15:35:58,091 INFO Parsed 21700000 reads
2023-05-04 15:36:01,863 INFO Parsed 21800000 reads
2023-05-04 15:36:05,735 INFO Parsed 21900000 reads
2023-05-04 15:36:09,740 INFO Parsed 22000000 reads
2023-05-04 15:36:13,795 INFO Parsed 22100000 reads
2023-05-04 15:36:17,719 INFO Parsed 22200000 reads
2023-05-04 15:36:21,658 INFO Parsed 22300000 reads
2023-05-04 15:36:36,166 INFO Parsed 22400000 reads
2023-05-04 15:36:40,613 INFO Parsed 22500000 reads
2023-05-04 15:36:44,476 INFO Parsed 22600000 reads
2023-05-04 15:36:48,124 INFO Parsed 22700000 reads
2023-05-04 15:36:51,700 INFO Parsed 22800000 reads
2023-05-04 15:36:55,206 INFO Parsed 22900000 reads
2023-05-04 15:36:58,739 INFO Parsed 23000000 reads
2023-05-04 15:37:02,237 INFO Parsed 23100000 reads
2023-05-04 15:37:05,795 INFO Parsed 23200000 reads
2023-05-04 15:37:25,928 INFO Parsed 23300000 reads
2023-05-04 15:37:29,395 INFO Parsed 23400000 reads
2023-05-04 15:37:32,858 INFO Parsed 23500000 reads
2023-05-04 15:37:36,367 INFO Parsed 23600000 reads
2023-05-04 15:37:39,816 INFO Parsed 23700000 reads
2023-05-04 15:37:43,238 INFO Parsed 23800000 reads
2023-05-04 15:37:46,713 INFO Parsed 23900000 reads
2023-05-04 15:37:50,211 INFO Parsed 24000000 reads
2023-05-04 15:37:53,627 INFO Parsed 24100000 reads
2023-05-04 15:37:57,050 INFO Parsed 24200000 reads
2023-05-04 15:38:01,266 INFO Parsed 24300000 reads
2023-05-04 15:38:04,785 INFO Parsed 24400000 reads
2023-05-04 15:38:08,335 INFO Parsed 24500000 reads
2023-05-04 15:38:11,870 INFO Parsed 24600000 reads
2023-05-04 15:38:15,357 INFO Parsed 24700000 reads
2023-05-04 15:38:18,929 INFO Parsed 24800000 reads
2023-05-04 15:38:22,461 INFO Parsed 24900000 reads
2023-05-04 15:38:25,972 INFO Parsed 25000000 reads
2023-05-04 15:38:29,988 INFO Parsed 25100000 reads
2023-05-04 15:38:33,510 INFO Parsed 25200000 reads
2023-05-04 15:38:37,041 INFO Parsed 25300000 reads
2023-05-04 15:38:40,649 INFO Parsed 25400000 reads
2023-05-04 15:38:44,306 INFO Parsed 25500000 reads
2023-05-04 15:38:47,895 INFO Parsed 25600000 reads
2023-05-04 15:38:51,498 INFO Parsed 25700000 reads
2023-05-04 15:38:55,208 INFO Parsed 25800000 reads
2023-05-04 15:38:58,836 INFO Parsed 25900000 reads
2023-05-04 15:39:02,466 INFO Parsed 26000000 reads
2023-05-04 15:39:06,273 INFO Parsed 26100000 reads
2023-05-04 15:39:09,901 INFO Parsed 26200000 reads
2023-05-04 15:39:13,736 INFO Parsed 26300000 reads
2023-05-04 15:39:17,564 INFO Parsed 26400000 reads
2023-05-04 15:39:21,422 INFO Parsed 26500000 reads
2023-05-04 15:39:25,326 INFO Parsed 26600000 reads
2023-05-04 15:39:29,404 INFO Parsed 26700000 reads
2023-05-04 15:39:36,019 INFO Parsed 26800000 reads
2023-05-04 15:39:41,712 INFO Parsed 26900000 reads
2023-05-04 15:39:45,360 INFO Parsed 27000000 reads
2023-05-04 15:39:49,874 INFO Parsed 27100000 reads
2023-05-04 15:39:53,435 INFO Parsed 27200000 reads
2023-05-04 15:39:56,962 INFO Parsed 27300000 reads
2023-05-04 15:40:00,525 INFO Parsed 27400000 reads
2023-05-04 15:40:04,091 INFO Parsed 27500000 reads
2023-05-04 15:40:07,672 INFO Parsed 27600000 reads
2023-05-04 15:40:11,241 INFO Parsed 27700000 reads
2023-05-04 15:40:14,821 INFO Parsed 27800000 reads
2023-05-04 15:40:18,326 INFO Parsed 27900000 reads
2023-05-04 15:40:23,929 INFO Parsed 28000000 reads
2023-05-04 15:40:27,458 INFO Parsed 28100000 reads
2023-05-04 15:40:30,983 INFO Parsed 28200000 reads
2023-05-04 15:40:34,494 INFO Parsed 28300000 reads
2023-05-04 15:40:37,967 INFO Parsed 28400000 reads
2023-05-04 15:40:41,459 INFO Parsed 28500000 reads
2023-05-04 15:40:44,946 INFO Parsed 28600000 reads
2023-05-04 15:40:48,440 INFO Parsed 28700000 reads
2023-05-04 15:40:51,933 INFO Parsed 28800000 reads
2023-05-04 15:40:55,428 INFO Parsed 28900000 reads
2023-05-04 15:40:59,083 INFO Parsed 29000000 reads
2023-05-04 15:41:02,564 INFO Parsed 29100000 reads
2023-05-04 15:41:24,790 INFO Parsed 29200000 reads
2023-05-04 15:41:40,531 INFO Parsed 29300000 reads
2023-05-04 15:41:45,297 INFO Parsed 29400000 reads
2023-05-04 15:41:56,579 INFO Parsed 29500000 reads
2023-05-04 15:42:00,070 INFO Parsed 29600000 reads
2023-05-04 15:42:03,546 INFO Parsed 29700000 reads
2023-05-04 15:42:07,047 INFO Parsed 29800000 reads
2023-05-04 15:42:10,522 INFO Parsed 29900000 reads
2023-05-04 15:42:13,989 INFO Parsed 30000000 reads
2023-05-04 15:42:17,474 INFO Parsed 30100000 reads
2023-05-04 15:42:20,974 INFO Parsed 30200000 reads
2023-05-04 15:42:24,379 INFO Parsed 30300000 reads
2023-05-04 15:42:27,765 INFO Parsed 30400000 reads
2023-05-04 15:42:33,731 INFO Parsed 30500000 reads
2023-05-04 15:42:37,209 INFO Parsed 30600000 reads
2023-05-04 15:42:40,670 INFO Parsed 30700000 reads
2023-05-04 15:42:44,160 INFO Parsed 30800000 reads
2023-05-04 15:42:47,593 INFO Parsed 30900000 reads
2023-05-04 15:42:51,098 INFO Parsed 31000000 reads
2023-05-04 15:42:54,555 INFO Parsed 31100000 reads
2023-05-04 15:42:58,005 INFO Parsed 31200000 reads
2023-05-04 15:43:01,515 INFO Parsed 31300000 reads
2023-05-04 15:43:04,965 INFO Parsed 31400000 reads
2023-05-04 15:43:08,428 INFO Parsed 31500000 reads
2023-05-04 15:43:11,891 INFO Parsed 31600000 reads
2023-05-04 15:43:15,356 INFO Parsed 31700000 reads
2023-05-04 15:43:19,369 INFO Parsed 31800000 reads
2023-05-04 15:43:23,713 INFO Parsed 31900000 reads
2023-05-04 15:43:27,964 INFO Parsed 32000000 reads
2023-05-04 15:43:32,127 INFO Parsed 32100000 reads
2023-05-04 15:43:36,070 INFO Parsed 32200000 reads
2023-05-04 15:43:39,959 INFO Parsed 32300000 reads
2023-05-04 15:43:43,736 INFO Parsed 32400000 reads
2023-05-04 15:43:47,457 INFO Parsed 32500000 reads
2023-05-04 15:43:51,157 INFO Parsed 32600000 reads
2023-05-04 15:43:54,790 INFO Parsed 32700000 reads
2023-05-04 15:43:58,406 INFO Parsed 32800000 reads
2023-05-04 15:44:02,007 INFO Parsed 32900000 reads
2023-05-04 15:44:05,547 INFO Parsed 33000000 reads
2023-05-04 15:44:09,131 INFO Parsed 33100000 reads
2023-05-04 15:44:12,669 INFO Parsed 33200000 reads
2023-05-04 15:44:16,242 INFO Parsed 33300000 reads
2023-05-04 15:44:19,816 INFO Parsed 33400000 reads
2023-05-04 15:44:23,331 INFO Parsed 33500000 reads
2023-05-04 15:44:26,919 INFO Parsed 33600000 reads
2023-05-04 15:44:30,471 INFO Parsed 33700000 reads
2023-05-04 15:44:34,001 INFO Parsed 33800000 reads
2023-05-04 15:44:37,465 INFO Parsed 33900000 reads
2023-05-04 15:44:40,867 INFO Parsed 34000000 reads
2023-05-04 15:44:44,302 INFO Parsed 34100000 reads
2023-05-04 15:44:47,688 INFO Parsed 34200000 reads
2023-05-04 15:44:51,034 INFO Parsed 34300000 reads
2023-05-04 15:44:54,403 INFO Parsed 34400000 reads
2023-05-04 15:44:58,120 INFO Parsed 34500000 reads
2023-05-04 15:45:01,483 INFO Parsed 34600000 reads
2023-05-04 15:45:04,862 INFO Parsed 34700000 reads
2023-05-04 15:45:08,319 INFO Parsed 34800000 reads
2023-05-04 15:45:11,767 INFO Parsed 34900000 reads
2023-05-04 15:45:15,228 INFO Parsed 35000000 reads
2023-05-04 15:45:18,689 INFO Parsed 35100000 reads
2023-05-04 15:45:22,140 INFO Parsed 35200000 reads
2023-05-04 15:45:25,661 INFO Parsed 35300000 reads
2023-05-04 15:45:29,550 INFO Parsed 35400000 reads
2023-05-04 15:45:33,317 INFO Parsed 35500000 reads
2023-05-04 15:45:36,795 INFO Parsed 35600000 reads
2023-05-04 15:45:40,256 INFO Parsed 35700000 reads
2023-05-04 15:45:43,742 INFO Parsed 35800000 reads
2023-05-04 15:45:47,286 INFO Parsed 35900000 reads
2023-05-04 15:45:51,062 INFO Parsed 36000000 reads
2023-05-04 15:45:54,458 INFO Parsed 36100000 reads
2023-05-04 15:45:57,886 INFO Parsed 36200000 reads
2023-05-04 15:46:01,324 INFO Parsed 36300000 reads
2023-05-04 15:46:04,783 INFO Parsed 36400000 reads
2023-05-04 15:46:08,229 INFO Parsed 36500000 reads
2023-05-04 15:46:11,678 INFO Parsed 36600000 reads
2023-05-04 15:46:15,129 INFO Parsed 36700000 reads
2023-05-04 15:46:18,588 INFO Parsed 36800000 reads
2023-05-04 15:46:22,044 INFO Parsed 36900000 reads
2023-05-04 15:46:25,496 INFO Parsed 37000000 reads
2023-05-04 15:46:28,947 INFO Parsed 37100000 reads
2023-05-04 15:46:32,398 INFO Parsed 37200000 reads
2023-05-04 15:46:35,854 INFO Parsed 37300000 reads
2023-05-04 15:46:39,303 INFO Parsed 37400000 reads
2023-05-04 15:46:42,791 INFO Parsed 37500000 reads
2023-05-04 15:46:46,268 INFO Parsed 37600000 reads
2023-05-04 15:46:49,738 INFO Parsed 37700000 reads
2023-05-04 15:46:53,201 INFO Parsed 37800000 reads
2023-05-04 15:46:56,665 INFO Parsed 37900000 reads
2023-05-04 15:47:00,132 INFO Parsed 38000000 reads
2023-05-04 15:47:03,601 INFO Parsed 38100000 reads
2023-05-04 15:47:07,067 INFO Parsed 38200000 reads
2023-05-04 15:47:10,535 INFO Parsed 38300000 reads
2023-05-04 15:47:13,999 INFO Parsed 38400000 reads
2023-05-04 15:47:17,487 INFO Parsed 38500000 reads
2023-05-04 15:47:21,004 INFO Parsed 38600000 reads
2023-05-04 15:47:24,561 INFO Parsed 38700000 reads
2023-05-04 15:47:28,130 INFO Parsed 38800000 reads
2023-05-04 15:47:31,847 INFO Parsed 38900000 reads
2023-05-04 15:47:35,317 INFO Parsed 39000000 reads
2023-05-04 15:47:38,746 INFO Parsed 39100000 reads
2023-05-04 15:47:42,129 INFO Parsed 39200000 reads
2023-05-04 15:47:45,491 INFO Parsed 39300000 reads
2023-05-04 15:47:48,846 INFO Parsed 39400000 reads
2023-05-04 15:47:52,205 INFO Parsed 39500000 reads
2023-05-04 15:47:55,573 INFO Parsed 39600000 reads
2023-05-04 15:47:58,950 INFO Parsed 39700000 reads
2023-05-04 15:48:02,332 INFO Parsed 39800000 reads
2023-05-04 15:48:05,706 INFO Parsed 39900000 reads
2023-05-04 15:48:09,084 INFO Parsed 40000000 reads
2023-05-04 15:48:12,528 INFO Parsed 40100000 reads
2023-05-04 15:48:15,986 INFO Parsed 40200000 reads
2023-05-04 15:48:19,435 INFO Parsed 40300000 reads
2023-05-04 15:48:22,889 INFO Parsed 40400000 reads
2023-05-04 15:48:26,347 INFO Parsed 40500000 reads
2023-05-04 15:48:29,783 INFO Parsed 40600000 reads
2023-05-04 15:48:33,220 INFO Parsed 40700000 reads
2023-05-04 15:48:36,669 INFO Parsed 40800000 reads
2023-05-04 15:48:40,118 INFO Parsed 40900000 reads
2023-05-04 15:48:43,568 INFO Parsed 41000000 reads
2023-05-04 15:48:47,030 INFO Parsed 41100000 reads
2023-05-04 15:48:50,479 INFO Parsed 41200000 reads
2023-05-04 15:48:53,890 INFO Parsed 41300000 reads
2023-05-04 15:48:57,390 INFO Parsed 41400000 reads
2023-05-04 15:49:01,233 INFO Parsed 41500000 reads
2023-05-04 15:49:04,851 INFO Parsed 41600000 reads
2023-05-04 15:49:08,678 INFO Parsed 41700000 reads
2023-05-04 15:49:12,564 INFO Parsed 41800000 reads
2023-05-04 15:49:16,203 INFO Parsed 41900000 reads
2023-05-04 15:49:19,672 INFO Parsed 42000000 reads
2023-05-04 15:49:23,126 INFO Parsed 42100000 reads
2023-05-04 15:49:26,661 INFO Parsed 42200000 reads
2023-05-04 15:49:30,115 INFO Parsed 42300000 reads
2023-05-04 15:49:33,574 INFO Parsed 42400000 reads
2023-05-04 15:49:37,039 INFO Parsed 42500000 reads
2023-05-04 15:49:40,415 INFO Parsed 42600000 reads
2023-05-04 15:49:43,746 INFO Parsed 42700000 reads
2023-05-04 15:49:47,086 INFO Parsed 42800000 reads
2023-05-04 15:49:50,431 INFO Parsed 42900000 reads
2023-05-04 15:49:53,779 INFO Parsed 43000000 reads
2023-05-04 15:49:57,180 INFO Parsed 43100000 reads
2023-05-04 15:50:00,545 INFO Parsed 43200000 reads
2023-05-04 15:50:03,909 INFO Parsed 43300000 reads
2023-05-04 15:50:07,284 INFO Parsed 43400000 reads
2023-05-04 15:50:10,630 INFO Parsed 43500000 reads
2023-05-04 15:50:13,976 INFO Parsed 43600000 reads
2023-05-04 15:50:17,324 INFO Parsed 43700000 reads
2023-05-04 15:50:20,673 INFO Parsed 43800000 reads
2023-05-04 15:50:24,011 INFO Parsed 43900000 reads
2023-05-04 15:50:27,349 INFO Parsed 44000000 reads
2023-05-04 15:50:30,712 INFO Parsed 44100000 reads
2023-05-04 15:50:34,066 INFO Parsed 44200000 reads
2023-05-04 15:50:37,422 INFO Parsed 44300000 reads
2023-05-04 15:50:40,784 INFO Parsed 44400000 reads
2023-05-04 15:50:44,135 INFO Parsed 44500000 reads
2023-05-04 15:50:47,487 INFO Parsed 44600000 reads
2023-05-04 15:50:50,842 INFO Parsed 44700000 reads
2023-05-04 15:50:54,124 INFO Parsed 44800000 reads
2023-05-04 15:50:57,320 INFO Parsed 44900000 reads
2023-05-04 15:51:00,511 INFO Parsed 45000000 reads
2023-05-04 15:51:03,706 INFO Parsed 45100000 reads
2023-05-04 15:51:06,912 INFO Parsed 45200000 reads
2023-05-04 15:51:10,106 INFO Parsed 45300000 reads
2023-05-04 15:51:13,301 INFO Parsed 45400000 reads
2023-05-04 15:51:16,509 INFO Parsed 45500000 reads
2023-05-04 15:51:19,709 INFO Parsed 45600000 reads
2023-05-04 15:51:22,924 INFO Parsed 45700000 reads
2023-05-04 15:51:26,138 INFO Parsed 45800000 reads
2023-05-04 15:51:29,338 INFO Parsed 45900000 reads
2023-05-04 15:51:32,546 INFO Parsed 46000000 reads
2023-05-04 15:51:35,744 INFO Parsed 46100000 reads
2023-05-04 15:51:38,950 INFO Parsed 46200000 reads
2023-05-04 15:51:42,167 INFO Parsed 46300000 reads
2023-05-04 15:51:45,386 INFO Parsed 46400000 reads
2023-05-04 15:51:48,631 INFO Parsed 46500000 reads
2023-05-04 15:51:51,854 INFO Parsed 46600000 reads
2023-05-04 15:51:55,074 INFO Parsed 46700000 reads
2023-05-04 15:51:58,291 INFO Parsed 46800000 reads
2023-05-04 15:52:01,514 INFO Parsed 46900000 reads
2023-05-04 15:52:04,729 INFO Parsed 47000000 reads
2023-05-04 15:52:07,950 INFO Parsed 47100000 reads
2023-05-04 15:52:11,160 INFO Parsed 47200000 reads
2023-05-04 15:52:14,368 INFO Parsed 47300000 reads
2023-05-04 15:52:17,599 INFO Parsed 47400000 reads
2023-05-04 15:52:20,822 INFO Parsed 47500000 reads
2023-05-04 15:52:24,100 INFO Parsed 47600000 reads
2023-05-04 15:52:27,331 INFO Parsed 47700000 reads
2023-05-04 15:52:30,587 INFO Parsed 47800000 reads
2023-05-04 15:52:33,854 INFO Parsed 47900000 reads
2023-05-04 15:52:37,205 INFO Parsed 48000000 reads
2023-05-04 15:52:40,404 INFO Parsed 48100000 reads
2023-05-04 15:52:43,718 INFO Parsed 48200000 reads
2023-05-04 15:52:47,045 INFO Parsed 48300000 reads
2023-05-04 15:52:50,338 INFO Parsed 48400000 reads
2023-05-04 15:52:53,644 INFO Parsed 48500000 reads
2023-05-04 15:52:56,928 INFO Parsed 48600000 reads
2023-05-04 15:53:00,252 INFO Parsed 48700000 reads
2023-05-04 15:53:03,503 INFO Parsed 48800000 reads
2023-05-04 15:53:06,720 INFO Parsed 48900000 reads
2023-05-04 15:53:09,935 INFO Parsed 49000000 reads
2023-05-04 15:53:13,152 INFO Parsed 49100000 reads
2023-05-04 15:53:16,360 INFO Parsed 49200000 reads
2023-05-04 15:53:19,584 INFO Parsed 49300000 reads
2023-05-04 15:53:22,812 INFO Parsed 49400000 reads
2023-05-04 15:53:26,084 INFO Parsed 49500000 reads
2023-05-04 15:53:29,306 INFO Parsed 49600000 reads
2023-05-04 15:53:32,517 INFO Parsed 49700000 reads
2023-05-04 15:53:35,716 INFO Parsed 49800000 reads
2023-05-04 15:53:38,936 INFO Parsed 49900000 reads
2023-05-04 15:53:42,153 INFO Parsed 50000000 reads
2023-05-04 15:53:45,354 INFO Parsed 50100000 reads
2023-05-04 15:53:48,562 INFO Parsed 50200000 reads
2023-05-04 15:53:51,765 INFO Parsed 50300000 reads
2023-05-04 15:53:54,979 INFO Parsed 50400000 reads
2023-05-04 15:53:58,186 INFO Parsed 50500000 reads
2023-05-04 15:54:01,389 INFO Parsed 50600000 reads
2023-05-04 15:54:04,617 INFO Parsed 50700000 reads
2023-05-04 15:54:07,870 INFO Parsed 50800000 reads
2023-05-04 15:54:11,111 INFO Parsed 50900000 reads
2023-05-04 15:54:14,325 INFO Parsed 51000000 reads
2023-05-04 15:54:17,544 INFO Parsed 51100000 reads
2023-05-04 15:54:20,776 INFO Parsed 51200000 reads
2023-05-04 15:54:23,984 INFO Parsed 51300000 reads
2023-05-04 15:54:27,199 INFO Parsed 51400000 reads
2023-05-04 15:54:30,405 INFO Parsed 51500000 reads
2023-05-04 15:54:33,599 INFO Parsed 51600000 reads
2023-05-04 15:54:36,819 INFO Parsed 51700000 reads
2023-05-04 15:54:40,026 INFO Parsed 51800000 reads
2023-05-04 15:54:43,247 INFO Parsed 51900000 reads
2023-05-04 15:54:46,545 INFO Parsed 52000000 reads
2023-05-04 15:54:49,756 INFO Parsed 52100000 reads
2023-05-04 15:54:51,520 INFO Input Reads: 52155075
2023-05-04 15:54:51,520 INFO regex matches read1: 44371804
2023-05-04 15:54:51,520 INFO Reads output: 44371804
2023-05-04 15:54:51,520 INFO regex does not match read1: 7783271
# job finished in 1945 seconds at Thu May  4 15:54:51 2023 -- 1838.57  3.03  0.00  0.00 -- 9076c80b-3f64-4c68-bd51-f34873685f55
[Thu May  4 15:54:51 2023]
Finished job 0.
1 of 1 steps (100%) done
[Thu May  4 15:54:52 2023]
Finished job 0.
1 of 1 steps (100%) done
