Building DAG of jobs...
Using shell: /usr/bin/bash
Provided cores: 8
Rules claiming more threads will be scaled down.
Provided resources: mem_mb=8192, mem_mib=7813, disk_mb=1503, disk_mib=1434
Select jobs to execute...
Building DAG of jobs...
Using shell: /usr/bin/bash
Provided cores: 8
Rules claiming more threads will be scaled down.
Provided resources: mem_mb=8192, mem_mib=7813, disk_mb=1503, disk_mib=1434
Select jobs to execute...

[Thu May  4 15:22:10 2023]
rule extract_umis_single_end:
    input: results/reads/56_MSI_R1.fastq.gz
    output: results/reads/umis/56_MSI_R1.fastq.gz
    log: logs/extract_umis/56_MSI.log
    jobid: 0
    reason: Missing output files: results/reads/umis/56_MSI_R1.fastq.gz
    wildcards: sample=56_MSI
    threads: 8
    resources: mem_mb=8192, mem_mib=7813, disk_mb=1503, disk_mib=1434, tmpdir=/tmp, runtime=60

# UMI-tools version: 1.1.4
# output generated by extract --random-seed 1234 --extract-method=regex --bc-pattern=(?P<umi_1>.{6})(?P<discard_1>TATA).* -I results/reads/56_MSI_R1.fastq.gz -S results/reads/umis/56_MSI_R1.fastq.gz
# job started at Thu May  4 15:22:11 2023 on bc005 -- e84be247-23d4-424d-9d0e-9e60527ae837
# pid: 2006533, system: Linux 4.18.0-193.19.1.el8_2.x86_64 #1 SMP Mon Sep 14 14:37:00 UTC 2020 x86_64
# blacklist                               : None
# compresslevel                           : 6
# correct_umi_threshold                   : 0
# either_read                             : False
# either_read_resolve                     : discard
# error_correct_cell                      : False
# extract_method                          : regex
# filter_cell_barcode                     : None
# filter_cell_barcodes                    : False
# filter_umi                              : None
# filtered_out                            : None
# filtered_out2                           : None
# ignore_suffix                           : False
# log2stderr                              : False
# loglevel                                : 1
# pattern                                 : (?P<umi_1>.{6})(?P<discard_1>TATA).*
# pattern2                                : None
# prime3                                  : None
# quality_encoding                        : None
# quality_filter_mask                     : None
# quality_filter_threshold                : None
# random_seed                             : 1234
# read2_in                                : None
# read2_out                               : False
# read2_stdout                            : False
# reads_subset                            : None
# reconcile                               : False
# retain_umi                              : None
# short_help                              : None
# stderr                                  : <_io.TextIOWrapper name='<stderr>' mode='w' encoding='utf-8'>
# stdin                                   : <_io.TextIOWrapper name='results/reads/56_MSI_R1.fastq.gz' encoding='ascii'>
# stdlog                                  : <_io.TextIOWrapper name='<stdout>' mode='w' encoding='utf-8'>
# stdout                                  : <_io.TextIOWrapper name='results/reads/umis/56_MSI_R1.fastq.gz' encoding='ascii'>
# timeit_file                             : None
# timeit_header                           : None
# timeit_name                             : all
# tmpdir                                  : None
# umi_correct_log                         : None
# umi_separator                           : _
# umi_whitelist                           : None
# umi_whitelist_paired                    : None
# whitelist                               : None
2023-05-04 15:22:11,659 INFO Starting barcode extraction
2023-05-04 15:22:15,264 INFO Parsed 100000 reads
2023-05-04 15:22:18,889 INFO Parsed 200000 reads
2023-05-04 15:22:22,469 INFO Parsed 300000 reads
2023-05-04 15:22:26,076 INFO Parsed 400000 reads
2023-05-04 15:22:29,691 INFO Parsed 500000 reads
2023-05-04 15:22:33,290 INFO Parsed 600000 reads
2023-05-04 15:22:36,938 INFO Parsed 700000 reads
2023-05-04 15:22:40,580 INFO Parsed 800000 reads
2023-05-04 15:22:44,144 INFO Parsed 900000 reads
2023-05-04 15:22:47,742 INFO Parsed 1000000 reads
2023-05-04 15:22:51,336 INFO Parsed 1100000 reads
2023-05-04 15:22:54,962 INFO Parsed 1200000 reads
2023-05-04 15:22:58,556 INFO Parsed 1300000 reads
2023-05-04 15:23:02,141 INFO Parsed 1400000 reads
2023-05-04 15:23:05,820 INFO Parsed 1500000 reads
2023-05-04 15:23:09,414 INFO Parsed 1600000 reads
2023-05-04 15:23:12,954 INFO Parsed 1700000 reads
2023-05-04 15:23:16,498 INFO Parsed 1800000 reads
2023-05-04 15:23:20,072 INFO Parsed 1900000 reads
2023-05-04 15:23:23,622 INFO Parsed 2000000 reads
2023-05-04 15:23:27,161 INFO Parsed 2100000 reads
2023-05-04 15:23:30,715 INFO Parsed 2200000 reads
2023-05-04 15:23:34,259 INFO Parsed 2300000 reads
2023-05-04 15:23:37,815 INFO Parsed 2400000 reads
2023-05-04 15:23:41,396 INFO Parsed 2500000 reads
2023-05-04 15:23:44,956 INFO Parsed 2600000 reads
2023-05-04 15:23:48,497 INFO Parsed 2700000 reads
2023-05-04 15:23:52,054 INFO Parsed 2800000 reads
2023-05-04 15:23:55,655 INFO Parsed 2900000 reads
2023-05-04 15:23:59,381 INFO Parsed 3000000 reads
2023-05-04 15:24:02,969 INFO Parsed 3100000 reads
2023-05-04 15:24:06,531 INFO Parsed 3200000 reads
2023-05-04 15:24:10,070 INFO Parsed 3300000 reads
2023-05-04 15:24:13,625 INFO Parsed 3400000 reads
2023-05-04 15:24:17,159 INFO Parsed 3500000 reads
2023-05-04 15:24:20,734 INFO Parsed 3600000 reads
2023-05-04 15:24:24,342 INFO Parsed 3700000 reads
2023-05-04 15:24:27,949 INFO Parsed 3800000 reads
2023-05-04 15:24:31,534 INFO Parsed 3900000 reads
2023-05-04 15:24:35,160 INFO Parsed 4000000 reads
2023-05-04 15:24:38,748 INFO Parsed 4100000 reads
2023-05-04 15:24:42,348 INFO Parsed 4200000 reads
2023-05-04 15:24:45,944 INFO Parsed 4300000 reads
2023-05-04 15:24:49,547 INFO Parsed 4400000 reads
2023-05-04 15:24:53,112 INFO Parsed 4500000 reads
2023-05-04 15:24:56,709 INFO Parsed 4600000 reads
2023-05-04 15:25:00,299 INFO Parsed 4700000 reads
2023-05-04 15:25:03,892 INFO Parsed 4800000 reads
2023-05-04 15:25:07,469 INFO Parsed 4900000 reads
2023-05-04 15:25:11,057 INFO Parsed 5000000 reads
2023-05-04 15:25:14,660 INFO Parsed 5100000 reads
2023-05-04 15:25:18,278 INFO Parsed 5200000 reads
2023-05-04 15:25:21,865 INFO Parsed 5300000 reads
2023-05-04 15:25:25,443 INFO Parsed 5400000 reads
2023-05-04 15:25:29,031 INFO Parsed 5500000 reads
2023-05-04 15:25:32,598 INFO Parsed 5600000 reads
2023-05-04 15:25:36,183 INFO Parsed 5700000 reads
2023-05-04 15:25:39,737 INFO Parsed 5800000 reads
2023-05-04 15:25:43,342 INFO Parsed 5900000 reads
2023-05-04 15:25:46,947 INFO Parsed 6000000 reads
2023-05-04 15:25:50,530 INFO Parsed 6100000 reads
2023-05-04 15:25:54,095 INFO Parsed 6200000 reads
2023-05-04 15:25:57,671 INFO Parsed 6300000 reads
2023-05-04 15:26:01,242 INFO Parsed 6400000 reads
2023-05-04 15:26:04,813 INFO Parsed 6500000 reads
2023-05-04 15:26:08,396 INFO Parsed 6600000 reads
2023-05-04 15:26:11,965 INFO Parsed 6700000 reads
2023-05-04 15:26:15,523 INFO Parsed 6800000 reads
2023-05-04 15:26:19,093 INFO Parsed 6900000 reads
2023-05-04 15:26:22,653 INFO Parsed 7000000 reads
2023-05-04 15:26:26,218 INFO Parsed 7100000 reads
2023-05-04 15:26:29,756 INFO Parsed 7200000 reads
2023-05-04 15:26:33,313 INFO Parsed 7300000 reads
2023-05-04 15:26:36,892 INFO Parsed 7400000 reads
2023-05-04 15:26:40,477 INFO Parsed 7500000 reads
2023-05-04 15:26:44,030 INFO Parsed 7600000 reads
2023-05-04 15:26:47,578 INFO Parsed 7700000 reads
2023-05-04 15:26:51,117 INFO Parsed 7800000 reads
2023-05-04 15:26:54,673 INFO Parsed 7900000 reads
2023-05-04 15:26:58,404 INFO Parsed 8000000 reads
2023-05-04 15:27:01,978 INFO Parsed 8100000 reads
2023-05-04 15:27:05,536 INFO Parsed 8200000 reads
2023-05-04 15:27:09,078 INFO Parsed 8300000 reads
2023-05-04 15:27:12,610 INFO Parsed 8400000 reads
2023-05-04 15:27:16,168 INFO Parsed 8500000 reads
2023-05-04 15:27:19,865 INFO Parsed 8600000 reads
2023-05-04 15:27:23,435 INFO Parsed 8700000 reads
2023-05-04 15:27:26,995 INFO Parsed 8800000 reads
2023-05-04 15:27:30,535 INFO Parsed 8900000 reads
2023-05-04 15:27:34,080 INFO Parsed 9000000 reads
2023-05-04 15:27:37,647 INFO Parsed 9100000 reads
2023-05-04 15:27:41,197 INFO Parsed 9200000 reads
2023-05-04 15:27:44,747 INFO Parsed 9300000 reads
2023-05-04 15:27:48,284 INFO Parsed 9400000 reads
2023-05-04 15:27:51,816 INFO Parsed 9500000 reads
2023-05-04 15:27:55,346 INFO Parsed 9600000 reads
2023-05-04 15:27:58,884 INFO Parsed 9700000 reads
2023-05-04 15:28:02,425 INFO Parsed 9800000 reads
2023-05-04 15:28:05,982 INFO Parsed 9900000 reads
2023-05-04 15:28:09,520 INFO Parsed 10000000 reads
2023-05-04 15:28:13,062 INFO Parsed 10100000 reads
2023-05-04 15:28:16,586 INFO Parsed 10200000 reads
2023-05-04 15:28:20,137 INFO Parsed 10300000 reads
2023-05-04 15:28:23,673 INFO Parsed 10400000 reads
2023-05-04 15:28:27,228 INFO Parsed 10500000 reads
2023-05-04 15:28:30,772 INFO Parsed 10600000 reads
2023-05-04 15:28:34,337 INFO Parsed 10700000 reads
2023-05-04 15:28:37,789 INFO Parsed 10800000 reads
2023-05-04 15:28:41,235 INFO Parsed 10900000 reads
2023-05-04 15:28:44,681 INFO Parsed 11000000 reads
2023-05-04 15:28:48,123 INFO Parsed 11100000 reads
2023-05-04 15:28:51,608 INFO Parsed 11200000 reads
2023-05-04 15:28:55,062 INFO Parsed 11300000 reads
2023-05-04 15:28:58,502 INFO Parsed 11400000 reads
2023-05-04 15:29:01,889 INFO Parsed 11500000 reads
2023-05-04 15:29:05,287 INFO Parsed 11600000 reads
2023-05-04 15:29:08,652 INFO Parsed 11700000 reads
2023-05-04 15:29:12,033 INFO Parsed 11800000 reads
2023-05-04 15:29:15,411 INFO Parsed 11900000 reads
2023-05-04 15:29:18,785 INFO Parsed 12000000 reads
2023-05-04 15:29:22,155 INFO Parsed 12100000 reads
2023-05-04 15:29:25,516 INFO Parsed 12200000 reads
2023-05-04 15:29:28,870 INFO Parsed 12300000 reads
2023-05-04 15:29:32,227 INFO Parsed 12400000 reads
2023-05-04 15:29:35,568 INFO Parsed 12500000 reads
2023-05-04 15:29:38,910 INFO Parsed 12600000 reads
2023-05-04 15:29:42,278 INFO Parsed 12700000 reads
2023-05-04 15:29:45,634 INFO Parsed 12800000 reads
2023-05-04 15:29:49,000 INFO Parsed 12900000 reads
2023-05-04 15:29:52,374 INFO Parsed 13000000 reads
2023-05-04 15:29:55,737 INFO Parsed 13100000 reads
2023-05-04 15:29:59,106 INFO Parsed 13200000 reads
2023-05-04 15:30:02,501 INFO Parsed 13300000 reads
2023-05-04 15:30:05,878 INFO Parsed 13400000 reads
2023-05-04 15:30:09,233 INFO Parsed 13500000 reads
2023-05-04 15:30:12,608 INFO Parsed 13600000 reads
2023-05-04 15:30:15,970 INFO Parsed 13700000 reads
2023-05-04 15:30:19,329 INFO Parsed 13800000 reads
2023-05-04 15:30:22,723 INFO Parsed 13900000 reads
2023-05-04 15:30:26,098 INFO Parsed 14000000 reads
2023-05-04 15:30:29,469 INFO Parsed 14100000 reads
2023-05-04 15:30:32,066 INFO Input Reads: 14176982
2023-05-04 15:30:32,066 INFO regex matches read1: 11884098
2023-05-04 15:30:32,066 INFO Reads output: 11884098
2023-05-04 15:30:32,066 INFO regex does not match read1: 2292884
# job finished in 500 seconds at Thu May  4 15:30:32 2023 -- 499.20  1.49  0.00  0.00 -- e84be247-23d4-424d-9d0e-9e60527ae837
[Thu May  4 15:30:32 2023]
Finished job 0.
1 of 1 steps (100%) done
[Thu May  4 15:30:33 2023]
Finished job 0.
1 of 1 steps (100%) done
