Building DAG of jobs...
Using shell: /usr/bin/bash
Provided cores: 8
Rules claiming more threads will be scaled down.
Provided resources: mem_mb=8192, mem_mib=7813, disk_mb=1151, disk_mib=1098
Select jobs to execute...
Building DAG of jobs...
Using shell: /usr/bin/bash
Provided cores: 8
Rules claiming more threads will be scaled down.
Provided resources: mem_mb=8192, mem_mib=7813, disk_mb=1151, disk_mib=1098
Select jobs to execute...

[Thu May  4 15:22:23 2023]
rule extract_umis_single_end:
    input: results/reads/168_MSI_R1.fastq.gz
    output: results/reads/umis/168_MSI_R1.fastq.gz
    log: logs/extract_umis/168_MSI.log
    jobid: 0
    reason: Missing output files: results/reads/umis/168_MSI_R1.fastq.gz
    wildcards: sample=168_MSI
    threads: 8
    resources: mem_mb=8192, mem_mib=7813, disk_mb=1151, disk_mib=1098, tmpdir=/tmp, runtime=60

# UMI-tools version: 1.1.4
# output generated by extract --random-seed 1234 --extract-method=regex --bc-pattern=(?P<umi_1>.{6})(?P<discard_1>TATA).* -I results/reads/168_MSI_R1.fastq.gz -S results/reads/umis/168_MSI_R1.fastq.gz
# job started at Thu May  4 15:22:25 2023 on bc005 -- f0c634f6-797a-44b2-8a27-c0aef1b7a5a3
# pid: 2006664, system: Linux 4.18.0-193.19.1.el8_2.x86_64 #1 SMP Mon Sep 14 14:37:00 UTC 2020 x86_64
# blacklist                               : None
# compresslevel                           : 6
# correct_umi_threshold                   : 0
# either_read                             : False
# either_read_resolve                     : discard
# error_correct_cell                      : False
# extract_method                          : regex
# filter_cell_barcode                     : None
# filter_cell_barcodes                    : False
# filter_umi                              : None
# filtered_out                            : None
# filtered_out2                           : None
# ignore_suffix                           : False
# log2stderr                              : False
# loglevel                                : 1
# pattern                                 : (?P<umi_1>.{6})(?P<discard_1>TATA).*
# pattern2                                : None
# prime3                                  : None
# quality_encoding                        : None
# quality_filter_mask                     : None
# quality_filter_threshold                : None
# random_seed                             : 1234
# read2_in                                : None
# read2_out                               : False
# read2_stdout                            : False
# reads_subset                            : None
# reconcile                               : False
# retain_umi                              : None
# short_help                              : None
# stderr                                  : <_io.TextIOWrapper name='<stderr>' mode='w' encoding='utf-8'>
# stdin                                   : <_io.TextIOWrapper name='results/reads/168_MSI_R1.fastq.gz' encoding='ascii'>
# stdlog                                  : <_io.TextIOWrapper name='<stdout>' mode='w' encoding='utf-8'>
# stdout                                  : <_io.TextIOWrapper name='results/reads/umis/168_MSI_R1.fastq.gz' encoding='ascii'>
# timeit_file                             : None
# timeit_header                           : None
# timeit_name                             : all
# tmpdir                                  : None
# umi_correct_log                         : None
# umi_separator                           : _
# umi_whitelist                           : None
# umi_whitelist_paired                    : None
# whitelist                               : None
2023-05-04 15:22:25,040 INFO Starting barcode extraction
2023-05-04 15:22:28,426 INFO Parsed 100000 reads
2023-05-04 15:22:31,804 INFO Parsed 200000 reads
2023-05-04 15:22:35,200 INFO Parsed 300000 reads
2023-05-04 15:22:38,569 INFO Parsed 400000 reads
2023-05-04 15:22:41,942 INFO Parsed 500000 reads
2023-05-04 15:22:45,296 INFO Parsed 600000 reads
2023-05-04 15:22:48,673 INFO Parsed 700000 reads
2023-05-04 15:22:52,046 INFO Parsed 800000 reads
2023-05-04 15:22:55,414 INFO Parsed 900000 reads
2023-05-04 15:22:58,756 INFO Parsed 1000000 reads
2023-05-04 15:23:02,095 INFO Parsed 1100000 reads
2023-05-04 15:23:05,509 INFO Parsed 1200000 reads
2023-05-04 15:23:08,927 INFO Parsed 1300000 reads
2023-05-04 15:23:12,254 INFO Parsed 1400000 reads
2023-05-04 15:23:15,589 INFO Parsed 1500000 reads
2023-05-04 15:23:18,921 INFO Parsed 1600000 reads
2023-05-04 15:23:22,252 INFO Parsed 1700000 reads
2023-05-04 15:23:25,589 INFO Parsed 1800000 reads
2023-05-04 15:23:28,932 INFO Parsed 1900000 reads
2023-05-04 15:23:32,283 INFO Parsed 2000000 reads
2023-05-04 15:23:35,606 INFO Parsed 2100000 reads
2023-05-04 15:23:38,942 INFO Parsed 2200000 reads
2023-05-04 15:23:42,274 INFO Parsed 2300000 reads
2023-05-04 15:23:45,633 INFO Parsed 2400000 reads
2023-05-04 15:23:49,004 INFO Parsed 2500000 reads
2023-05-04 15:23:52,342 INFO Parsed 2600000 reads
2023-05-04 15:23:55,687 INFO Parsed 2700000 reads
2023-05-04 15:23:59,058 INFO Parsed 2800000 reads
2023-05-04 15:24:02,427 INFO Parsed 2900000 reads
2023-05-04 15:24:05,759 INFO Parsed 3000000 reads
2023-05-04 15:24:09,092 INFO Parsed 3100000 reads
2023-05-04 15:24:12,428 INFO Parsed 3200000 reads
2023-05-04 15:24:15,765 INFO Parsed 3300000 reads
2023-05-04 15:24:19,113 INFO Parsed 3400000 reads
2023-05-04 15:24:22,438 INFO Parsed 3500000 reads
2023-05-04 15:24:25,766 INFO Parsed 3600000 reads
2023-05-04 15:24:29,101 INFO Parsed 3700000 reads
2023-05-04 15:24:32,432 INFO Parsed 3800000 reads
2023-05-04 15:24:35,776 INFO Parsed 3900000 reads
2023-05-04 15:24:39,105 INFO Parsed 4000000 reads
2023-05-04 15:24:42,444 INFO Parsed 4100000 reads
2023-05-04 15:24:45,773 INFO Parsed 4200000 reads
2023-05-04 15:24:49,108 INFO Parsed 4300000 reads
2023-05-04 15:24:52,454 INFO Parsed 4400000 reads
2023-05-04 15:24:55,789 INFO Parsed 4500000 reads
2023-05-04 15:24:59,138 INFO Parsed 4600000 reads
2023-05-04 15:25:02,479 INFO Parsed 4700000 reads
2023-05-04 15:25:05,827 INFO Parsed 4800000 reads
2023-05-04 15:25:09,171 INFO Parsed 4900000 reads
2023-05-04 15:25:12,506 INFO Parsed 5000000 reads
2023-05-04 15:25:15,873 INFO Parsed 5100000 reads
2023-05-04 15:25:19,210 INFO Parsed 5200000 reads
2023-05-04 15:25:22,557 INFO Parsed 5300000 reads
2023-05-04 15:25:25,891 INFO Parsed 5400000 reads
2023-05-04 15:25:29,226 INFO Parsed 5500000 reads
2023-05-04 15:25:32,572 INFO Parsed 5600000 reads
2023-05-04 15:25:35,912 INFO Parsed 5700000 reads
2023-05-04 15:25:39,264 INFO Parsed 5800000 reads
2023-05-04 15:25:42,605 INFO Parsed 5900000 reads
2023-05-04 15:25:45,943 INFO Parsed 6000000 reads
2023-05-04 15:25:49,284 INFO Parsed 6100000 reads
2023-05-04 15:25:52,626 INFO Parsed 6200000 reads
2023-05-04 15:25:55,960 INFO Parsed 6300000 reads
2023-05-04 15:25:59,295 INFO Parsed 6400000 reads
2023-05-04 15:26:02,628 INFO Parsed 6500000 reads
2023-05-04 15:26:05,969 INFO Parsed 6600000 reads
2023-05-04 15:26:09,316 INFO Parsed 6700000 reads
2023-05-04 15:26:12,644 INFO Parsed 6800000 reads
2023-05-04 15:26:15,967 INFO Parsed 6900000 reads
2023-05-04 15:26:19,297 INFO Parsed 7000000 reads
2023-05-04 15:26:22,628 INFO Parsed 7100000 reads
2023-05-04 15:26:25,967 INFO Parsed 7200000 reads
2023-05-04 15:26:29,297 INFO Parsed 7300000 reads
2023-05-04 15:26:32,635 INFO Parsed 7400000 reads
2023-05-04 15:26:35,971 INFO Parsed 7500000 reads
2023-05-04 15:26:39,315 INFO Parsed 7600000 reads
2023-05-04 15:26:42,653 INFO Parsed 7700000 reads
2023-05-04 15:26:45,980 INFO Parsed 7800000 reads
2023-05-04 15:26:49,320 INFO Parsed 7900000 reads
2023-05-04 15:26:52,663 INFO Parsed 8000000 reads
2023-05-04 15:26:56,005 INFO Parsed 8100000 reads
2023-05-04 15:26:59,582 INFO Parsed 8200000 reads
2023-05-04 15:27:02,923 INFO Parsed 8300000 reads
2023-05-04 15:27:06,255 INFO Parsed 8400000 reads
2023-05-04 15:27:09,602 INFO Parsed 8500000 reads
2023-05-04 15:27:12,954 INFO Parsed 8600000 reads
2023-05-04 15:27:16,293 INFO Parsed 8700000 reads
2023-05-04 15:27:19,766 INFO Parsed 8800000 reads
2023-05-04 15:27:23,101 INFO Parsed 8900000 reads
2023-05-04 15:27:26,448 INFO Parsed 9000000 reads
2023-05-04 15:27:29,784 INFO Parsed 9100000 reads
2023-05-04 15:27:33,109 INFO Parsed 9200000 reads
2023-05-04 15:27:36,447 INFO Parsed 9300000 reads
2023-05-04 15:27:39,777 INFO Parsed 9400000 reads
2023-05-04 15:27:43,120 INFO Parsed 9500000 reads
2023-05-04 15:27:46,448 INFO Parsed 9600000 reads
2023-05-04 15:27:49,765 INFO Parsed 9700000 reads
2023-05-04 15:27:53,089 INFO Parsed 9800000 reads
2023-05-04 15:27:56,425 INFO Parsed 9900000 reads
2023-05-04 15:27:59,750 INFO Parsed 10000000 reads
2023-05-04 15:28:03,065 INFO Parsed 10100000 reads
2023-05-04 15:28:06,376 INFO Parsed 10200000 reads
2023-05-04 15:28:09,705 INFO Parsed 10300000 reads
2023-05-04 15:28:13,042 INFO Parsed 10400000 reads
2023-05-04 15:28:16,378 INFO Parsed 10500000 reads
2023-05-04 15:28:19,712 INFO Parsed 10600000 reads
2023-05-04 15:28:23,037 INFO Parsed 10700000 reads
2023-05-04 15:28:26,363 INFO Parsed 10800000 reads
2023-05-04 15:28:29,693 INFO Parsed 10900000 reads
2023-05-04 15:28:33,034 INFO Parsed 11000000 reads
2023-05-04 15:28:36,364 INFO Parsed 11100000 reads
2023-05-04 15:28:39,683 INFO Parsed 11200000 reads
2023-05-04 15:28:42,999 INFO Parsed 11300000 reads
2023-05-04 15:28:46,341 INFO Parsed 11400000 reads
2023-05-04 15:28:49,670 INFO Parsed 11500000 reads
2023-05-04 15:28:52,993 INFO Parsed 11600000 reads
2023-05-04 15:28:56,320 INFO Parsed 11700000 reads
2023-05-04 15:28:56,391 INFO Input Reads: 11702110
2023-05-04 15:28:56,391 INFO regex matches read1: 10220479
2023-05-04 15:28:56,391 INFO Reads output: 10220479
2023-05-04 15:28:56,391 INFO regex does not match read1: 1481631
# job finished in 391 seconds at Thu May  4 15:28:56 2023 -- 390.55  1.33  0.00  0.00 -- f0c634f6-797a-44b2-8a27-c0aef1b7a5a3
[Thu May  4 15:28:56 2023]
Finished job 0.
1 of 1 steps (100%) done
[Thu May  4 15:28:57 2023]
Finished job 0.
1 of 1 steps (100%) done
