Building DAG of jobs...
Using shell: /usr/bin/bash
Provided cores: 8
Rules claiming more threads will be scaled down.
Provided resources: mem_mb=8192, mem_mib=7813, disk_mb=1520, disk_mib=1450
Select jobs to execute...
Building DAG of jobs...
Using shell: /usr/bin/bash
Provided cores: 8
Rules claiming more threads will be scaled down.
Provided resources: mem_mb=8192, mem_mib=7813, disk_mb=1520, disk_mib=1450
Select jobs to execute...

[Thu May  4 15:22:10 2023]
rule extract_umis_single_end:
    input: results/reads/195_MSI_R1.fastq.gz
    output: results/reads/umis/195_MSI_R1.fastq.gz
    log: logs/extract_umis/195_MSI.log
    jobid: 0
    reason: Missing output files: results/reads/umis/195_MSI_R1.fastq.gz
    wildcards: sample=195_MSI
    threads: 8
    resources: mem_mb=8192, mem_mib=7813, disk_mb=1520, disk_mib=1450, tmpdir=/tmp, runtime=60

# UMI-tools version: 1.1.4
# output generated by extract --random-seed 1234 --extract-method=regex --bc-pattern=(?P<umi_1>.{6})(?P<discard_1>TATA).* -I results/reads/195_MSI_R1.fastq.gz -S results/reads/umis/195_MSI_R1.fastq.gz
# job started at Thu May  4 15:22:11 2023 on bc005 -- 9c968107-dc52-40a2-9e01-dc40d15e72fd
# pid: 2006553, system: Linux 4.18.0-193.19.1.el8_2.x86_64 #1 SMP Mon Sep 14 14:37:00 UTC 2020 x86_64
# blacklist                               : None
# compresslevel                           : 6
# correct_umi_threshold                   : 0
# either_read                             : False
# either_read_resolve                     : discard
# error_correct_cell                      : False
# extract_method                          : regex
# filter_cell_barcode                     : None
# filter_cell_barcodes                    : False
# filter_umi                              : None
# filtered_out                            : None
# filtered_out2                           : None
# ignore_suffix                           : False
# log2stderr                              : False
# loglevel                                : 1
# pattern                                 : (?P<umi_1>.{6})(?P<discard_1>TATA).*
# pattern2                                : None
# prime3                                  : None
# quality_encoding                        : None
# quality_filter_mask                     : None
# quality_filter_threshold                : None
# random_seed                             : 1234
# read2_in                                : None
# read2_out                               : False
# read2_stdout                            : False
# reads_subset                            : None
# reconcile                               : False
# retain_umi                              : None
# short_help                              : None
# stderr                                  : <_io.TextIOWrapper name='<stderr>' mode='w' encoding='utf-8'>
# stdin                                   : <_io.TextIOWrapper name='results/reads/195_MSI_R1.fastq.gz' encoding='ascii'>
# stdlog                                  : <_io.TextIOWrapper name='<stdout>' mode='w' encoding='utf-8'>
# stdout                                  : <_io.TextIOWrapper name='results/reads/umis/195_MSI_R1.fastq.gz' encoding='ascii'>
# timeit_file                             : None
# timeit_header                           : None
# timeit_name                             : all
# tmpdir                                  : None
# umi_correct_log                         : None
# umi_separator                           : _
# umi_whitelist                           : None
# umi_whitelist_paired                    : None
# whitelist                               : None
2023-05-04 15:22:11,711 INFO Starting barcode extraction
2023-05-04 15:22:15,247 INFO Parsed 100000 reads
2023-05-04 15:22:18,728 INFO Parsed 200000 reads
2023-05-04 15:22:22,173 INFO Parsed 300000 reads
2023-05-04 15:22:25,664 INFO Parsed 400000 reads
2023-05-04 15:22:29,158 INFO Parsed 500000 reads
2023-05-04 15:22:32,624 INFO Parsed 600000 reads
2023-05-04 15:22:36,149 INFO Parsed 700000 reads
2023-05-04 15:22:39,669 INFO Parsed 800000 reads
2023-05-04 15:22:43,127 INFO Parsed 900000 reads
2023-05-04 15:22:46,593 INFO Parsed 1000000 reads
2023-05-04 15:22:50,070 INFO Parsed 1100000 reads
2023-05-04 15:22:53,515 INFO Parsed 1200000 reads
2023-05-04 15:22:57,019 INFO Parsed 1300000 reads
2023-05-04 15:23:00,496 INFO Parsed 1400000 reads
2023-05-04 15:23:03,983 INFO Parsed 1500000 reads
2023-05-04 15:23:07,560 INFO Parsed 1600000 reads
2023-05-04 15:23:11,005 INFO Parsed 1700000 reads
2023-05-04 15:23:14,431 INFO Parsed 1800000 reads
2023-05-04 15:23:17,893 INFO Parsed 1900000 reads
2023-05-04 15:23:21,353 INFO Parsed 2000000 reads
2023-05-04 15:23:24,780 INFO Parsed 2100000 reads
2023-05-04 15:23:28,200 INFO Parsed 2200000 reads
2023-05-04 15:23:31,642 INFO Parsed 2300000 reads
2023-05-04 15:23:35,068 INFO Parsed 2400000 reads
2023-05-04 15:23:38,506 INFO Parsed 2500000 reads
2023-05-04 15:23:41,964 INFO Parsed 2600000 reads
2023-05-04 15:23:45,407 INFO Parsed 2700000 reads
2023-05-04 15:23:48,824 INFO Parsed 2800000 reads
2023-05-04 15:23:52,259 INFO Parsed 2900000 reads
2023-05-04 15:23:55,719 INFO Parsed 3000000 reads
2023-05-04 15:23:59,255 INFO Parsed 3100000 reads
2023-05-04 15:24:02,709 INFO Parsed 3200000 reads
2023-05-04 15:24:06,150 INFO Parsed 3300000 reads
2023-05-04 15:24:09,585 INFO Parsed 3400000 reads
2023-05-04 15:24:13,010 INFO Parsed 3500000 reads
2023-05-04 15:24:16,428 INFO Parsed 3600000 reads
2023-05-04 15:24:19,904 INFO Parsed 3700000 reads
2023-05-04 15:24:23,395 INFO Parsed 3800000 reads
2023-05-04 15:24:26,888 INFO Parsed 3900000 reads
2023-05-04 15:24:30,363 INFO Parsed 4000000 reads
2023-05-04 15:24:33,844 INFO Parsed 4100000 reads
2023-05-04 15:24:37,340 INFO Parsed 4200000 reads
2023-05-04 15:24:40,810 INFO Parsed 4300000 reads
2023-05-04 15:24:44,343 INFO Parsed 4400000 reads
2023-05-04 15:24:47,864 INFO Parsed 4500000 reads
2023-05-04 15:24:51,358 INFO Parsed 4600000 reads
2023-05-04 15:24:54,846 INFO Parsed 4700000 reads
2023-05-04 15:24:58,334 INFO Parsed 4800000 reads
2023-05-04 15:25:01,812 INFO Parsed 4900000 reads
2023-05-04 15:25:05,307 INFO Parsed 5000000 reads
2023-05-04 15:25:08,799 INFO Parsed 5100000 reads
2023-05-04 15:25:12,281 INFO Parsed 5200000 reads
2023-05-04 15:25:15,765 INFO Parsed 5300000 reads
2023-05-04 15:25:19,248 INFO Parsed 5400000 reads
2023-05-04 15:25:22,723 INFO Parsed 5500000 reads
2023-05-04 15:25:26,195 INFO Parsed 5600000 reads
2023-05-04 15:25:29,674 INFO Parsed 5700000 reads
2023-05-04 15:25:33,144 INFO Parsed 5800000 reads
2023-05-04 15:25:36,611 INFO Parsed 5900000 reads
2023-05-04 15:25:40,068 INFO Parsed 6000000 reads
2023-05-04 15:25:43,536 INFO Parsed 6100000 reads
2023-05-04 15:25:47,024 INFO Parsed 6200000 reads
2023-05-04 15:25:50,510 INFO Parsed 6300000 reads
2023-05-04 15:25:53,975 INFO Parsed 6400000 reads
2023-05-04 15:25:57,445 INFO Parsed 6500000 reads
2023-05-04 15:26:00,923 INFO Parsed 6600000 reads
2023-05-04 15:26:04,399 INFO Parsed 6700000 reads
2023-05-04 15:26:07,879 INFO Parsed 6800000 reads
2023-05-04 15:26:11,355 INFO Parsed 6900000 reads
2023-05-04 15:26:14,822 INFO Parsed 7000000 reads
2023-05-04 15:26:18,288 INFO Parsed 7100000 reads
2023-05-04 15:26:21,755 INFO Parsed 7200000 reads
2023-05-04 15:26:25,210 INFO Parsed 7300000 reads
2023-05-04 15:26:28,645 INFO Parsed 7400000 reads
2023-05-04 15:26:32,100 INFO Parsed 7500000 reads
2023-05-04 15:26:35,550 INFO Parsed 7600000 reads
2023-05-04 15:26:39,022 INFO Parsed 7700000 reads
2023-05-04 15:26:42,490 INFO Parsed 7800000 reads
2023-05-04 15:26:45,935 INFO Parsed 7900000 reads
2023-05-04 15:26:49,377 INFO Parsed 8000000 reads
2023-05-04 15:26:52,819 INFO Parsed 8100000 reads
2023-05-04 15:26:56,264 INFO Parsed 8200000 reads
2023-05-04 15:26:59,716 INFO Parsed 8300000 reads
2023-05-04 15:27:03,187 INFO Parsed 8400000 reads
2023-05-04 15:27:06,642 INFO Parsed 8500000 reads
2023-05-04 15:27:10,085 INFO Parsed 8600000 reads
2023-05-04 15:27:13,516 INFO Parsed 8700000 reads
2023-05-04 15:27:16,973 INFO Parsed 8800000 reads
2023-05-04 15:27:20,465 INFO Parsed 8900000 reads
2023-05-04 15:27:23,930 INFO Parsed 9000000 reads
2023-05-04 15:27:27,382 INFO Parsed 9100000 reads
2023-05-04 15:27:30,817 INFO Parsed 9200000 reads
2023-05-04 15:27:34,241 INFO Parsed 9300000 reads
2023-05-04 15:27:37,691 INFO Parsed 9400000 reads
2023-05-04 15:27:41,147 INFO Parsed 9500000 reads
2023-05-04 15:27:44,586 INFO Parsed 9600000 reads
2023-05-04 15:27:48,013 INFO Parsed 9700000 reads
2023-05-04 15:27:51,443 INFO Parsed 9800000 reads
2023-05-04 15:27:54,866 INFO Parsed 9900000 reads
2023-05-04 15:27:58,309 INFO Parsed 10000000 reads
2023-05-04 15:28:01,757 INFO Parsed 10100000 reads
2023-05-04 15:28:05,211 INFO Parsed 10200000 reads
2023-05-04 15:28:08,648 INFO Parsed 10300000 reads
2023-05-04 15:28:12,084 INFO Parsed 10400000 reads
2023-05-04 15:28:15,506 INFO Parsed 10500000 reads
2023-05-04 15:28:18,941 INFO Parsed 10600000 reads
2023-05-04 15:28:22,391 INFO Parsed 10700000 reads
2023-05-04 15:28:25,837 INFO Parsed 10800000 reads
2023-05-04 15:28:29,285 INFO Parsed 10900000 reads
2023-05-04 15:28:32,723 INFO Parsed 11000000 reads
2023-05-04 15:28:36,196 INFO Parsed 11100000 reads
2023-05-04 15:28:39,648 INFO Parsed 11200000 reads
2023-05-04 15:28:43,095 INFO Parsed 11300000 reads
2023-05-04 15:28:46,530 INFO Parsed 11400000 reads
2023-05-04 15:28:49,971 INFO Parsed 11500000 reads
2023-05-04 15:28:53,420 INFO Parsed 11600000 reads
2023-05-04 15:28:56,874 INFO Parsed 11700000 reads
2023-05-04 15:29:00,278 INFO Parsed 11800000 reads
2023-05-04 15:29:03,658 INFO Parsed 11900000 reads
2023-05-04 15:29:07,032 INFO Parsed 12000000 reads
2023-05-04 15:29:10,396 INFO Parsed 12100000 reads
2023-05-04 15:29:13,759 INFO Parsed 12200000 reads
2023-05-04 15:29:17,118 INFO Parsed 12300000 reads
2023-05-04 15:29:20,474 INFO Parsed 12400000 reads
2023-05-04 15:29:23,841 INFO Parsed 12500000 reads
2023-05-04 15:29:27,182 INFO Parsed 12600000 reads
2023-05-04 15:29:30,528 INFO Parsed 12700000 reads
2023-05-04 15:29:33,879 INFO Parsed 12800000 reads
2023-05-04 15:29:37,209 INFO Parsed 12900000 reads
2023-05-04 15:29:40,535 INFO Parsed 13000000 reads
2023-05-04 15:29:43,899 INFO Parsed 13100000 reads
2023-05-04 15:29:47,252 INFO Parsed 13200000 reads
2023-05-04 15:29:50,614 INFO Parsed 13300000 reads
2023-05-04 15:29:53,974 INFO Parsed 13400000 reads
2023-05-04 15:29:57,327 INFO Parsed 13500000 reads
2023-05-04 15:30:00,685 INFO Parsed 13600000 reads
2023-05-04 15:30:04,064 INFO Parsed 13700000 reads
2023-05-04 15:30:07,429 INFO Parsed 13800000 reads
2023-05-04 15:30:10,755 INFO Parsed 13900000 reads
2023-05-04 15:30:14,127 INFO Parsed 14000000 reads
2023-05-04 15:30:17,487 INFO Parsed 14100000 reads
2023-05-04 15:30:20,827 INFO Parsed 14200000 reads
2023-05-04 15:30:24,190 INFO Parsed 14300000 reads
2023-05-04 15:30:27,549 INFO Parsed 14400000 reads
2023-05-04 15:30:30,892 INFO Parsed 14500000 reads
2023-05-04 15:30:34,232 INFO Parsed 14600000 reads
2023-05-04 15:30:35,559 INFO Input Reads: 14641376
2023-05-04 15:30:35,559 INFO regex matches read1: 12456120
2023-05-04 15:30:35,559 INFO Reads output: 12456120
2023-05-04 15:30:35,559 INFO regex does not match read1: 2185256
# job finished in 503 seconds at Thu May  4 15:30:35 2023 -- 502.92  1.36  0.00  0.00 -- 9c968107-dc52-40a2-9e01-dc40d15e72fd
[Thu May  4 15:30:36 2023]
Finished job 0.
1 of 1 steps (100%) done
[Thu May  4 15:30:36 2023]
Finished job 0.
1 of 1 steps (100%) done
