Building DAG of jobs...
Using shell: /usr/bin/bash
Provided cores: 8
Rules claiming more threads will be scaled down.
Provided resources: mem_mb=8192, mem_mib=7813, disk_mb=2345, disk_mib=2237
Select jobs to execute...
Building DAG of jobs...
Using shell: /usr/bin/bash
Provided cores: 8
Rules claiming more threads will be scaled down.
Provided resources: mem_mb=8192, mem_mib=7813, disk_mb=2345, disk_mib=2237
Select jobs to execute...

[Thu May  4 15:22:23 2023]
rule extract_umis_single_end:
    input: results/reads/104_MSI_R1.fastq.gz
    output: results/reads/umis/104_MSI_R1.fastq.gz
    log: logs/extract_umis/104_MSI.log
    jobid: 0
    reason: Missing output files: results/reads/umis/104_MSI_R1.fastq.gz
    wildcards: sample=104_MSI
    threads: 8
    resources: mem_mb=8192, mem_mib=7813, disk_mb=2345, disk_mib=2237, tmpdir=/tmp, runtime=60

# UMI-tools version: 1.1.4
# output generated by extract --random-seed 1234 --extract-method=regex --bc-pattern=(?P<umi_1>.{6})(?P<discard_1>TATA).* -I results/reads/104_MSI_R1.fastq.gz -S results/reads/umis/104_MSI_R1.fastq.gz
# job started at Thu May  4 15:22:24 2023 on bc005 -- 576dbd58-b602-426e-9567-e2daed4e8329
# pid: 2006661, system: Linux 4.18.0-193.19.1.el8_2.x86_64 #1 SMP Mon Sep 14 14:37:00 UTC 2020 x86_64
# blacklist                               : None
# compresslevel                           : 6
# correct_umi_threshold                   : 0
# either_read                             : False
# either_read_resolve                     : discard
# error_correct_cell                      : False
# extract_method                          : regex
# filter_cell_barcode                     : None
# filter_cell_barcodes                    : False
# filter_umi                              : None
# filtered_out                            : None
# filtered_out2                           : None
# ignore_suffix                           : False
# log2stderr                              : False
# loglevel                                : 1
# pattern                                 : (?P<umi_1>.{6})(?P<discard_1>TATA).*
# pattern2                                : None
# prime3                                  : None
# quality_encoding                        : None
# quality_filter_mask                     : None
# quality_filter_threshold                : None
# random_seed                             : 1234
# read2_in                                : None
# read2_out                               : False
# read2_stdout                            : False
# reads_subset                            : None
# reconcile                               : False
# retain_umi                              : None
# short_help                              : None
# stderr                                  : <_io.TextIOWrapper name='<stderr>' mode='w' encoding='utf-8'>
# stdin                                   : <_io.TextIOWrapper name='results/reads/104_MSI_R1.fastq.gz' encoding='ascii'>
# stdlog                                  : <_io.TextIOWrapper name='<stdout>' mode='w' encoding='utf-8'>
# stdout                                  : <_io.TextIOWrapper name='results/reads/umis/104_MSI_R1.fastq.gz' encoding='ascii'>
# timeit_file                             : None
# timeit_header                           : None
# timeit_name                             : all
# tmpdir                                  : None
# umi_correct_log                         : None
# umi_separator                           : _
# umi_whitelist                           : None
# umi_whitelist_paired                    : None
# whitelist                               : None
2023-05-04 15:22:24,973 INFO Starting barcode extraction
2023-05-04 15:22:28,604 INFO Parsed 100000 reads
2023-05-04 15:22:32,232 INFO Parsed 200000 reads
2023-05-04 15:22:35,860 INFO Parsed 300000 reads
2023-05-04 15:22:39,431 INFO Parsed 400000 reads
2023-05-04 15:22:42,982 INFO Parsed 500000 reads
2023-05-04 15:22:46,546 INFO Parsed 600000 reads
2023-05-04 15:22:50,104 INFO Parsed 700000 reads
2023-05-04 15:22:53,651 INFO Parsed 800000 reads
2023-05-04 15:22:57,174 INFO Parsed 900000 reads
2023-05-04 15:23:00,732 INFO Parsed 1000000 reads
2023-05-04 15:23:04,355 INFO Parsed 1100000 reads
2023-05-04 15:23:08,027 INFO Parsed 1200000 reads
2023-05-04 15:23:11,543 INFO Parsed 1300000 reads
2023-05-04 15:23:15,061 INFO Parsed 1400000 reads
2023-05-04 15:23:18,572 INFO Parsed 1500000 reads
2023-05-04 15:23:22,086 INFO Parsed 1600000 reads
2023-05-04 15:23:25,597 INFO Parsed 1700000 reads
2023-05-04 15:23:29,099 INFO Parsed 1800000 reads
2023-05-04 15:23:32,644 INFO Parsed 1900000 reads
2023-05-04 15:23:36,211 INFO Parsed 2000000 reads
2023-05-04 15:23:39,755 INFO Parsed 2100000 reads
2023-05-04 15:23:43,275 INFO Parsed 2200000 reads
2023-05-04 15:23:46,811 INFO Parsed 2300000 reads
2023-05-04 15:23:50,324 INFO Parsed 2400000 reads
2023-05-04 15:23:53,851 INFO Parsed 2500000 reads
2023-05-04 15:23:57,372 INFO Parsed 2600000 reads
2023-05-04 15:24:00,863 INFO Parsed 2700000 reads
2023-05-04 15:24:04,407 INFO Parsed 2800000 reads
2023-05-04 15:24:07,974 INFO Parsed 2900000 reads
2023-05-04 15:24:11,536 INFO Parsed 3000000 reads
2023-05-04 15:24:15,054 INFO Parsed 3100000 reads
2023-05-04 15:24:18,580 INFO Parsed 3200000 reads
2023-05-04 15:24:22,083 INFO Parsed 3300000 reads
2023-05-04 15:24:25,626 INFO Parsed 3400000 reads
2023-05-04 15:24:29,133 INFO Parsed 3500000 reads
2023-05-04 15:24:32,637 INFO Parsed 3600000 reads
2023-05-04 15:24:36,156 INFO Parsed 3700000 reads
2023-05-04 15:24:39,702 INFO Parsed 3800000 reads
2023-05-04 15:24:43,242 INFO Parsed 3900000 reads
2023-05-04 15:24:46,762 INFO Parsed 4000000 reads
2023-05-04 15:24:50,277 INFO Parsed 4100000 reads
2023-05-04 15:24:53,942 INFO Parsed 4200000 reads
2023-05-04 15:24:57,466 INFO Parsed 4300000 reads
2023-05-04 15:25:00,993 INFO Parsed 4400000 reads
2023-05-04 15:25:04,505 INFO Parsed 4500000 reads
2023-05-04 15:25:08,002 INFO Parsed 4600000 reads
2023-05-04 15:25:11,538 INFO Parsed 4700000 reads
2023-05-04 15:25:15,076 INFO Parsed 4800000 reads
2023-05-04 15:25:18,602 INFO Parsed 4900000 reads
2023-05-04 15:25:22,118 INFO Parsed 5000000 reads
2023-05-04 15:25:25,626 INFO Parsed 5100000 reads
2023-05-04 15:25:29,130 INFO Parsed 5200000 reads
2023-05-04 15:25:32,644 INFO Parsed 5300000 reads
2023-05-04 15:25:36,167 INFO Parsed 5400000 reads
2023-05-04 15:25:39,673 INFO Parsed 5500000 reads
2023-05-04 15:25:43,249 INFO Parsed 5600000 reads
2023-05-04 15:25:46,836 INFO Parsed 5700000 reads
2023-05-04 15:25:50,433 INFO Parsed 5800000 reads
2023-05-04 15:25:53,999 INFO Parsed 5900000 reads
2023-05-04 15:25:57,556 INFO Parsed 6000000 reads
2023-05-04 15:26:01,107 INFO Parsed 6100000 reads
2023-05-04 15:26:04,676 INFO Parsed 6200000 reads
2023-05-04 15:26:08,251 INFO Parsed 6300000 reads
2023-05-04 15:26:11,797 INFO Parsed 6400000 reads
2023-05-04 15:26:15,363 INFO Parsed 6500000 reads
2023-05-04 15:26:18,939 INFO Parsed 6600000 reads
2023-05-04 15:26:22,512 INFO Parsed 6700000 reads
2023-05-04 15:26:26,073 INFO Parsed 6800000 reads
2023-05-04 15:26:29,634 INFO Parsed 6900000 reads
2023-05-04 15:26:33,175 INFO Parsed 7000000 reads
2023-05-04 15:26:36,738 INFO Parsed 7100000 reads
2023-05-04 15:26:40,297 INFO Parsed 7200000 reads
2023-05-04 15:26:43,862 INFO Parsed 7300000 reads
2023-05-04 15:26:47,435 INFO Parsed 7400000 reads
2023-05-04 15:26:51,005 INFO Parsed 7500000 reads
2023-05-04 15:26:54,572 INFO Parsed 7600000 reads
2023-05-04 15:26:58,419 INFO Parsed 7700000 reads
2023-05-04 15:27:01,978 INFO Parsed 7800000 reads
2023-05-04 15:27:05,528 INFO Parsed 7900000 reads
2023-05-04 15:27:09,097 INFO Parsed 8000000 reads
2023-05-04 15:27:12,669 INFO Parsed 8100000 reads
2023-05-04 15:27:16,223 INFO Parsed 8200000 reads
2023-05-04 15:27:19,904 INFO Parsed 8300000 reads
2023-05-04 15:27:23,476 INFO Parsed 8400000 reads
2023-05-04 15:27:27,040 INFO Parsed 8500000 reads
2023-05-04 15:27:30,592 INFO Parsed 8600000 reads
2023-05-04 15:27:34,131 INFO Parsed 8700000 reads
2023-05-04 15:27:37,681 INFO Parsed 8800000 reads
2023-05-04 15:27:41,219 INFO Parsed 8900000 reads
2023-05-04 15:27:44,751 INFO Parsed 9000000 reads
2023-05-04 15:27:48,282 INFO Parsed 9100000 reads
2023-05-04 15:27:51,852 INFO Parsed 9200000 reads
2023-05-04 15:27:55,422 INFO Parsed 9300000 reads
2023-05-04 15:27:59,000 INFO Parsed 9400000 reads
2023-05-04 15:28:02,557 INFO Parsed 9500000 reads
2023-05-04 15:28:06,116 INFO Parsed 9600000 reads
2023-05-04 15:28:09,663 INFO Parsed 9700000 reads
2023-05-04 15:28:13,215 INFO Parsed 9800000 reads
2023-05-04 15:28:16,771 INFO Parsed 9900000 reads
2023-05-04 15:28:20,317 INFO Parsed 10000000 reads
2023-05-04 15:28:23,877 INFO Parsed 10100000 reads
2023-05-04 15:28:27,440 INFO Parsed 10200000 reads
2023-05-04 15:28:31,019 INFO Parsed 10300000 reads
2023-05-04 15:28:34,574 INFO Parsed 10400000 reads
2023-05-04 15:28:38,113 INFO Parsed 10500000 reads
2023-05-04 15:28:41,650 INFO Parsed 10600000 reads
2023-05-04 15:28:45,201 INFO Parsed 10700000 reads
2023-05-04 15:28:48,746 INFO Parsed 10800000 reads
2023-05-04 15:28:52,279 INFO Parsed 10900000 reads
2023-05-04 15:28:55,801 INFO Parsed 11000000 reads
2023-05-04 15:28:59,284 INFO Parsed 11100000 reads
2023-05-04 15:29:02,727 INFO Parsed 11200000 reads
2023-05-04 15:29:06,196 INFO Parsed 11300000 reads
2023-05-04 15:29:09,650 INFO Parsed 11400000 reads
2023-05-04 15:29:13,117 INFO Parsed 11500000 reads
2023-05-04 15:29:16,598 INFO Parsed 11600000 reads
2023-05-04 15:29:20,064 INFO Parsed 11700000 reads
2023-05-04 15:29:23,522 INFO Parsed 11800000 reads
2023-05-04 15:29:26,938 INFO Parsed 11900000 reads
2023-05-04 15:29:30,376 INFO Parsed 12000000 reads
2023-05-04 15:29:33,791 INFO Parsed 12100000 reads
2023-05-04 15:29:37,227 INFO Parsed 12200000 reads
2023-05-04 15:29:40,660 INFO Parsed 12300000 reads
2023-05-04 15:29:44,088 INFO Parsed 12400000 reads
2023-05-04 15:29:47,546 INFO Parsed 12500000 reads
2023-05-04 15:29:51,012 INFO Parsed 12600000 reads
2023-05-04 15:29:54,487 INFO Parsed 12700000 reads
2023-05-04 15:29:57,930 INFO Parsed 12800000 reads
2023-05-04 15:30:01,376 INFO Parsed 12900000 reads
2023-05-04 15:30:04,811 INFO Parsed 13000000 reads
2023-05-04 15:30:08,243 INFO Parsed 13100000 reads
2023-05-04 15:30:11,702 INFO Parsed 13200000 reads
2023-05-04 15:30:15,160 INFO Parsed 13300000 reads
2023-05-04 15:30:18,621 INFO Parsed 13400000 reads
2023-05-04 15:30:22,076 INFO Parsed 13500000 reads
2023-05-04 15:30:25,540 INFO Parsed 13600000 reads
2023-05-04 15:30:28,981 INFO Parsed 13700000 reads
2023-05-04 15:30:32,412 INFO Parsed 13800000 reads
2023-05-04 15:30:35,757 INFO Parsed 13900000 reads
2023-05-04 15:30:39,040 INFO Parsed 14000000 reads
2023-05-04 15:30:42,320 INFO Parsed 14100000 reads
2023-05-04 15:30:45,609 INFO Parsed 14200000 reads
2023-05-04 15:30:49,015 INFO Parsed 14300000 reads
2023-05-04 15:30:52,551 INFO Parsed 14400000 reads
2023-05-04 15:30:55,846 INFO Parsed 14500000 reads
2023-05-04 15:30:59,192 INFO Parsed 14600000 reads
2023-05-04 15:31:02,536 INFO Parsed 14700000 reads
2023-05-04 15:31:05,796 INFO Parsed 14800000 reads
2023-05-04 15:31:09,065 INFO Parsed 14900000 reads
2023-05-04 15:31:12,341 INFO Parsed 15000000 reads
2023-05-04 15:31:15,632 INFO Parsed 15100000 reads
2023-05-04 15:31:18,921 INFO Parsed 15200000 reads
2023-05-04 15:31:22,210 INFO Parsed 15300000 reads
2023-05-04 15:31:25,515 INFO Parsed 15400000 reads
2023-05-04 15:31:28,801 INFO Parsed 15500000 reads
2023-05-04 15:31:32,090 INFO Parsed 15600000 reads
2023-05-04 15:31:35,373 INFO Parsed 15700000 reads
2023-05-04 15:31:38,644 INFO Parsed 15800000 reads
2023-05-04 15:31:41,905 INFO Parsed 15900000 reads
2023-05-04 15:31:45,178 INFO Parsed 16000000 reads
2023-05-04 15:31:48,458 INFO Parsed 16100000 reads
2023-05-04 15:31:51,731 INFO Parsed 16200000 reads
2023-05-04 15:31:55,073 INFO Parsed 16300000 reads
2023-05-04 15:31:58,349 INFO Parsed 16400000 reads
2023-05-04 15:32:01,615 INFO Parsed 16500000 reads
2023-05-04 15:32:04,874 INFO Parsed 16600000 reads
2023-05-04 15:32:08,137 INFO Parsed 16700000 reads
2023-05-04 15:32:11,394 INFO Parsed 16800000 reads
2023-05-04 15:32:14,671 INFO Parsed 16900000 reads
2023-05-04 15:32:17,928 INFO Parsed 17000000 reads
2023-05-04 15:32:21,195 INFO Parsed 17100000 reads
2023-05-04 15:32:24,459 INFO Parsed 17200000 reads
2023-05-04 15:32:27,726 INFO Parsed 17300000 reads
2023-05-04 15:32:30,999 INFO Parsed 17400000 reads
2023-05-04 15:32:34,289 INFO Parsed 17500000 reads
2023-05-04 15:32:37,710 INFO Parsed 17600000 reads
2023-05-04 15:32:40,977 INFO Parsed 17700000 reads
2023-05-04 15:32:44,257 INFO Parsed 17800000 reads
2023-05-04 15:32:47,540 INFO Parsed 17900000 reads
2023-05-04 15:32:50,809 INFO Parsed 18000000 reads
2023-05-04 15:32:54,068 INFO Parsed 18100000 reads
2023-05-04 15:32:57,343 INFO Parsed 18200000 reads
2023-05-04 15:33:00,629 INFO Parsed 18300000 reads
2023-05-04 15:33:03,902 INFO Parsed 18400000 reads
2023-05-04 15:33:07,164 INFO Parsed 18500000 reads
2023-05-04 15:33:10,429 INFO Parsed 18600000 reads
2023-05-04 15:33:13,690 INFO Parsed 18700000 reads
2023-05-04 15:33:17,325 INFO Parsed 18800000 reads
2023-05-04 15:33:20,594 INFO Parsed 18900000 reads
2023-05-04 15:33:23,846 INFO Parsed 19000000 reads
2023-05-04 15:33:27,102 INFO Parsed 19100000 reads
2023-05-04 15:33:30,371 INFO Parsed 19200000 reads
2023-05-04 15:33:33,638 INFO Parsed 19300000 reads
2023-05-04 15:33:36,895 INFO Parsed 19400000 reads
2023-05-04 15:33:40,140 INFO Parsed 19500000 reads
2023-05-04 15:33:43,381 INFO Parsed 19600000 reads
2023-05-04 15:33:46,661 INFO Parsed 19700000 reads
2023-05-04 15:33:49,936 INFO Parsed 19800000 reads
2023-05-04 15:33:53,201 INFO Parsed 19900000 reads
2023-05-04 15:33:56,472 INFO Parsed 20000000 reads
2023-05-04 15:33:59,761 INFO Parsed 20100000 reads
2023-05-04 15:34:03,057 INFO Parsed 20200000 reads
2023-05-04 15:34:06,331 INFO Parsed 20300000 reads
2023-05-04 15:34:09,652 INFO Parsed 20400000 reads
2023-05-04 15:34:12,981 INFO Parsed 20500000 reads
2023-05-04 15:34:16,377 INFO Parsed 20600000 reads
2023-05-04 15:34:19,813 INFO Parsed 20700000 reads
2023-05-04 15:34:23,200 INFO Parsed 20800000 reads
2023-05-04 15:34:26,531 INFO Parsed 20900000 reads
2023-05-04 15:34:29,916 INFO Parsed 21000000 reads
2023-05-04 15:34:33,295 INFO Parsed 21100000 reads
2023-05-04 15:34:36,667 INFO Parsed 21200000 reads
2023-05-04 15:34:40,035 INFO Parsed 21300000 reads
2023-05-04 15:34:43,412 INFO Parsed 21400000 reads
2023-05-04 15:34:46,696 INFO Parsed 21500000 reads
2023-05-04 15:34:49,971 INFO Parsed 21600000 reads
2023-05-04 15:34:53,232 INFO Parsed 21700000 reads
2023-05-04 15:34:56,483 INFO Parsed 21800000 reads
2023-05-04 15:34:59,743 INFO Parsed 21900000 reads
2023-05-04 15:35:03,004 INFO Parsed 22000000 reads
2023-05-04 15:35:04,896 INFO Input Reads: 22058167
2023-05-04 15:35:04,896 INFO regex matches read1: 18629341
2023-05-04 15:35:04,896 INFO Reads output: 18629341
2023-05-04 15:35:04,896 INFO regex does not match read1: 3428826
# job finished in 759 seconds at Thu May  4 15:35:04 2023 -- 756.99  1.59  0.00  0.00 -- 576dbd58-b602-426e-9567-e2daed4e8329
[Thu May  4 15:35:05 2023]
Finished job 0.
1 of 1 steps (100%) done
[Thu May  4 15:35:06 2023]
Finished job 0.
1 of 1 steps (100%) done
