Building DAG of jobs...
Using shell: /usr/bin/bash
Provided cores: 8
Rules claiming more threads will be scaled down.
Provided resources: mem_mb=8192, mem_mib=7813, disk_mb=1149, disk_mib=1096
Select jobs to execute...
Building DAG of jobs...
Using shell: /usr/bin/bash
Provided cores: 8
Rules claiming more threads will be scaled down.
Provided resources: mem_mb=8192, mem_mib=7813, disk_mb=1149, disk_mib=1096
Select jobs to execute...

[Thu May  4 15:22:10 2023]
rule extract_umis_single_end:
    input: results/reads/162_MSI_R1.fastq.gz
    output: results/reads/umis/162_MSI_R1.fastq.gz
    log: logs/extract_umis/162_MSI.log
    jobid: 0
    reason: Missing output files: results/reads/umis/162_MSI_R1.fastq.gz
    wildcards: sample=162_MSI
    threads: 8
    resources: mem_mb=8192, mem_mib=7813, disk_mb=1149, disk_mib=1096, tmpdir=/tmp, runtime=60

# UMI-tools version: 1.1.4
# output generated by extract --random-seed 1234 --extract-method=regex --bc-pattern=(?P<umi_1>.{6})(?P<discard_1>TATA).* -I results/reads/162_MSI_R1.fastq.gz -S results/reads/umis/162_MSI_R1.fastq.gz
# job started at Thu May  4 15:22:11 2023 on bc005 -- 6a3b619d-fb49-455e-a6c5-94281afecc2d
# pid: 2006536, system: Linux 4.18.0-193.19.1.el8_2.x86_64 #1 SMP Mon Sep 14 14:37:00 UTC 2020 x86_64
# blacklist                               : None
# compresslevel                           : 6
# correct_umi_threshold                   : 0
# either_read                             : False
# either_read_resolve                     : discard
# error_correct_cell                      : False
# extract_method                          : regex
# filter_cell_barcode                     : None
# filter_cell_barcodes                    : False
# filter_umi                              : None
# filtered_out                            : None
# filtered_out2                           : None
# ignore_suffix                           : False
# log2stderr                              : False
# loglevel                                : 1
# pattern                                 : (?P<umi_1>.{6})(?P<discard_1>TATA).*
# pattern2                                : None
# prime3                                  : None
# quality_encoding                        : None
# quality_filter_mask                     : None
# quality_filter_threshold                : None
# random_seed                             : 1234
# read2_in                                : None
# read2_out                               : False
# read2_stdout                            : False
# reads_subset                            : None
# reconcile                               : False
# retain_umi                              : None
# short_help                              : None
# stderr                                  : <_io.TextIOWrapper name='<stderr>' mode='w' encoding='utf-8'>
# stdin                                   : <_io.TextIOWrapper name='results/reads/162_MSI_R1.fastq.gz' encoding='ascii'>
# stdlog                                  : <_io.TextIOWrapper name='<stdout>' mode='w' encoding='utf-8'>
# stdout                                  : <_io.TextIOWrapper name='results/reads/umis/162_MSI_R1.fastq.gz' encoding='ascii'>
# timeit_file                             : None
# timeit_header                           : None
# timeit_name                             : all
# tmpdir                                  : None
# umi_correct_log                         : None
# umi_separator                           : _
# umi_whitelist                           : None
# umi_whitelist_paired                    : None
# whitelist                               : None
2023-05-04 15:22:11,601 INFO Starting barcode extraction
2023-05-04 15:22:14,862 INFO Parsed 100000 reads
2023-05-04 15:22:18,084 INFO Parsed 200000 reads
2023-05-04 15:22:21,267 INFO Parsed 300000 reads
2023-05-04 15:22:24,465 INFO Parsed 400000 reads
2023-05-04 15:22:27,691 INFO Parsed 500000 reads
2023-05-04 15:22:30,927 INFO Parsed 600000 reads
2023-05-04 15:22:34,198 INFO Parsed 700000 reads
2023-05-04 15:22:37,442 INFO Parsed 800000 reads
2023-05-04 15:22:40,664 INFO Parsed 900000 reads
2023-05-04 15:22:43,849 INFO Parsed 1000000 reads
2023-05-04 15:22:47,083 INFO Parsed 1100000 reads
2023-05-04 15:22:50,348 INFO Parsed 1200000 reads
2023-05-04 15:22:53,573 INFO Parsed 1300000 reads
2023-05-04 15:22:56,772 INFO Parsed 1400000 reads
2023-05-04 15:22:59,951 INFO Parsed 1500000 reads
2023-05-04 15:23:03,145 INFO Parsed 1600000 reads
2023-05-04 15:23:06,514 INFO Parsed 1700000 reads
2023-05-04 15:23:09,721 INFO Parsed 1800000 reads
2023-05-04 15:23:12,883 INFO Parsed 1900000 reads
2023-05-04 15:23:16,050 INFO Parsed 2000000 reads
2023-05-04 15:23:19,217 INFO Parsed 2100000 reads
2023-05-04 15:23:22,387 INFO Parsed 2200000 reads
2023-05-04 15:23:25,591 INFO Parsed 2300000 reads
2023-05-04 15:23:28,781 INFO Parsed 2400000 reads
2023-05-04 15:23:31,955 INFO Parsed 2500000 reads
2023-05-04 15:23:35,116 INFO Parsed 2600000 reads
2023-05-04 15:23:38,288 INFO Parsed 2700000 reads
2023-05-04 15:23:41,493 INFO Parsed 2800000 reads
2023-05-04 15:23:44,692 INFO Parsed 2900000 reads
2023-05-04 15:23:47,890 INFO Parsed 3000000 reads
2023-05-04 15:23:51,135 INFO Parsed 3100000 reads
2023-05-04 15:23:54,305 INFO Parsed 3200000 reads
2023-05-04 15:23:57,469 INFO Parsed 3300000 reads
2023-05-04 15:24:00,689 INFO Parsed 3400000 reads
2023-05-04 15:24:03,910 INFO Parsed 3500000 reads
2023-05-04 15:24:07,116 INFO Parsed 3600000 reads
2023-05-04 15:24:10,323 INFO Parsed 3700000 reads
2023-05-04 15:24:13,542 INFO Parsed 3800000 reads
2023-05-04 15:24:16,760 INFO Parsed 3900000 reads
2023-05-04 15:24:19,982 INFO Parsed 4000000 reads
2023-05-04 15:24:23,189 INFO Parsed 4100000 reads
2023-05-04 15:24:26,460 INFO Parsed 4200000 reads
2023-05-04 15:24:29,746 INFO Parsed 4300000 reads
2023-05-04 15:24:33,024 INFO Parsed 4400000 reads
2023-05-04 15:24:36,233 INFO Parsed 4500000 reads
2023-05-04 15:24:39,431 INFO Parsed 4600000 reads
2023-05-04 15:24:42,646 INFO Parsed 4700000 reads
2023-05-04 15:24:45,862 INFO Parsed 4800000 reads
2023-05-04 15:24:49,091 INFO Parsed 4900000 reads
2023-05-04 15:24:52,284 INFO Parsed 5000000 reads
2023-05-04 15:24:55,497 INFO Parsed 5100000 reads
2023-05-04 15:24:58,696 INFO Parsed 5200000 reads
2023-05-04 15:25:01,941 INFO Parsed 5300000 reads
2023-05-04 15:25:05,164 INFO Parsed 5400000 reads
2023-05-04 15:25:08,381 INFO Parsed 5500000 reads
2023-05-04 15:25:11,587 INFO Parsed 5600000 reads
2023-05-04 15:25:14,786 INFO Parsed 5700000 reads
2023-05-04 15:25:17,994 INFO Parsed 5800000 reads
2023-05-04 15:25:21,210 INFO Parsed 5900000 reads
2023-05-04 15:25:24,418 INFO Parsed 6000000 reads
2023-05-04 15:25:27,615 INFO Parsed 6100000 reads
2023-05-04 15:25:30,802 INFO Parsed 6200000 reads
2023-05-04 15:25:34,010 INFO Parsed 6300000 reads
2023-05-04 15:25:37,200 INFO Parsed 6400000 reads
2023-05-04 15:25:40,387 INFO Parsed 6500000 reads
2023-05-04 15:25:43,565 INFO Parsed 6600000 reads
2023-05-04 15:25:46,752 INFO Parsed 6700000 reads
2023-05-04 15:25:49,964 INFO Parsed 6800000 reads
2023-05-04 15:25:53,155 INFO Parsed 6900000 reads
2023-05-04 15:25:56,322 INFO Parsed 7000000 reads
2023-05-04 15:25:59,508 INFO Parsed 7100000 reads
2023-05-04 15:26:02,703 INFO Parsed 7200000 reads
2023-05-04 15:26:05,896 INFO Parsed 7300000 reads
2023-05-04 15:26:09,096 INFO Parsed 7400000 reads
2023-05-04 15:26:12,279 INFO Parsed 7500000 reads
2023-05-04 15:26:15,440 INFO Parsed 7600000 reads
2023-05-04 15:26:18,652 INFO Parsed 7700000 reads
2023-05-04 15:26:21,857 INFO Parsed 7800000 reads
2023-05-04 15:26:25,053 INFO Parsed 7900000 reads
2023-05-04 15:26:28,226 INFO Parsed 8000000 reads
2023-05-04 15:26:31,387 INFO Parsed 8100000 reads
2023-05-04 15:26:34,553 INFO Parsed 8200000 reads
2023-05-04 15:26:37,735 INFO Parsed 8300000 reads
2023-05-04 15:26:40,932 INFO Parsed 8400000 reads
2023-05-04 15:26:44,111 INFO Parsed 8500000 reads
2023-05-04 15:26:47,277 INFO Parsed 8600000 reads
2023-05-04 15:26:50,427 INFO Parsed 8700000 reads
2023-05-04 15:26:53,607 INFO Parsed 8800000 reads
2023-05-04 15:26:56,789 INFO Parsed 8900000 reads
2023-05-04 15:27:00,472 INFO Parsed 9000000 reads
2023-05-04 15:27:03,657 INFO Parsed 9100000 reads
2023-05-04 15:27:06,824 INFO Parsed 9200000 reads
2023-05-04 15:27:09,986 INFO Parsed 9300000 reads
2023-05-04 15:27:13,171 INFO Parsed 9400000 reads
2023-05-04 15:27:16,358 INFO Parsed 9500000 reads
2023-05-04 15:27:19,820 INFO Parsed 9600000 reads
2023-05-04 15:27:23,003 INFO Parsed 9700000 reads
2023-05-04 15:27:26,186 INFO Parsed 9800000 reads
2023-05-04 15:27:29,381 INFO Parsed 9900000 reads
2023-05-04 15:27:32,551 INFO Parsed 10000000 reads
2023-05-04 15:27:35,738 INFO Parsed 10100000 reads
2023-05-04 15:27:38,917 INFO Parsed 10200000 reads
2023-05-04 15:27:42,112 INFO Parsed 10300000 reads
2023-05-04 15:27:45,309 INFO Parsed 10400000 reads
2023-05-04 15:27:48,504 INFO Parsed 10500000 reads
2023-05-04 15:27:51,689 INFO Parsed 10600000 reads
2023-05-04 15:27:54,870 INFO Parsed 10700000 reads
2023-05-04 15:27:58,059 INFO Parsed 10800000 reads
2023-05-04 15:28:01,252 INFO Parsed 10900000 reads
2023-05-04 15:28:04,426 INFO Parsed 11000000 reads
2023-05-04 15:28:07,595 INFO Parsed 11100000 reads
2023-05-04 15:28:10,755 INFO Parsed 11200000 reads
2023-05-04 15:28:13,910 INFO Parsed 11300000 reads
2023-05-04 15:28:17,067 INFO Parsed 11400000 reads
2023-05-04 15:28:20,253 INFO Parsed 11500000 reads
2023-05-04 15:28:23,419 INFO Parsed 11600000 reads
2023-05-04 15:28:26,591 INFO Parsed 11700000 reads
2023-05-04 15:28:29,763 INFO Parsed 11800000 reads
2023-05-04 15:28:32,952 INFO Parsed 11900000 reads
2023-05-04 15:28:36,141 INFO Parsed 12000000 reads
2023-05-04 15:28:39,326 INFO Parsed 12100000 reads
2023-05-04 15:28:42,480 INFO Parsed 12200000 reads
2023-05-04 15:28:45,648 INFO Parsed 12300000 reads
2023-05-04 15:28:48,824 INFO Parsed 12400000 reads
2023-05-04 15:28:51,995 INFO Parsed 12500000 reads
2023-05-04 15:28:55,176 INFO Parsed 12600000 reads
2023-05-04 15:28:58,344 INFO Parsed 12700000 reads
2023-05-04 15:29:01,440 INFO Parsed 12800000 reads
2023-05-04 15:29:03,984 INFO Input Reads: 12881658
2023-05-04 15:29:03,984 INFO regex matches read1: 12014492
2023-05-04 15:29:03,984 INFO Reads output: 12014492
2023-05-04 15:29:03,984 INFO regex does not match read1: 867166
# job finished in 412 seconds at Thu May  4 15:29:03 2023 -- 411.27  1.49  0.00  0.00 -- 6a3b619d-fb49-455e-a6c5-94281afecc2d
[Thu May  4 15:29:04 2023]
Finished job 0.
1 of 1 steps (100%) done
[Thu May  4 15:29:04 2023]
Finished job 0.
1 of 1 steps (100%) done
