Building DAG of jobs...
Using shell: /usr/bin/bash
Provided cores: 8
Rules claiming more threads will be scaled down.
Provided resources: mem_mb=8192, mem_mib=7813, disk_mb=2439, disk_mib=2327
Select jobs to execute...
Building DAG of jobs...
Using shell: /usr/bin/bash
Provided cores: 8
Rules claiming more threads will be scaled down.
Provided resources: mem_mb=8192, mem_mib=7813, disk_mb=2439, disk_mib=2327
Select jobs to execute...

[Thu May  4 15:22:25 2023]
rule extract_umis_single_end:
    input: results/reads/184_MSI_R1.fastq.gz
    output: results/reads/umis/184_MSI_R1.fastq.gz
    log: logs/extract_umis/184_MSI.log
    jobid: 0
    reason: Missing output files: results/reads/umis/184_MSI_R1.fastq.gz
    wildcards: sample=184_MSI
    threads: 8
    resources: mem_mb=8192, mem_mib=7813, disk_mb=2439, disk_mib=2327, tmpdir=/tmp, runtime=60

# UMI-tools version: 1.1.4
# output generated by extract --random-seed 1234 --extract-method=regex --bc-pattern=(?P<umi_1>.{6})(?P<discard_1>TATA).* -I results/reads/184_MSI_R1.fastq.gz -S results/reads/umis/184_MSI_R1.fastq.gz
# job started at Thu May  4 15:22:26 2023 on bc004 -- f32249bd-ea42-44dd-baa7-858129724b0a
# pid: 1600889, system: Linux 4.18.0-193.19.1.el8_2.x86_64 #1 SMP Mon Sep 14 14:37:00 UTC 2020 x86_64
# blacklist                               : None
# compresslevel                           : 6
# correct_umi_threshold                   : 0
# either_read                             : False
# either_read_resolve                     : discard
# error_correct_cell                      : False
# extract_method                          : regex
# filter_cell_barcode                     : None
# filter_cell_barcodes                    : False
# filter_umi                              : None
# filtered_out                            : None
# filtered_out2                           : None
# ignore_suffix                           : False
# log2stderr                              : False
# loglevel                                : 1
# pattern                                 : (?P<umi_1>.{6})(?P<discard_1>TATA).*
# pattern2                                : None
# prime3                                  : None
# quality_encoding                        : None
# quality_filter_mask                     : None
# quality_filter_threshold                : None
# random_seed                             : 1234
# read2_in                                : None
# read2_out                               : False
# read2_stdout                            : False
# reads_subset                            : None
# reconcile                               : False
# retain_umi                              : None
# short_help                              : None
# stderr                                  : <_io.TextIOWrapper name='<stderr>' mode='w' encoding='utf-8'>
# stdin                                   : <_io.TextIOWrapper name='results/reads/184_MSI_R1.fastq.gz' encoding='ascii'>
# stdlog                                  : <_io.TextIOWrapper name='<stdout>' mode='w' encoding='utf-8'>
# stdout                                  : <_io.TextIOWrapper name='results/reads/umis/184_MSI_R1.fastq.gz' encoding='ascii'>
# timeit_file                             : None
# timeit_header                           : None
# timeit_name                             : all
# tmpdir                                  : None
# umi_correct_log                         : None
# umi_separator                           : _
# umi_whitelist                           : None
# umi_whitelist_paired                    : None
# whitelist                               : None
2023-05-04 15:22:26,617 INFO Starting barcode extraction
2023-05-04 15:22:30,001 INFO Parsed 100000 reads
2023-05-04 15:22:33,550 INFO Parsed 200000 reads
2023-05-04 15:22:37,016 INFO Parsed 300000 reads
2023-05-04 15:22:40,426 INFO Parsed 400000 reads
2023-05-04 15:22:43,821 INFO Parsed 500000 reads
2023-05-04 15:22:47,240 INFO Parsed 600000 reads
2023-05-04 15:22:50,645 INFO Parsed 700000 reads
2023-05-04 15:22:54,056 INFO Parsed 800000 reads
2023-05-04 15:22:57,478 INFO Parsed 900000 reads
2023-05-04 15:23:00,877 INFO Parsed 1000000 reads
2023-05-04 15:23:04,256 INFO Parsed 1100000 reads
2023-05-04 15:23:07,632 INFO Parsed 1200000 reads
2023-05-04 15:23:11,009 INFO Parsed 1300000 reads
2023-05-04 15:23:14,659 INFO Parsed 1400000 reads
2023-05-04 15:23:18,386 INFO Parsed 1500000 reads
2023-05-04 15:23:22,126 INFO Parsed 1600000 reads
2023-05-04 15:23:25,531 INFO Parsed 1700000 reads
2023-05-04 15:23:28,934 INFO Parsed 1800000 reads
2023-05-04 15:23:32,345 INFO Parsed 1900000 reads
2023-05-04 15:23:35,773 INFO Parsed 2000000 reads
2023-05-04 15:23:39,310 INFO Parsed 2100000 reads
2023-05-04 15:23:42,706 INFO Parsed 2200000 reads
2023-05-04 15:23:46,144 INFO Parsed 2300000 reads
2023-05-04 15:23:49,771 INFO Parsed 2400000 reads
2023-05-04 15:23:54,319 INFO Parsed 2500000 reads
2023-05-04 15:23:58,625 INFO Parsed 2600000 reads
2023-05-04 15:24:02,987 INFO Parsed 2700000 reads
2023-05-04 15:24:07,403 INFO Parsed 2800000 reads
2023-05-04 15:24:11,825 INFO Parsed 2900000 reads
2023-05-04 15:24:15,915 INFO Parsed 3000000 reads
2023-05-04 15:24:19,664 INFO Parsed 3100000 reads
2023-05-04 15:24:23,232 INFO Parsed 3200000 reads
2023-05-04 15:24:26,683 INFO Parsed 3300000 reads
2023-05-04 15:24:30,217 INFO Parsed 3400000 reads
2023-05-04 15:24:33,768 INFO Parsed 3500000 reads
2023-05-04 15:24:37,265 INFO Parsed 3600000 reads
2023-05-04 15:24:40,671 INFO Parsed 3700000 reads
2023-05-04 15:24:44,072 INFO Parsed 3800000 reads
2023-05-04 15:24:47,493 INFO Parsed 3900000 reads
2023-05-04 15:24:50,922 INFO Parsed 4000000 reads
2023-05-04 15:24:54,304 INFO Parsed 4100000 reads
2023-05-04 15:24:57,884 INFO Parsed 4200000 reads
2023-05-04 15:25:01,358 INFO Parsed 4300000 reads
2023-05-04 15:25:04,787 INFO Parsed 4400000 reads
2023-05-04 15:25:08,450 INFO Parsed 4500000 reads
2023-05-04 15:25:11,931 INFO Parsed 4600000 reads
2023-05-04 15:25:15,831 INFO Parsed 4700000 reads
2023-05-04 15:25:20,136 INFO Parsed 4800000 reads
2023-05-04 15:25:24,473 INFO Parsed 4900000 reads
2023-05-04 15:25:28,848 INFO Parsed 5000000 reads
2023-05-04 15:25:33,229 INFO Parsed 5100000 reads
2023-05-04 15:25:37,625 INFO Parsed 5200000 reads
2023-05-04 15:25:42,033 INFO Parsed 5300000 reads
2023-05-04 15:25:46,469 INFO Parsed 5400000 reads
2023-05-04 15:25:50,823 INFO Parsed 5500000 reads
2023-05-04 15:25:55,226 INFO Parsed 5600000 reads
2023-05-04 15:25:59,599 INFO Parsed 5700000 reads
2023-05-04 15:26:03,236 INFO Parsed 5800000 reads
2023-05-04 15:26:06,756 INFO Parsed 5900000 reads
2023-05-04 15:26:10,618 INFO Parsed 6000000 reads
2023-05-04 15:26:14,326 INFO Parsed 6100000 reads
2023-05-04 15:26:17,836 INFO Parsed 6200000 reads
2023-05-04 15:26:21,531 INFO Parsed 6300000 reads
2023-05-04 15:26:25,244 INFO Parsed 6400000 reads
2023-05-04 15:26:28,852 INFO Parsed 6500000 reads
2023-05-04 15:26:32,500 INFO Parsed 6600000 reads
2023-05-04 15:26:36,187 INFO Parsed 6700000 reads
2023-05-04 15:26:39,901 INFO Parsed 6800000 reads
2023-05-04 15:26:43,662 INFO Parsed 6900000 reads
2023-05-04 15:26:47,488 INFO Parsed 7000000 reads
2023-05-04 15:26:51,273 INFO Parsed 7100000 reads
2023-05-04 15:26:54,747 INFO Parsed 7200000 reads
2023-05-04 15:26:59,070 INFO Parsed 7300000 reads
2023-05-04 15:27:02,730 INFO Parsed 7400000 reads
2023-05-04 15:27:06,151 INFO Parsed 7500000 reads
2023-05-04 15:27:09,544 INFO Parsed 7600000 reads
2023-05-04 15:27:12,938 INFO Parsed 7700000 reads
2023-05-04 15:27:16,362 INFO Parsed 7800000 reads
2023-05-04 15:27:19,745 INFO Parsed 7900000 reads
2023-05-04 15:27:23,142 INFO Parsed 8000000 reads
2023-05-04 15:27:26,522 INFO Parsed 8100000 reads
2023-05-04 15:27:29,909 INFO Parsed 8200000 reads
2023-05-04 15:27:33,292 INFO Parsed 8300000 reads
2023-05-04 15:27:36,760 INFO Parsed 8400000 reads
2023-05-04 15:27:40,157 INFO Parsed 8500000 reads
2023-05-04 15:27:43,552 INFO Parsed 8600000 reads
2023-05-04 15:27:46,939 INFO Parsed 8700000 reads
2023-05-04 15:27:50,320 INFO Parsed 8800000 reads
2023-05-04 15:27:53,692 INFO Parsed 8900000 reads
2023-05-04 15:27:57,073 INFO Parsed 9000000 reads
2023-05-04 15:28:00,464 INFO Parsed 9100000 reads
2023-05-04 15:28:03,857 INFO Parsed 9200000 reads
2023-05-04 15:28:07,253 INFO Parsed 9300000 reads
2023-05-04 15:28:10,672 INFO Parsed 9400000 reads
2023-05-04 15:28:14,550 INFO Parsed 9500000 reads
2023-05-04 15:28:18,391 INFO Parsed 9600000 reads
2023-05-04 15:28:21,804 INFO Parsed 9700000 reads
2023-05-04 15:28:25,198 INFO Parsed 9800000 reads
2023-05-04 15:28:28,733 INFO Parsed 9900000 reads
2023-05-04 15:28:32,581 INFO Parsed 10000000 reads
2023-05-04 15:28:36,821 INFO Parsed 10100000 reads
2023-05-04 15:28:41,249 INFO Parsed 10200000 reads
2023-05-04 15:28:45,722 INFO Parsed 10300000 reads
2023-05-04 15:28:50,296 INFO Parsed 10400000 reads
2023-05-04 15:28:54,908 INFO Parsed 10500000 reads
2023-05-04 15:28:59,477 INFO Parsed 10600000 reads
2023-05-04 15:29:04,172 INFO Parsed 10700000 reads
2023-05-04 15:29:08,893 INFO Parsed 10800000 reads
2023-05-04 15:29:13,443 INFO Parsed 10900000 reads
2023-05-04 15:29:17,906 INFO Parsed 11000000 reads
2023-05-04 15:29:22,310 INFO Parsed 11100000 reads
2023-05-04 15:29:26,742 INFO Parsed 11200000 reads
2023-05-04 15:29:31,086 INFO Parsed 11300000 reads
2023-05-04 15:29:35,650 INFO Parsed 11400000 reads
2023-05-04 15:29:39,381 INFO Parsed 11500000 reads
2023-05-04 15:29:43,666 INFO Parsed 11600000 reads
2023-05-04 15:29:48,388 INFO Parsed 11700000 reads
2023-05-04 15:29:52,605 INFO Parsed 11800000 reads
2023-05-04 15:29:56,092 INFO Parsed 11900000 reads
2023-05-04 15:29:59,664 INFO Parsed 12000000 reads
2023-05-04 15:30:03,162 INFO Parsed 12100000 reads
2023-05-04 15:30:06,589 INFO Parsed 12200000 reads
2023-05-04 15:30:10,018 INFO Parsed 12300000 reads
2023-05-04 15:30:13,455 INFO Parsed 12400000 reads
2023-05-04 15:30:17,006 INFO Parsed 12500000 reads
2023-05-04 15:30:20,462 INFO Parsed 12600000 reads
2023-05-04 15:30:23,915 INFO Parsed 12700000 reads
2023-05-04 15:30:27,327 INFO Parsed 12800000 reads
2023-05-04 15:30:30,901 INFO Parsed 12900000 reads
2023-05-04 15:30:34,710 INFO Parsed 13000000 reads
2023-05-04 15:30:38,137 INFO Parsed 13100000 reads
2023-05-04 15:30:41,572 INFO Parsed 13200000 reads
2023-05-04 15:30:45,041 INFO Parsed 13300000 reads
2023-05-04 15:30:48,527 INFO Parsed 13400000 reads
2023-05-04 15:30:52,058 INFO Parsed 13500000 reads
2023-05-04 15:31:02,060 INFO Parsed 13600000 reads
2023-05-04 15:31:05,526 INFO Parsed 13700000 reads
2023-05-04 15:31:08,932 INFO Parsed 13800000 reads
2023-05-04 15:31:12,366 INFO Parsed 13900000 reads
2023-05-04 15:31:15,809 INFO Parsed 14000000 reads
2023-05-04 15:31:19,292 INFO Parsed 14100000 reads
2023-05-04 15:31:22,758 INFO Parsed 14200000 reads
2023-05-04 15:31:33,108 INFO Parsed 14300000 reads
2023-05-04 15:31:36,502 INFO Parsed 14400000 reads
2023-05-04 15:31:39,927 INFO Parsed 14500000 reads
2023-05-04 15:31:43,376 INFO Parsed 14600000 reads
2023-05-04 15:31:46,837 INFO Parsed 14700000 reads
2023-05-04 15:32:04,012 INFO Parsed 14800000 reads
2023-05-04 15:32:07,813 INFO Parsed 14900000 reads
2023-05-04 15:32:11,371 INFO Parsed 15000000 reads
2023-05-04 15:32:14,995 INFO Parsed 15100000 reads
2023-05-04 15:32:18,683 INFO Parsed 15200000 reads
2023-05-04 15:32:22,321 INFO Parsed 15300000 reads
2023-05-04 15:32:25,927 INFO Parsed 15400000 reads
2023-05-04 15:32:29,486 INFO Parsed 15500000 reads
2023-05-04 15:32:33,058 INFO Parsed 15600000 reads
2023-05-04 15:32:38,314 INFO Parsed 15700000 reads
2023-05-04 15:32:41,836 INFO Parsed 15800000 reads
2023-05-04 15:32:45,361 INFO Parsed 15900000 reads
2023-05-04 15:32:48,880 INFO Parsed 16000000 reads
2023-05-04 15:32:52,412 INFO Parsed 16100000 reads
2023-05-04 15:32:55,911 INFO Parsed 16200000 reads
2023-05-04 15:32:59,551 INFO Parsed 16300000 reads
2023-05-04 15:33:03,291 INFO Parsed 16400000 reads
2023-05-04 15:33:06,928 INFO Parsed 16500000 reads
2023-05-04 15:33:11,138 INFO Parsed 16600000 reads
2023-05-04 15:33:14,599 INFO Parsed 16700000 reads
2023-05-04 15:33:17,995 INFO Parsed 16800000 reads
2023-05-04 15:33:21,507 INFO Parsed 16900000 reads
2023-05-04 15:33:25,088 INFO Parsed 17000000 reads
2023-05-04 15:33:28,540 INFO Parsed 17100000 reads
2023-05-04 15:33:31,941 INFO Parsed 17200000 reads
2023-05-04 15:33:35,347 INFO Parsed 17300000 reads
2023-05-04 15:33:38,868 INFO Parsed 17400000 reads
2023-05-04 15:33:42,317 INFO Parsed 17500000 reads
2023-05-04 15:33:45,756 INFO Parsed 17600000 reads
2023-05-04 15:33:49,209 INFO Parsed 17700000 reads
2023-05-04 15:33:52,642 INFO Parsed 17800000 reads
2023-05-04 15:33:56,060 INFO Parsed 17900000 reads
2023-05-04 15:33:59,475 INFO Parsed 18000000 reads
2023-05-04 15:34:02,907 INFO Parsed 18100000 reads
2023-05-04 15:34:06,323 INFO Parsed 18200000 reads
2023-05-04 15:34:09,712 INFO Parsed 18300000 reads
2023-05-04 15:34:13,103 INFO Parsed 18400000 reads
2023-05-04 15:34:16,523 INFO Parsed 18500000 reads
2023-05-04 15:34:19,916 INFO Parsed 18600000 reads
2023-05-04 15:34:23,324 INFO Parsed 18700000 reads
2023-05-04 15:34:26,846 INFO Parsed 18800000 reads
2023-05-04 15:34:30,256 INFO Parsed 18900000 reads
2023-05-04 15:34:33,653 INFO Parsed 19000000 reads
2023-05-04 15:34:37,076 INFO Parsed 19100000 reads
2023-05-04 15:34:40,473 INFO Parsed 19200000 reads
2023-05-04 15:34:43,862 INFO Parsed 19300000 reads
2023-05-04 15:34:47,257 INFO Parsed 19400000 reads
2023-05-04 15:34:50,671 INFO Parsed 19500000 reads
2023-05-04 15:34:54,072 INFO Parsed 19600000 reads
2023-05-04 15:34:57,426 INFO Parsed 19700000 reads
2023-05-04 15:35:07,982 INFO Parsed 19800000 reads
2023-05-04 15:35:11,372 INFO Parsed 19900000 reads
2023-05-04 15:35:14,754 INFO Parsed 20000000 reads
2023-05-04 15:35:18,133 INFO Parsed 20100000 reads
2023-05-04 15:35:21,520 INFO Parsed 20200000 reads
2023-05-04 15:35:24,914 INFO Parsed 20300000 reads
2023-05-04 15:35:28,284 INFO Parsed 20400000 reads
2023-05-04 15:35:31,673 INFO Parsed 20500000 reads
2023-05-04 15:35:35,044 INFO Parsed 20600000 reads
2023-05-04 15:35:38,407 INFO Parsed 20700000 reads
2023-05-04 15:35:41,766 INFO Parsed 20800000 reads
2023-05-04 15:35:50,667 INFO Parsed 20900000 reads
2023-05-04 15:35:54,048 INFO Parsed 21000000 reads
2023-05-04 15:35:57,424 INFO Parsed 21100000 reads
2023-05-04 15:36:00,798 INFO Parsed 21200000 reads
2023-05-04 15:36:04,162 INFO Parsed 21300000 reads
2023-05-04 15:36:07,643 INFO Parsed 21400000 reads
2023-05-04 15:36:11,071 INFO Parsed 21500000 reads
2023-05-04 15:36:14,511 INFO Parsed 21600000 reads
2023-05-04 15:36:17,944 INFO Parsed 21700000 reads
2023-05-04 15:36:21,939 INFO Parsed 21800000 reads
2023-05-04 15:36:35,635 INFO Parsed 21900000 reads
2023-05-04 15:36:39,077 INFO Parsed 22000000 reads
2023-05-04 15:36:42,509 INFO Parsed 22100000 reads
2023-05-04 15:36:45,922 INFO Parsed 22200000 reads
2023-05-04 15:36:49,326 INFO Parsed 22300000 reads
2023-05-04 15:36:52,700 INFO Parsed 22400000 reads
2023-05-04 15:36:56,032 INFO Parsed 22500000 reads
2023-05-04 15:36:59,395 INFO Parsed 22600000 reads
2023-05-04 15:37:02,741 INFO Parsed 22700000 reads
2023-05-04 15:37:06,095 INFO Parsed 22800000 reads
2023-05-04 15:37:26,345 INFO Parsed 22900000 reads
2023-05-04 15:37:29,682 INFO Parsed 23000000 reads
2023-05-04 15:37:33,004 INFO Parsed 23100000 reads
2023-05-04 15:37:36,387 INFO Parsed 23200000 reads
2023-05-04 15:37:39,703 INFO Parsed 23300000 reads
2023-05-04 15:37:42,949 INFO Parsed 23400000 reads
2023-05-04 15:37:46,336 INFO Parsed 23500000 reads
2023-05-04 15:37:49,702 INFO Parsed 23600000 reads
2023-05-04 15:37:52,879 INFO Parsed 23700000 reads
2023-05-04 15:37:56,059 INFO Parsed 23800000 reads
2023-05-04 15:38:00,058 INFO Parsed 23900000 reads
2023-05-04 15:38:03,768 INFO Parsed 24000000 reads
2023-05-04 15:38:07,765 INFO Parsed 24100000 reads
2023-05-04 15:38:10,876 INFO Input Reads: 24163489
2023-05-04 15:38:10,876 INFO regex matches read1: 20640726
2023-05-04 15:38:10,876 INFO Reads output: 20640726
2023-05-04 15:38:10,876 INFO regex does not match read1: 3522763
# job finished in 944 seconds at Thu May  4 15:38:10 2023 -- 871.22  1.95  0.00  0.00 -- f32249bd-ea42-44dd-baa7-858129724b0a
[Thu May  4 15:38:17 2023]
Finished job 0.
1 of 1 steps (100%) done
[Thu May  4 15:38:18 2023]
Finished job 0.
1 of 1 steps (100%) done
