Building DAG of jobs...
Using shell: /usr/bin/bash
Provided cores: 8
Rules claiming more threads will be scaled down.
Provided resources: mem_mb=8192, mem_mib=7813, disk_mb=1876, disk_mib=1790
Select jobs to execute...
Building DAG of jobs...
Using shell: /usr/bin/bash
Provided cores: 8
Rules claiming more threads will be scaled down.
Provided resources: mem_mb=8192, mem_mib=7813, disk_mb=1876, disk_mib=1790
Select jobs to execute...

[Thu May  4 15:22:25 2023]
rule extract_umis_single_end:
    input: results/reads/218_MSI_R1.fastq.gz
    output: results/reads/umis/218_MSI_R1.fastq.gz
    log: logs/extract_umis/218_MSI.log
    jobid: 0
    reason: Missing output files: results/reads/umis/218_MSI_R1.fastq.gz
    wildcards: sample=218_MSI
    threads: 8
    resources: mem_mb=8192, mem_mib=7813, disk_mb=1876, disk_mib=1790, tmpdir=/tmp, runtime=60

# UMI-tools version: 1.1.4
# output generated by extract --random-seed 1234 --extract-method=regex --bc-pattern=(?P<umi_1>.{6})(?P<discard_1>TATA).* -I results/reads/218_MSI_R1.fastq.gz -S results/reads/umis/218_MSI_R1.fastq.gz
# job started at Thu May  4 15:22:26 2023 on bc004 -- 76b28b98-48df-4f87-9757-12638cd823db
# pid: 1600796, system: Linux 4.18.0-193.19.1.el8_2.x86_64 #1 SMP Mon Sep 14 14:37:00 UTC 2020 x86_64
# blacklist                               : None
# compresslevel                           : 6
# correct_umi_threshold                   : 0
# either_read                             : False
# either_read_resolve                     : discard
# error_correct_cell                      : False
# extract_method                          : regex
# filter_cell_barcode                     : None
# filter_cell_barcodes                    : False
# filter_umi                              : None
# filtered_out                            : None
# filtered_out2                           : None
# ignore_suffix                           : False
# log2stderr                              : False
# loglevel                                : 1
# pattern                                 : (?P<umi_1>.{6})(?P<discard_1>TATA).*
# pattern2                                : None
# prime3                                  : None
# quality_encoding                        : None
# quality_filter_mask                     : None
# quality_filter_threshold                : None
# random_seed                             : 1234
# read2_in                                : None
# read2_out                               : False
# read2_stdout                            : False
# reads_subset                            : None
# reconcile                               : False
# retain_umi                              : None
# short_help                              : None
# stderr                                  : <_io.TextIOWrapper name='<stderr>' mode='w' encoding='utf-8'>
# stdin                                   : <_io.TextIOWrapper name='results/reads/218_MSI_R1.fastq.gz' encoding='ascii'>
# stdlog                                  : <_io.TextIOWrapper name='<stdout>' mode='w' encoding='utf-8'>
# stdout                                  : <_io.TextIOWrapper name='results/reads/umis/218_MSI_R1.fastq.gz' encoding='ascii'>
# timeit_file                             : None
# timeit_header                           : None
# timeit_name                             : all
# tmpdir                                  : None
# umi_correct_log                         : None
# umi_separator                           : _
# umi_whitelist                           : None
# umi_whitelist_paired                    : None
# whitelist                               : None
2023-05-04 15:22:26,165 INFO Starting barcode extraction
2023-05-04 15:22:29,582 INFO Parsed 100000 reads
2023-05-04 15:22:33,121 INFO Parsed 200000 reads
2023-05-04 15:22:36,671 INFO Parsed 300000 reads
2023-05-04 15:22:40,106 INFO Parsed 400000 reads
2023-05-04 15:22:43,537 INFO Parsed 500000 reads
2023-05-04 15:22:46,948 INFO Parsed 600000 reads
2023-05-04 15:22:50,359 INFO Parsed 700000 reads
2023-05-04 15:22:53,788 INFO Parsed 800000 reads
2023-05-04 15:22:57,197 INFO Parsed 900000 reads
2023-05-04 15:23:00,607 INFO Parsed 1000000 reads
2023-05-04 15:23:04,015 INFO Parsed 1100000 reads
2023-05-04 15:23:07,414 INFO Parsed 1200000 reads
2023-05-04 15:23:10,826 INFO Parsed 1300000 reads
2023-05-04 15:23:14,243 INFO Parsed 1400000 reads
2023-05-04 15:23:17,648 INFO Parsed 1500000 reads
2023-05-04 15:23:21,053 INFO Parsed 1600000 reads
2023-05-04 15:23:24,453 INFO Parsed 1700000 reads
2023-05-04 15:23:27,863 INFO Parsed 1800000 reads
2023-05-04 15:23:31,282 INFO Parsed 1900000 reads
2023-05-04 15:23:34,715 INFO Parsed 2000000 reads
2023-05-04 15:23:38,313 INFO Parsed 2100000 reads
2023-05-04 15:23:41,746 INFO Parsed 2200000 reads
2023-05-04 15:23:45,154 INFO Parsed 2300000 reads
2023-05-04 15:23:48,566 INFO Parsed 2400000 reads
2023-05-04 15:23:51,971 INFO Parsed 2500000 reads
2023-05-04 15:23:55,399 INFO Parsed 2600000 reads
2023-05-04 15:23:58,823 INFO Parsed 2700000 reads
2023-05-04 15:24:02,243 INFO Parsed 2800000 reads
2023-05-04 15:24:05,658 INFO Parsed 2900000 reads
2023-05-04 15:24:09,094 INFO Parsed 3000000 reads
2023-05-04 15:24:12,566 INFO Parsed 3100000 reads
2023-05-04 15:24:15,971 INFO Parsed 3200000 reads
2023-05-04 15:24:19,399 INFO Parsed 3300000 reads
2023-05-04 15:24:22,826 INFO Parsed 3400000 reads
2023-05-04 15:24:26,252 INFO Parsed 3500000 reads
2023-05-04 15:24:29,681 INFO Parsed 3600000 reads
2023-05-04 15:24:33,103 INFO Parsed 3700000 reads
2023-05-04 15:24:36,514 INFO Parsed 3800000 reads
2023-05-04 15:24:39,924 INFO Parsed 3900000 reads
2023-05-04 15:24:43,348 INFO Parsed 4000000 reads
2023-05-04 15:24:46,777 INFO Parsed 4100000 reads
2023-05-04 15:24:50,208 INFO Parsed 4200000 reads
2023-05-04 15:24:53,618 INFO Parsed 4300000 reads
2023-05-04 15:24:57,036 INFO Parsed 4400000 reads
2023-05-04 15:25:00,449 INFO Parsed 4500000 reads
2023-05-04 15:25:03,865 INFO Parsed 4600000 reads
2023-05-04 15:25:07,273 INFO Parsed 4700000 reads
2023-05-04 15:25:10,675 INFO Parsed 4800000 reads
2023-05-04 15:25:14,094 INFO Parsed 4900000 reads
2023-05-04 15:25:17,521 INFO Parsed 5000000 reads
2023-05-04 15:25:20,929 INFO Parsed 5100000 reads
2023-05-04 15:25:24,347 INFO Parsed 5200000 reads
2023-05-04 15:25:27,752 INFO Parsed 5300000 reads
2023-05-04 15:25:31,161 INFO Parsed 5400000 reads
2023-05-04 15:25:34,576 INFO Parsed 5500000 reads
2023-05-04 15:25:37,997 INFO Parsed 5600000 reads
2023-05-04 15:25:41,417 INFO Parsed 5700000 reads
2023-05-04 15:25:44,847 INFO Parsed 5800000 reads
2023-05-04 15:25:48,263 INFO Parsed 5900000 reads
2023-05-04 15:25:51,682 INFO Parsed 6000000 reads
2023-05-04 15:25:55,078 INFO Parsed 6100000 reads
2023-05-04 15:25:58,465 INFO Parsed 6200000 reads
2023-05-04 15:26:01,862 INFO Parsed 6300000 reads
2023-05-04 15:26:05,263 INFO Parsed 6400000 reads
2023-05-04 15:26:08,673 INFO Parsed 6500000 reads
2023-05-04 15:26:12,060 INFO Parsed 6600000 reads
2023-05-04 15:26:15,454 INFO Parsed 6700000 reads
2023-05-04 15:26:18,849 INFO Parsed 6800000 reads
2023-05-04 15:26:22,237 INFO Parsed 6900000 reads
2023-05-04 15:26:25,652 INFO Parsed 7000000 reads
2023-05-04 15:26:29,056 INFO Parsed 7100000 reads
2023-05-04 15:26:32,467 INFO Parsed 7200000 reads
2023-05-04 15:26:35,873 INFO Parsed 7300000 reads
2023-05-04 15:26:39,279 INFO Parsed 7400000 reads
2023-05-04 15:26:42,677 INFO Parsed 7500000 reads
2023-05-04 15:26:46,119 INFO Parsed 7600000 reads
2023-05-04 15:26:49,524 INFO Parsed 7700000 reads
2023-05-04 15:26:52,932 INFO Parsed 7800000 reads
2023-05-04 15:26:56,365 INFO Parsed 7900000 reads
2023-05-04 15:26:59,916 INFO Parsed 8000000 reads
2023-05-04 15:27:03,461 INFO Parsed 8100000 reads
2023-05-04 15:27:06,877 INFO Parsed 8200000 reads
2023-05-04 15:27:10,279 INFO Parsed 8300000 reads
2023-05-04 15:27:13,640 INFO Parsed 8400000 reads
2023-05-04 15:27:17,086 INFO Parsed 8500000 reads
2023-05-04 15:27:20,488 INFO Parsed 8600000 reads
2023-05-04 15:27:23,885 INFO Parsed 8700000 reads
2023-05-04 15:27:27,287 INFO Parsed 8800000 reads
2023-05-04 15:27:30,724 INFO Parsed 8900000 reads
2023-05-04 15:27:34,117 INFO Parsed 9000000 reads
2023-05-04 15:27:37,548 INFO Parsed 9100000 reads
2023-05-04 15:27:40,942 INFO Parsed 9200000 reads
2023-05-04 15:27:44,348 INFO Parsed 9300000 reads
2023-05-04 15:27:47,756 INFO Parsed 9400000 reads
2023-05-04 15:27:51,158 INFO Parsed 9500000 reads
2023-05-04 15:27:54,556 INFO Parsed 9600000 reads
2023-05-04 15:27:57,944 INFO Parsed 9700000 reads
2023-05-04 15:28:01,336 INFO Parsed 9800000 reads
2023-05-04 15:28:04,734 INFO Parsed 9900000 reads
2023-05-04 15:28:08,127 INFO Parsed 10000000 reads
2023-05-04 15:28:11,528 INFO Parsed 10100000 reads
2023-05-04 15:28:14,939 INFO Parsed 10200000 reads
2023-05-04 15:28:18,359 INFO Parsed 10300000 reads
2023-05-04 15:28:21,754 INFO Parsed 10400000 reads
2023-05-04 15:28:25,146 INFO Parsed 10500000 reads
2023-05-04 15:28:28,542 INFO Parsed 10600000 reads
2023-05-04 15:28:31,936 INFO Parsed 10700000 reads
2023-05-04 15:28:35,323 INFO Parsed 10800000 reads
2023-05-04 15:28:38,735 INFO Parsed 10900000 reads
2023-05-04 15:28:42,145 INFO Parsed 11000000 reads
2023-05-04 15:28:45,551 INFO Parsed 11100000 reads
2023-05-04 15:28:48,945 INFO Parsed 11200000 reads
2023-05-04 15:28:52,344 INFO Parsed 11300000 reads
2023-05-04 15:28:55,746 INFO Parsed 11400000 reads
2023-05-04 15:28:59,150 INFO Parsed 11500000 reads
2023-05-04 15:29:02,553 INFO Parsed 11600000 reads
2023-05-04 15:29:05,969 INFO Parsed 11700000 reads
2023-05-04 15:29:09,393 INFO Parsed 11800000 reads
2023-05-04 15:29:12,856 INFO Parsed 11900000 reads
2023-05-04 15:29:16,472 INFO Parsed 12000000 reads
2023-05-04 15:29:19,876 INFO Parsed 12100000 reads
2023-05-04 15:29:23,285 INFO Parsed 12200000 reads
2023-05-04 15:29:26,513 INFO Parsed 12300000 reads
2023-05-04 15:29:29,905 INFO Parsed 12400000 reads
2023-05-04 15:29:33,323 INFO Parsed 12500000 reads
2023-05-04 15:29:36,745 INFO Parsed 12600000 reads
2023-05-04 15:29:40,150 INFO Parsed 12700000 reads
2023-05-04 15:29:43,623 INFO Parsed 12800000 reads
2023-05-04 15:29:47,137 INFO Parsed 12900000 reads
2023-05-04 15:29:50,688 INFO Parsed 13000000 reads
2023-05-04 15:29:54,090 INFO Parsed 13100000 reads
2023-05-04 15:29:57,510 INFO Parsed 13200000 reads
2023-05-04 15:30:00,933 INFO Parsed 13300000 reads
2023-05-04 15:30:04,366 INFO Parsed 13400000 reads
2023-05-04 15:30:07,776 INFO Parsed 13500000 reads
2023-05-04 15:30:11,356 INFO Parsed 13600000 reads
2023-05-04 15:30:15,001 INFO Parsed 13700000 reads
2023-05-04 15:30:18,592 INFO Parsed 13800000 reads
2023-05-04 15:30:22,152 INFO Parsed 13900000 reads
2023-05-04 15:30:25,742 INFO Parsed 14000000 reads
2023-05-04 15:30:29,400 INFO Parsed 14100000 reads
2023-05-04 15:30:32,948 INFO Parsed 14200000 reads
2023-05-04 15:30:36,391 INFO Parsed 14300000 reads
2023-05-04 15:30:39,784 INFO Parsed 14400000 reads
2023-05-04 15:30:43,397 INFO Parsed 14500000 reads
2023-05-04 15:30:47,032 INFO Parsed 14600000 reads
2023-05-04 15:30:50,841 INFO Parsed 14700000 reads
2023-05-04 15:30:54,620 INFO Parsed 14800000 reads
2023-05-04 15:30:58,577 INFO Parsed 14900000 reads
2023-05-04 15:31:02,154 INFO Parsed 15000000 reads
2023-05-04 15:31:05,694 INFO Parsed 15100000 reads
2023-05-04 15:31:09,133 INFO Parsed 15200000 reads
2023-05-04 15:31:12,547 INFO Parsed 15300000 reads
2023-05-04 15:31:15,958 INFO Parsed 15400000 reads
2023-05-04 15:31:19,451 INFO Parsed 15500000 reads
2023-05-04 15:31:23,076 INFO Parsed 15600000 reads
2023-05-04 15:31:26,894 INFO Parsed 15700000 reads
2023-05-04 15:31:30,449 INFO Parsed 15800000 reads
2023-05-04 15:31:33,939 INFO Parsed 15900000 reads
2023-05-04 15:31:37,351 INFO Parsed 16000000 reads
2023-05-04 15:31:40,756 INFO Parsed 16100000 reads
2023-05-04 15:31:44,209 INFO Parsed 16200000 reads
2023-05-04 15:31:51,697 INFO Parsed 16300000 reads
2023-05-04 15:31:56,856 INFO Parsed 16400000 reads
2023-05-04 15:32:02,148 INFO Parsed 16500000 reads
2023-05-04 15:32:07,244 INFO Parsed 16600000 reads
2023-05-04 15:32:12,146 INFO Parsed 16700000 reads
2023-05-04 15:32:17,085 INFO Parsed 16800000 reads
2023-05-04 15:32:22,021 INFO Parsed 16900000 reads
2023-05-04 15:32:39,354 INFO Parsed 17000000 reads
2023-05-04 15:32:44,328 INFO Parsed 17100000 reads
2023-05-04 15:32:49,605 INFO Parsed 17200000 reads
2023-05-04 15:32:54,517 INFO Parsed 17300000 reads
2023-05-04 15:32:59,402 INFO Parsed 17400000 reads
2023-05-04 15:33:04,076 INFO Parsed 17500000 reads
2023-05-04 15:33:08,208 INFO Parsed 17600000 reads
2023-05-04 15:33:12,019 INFO Parsed 17700000 reads
2023-05-04 15:33:15,561 INFO Parsed 17800000 reads
2023-05-04 15:33:18,971 INFO Parsed 17900000 reads
2023-05-04 15:33:22,674 INFO Parsed 18000000 reads
2023-05-04 15:33:26,316 INFO Parsed 18100000 reads
2023-05-04 15:33:29,731 INFO Parsed 18200000 reads
2023-05-04 15:33:31,032 INFO Input Reads: 18237893
2023-05-04 15:33:31,032 INFO regex matches read1: 15479813
2023-05-04 15:33:31,032 INFO Reads output: 15479813
2023-05-04 15:33:31,032 INFO regex does not match read1: 2758080
# job finished in 664 seconds at Thu May  4 15:33:31 2023 -- 646.12  1.61  0.00  0.00 -- 76b28b98-48df-4f87-9757-12638cd823db
[Thu May  4 15:33:36 2023]
Finished job 0.
1 of 1 steps (100%) done
[Thu May  4 15:33:36 2023]
Finished job 0.
1 of 1 steps (100%) done
