Building DAG of jobs...
Using shell: /usr/bin/bash
Provided cores: 8
Rules claiming more threads will be scaled down.
Provided resources: mem_mb=8192, mem_mib=7813, disk_mb=2754, disk_mib=2627
Select jobs to execute...
Building DAG of jobs...
Using shell: /usr/bin/bash
Provided cores: 8
Rules claiming more threads will be scaled down.
Provided resources: mem_mb=8192, mem_mib=7813, disk_mb=2754, disk_mib=2627
Select jobs to execute...

[Thu May  4 15:22:25 2023]
rule extract_umis_single_end:
    input: results/reads/226_MSI_R1.fastq.gz
    output: results/reads/umis/226_MSI_R1.fastq.gz
    log: logs/extract_umis/226_MSI.log
    jobid: 0
    reason: Missing output files: results/reads/umis/226_MSI_R1.fastq.gz
    wildcards: sample=226_MSI
    threads: 8
    resources: mem_mb=8192, mem_mib=7813, disk_mb=2754, disk_mib=2627, tmpdir=/tmp, runtime=60

# UMI-tools version: 1.1.4
# output generated by extract --random-seed 1234 --extract-method=regex --bc-pattern=(?P<umi_1>.{6})(?P<discard_1>TATA).* -I results/reads/226_MSI_R1.fastq.gz -S results/reads/umis/226_MSI_R1.fastq.gz
# job started at Thu May  4 15:22:26 2023 on bc004 -- ab0bc9c9-754a-4206-bb0e-5713612e78ed
# pid: 1600876, system: Linux 4.18.0-193.19.1.el8_2.x86_64 #1 SMP Mon Sep 14 14:37:00 UTC 2020 x86_64
# blacklist                               : None
# compresslevel                           : 6
# correct_umi_threshold                   : 0
# either_read                             : False
# either_read_resolve                     : discard
# error_correct_cell                      : False
# extract_method                          : regex
# filter_cell_barcode                     : None
# filter_cell_barcodes                    : False
# filter_umi                              : None
# filtered_out                            : None
# filtered_out2                           : None
# ignore_suffix                           : False
# log2stderr                              : False
# loglevel                                : 1
# pattern                                 : (?P<umi_1>.{6})(?P<discard_1>TATA).*
# pattern2                                : None
# prime3                                  : None
# quality_encoding                        : None
# quality_filter_mask                     : None
# quality_filter_threshold                : None
# random_seed                             : 1234
# read2_in                                : None
# read2_out                               : False
# read2_stdout                            : False
# reads_subset                            : None
# reconcile                               : False
# retain_umi                              : None
# short_help                              : None
# stderr                                  : <_io.TextIOWrapper name='<stderr>' mode='w' encoding='utf-8'>
# stdin                                   : <_io.TextIOWrapper name='results/reads/226_MSI_R1.fastq.gz' encoding='ascii'>
# stdlog                                  : <_io.TextIOWrapper name='<stdout>' mode='w' encoding='utf-8'>
# stdout                                  : <_io.TextIOWrapper name='results/reads/umis/226_MSI_R1.fastq.gz' encoding='ascii'>
# timeit_file                             : None
# timeit_header                           : None
# timeit_name                             : all
# tmpdir                                  : None
# umi_correct_log                         : None
# umi_separator                           : _
# umi_whitelist                           : None
# umi_whitelist_paired                    : None
# whitelist                               : None
2023-05-04 15:22:26,558 INFO Starting barcode extraction
2023-05-04 15:22:29,983 INFO Parsed 100000 reads
2023-05-04 15:22:33,637 INFO Parsed 200000 reads
2023-05-04 15:22:37,151 INFO Parsed 300000 reads
2023-05-04 15:22:40,585 INFO Parsed 400000 reads
2023-05-04 15:22:44,020 INFO Parsed 500000 reads
2023-05-04 15:22:47,443 INFO Parsed 600000 reads
2023-05-04 15:22:50,876 INFO Parsed 700000 reads
2023-05-04 15:22:54,310 INFO Parsed 800000 reads
2023-05-04 15:22:57,745 INFO Parsed 900000 reads
2023-05-04 15:23:01,169 INFO Parsed 1000000 reads
2023-05-04 15:23:04,582 INFO Parsed 1100000 reads
2023-05-04 15:23:08,002 INFO Parsed 1200000 reads
2023-05-04 15:23:11,403 INFO Parsed 1300000 reads
2023-05-04 15:23:14,823 INFO Parsed 1400000 reads
2023-05-04 15:23:18,245 INFO Parsed 1500000 reads
2023-05-04 15:23:21,669 INFO Parsed 1600000 reads
2023-05-04 15:23:25,089 INFO Parsed 1700000 reads
2023-05-04 15:23:28,511 INFO Parsed 1800000 reads
2023-05-04 15:23:31,953 INFO Parsed 1900000 reads
2023-05-04 15:23:35,406 INFO Parsed 2000000 reads
2023-05-04 15:23:39,035 INFO Parsed 2100000 reads
2023-05-04 15:23:42,462 INFO Parsed 2200000 reads
2023-05-04 15:23:45,886 INFO Parsed 2300000 reads
2023-05-04 15:23:49,299 INFO Parsed 2400000 reads
2023-05-04 15:23:52,702 INFO Parsed 2500000 reads
2023-05-04 15:23:56,224 INFO Parsed 2600000 reads
2023-05-04 15:23:59,650 INFO Parsed 2700000 reads
2023-05-04 15:24:03,063 INFO Parsed 2800000 reads
2023-05-04 15:24:06,474 INFO Parsed 2900000 reads
2023-05-04 15:24:09,909 INFO Parsed 3000000 reads
2023-05-04 15:24:13,330 INFO Parsed 3100000 reads
2023-05-04 15:24:16,750 INFO Parsed 3200000 reads
2023-05-04 15:24:20,188 INFO Parsed 3300000 reads
2023-05-04 15:24:23,619 INFO Parsed 3400000 reads
2023-05-04 15:24:27,034 INFO Parsed 3500000 reads
2023-05-04 15:24:30,457 INFO Parsed 3600000 reads
2023-05-04 15:24:33,892 INFO Parsed 3700000 reads
2023-05-04 15:24:37,305 INFO Parsed 3800000 reads
2023-05-04 15:24:40,729 INFO Parsed 3900000 reads
2023-05-04 15:24:44,165 INFO Parsed 4000000 reads
2023-05-04 15:24:47,599 INFO Parsed 4100000 reads
2023-05-04 15:24:51,055 INFO Parsed 4200000 reads
2023-05-04 15:24:54,481 INFO Parsed 4300000 reads
2023-05-04 15:24:57,930 INFO Parsed 4400000 reads
2023-05-04 15:25:01,381 INFO Parsed 4500000 reads
2023-05-04 15:25:04,815 INFO Parsed 4600000 reads
2023-05-04 15:25:08,236 INFO Parsed 4700000 reads
2023-05-04 15:25:11,694 INFO Parsed 4800000 reads
2023-05-04 15:25:15,124 INFO Parsed 4900000 reads
2023-05-04 15:25:18,557 INFO Parsed 5000000 reads
2023-05-04 15:25:21,991 INFO Parsed 5100000 reads
2023-05-04 15:25:25,430 INFO Parsed 5200000 reads
2023-05-04 15:25:28,853 INFO Parsed 5300000 reads
2023-05-04 15:25:32,280 INFO Parsed 5400000 reads
2023-05-04 15:25:35,713 INFO Parsed 5500000 reads
2023-05-04 15:25:39,142 INFO Parsed 5600000 reads
2023-05-04 15:25:42,579 INFO Parsed 5700000 reads
2023-05-04 15:25:46,007 INFO Parsed 5800000 reads
2023-05-04 15:25:49,428 INFO Parsed 5900000 reads
2023-05-04 15:25:52,848 INFO Parsed 6000000 reads
2023-05-04 15:25:56,266 INFO Parsed 6100000 reads
2023-05-04 15:25:59,700 INFO Parsed 6200000 reads
2023-05-04 15:26:03,114 INFO Parsed 6300000 reads
2023-05-04 15:26:06,527 INFO Parsed 6400000 reads
2023-05-04 15:26:09,956 INFO Parsed 6500000 reads
2023-05-04 15:26:13,383 INFO Parsed 6600000 reads
2023-05-04 15:26:16,801 INFO Parsed 6700000 reads
2023-05-04 15:26:20,210 INFO Parsed 6800000 reads
2023-05-04 15:26:23,614 INFO Parsed 6900000 reads
2023-05-04 15:26:27,027 INFO Parsed 7000000 reads
2023-05-04 15:26:30,442 INFO Parsed 7100000 reads
2023-05-04 15:26:33,853 INFO Parsed 7200000 reads
2023-05-04 15:26:37,256 INFO Parsed 7300000 reads
2023-05-04 15:26:40,666 INFO Parsed 7400000 reads
2023-05-04 15:26:44,081 INFO Parsed 7500000 reads
2023-05-04 15:26:47,484 INFO Parsed 7600000 reads
2023-05-04 15:26:50,896 INFO Parsed 7700000 reads
2023-05-04 15:26:54,299 INFO Parsed 7800000 reads
2023-05-04 15:26:57,764 INFO Parsed 7900000 reads
2023-05-04 15:27:01,375 INFO Parsed 8000000 reads
2023-05-04 15:27:04,774 INFO Parsed 8100000 reads
2023-05-04 15:27:08,173 INFO Parsed 8200000 reads
2023-05-04 15:27:11,581 INFO Parsed 8300000 reads
2023-05-04 15:27:15,398 INFO Parsed 8400000 reads
2023-05-04 15:27:18,800 INFO Parsed 8500000 reads
2023-05-04 15:27:22,209 INFO Parsed 8600000 reads
2023-05-04 15:27:25,619 INFO Parsed 8700000 reads
2023-05-04 15:27:29,017 INFO Parsed 8800000 reads
2023-05-04 15:27:32,417 INFO Parsed 8900000 reads
2023-05-04 15:27:35,860 INFO Parsed 9000000 reads
2023-05-04 15:27:39,255 INFO Parsed 9100000 reads
2023-05-04 15:27:42,659 INFO Parsed 9200000 reads
2023-05-04 15:27:46,063 INFO Parsed 9300000 reads
2023-05-04 15:27:49,461 INFO Parsed 9400000 reads
2023-05-04 15:27:52,866 INFO Parsed 9500000 reads
2023-05-04 15:27:56,271 INFO Parsed 9600000 reads
2023-05-04 15:27:59,667 INFO Parsed 9700000 reads
2023-05-04 15:28:03,105 INFO Parsed 9800000 reads
2023-05-04 15:28:06,499 INFO Parsed 9900000 reads
2023-05-04 15:28:09,895 INFO Parsed 10000000 reads
2023-05-04 15:28:13,308 INFO Parsed 10100000 reads
2023-05-04 15:28:16,717 INFO Parsed 10200000 reads
2023-05-04 15:28:20,116 INFO Parsed 10300000 reads
2023-05-04 15:28:23,526 INFO Parsed 10400000 reads
2023-05-04 15:28:26,927 INFO Parsed 10500000 reads
2023-05-04 15:28:30,346 INFO Parsed 10600000 reads
2023-05-04 15:28:33,756 INFO Parsed 10700000 reads
2023-05-04 15:28:37,178 INFO Parsed 10800000 reads
2023-05-04 15:28:40,592 INFO Parsed 10900000 reads
2023-05-04 15:28:44,004 INFO Parsed 11000000 reads
2023-05-04 15:28:47,412 INFO Parsed 11100000 reads
2023-05-04 15:28:50,832 INFO Parsed 11200000 reads
2023-05-04 15:28:54,235 INFO Parsed 11300000 reads
2023-05-04 15:28:57,640 INFO Parsed 11400000 reads
2023-05-04 15:29:01,052 INFO Parsed 11500000 reads
2023-05-04 15:29:04,474 INFO Parsed 11600000 reads
2023-05-04 15:29:07,887 INFO Parsed 11700000 reads
2023-05-04 15:29:11,347 INFO Parsed 11800000 reads
2023-05-04 15:29:14,914 INFO Parsed 11900000 reads
2023-05-04 15:29:18,411 INFO Parsed 12000000 reads
2023-05-04 15:29:21,817 INFO Parsed 12100000 reads
2023-05-04 15:29:25,216 INFO Parsed 12200000 reads
2023-05-04 15:29:28,641 INFO Parsed 12300000 reads
2023-05-04 15:29:32,053 INFO Parsed 12400000 reads
2023-05-04 15:29:35,461 INFO Parsed 12500000 reads
2023-05-04 15:29:38,870 INFO Parsed 12600000 reads
2023-05-04 15:29:42,302 INFO Parsed 12700000 reads
2023-05-04 15:29:45,806 INFO Parsed 12800000 reads
2023-05-04 15:29:49,419 INFO Parsed 12900000 reads
2023-05-04 15:29:52,839 INFO Parsed 13000000 reads
2023-05-04 15:29:56,242 INFO Parsed 13100000 reads
2023-05-04 15:29:59,670 INFO Parsed 13200000 reads
2023-05-04 15:30:03,091 INFO Parsed 13300000 reads
2023-05-04 15:30:06,492 INFO Parsed 13400000 reads
2023-05-04 15:30:09,994 INFO Parsed 13500000 reads
2023-05-04 15:30:13,605 INFO Parsed 13600000 reads
2023-05-04 15:30:17,224 INFO Parsed 13700000 reads
2023-05-04 15:30:20,793 INFO Parsed 13800000 reads
2023-05-04 15:30:24,421 INFO Parsed 13900000 reads
2023-05-04 15:30:28,117 INFO Parsed 14000000 reads
2023-05-04 15:30:31,794 INFO Parsed 14100000 reads
2023-05-04 15:30:35,256 INFO Parsed 14200000 reads
2023-05-04 15:30:38,652 INFO Parsed 14300000 reads
2023-05-04 15:30:42,221 INFO Parsed 14400000 reads
2023-05-04 15:30:45,874 INFO Parsed 14500000 reads
2023-05-04 15:30:49,596 INFO Parsed 14600000 reads
2023-05-04 15:30:53,360 INFO Parsed 14700000 reads
2023-05-04 15:31:03,957 INFO Parsed 14800000 reads
2023-05-04 15:31:07,440 INFO Parsed 14900000 reads
2023-05-04 15:31:10,878 INFO Parsed 15000000 reads
2023-05-04 15:31:14,325 INFO Parsed 15100000 reads
2023-05-04 15:31:17,791 INFO Parsed 15200000 reads
2023-05-04 15:31:21,260 INFO Parsed 15300000 reads
2023-05-04 15:31:24,909 INFO Parsed 15400000 reads
2023-05-04 15:31:34,780 INFO Parsed 15500000 reads
2023-05-04 15:31:38,193 INFO Parsed 15600000 reads
2023-05-04 15:31:41,612 INFO Parsed 15700000 reads
2023-05-04 15:31:45,095 INFO Parsed 15800000 reads
2023-05-04 15:32:02,054 INFO Parsed 15900000 reads
2023-05-04 15:32:07,496 INFO Parsed 16000000 reads
2023-05-04 15:32:12,406 INFO Parsed 16100000 reads
2023-05-04 15:32:17,337 INFO Parsed 16200000 reads
2023-05-04 15:32:22,295 INFO Parsed 16300000 reads
2023-05-04 15:32:27,394 INFO Parsed 16400000 reads
2023-05-04 15:32:32,488 INFO Parsed 16500000 reads
2023-05-04 15:32:39,003 INFO Parsed 16600000 reads
2023-05-04 15:32:43,950 INFO Parsed 16700000 reads
2023-05-04 15:32:48,957 INFO Parsed 16800000 reads
2023-05-04 15:32:53,872 INFO Parsed 16900000 reads
2023-05-04 15:32:58,847 INFO Parsed 17000000 reads
2023-05-04 15:33:03,555 INFO Parsed 17100000 reads
2023-05-04 15:33:07,764 INFO Parsed 17200000 reads
2023-05-04 15:33:11,676 INFO Parsed 17300000 reads
2023-05-04 15:33:15,249 INFO Parsed 17400000 reads
2023-05-04 15:33:18,668 INFO Parsed 17500000 reads
2023-05-04 15:33:22,333 INFO Parsed 17600000 reads
2023-05-04 15:33:26,021 INFO Parsed 17700000 reads
2023-05-04 15:33:29,431 INFO Parsed 17800000 reads
2023-05-04 15:33:32,850 INFO Parsed 17900000 reads
2023-05-04 15:33:36,274 INFO Parsed 18000000 reads
2023-05-04 15:33:39,735 INFO Parsed 18100000 reads
2023-05-04 15:33:43,213 INFO Parsed 18200000 reads
2023-05-04 15:33:46,676 INFO Parsed 18300000 reads
2023-05-04 15:33:50,118 INFO Parsed 18400000 reads
2023-05-04 15:33:53,590 INFO Parsed 18500000 reads
2023-05-04 15:33:57,043 INFO Parsed 18600000 reads
2023-05-04 15:34:00,585 INFO Parsed 18700000 reads
2023-05-04 15:34:04,316 INFO Parsed 18800000 reads
2023-05-04 15:34:07,970 INFO Parsed 18900000 reads
2023-05-04 15:34:11,433 INFO Parsed 19000000 reads
2023-05-04 15:34:15,328 INFO Parsed 19100000 reads
2023-05-04 15:34:18,763 INFO Parsed 19200000 reads
2023-05-04 15:34:22,180 INFO Parsed 19300000 reads
2023-05-04 15:34:25,602 INFO Parsed 19400000 reads
2023-05-04 15:34:29,080 INFO Parsed 19500000 reads
2023-05-04 15:34:33,450 INFO Parsed 19600000 reads
2023-05-04 15:34:38,035 INFO Parsed 19700000 reads
2023-05-04 15:34:41,582 INFO Parsed 19800000 reads
2023-05-04 15:34:45,038 INFO Parsed 19900000 reads
2023-05-04 15:34:48,500 INFO Parsed 20000000 reads
2023-05-04 15:34:52,002 INFO Parsed 20100000 reads
2023-05-04 15:34:55,501 INFO Parsed 20200000 reads
2023-05-04 15:34:59,166 INFO Parsed 20300000 reads
2023-05-04 15:35:02,757 INFO Parsed 20400000 reads
2023-05-04 15:35:06,196 INFO Parsed 20500000 reads
2023-05-04 15:35:09,693 INFO Parsed 20600000 reads
2023-05-04 15:35:13,224 INFO Parsed 20700000 reads
2023-05-04 15:35:16,756 INFO Parsed 20800000 reads
2023-05-04 15:35:20,552 INFO Parsed 20900000 reads
2023-05-04 15:35:24,381 INFO Parsed 21000000 reads
2023-05-04 15:35:28,193 INFO Parsed 21100000 reads
2023-05-04 15:35:32,029 INFO Parsed 21200000 reads
2023-05-04 15:35:35,879 INFO Parsed 21300000 reads
2023-05-04 15:35:39,735 INFO Parsed 21400000 reads
2023-05-04 15:35:43,651 INFO Parsed 21500000 reads
2023-05-04 15:35:47,517 INFO Parsed 21600000 reads
2023-05-04 15:35:51,406 INFO Parsed 21700000 reads
2023-05-04 15:35:55,279 INFO Parsed 21800000 reads
2023-05-04 15:35:58,992 INFO Parsed 21900000 reads
2023-05-04 15:36:02,814 INFO Parsed 22000000 reads
2023-05-04 15:36:06,646 INFO Parsed 22100000 reads
2023-05-04 15:36:10,663 INFO Parsed 22200000 reads
2023-05-04 15:36:14,570 INFO Parsed 22300000 reads
2023-05-04 15:36:18,440 INFO Parsed 22400000 reads
2023-05-04 15:36:22,338 INFO Parsed 22500000 reads
2023-05-04 15:36:36,603 INFO Parsed 22600000 reads
2023-05-04 15:36:40,962 INFO Parsed 22700000 reads
2023-05-04 15:36:44,667 INFO Parsed 22800000 reads
2023-05-04 15:36:48,253 INFO Parsed 22900000 reads
2023-05-04 15:36:51,796 INFO Parsed 23000000 reads
2023-05-04 15:36:55,256 INFO Parsed 23100000 reads
2023-05-04 15:36:58,717 INFO Parsed 23200000 reads
2023-05-04 15:37:02,158 INFO Parsed 23300000 reads
2023-05-04 15:37:05,656 INFO Parsed 23400000 reads
2023-05-04 15:37:24,878 INFO Parsed 23500000 reads
2023-05-04 15:37:28,374 INFO Parsed 23600000 reads
2023-05-04 15:37:31,781 INFO Parsed 23700000 reads
2023-05-04 15:37:35,214 INFO Parsed 23800000 reads
2023-05-04 15:37:38,629 INFO Parsed 23900000 reads
2023-05-04 15:37:41,979 INFO Parsed 24000000 reads
2023-05-04 15:37:45,418 INFO Parsed 24100000 reads
2023-05-04 15:37:48,870 INFO Parsed 24200000 reads
2023-05-04 15:37:52,283 INFO Parsed 24300000 reads
2023-05-04 15:37:55,662 INFO Parsed 24400000 reads
2023-05-04 15:37:59,602 INFO Parsed 24500000 reads
2023-05-04 15:38:03,077 INFO Parsed 24600000 reads
2023-05-04 15:38:06,576 INFO Parsed 24700000 reads
2023-05-04 15:38:10,069 INFO Parsed 24800000 reads
2023-05-04 15:38:13,504 INFO Parsed 24900000 reads
2023-05-04 15:38:16,942 INFO Parsed 25000000 reads
2023-05-04 15:38:20,449 INFO Parsed 25100000 reads
2023-05-04 15:38:23,906 INFO Parsed 25200000 reads
2023-05-04 15:38:27,384 INFO Parsed 25300000 reads
2023-05-04 15:38:31,359 INFO Parsed 25400000 reads
2023-05-04 15:38:34,841 INFO Parsed 25500000 reads
2023-05-04 15:38:38,357 INFO Parsed 25600000 reads
2023-05-04 15:38:41,929 INFO Parsed 25700000 reads
2023-05-04 15:38:45,530 INFO Parsed 25800000 reads
2023-05-04 15:38:49,099 INFO Parsed 25900000 reads
2023-05-04 15:38:52,674 INFO Parsed 26000000 reads
2023-05-04 15:38:56,321 INFO Parsed 26100000 reads
2023-05-04 15:38:59,888 INFO Parsed 26200000 reads
2023-05-04 15:39:03,484 INFO Parsed 26300000 reads
2023-05-04 15:39:07,227 INFO Parsed 26400000 reads
2023-05-04 15:39:10,809 INFO Parsed 26500000 reads
2023-05-04 15:39:14,707 INFO Parsed 26600000 reads
2023-05-04 15:39:18,404 INFO Parsed 26700000 reads
2023-05-04 15:39:22,261 INFO Parsed 26800000 reads
2023-05-04 15:39:26,151 INFO Parsed 26900000 reads
2023-05-04 15:39:30,131 INFO Parsed 27000000 reads
2023-05-04 15:39:37,346 INFO Parsed 27100000 reads
2023-05-04 15:39:37,718 INFO Input Reads: 27109300
2023-05-04 15:39:37,718 INFO regex matches read1: 23275149
2023-05-04 15:39:37,718 INFO Reads output: 23275149
2023-05-04 15:39:37,718 INFO regex does not match read1: 3834151
# job finished in 1031 seconds at Thu May  4 15:39:37 2023 -- 969.34  2.08  0.00  0.00 -- ab0bc9c9-754a-4206-bb0e-5713612e78ed
[Thu May  4 15:39:39 2023]
Finished job 0.
1 of 1 steps (100%) done
[Thu May  4 15:39:40 2023]
Finished job 0.
1 of 1 steps (100%) done
