
        ==========     _____ _    _ ____  _____  ______          _____  
        =====         / ____| |  | |  _ \|  __ \|  ____|   /\   |  __ \ 
          =====      | (___ | |  | | |_) | |__) | |__     /  \  | |  | |
            ====      \___ \| |  | |  _ <|  _  /|  __|   / /\ \ | |  | |
              ====    ____) | |__| | |_) | | \ \| |____ / ____ \| |__| |
        ==========   |_____/ \____/|____/|_|  \_\______/_/    \_\_____/
	  v2.0.3

//========================== featureCounts setting ===========================\\
||                                                                            ||
||             Input files : 1 BAM file                                       ||
||                                                                            ||
||                           Aligned.sortedByCoord.out.bam                    ||
||                                                                            ||
||             Output file : 218_MSI.tab                                      ||
||                 Summary : 218_MSI.tab.summary                              ||
||              Paired-end : no                                               ||
||        Count read pairs : no                                               ||
||              Annotation : gencode.v38.primary_assembly.annotation.gtf. ... ||
||      Dir for temp files : results/quant/star/featureCounts                 ||
||                                                                            ||
||                 Threads : 8                                                ||
||                   Level : meta-feature level                               ||
||      Multimapping reads : not counted                                      ||
|| Multi-overlapping reads : not counted                                      ||
||   Min overlapping bases : 1                                                ||
||                                                                            ||
\\============================================================================//

//================================= Running ==================================\\
||                                                                            ||
|| Load annotation file gencode.v38.primary_assembly.annotation.gtf.gz ...    ||
||    Features : 60708                                                        ||
||    Meta-features : 60708                                                   ||
||    Chromosomes/contigs : 47                                                ||
||                                                                            ||
|| Process BAM file Aligned.sortedByCoord.out.bam...                          ||
||    Strand specific : stranded                                              ||
||    Single-end reads are included.                                          ||
||    Total alignments : 23925278                                             ||
||    Successfully assigned alignments : 8630261 (36.1%)                      ||
||    Running time : 0.08 minutes                                             ||
||                                                                            ||
|| Write the final count table.                                               ||
|| Write the read assignment summary.                                         ||
||                                                                            ||
|| Summary of counting results can be found in file "results/quant/star/feat  ||
|| ureCounts/218_MSI.tab.summary"                                             ||
||                                                                            ||
\\============================================================================//

