                                 Started job on |	May 05 12:55:45
                             Started mapping on |	May 05 12:55:57
                                    Finished on |	May 05 12:58:21
       Mapping speed, Million of reads per hour |	256.40

                          Number of input reads |	10256007
                      Average input read length |	64
                                    UNIQUE READS:
                   Uniquely mapped reads number |	5505919
                        Uniquely mapped reads % |	53.68%
                          Average mapped length |	63.65
                       Number of splices: Total |	103050
            Number of splices: Annotated (sjdb) |	0
                       Number of splices: GT/AG |	92170
                       Number of splices: GC/AG |	1171
                       Number of splices: AT/AC |	39
               Number of splices: Non-canonical |	9670
                      Mismatch rate per base, % |	1.43%
                         Deletion rate per base |	0.15%
                        Deletion average length |	1.84
                        Insertion rate per base |	0.01%
                       Insertion average length |	1.27
                             MULTI-MAPPING READS:
        Number of reads mapped to multiple loci |	4318551
             % of reads mapped to multiple loci |	42.11%
        Number of reads mapped to too many loci |	184104
             % of reads mapped to too many loci |	1.80%
                                  UNMAPPED READS:
  Number of reads unmapped: too many mismatches |	0
       % of reads unmapped: too many mismatches |	0.00%
            Number of reads unmapped: too short |	217470
                 % of reads unmapped: too short |	2.12%
                Number of reads unmapped: other |	29963
                     % of reads unmapped: other |	0.29%
                                  CHIMERIC READS:
                       Number of chimeric reads |	0
                            % of chimeric reads |	0.00%
