java -ea -Xmx6554M -Xms6554M -cp /home/dcaceres/cluster_rnaseq/.snakemake/conda/8404c95e30e67f79886528e582d02a1e_/opt/bbmap-39.01-1/current/ jgi.BBDuk -Xmx6554M t=8 in=/storage/scratch01/users/dcaceres/MSI_RNAseq_Arantxa/results/reads/umis/112_MSI_R1.fastq.gz ref=resources/trimming/adapters.fa ktrim=r k=13 mink=5 hdist=1 useshortkmers=t qtrim=r trimq=10 minlength=20 out=/storage/scratch01/users/dcaceres/MSI_RNAseq_Arantxa/results/trimmed/112_MSI/112_MSI_R1.fastq.gz outs=/storage/scratch01/users/dcaceres/MSI_RNAseq_Arantxa/results/trimmed/112_MSI/112_MSI.single.fastq.gz outm=/storage/scratch01/users/dcaceres/MSI_RNAseq_Arantxa/results/trimmed/112_MSI/112_MSI.discarded.fastq.gz stats=/storage/scratch01/users/dcaceres/MSI_RNAseq_Arantxa/results/trimmed/112_MSI/112_MSI.stats.txt
Executing jgi.BBDuk [-Xmx6554M, t=8, in=/storage/scratch01/users/dcaceres/MSI_RNAseq_Arantxa/results/reads/umis/112_MSI_R1.fastq.gz, ref=resources/trimming/adapters.fa, ktrim=r, k=13, mink=5, hdist=1, useshortkmers=t, qtrim=r, trimq=10, minlength=20, out=/storage/scratch01/users/dcaceres/MSI_RNAseq_Arantxa/results/trimmed/112_MSI/112_MSI_R1.fastq.gz, outs=/storage/scratch01/users/dcaceres/MSI_RNAseq_Arantxa/results/trimmed/112_MSI/112_MSI.single.fastq.gz, outm=/storage/scratch01/users/dcaceres/MSI_RNAseq_Arantxa/results/trimmed/112_MSI/112_MSI.discarded.fastq.gz, stats=/storage/scratch01/users/dcaceres/MSI_RNAseq_Arantxa/results/trimmed/112_MSI/112_MSI.stats.txt]
Version 39.01

Set threads to 8
maskMiddle was disabled because useShortKmers=true
0.026 seconds.
Initial:
Memory: max=6874m, total=6874m, free=6849m, used=25m

Added 74763 kmers; time: 	0.082 seconds.
Memory: max=6874m, total=6874m, free=6834m, used=40m

Input is being processed as unpaired
Started output streams:	0.329 seconds.
Processing time:   		26.476 seconds.

Input:                  	13149127 reads 		999333652 bases.
QTrimmed:               	1043 reads (0.01%) 	9380 bases (0.00%)
KTrimmed:               	10057413 reads (76.49%) 	193840381 bases (19.40%)
Total Removed:          	936589 reads (7.12%) 	193849761 bases (19.40%)
Result:                 	12212538 reads (92.88%) 	805483891 bases (80.60%)

Time:                         	26.916 seconds.
Reads Processed:      13149k 	488.53k reads/sec
Bases Processed:        999m 	37.13m bases/sec
