java -ea -Xmx6554M -Xms6554M -cp /home/dcaceres/cluster_rnaseq/.snakemake/conda/8404c95e30e67f79886528e582d02a1e_/opt/bbmap-39.01-0/current/ jgi.BBDuk -Xmx6554M t=8 in=results/reads/umis/120_MSI_R1.fastq.gz ref=resources/trimming/adapters.fa ktrim=r k=13 mink=5 hdist=1 useshortkmers=t qtrim=r trimq=10 minlength=20 out=results/trimmed/120_MSI/120_MSI_R1.fastq.gz outs=results/trimmed/120_MSI/120_MSI.single.fastq.gz outm=results/trimmed/120_MSI/120_MSI.discarded.fastq.gz stats=results/trimmed/120_MSI/120_MSI.stats.txt
Executing jgi.BBDuk [-Xmx6554M, t=8, in=results/reads/umis/120_MSI_R1.fastq.gz, ref=resources/trimming/adapters.fa, ktrim=r, k=13, mink=5, hdist=1, useshortkmers=t, qtrim=r, trimq=10, minlength=20, out=results/trimmed/120_MSI/120_MSI_R1.fastq.gz, outs=results/trimmed/120_MSI/120_MSI.single.fastq.gz, outm=results/trimmed/120_MSI/120_MSI.discarded.fastq.gz, stats=results/trimmed/120_MSI/120_MSI.stats.txt]
Version 39.01

Set threads to 8
maskMiddle was disabled because useShortKmers=true
0.026 seconds.
Initial:
Memory: max=6874m, total=6874m, free=6849m, used=25m

Added 74763 kmers; time: 	0.065 seconds.
Memory: max=6874m, total=6874m, free=6832m, used=42m

Input is being processed as unpaired
Started output streams:	0.175 seconds.
Processing time:   		32.704 seconds.

Input:                  	13994643 reads 		1063592868 bases.
QTrimmed:               	9713 reads (0.07%) 	256101 bases (0.02%)
KTrimmed:               	10864909 reads (77.64%) 	221143026 bases (20.79%)
Total Removed:          	1208796 reads (8.64%) 	221399127 bases (20.82%)
Result:                 	12785847 reads (91.36%) 	842193741 bases (79.18%)

Time:                         	32.993 seconds.
Reads Processed:      13994k 	424.18k reads/sec
Bases Processed:       1063m 	32.24m bases/sec
