java -ea -Xmx6554M -Xms6554M -cp /home/dcaceres/cluster_rnaseq/.snakemake/conda/8404c95e30e67f79886528e582d02a1e_/opt/bbmap-39.01-0/current/ jgi.BBDuk -Xmx6554M t=8 in=results/reads/umis/121_MSI_R1.fastq.gz ref=resources/trimming/adapters.fa ktrim=r k=13 mink=5 hdist=1 useshortkmers=t qtrim=r trimq=10 minlength=20 out=results/trimmed/121_MSI/121_MSI_R1.fastq.gz outs=results/trimmed/121_MSI/121_MSI.single.fastq.gz outm=results/trimmed/121_MSI/121_MSI.discarded.fastq.gz stats=results/trimmed/121_MSI/121_MSI.stats.txt
Executing jgi.BBDuk [-Xmx6554M, t=8, in=results/reads/umis/121_MSI_R1.fastq.gz, ref=resources/trimming/adapters.fa, ktrim=r, k=13, mink=5, hdist=1, useshortkmers=t, qtrim=r, trimq=10, minlength=20, out=results/trimmed/121_MSI/121_MSI_R1.fastq.gz, outs=results/trimmed/121_MSI/121_MSI.single.fastq.gz, outm=results/trimmed/121_MSI/121_MSI.discarded.fastq.gz, stats=results/trimmed/121_MSI/121_MSI.stats.txt]
Version 39.01

Set threads to 8
maskMiddle was disabled because useShortKmers=true
0.027 seconds.
Initial:
Memory: max=6874m, total=6874m, free=6849m, used=25m

Added 74763 kmers; time: 	0.092 seconds.
Memory: max=6874m, total=6874m, free=6836m, used=38m

Input is being processed as unpaired
Started output streams:	0.208 seconds.
Processing time:   		32.806 seconds.

Input:                  	14740958 reads 		1120312808 bases.
QTrimmed:               	5335 reads (0.04%) 	140334 bases (0.01%)
KTrimmed:               	13373622 reads (90.72%) 	671219865 bases (59.91%)
Total Removed:          	7285981 reads (49.43%) 	671360199 bases (59.93%)
Result:                 	7454977 reads (50.57%) 	448952609 bases (40.07%)

Time:                         	33.292 seconds.
Reads Processed:      14740k 	442.77k reads/sec
Bases Processed:       1120m 	33.65m bases/sec
