java -ea -Xmx6554M -Xms6554M -cp /home/dcaceres/cluster_rnaseq/.snakemake/conda/8404c95e30e67f79886528e582d02a1e_/opt/bbmap-39.01-0/current/ jgi.BBDuk -Xmx6554M t=8 in=results/reads/umis/150_MSI_R1.fastq.gz ref=resources/trimming/adapters.fa ktrim=r k=13 mink=5 hdist=1 useshortkmers=t qtrim=r trimq=10 minlength=20 out=results/trimmed/150_MSI/150_MSI_R1.fastq.gz outs=results/trimmed/150_MSI/150_MSI.single.fastq.gz outm=results/trimmed/150_MSI/150_MSI.discarded.fastq.gz stats=results/trimmed/150_MSI/150_MSI.stats.txt
Executing jgi.BBDuk [-Xmx6554M, t=8, in=results/reads/umis/150_MSI_R1.fastq.gz, ref=resources/trimming/adapters.fa, ktrim=r, k=13, mink=5, hdist=1, useshortkmers=t, qtrim=r, trimq=10, minlength=20, out=results/trimmed/150_MSI/150_MSI_R1.fastq.gz, outs=results/trimmed/150_MSI/150_MSI.single.fastq.gz, outm=results/trimmed/150_MSI/150_MSI.discarded.fastq.gz, stats=results/trimmed/150_MSI/150_MSI.stats.txt]
Version 39.01

Set threads to 8
maskMiddle was disabled because useShortKmers=true
0.018 seconds.
Initial:
Memory: max=6874m, total=6874m, free=6849m, used=25m

Added 74763 kmers; time: 	0.072 seconds.
Memory: max=6874m, total=6874m, free=6836m, used=38m

Input is being processed as unpaired
Started output streams:	0.085 seconds.
Processing time:   		20.403 seconds.

Input:                  	10314531 reads 		783904356 bases.
QTrimmed:               	673 reads (0.01%) 	7257 bases (0.00%)
KTrimmed:               	8227070 reads (79.76%) 	305677298 bases (38.99%)
Total Removed:          	3166824 reads (30.70%) 	305684555 bases (39.00%)
Result:                 	7147707 reads (69.30%) 	478219801 bases (61.00%)

Time:                         	20.640 seconds.
Reads Processed:      10314k 	499.74k reads/sec
Bases Processed:        783m 	37.98m bases/sec
