java -ea -Xmx6554M -Xms6554M -cp /home/dcaceres/cluster_rnaseq/.snakemake/conda/8404c95e30e67f79886528e582d02a1e_/opt/bbmap-39.01-0/current/ jgi.BBDuk -Xmx6554M t=8 in=results/reads/umis/162_MSI_R1.fastq.gz ref=resources/trimming/adapters.fa ktrim=r k=13 mink=5 hdist=1 useshortkmers=t qtrim=r trimq=10 minlength=20 out=results/trimmed/162_MSI/162_MSI_R1.fastq.gz outs=results/trimmed/162_MSI/162_MSI.single.fastq.gz outm=results/trimmed/162_MSI/162_MSI.discarded.fastq.gz stats=results/trimmed/162_MSI/162_MSI.stats.txt
Executing jgi.BBDuk [-Xmx6554M, t=8, in=results/reads/umis/162_MSI_R1.fastq.gz, ref=resources/trimming/adapters.fa, ktrim=r, k=13, mink=5, hdist=1, useshortkmers=t, qtrim=r, trimq=10, minlength=20, out=results/trimmed/162_MSI/162_MSI_R1.fastq.gz, outs=results/trimmed/162_MSI/162_MSI.single.fastq.gz, outm=results/trimmed/162_MSI/162_MSI.discarded.fastq.gz, stats=results/trimmed/162_MSI/162_MSI.stats.txt]
Version 39.01

Set threads to 8
maskMiddle was disabled because useShortKmers=true
0.021 seconds.
Initial:
Memory: max=6874m, total=6874m, free=6849m, used=25m

Added 74763 kmers; time: 	0.079 seconds.
Memory: max=6874m, total=6874m, free=6832m, used=42m

Input is being processed as unpaired
Started output streams:	0.215 seconds.
Processing time:   		13.307 seconds.

Input:                  	12014492 reads 		913101392 bases.
QTrimmed:               	32 reads (0.00%) 	665 bases (0.00%)
KTrimmed:               	11966834 reads (99.60%) 	895796293 bases (98.10%)
Total Removed:          	11702962 reads (97.41%) 	895796958 bases (98.10%)
Result:                 	311530 reads (2.59%) 	17304434 bases (1.90%)

Time:                         	13.673 seconds.
Reads Processed:      12014k 	878.72k reads/sec
Bases Processed:        913m 	66.78m bases/sec
