java -ea -Xmx6554M -Xms6554M -cp /home/dcaceres/cluster_rnaseq/.snakemake/conda/8404c95e30e67f79886528e582d02a1e_/opt/bbmap-39.01-0/current/ jgi.BBDuk -Xmx6554M t=8 in=results/reads/umis/164_MSI_R1.fastq.gz ref=resources/trimming/adapters.fa ktrim=r k=13 mink=5 hdist=1 useshortkmers=t qtrim=r trimq=10 minlength=20 out=results/trimmed/164_MSI/164_MSI_R1.fastq.gz outs=results/trimmed/164_MSI/164_MSI.single.fastq.gz outm=results/trimmed/164_MSI/164_MSI.discarded.fastq.gz stats=results/trimmed/164_MSI/164_MSI.stats.txt
Executing jgi.BBDuk [-Xmx6554M, t=8, in=results/reads/umis/164_MSI_R1.fastq.gz, ref=resources/trimming/adapters.fa, ktrim=r, k=13, mink=5, hdist=1, useshortkmers=t, qtrim=r, trimq=10, minlength=20, out=results/trimmed/164_MSI/164_MSI_R1.fastq.gz, outs=results/trimmed/164_MSI/164_MSI.single.fastq.gz, outm=results/trimmed/164_MSI/164_MSI.discarded.fastq.gz, stats=results/trimmed/164_MSI/164_MSI.stats.txt]
Version 39.01

Set threads to 8
maskMiddle was disabled because useShortKmers=true
0.021 seconds.
Initial:
Memory: max=6874m, total=6874m, free=6849m, used=25m

Added 74763 kmers; time: 	0.064 seconds.
Memory: max=6874m, total=6874m, free=6830m, used=44m

Input is being processed as unpaired
Started output streams:	0.122 seconds.
Processing time:   		54.559 seconds.

Input:                  	16357253 reads 		1243151228 bases.
QTrimmed:               	1218 reads (0.01%) 	10679 bases (0.00%)
KTrimmed:               	12596462 reads (77.01%) 	296776333 bases (23.87%)
Total Removed:          	2100879 reads (12.84%) 	296787012 bases (23.87%)
Result:                 	14256374 reads (87.16%) 	946364216 bases (76.13%)

Time:                         	54.851 seconds.
Reads Processed:      16357k 	298.21k reads/sec
Bases Processed:       1243m 	22.66m bases/sec
