java -ea -Xmx6554M -Xms6554M -cp /home/dcaceres/cluster_rnaseq/.snakemake/conda/8404c95e30e67f79886528e582d02a1e_/opt/bbmap-39.01-0/current/ jgi.BBDuk -Xmx6554M t=8 in=results/reads/umis/167_MSI_R1.fastq.gz ref=resources/trimming/adapters.fa ktrim=r k=13 mink=5 hdist=1 useshortkmers=t qtrim=r trimq=10 minlength=20 out=results/trimmed/167_MSI/167_MSI_R1.fastq.gz outs=results/trimmed/167_MSI/167_MSI.single.fastq.gz outm=results/trimmed/167_MSI/167_MSI.discarded.fastq.gz stats=results/trimmed/167_MSI/167_MSI.stats.txt
Executing jgi.BBDuk [-Xmx6554M, t=8, in=results/reads/umis/167_MSI_R1.fastq.gz, ref=resources/trimming/adapters.fa, ktrim=r, k=13, mink=5, hdist=1, useshortkmers=t, qtrim=r, trimq=10, minlength=20, out=results/trimmed/167_MSI/167_MSI_R1.fastq.gz, outs=results/trimmed/167_MSI/167_MSI.single.fastq.gz, outm=results/trimmed/167_MSI/167_MSI.discarded.fastq.gz, stats=results/trimmed/167_MSI/167_MSI.stats.txt]
Version 39.01

Set threads to 8
maskMiddle was disabled because useShortKmers=true
0.083 seconds.
Initial:
Memory: max=6874m, total=6874m, free=6849m, used=25m

Added 75046 kmers; time: 	0.263 seconds.
Memory: max=6874m, total=6874m, free=6832m, used=42m

Input is being processed as unpaired
Started output streams:	0.271 seconds.
Processing time:   		44.544 seconds.

Input:                  	17828184 reads 		1354941984 bases.
QTrimmed:               	1220 reads (0.01%) 	11605 bases (0.00%)
KTrimmed:               	14565752 reads (81.70%) 	358298207 bases (26.44%)
Total Removed:          	1967290 reads (11.03%) 	358309812 bases (26.44%)
Result:                 	15860894 reads (88.97%) 	996632172 bases (73.56%)

Time:                         	45.173 seconds.
Reads Processed:      17828k 	394.67k reads/sec
Bases Processed:       1354m 	29.99m bases/sec
