java -ea -Xmx6554M -Xms6554M -cp /home/dcaceres/cluster_rnaseq/.snakemake/conda/8404c95e30e67f79886528e582d02a1e_/opt/bbmap-39.01-0/current/ jgi.BBDuk -Xmx6554M t=8 in=results/reads/umis/168_MSI_R1.fastq.gz ref=resources/trimming/adapters.fa ktrim=r k=13 mink=5 hdist=1 useshortkmers=t qtrim=r trimq=10 minlength=20 out=results/trimmed/168_MSI/168_MSI_R1.fastq.gz outs=results/trimmed/168_MSI/168_MSI.single.fastq.gz outm=results/trimmed/168_MSI/168_MSI.discarded.fastq.gz stats=results/trimmed/168_MSI/168_MSI.stats.txt
Executing jgi.BBDuk [-Xmx6554M, t=8, in=results/reads/umis/168_MSI_R1.fastq.gz, ref=resources/trimming/adapters.fa, ktrim=r, k=13, mink=5, hdist=1, useshortkmers=t, qtrim=r, trimq=10, minlength=20, out=results/trimmed/168_MSI/168_MSI_R1.fastq.gz, outs=results/trimmed/168_MSI/168_MSI.single.fastq.gz, outm=results/trimmed/168_MSI/168_MSI.discarded.fastq.gz, stats=results/trimmed/168_MSI/168_MSI.stats.txt]
Version 39.01

Set threads to 8
maskMiddle was disabled because useShortKmers=true
0.020 seconds.
Initial:
Memory: max=6874m, total=6874m, free=6849m, used=25m

Added 74763 kmers; time: 	0.061 seconds.
Memory: max=6874m, total=6874m, free=6834m, used=40m

Input is being processed as unpaired
Started output streams:	0.141 seconds.
Processing time:   		26.838 seconds.

Input:                  	10220479 reads 		776756404 bases.
QTrimmed:               	632 reads (0.01%) 	7091 bases (0.00%)
KTrimmed:               	8325976 reads (81.46%) 	292969005 bases (37.72%)
Total Removed:          	2867334 reads (28.05%) 	292976096 bases (37.72%)
Result:                 	7353145 reads (71.95%) 	483780308 bases (62.28%)

Time:                         	27.084 seconds.
Reads Processed:      10220k 	377.36k reads/sec
Bases Processed:        776m 	28.68m bases/sec
