java -ea -Xmx6554M -Xms6554M -cp /home/dcaceres/cluster_rnaseq/.snakemake/conda/8404c95e30e67f79886528e582d02a1e_/opt/bbmap-39.01-0/current/ jgi.BBDuk -Xmx6554M t=8 in=results/reads/umis/171_MSI_R1.fastq.gz ref=resources/trimming/adapters.fa ktrim=r k=13 mink=5 hdist=1 useshortkmers=t qtrim=r trimq=10 minlength=20 out=results/trimmed/171_MSI/171_MSI_R1.fastq.gz outs=results/trimmed/171_MSI/171_MSI.single.fastq.gz outm=results/trimmed/171_MSI/171_MSI.discarded.fastq.gz stats=results/trimmed/171_MSI/171_MSI.stats.txt
Executing jgi.BBDuk [-Xmx6554M, t=8, in=results/reads/umis/171_MSI_R1.fastq.gz, ref=resources/trimming/adapters.fa, ktrim=r, k=13, mink=5, hdist=1, useshortkmers=t, qtrim=r, trimq=10, minlength=20, out=results/trimmed/171_MSI/171_MSI_R1.fastq.gz, outs=results/trimmed/171_MSI/171_MSI.single.fastq.gz, outm=results/trimmed/171_MSI/171_MSI.discarded.fastq.gz, stats=results/trimmed/171_MSI/171_MSI.stats.txt]
Version 39.01

Set threads to 8
maskMiddle was disabled because useShortKmers=true
0.021 seconds.
Initial:
Memory: max=6874m, total=6874m, free=6849m, used=25m

Added 75046 kmers; time: 	0.062 seconds.
Memory: max=6874m, total=6874m, free=6834m, used=40m

Input is being processed as unpaired
Started output streams:	0.133 seconds.
Processing time:   		41.317 seconds.

Input:                  	13239622 reads 		1006211272 bases.
QTrimmed:               	5705 reads (0.04%) 	149120 bases (0.01%)
KTrimmed:               	11627933 reads (87.83%) 	513845589 bases (51.07%)
Total Removed:          	5428157 reads (41.00%) 	513994709 bases (51.08%)
Result:                 	7811465 reads (59.00%) 	492216563 bases (48.92%)

Time:                         	41.568 seconds.
Reads Processed:      13239k 	318.51k reads/sec
Bases Processed:       1006m 	24.21m bases/sec
