java -ea -Xmx6554M -Xms6554M -cp /home/dcaceres/cluster_rnaseq/.snakemake/conda/8404c95e30e67f79886528e582d02a1e_/opt/bbmap-39.01-0/current/ jgi.BBDuk -Xmx6554M t=8 in=results/reads/umis/175_MSI_R1.fastq.gz ref=resources/trimming/adapters.fa ktrim=r k=13 mink=5 hdist=1 useshortkmers=t qtrim=r trimq=10 minlength=20 out=results/trimmed/175_MSI/175_MSI_R1.fastq.gz outs=results/trimmed/175_MSI/175_MSI.single.fastq.gz outm=results/trimmed/175_MSI/175_MSI.discarded.fastq.gz stats=results/trimmed/175_MSI/175_MSI.stats.txt
Executing jgi.BBDuk [-Xmx6554M, t=8, in=results/reads/umis/175_MSI_R1.fastq.gz, ref=resources/trimming/adapters.fa, ktrim=r, k=13, mink=5, hdist=1, useshortkmers=t, qtrim=r, trimq=10, minlength=20, out=results/trimmed/175_MSI/175_MSI_R1.fastq.gz, outs=results/trimmed/175_MSI/175_MSI.single.fastq.gz, outm=results/trimmed/175_MSI/175_MSI.discarded.fastq.gz, stats=results/trimmed/175_MSI/175_MSI.stats.txt]
Version 39.01

Set threads to 8
maskMiddle was disabled because useShortKmers=true
0.021 seconds.
Initial:
Memory: max=6874m, total=6874m, free=6849m, used=25m

Added 75046 kmers; time: 	0.113 seconds.
Memory: max=6874m, total=6874m, free=6836m, used=38m

Input is being processed as unpaired
Started output streams:	0.186 seconds.
Processing time:   		103.654 seconds.

Input:                  	44371804 reads 		3372257104 bases.
QTrimmed:               	3179 reads (0.01%) 	34205 bases (0.00%)
KTrimmed:               	36452473 reads (82.15%) 	921837774 bases (27.34%)
Total Removed:          	5075038 reads (11.44%) 	921871979 bases (27.34%)
Result:                 	39296766 reads (88.56%) 	2450385125 bases (72.66%)

Time:                         	104.015 seconds.
Reads Processed:      44371k 	426.59k reads/sec
Bases Processed:       3372m 	32.42m bases/sec
