java -ea -Xmx6554M -Xms6554M -cp /home/dcaceres/cluster_rnaseq/.snakemake/conda/8404c95e30e67f79886528e582d02a1e_/opt/bbmap-39.01-0/current/ jgi.BBDuk -Xmx6554M t=8 in=results/reads/umis/183_MSI_R1.fastq.gz ref=resources/trimming/adapters.fa ktrim=r k=13 mink=5 hdist=1 useshortkmers=t qtrim=r trimq=10 minlength=20 out=results/trimmed/183_MSI/183_MSI_R1.fastq.gz outs=results/trimmed/183_MSI/183_MSI.single.fastq.gz outm=results/trimmed/183_MSI/183_MSI.discarded.fastq.gz stats=results/trimmed/183_MSI/183_MSI.stats.txt
Executing jgi.BBDuk [-Xmx6554M, t=8, in=results/reads/umis/183_MSI_R1.fastq.gz, ref=resources/trimming/adapters.fa, ktrim=r, k=13, mink=5, hdist=1, useshortkmers=t, qtrim=r, trimq=10, minlength=20, out=results/trimmed/183_MSI/183_MSI_R1.fastq.gz, outs=results/trimmed/183_MSI/183_MSI.single.fastq.gz, outm=results/trimmed/183_MSI/183_MSI.discarded.fastq.gz, stats=results/trimmed/183_MSI/183_MSI.stats.txt]
Version 39.01

Set threads to 8
maskMiddle was disabled because useShortKmers=true
0.019 seconds.
Initial:
Memory: max=6874m, total=6874m, free=6849m, used=25m

Added 74763 kmers; time: 	0.216 seconds.
Memory: max=6874m, total=6874m, free=6834m, used=40m

Input is being processed as unpaired
Started output streams:	0.204 seconds.
Processing time:   		32.306 seconds.

Input:                  	13837395 reads 		1051642020 bases.
QTrimmed:               	884 reads (0.01%) 	9267 bases (0.00%)
KTrimmed:               	11598916 reads (83.82%) 	392861173 bases (37.36%)
Total Removed:          	3581388 reads (25.88%) 	392870440 bases (37.36%)
Result:                 	10256007 reads (74.12%) 	658771580 bases (62.64%)

Time:                         	32.780 seconds.
Reads Processed:      13837k 	422.13k reads/sec
Bases Processed:       1051m 	32.08m bases/sec
