java -ea -Xmx6554M -Xms6554M -cp /home/dcaceres/cluster_rnaseq/.snakemake/conda/8404c95e30e67f79886528e582d02a1e_/opt/bbmap-39.01-0/current/ jgi.BBDuk -Xmx6554M t=8 in=results/reads/umis/184_MSI_R1.fastq.gz ref=resources/trimming/adapters.fa ktrim=r k=13 mink=5 hdist=1 out=results/trimmed/184_MSI/184_MSI_R1.fastq.gz outs=results/trimmed/184_MSI/184_MSI.single.fastq.gz outm=results/trimmed/184_MSI/184_MSI.discarded.fastq.gz stats=results/trimmed/184_MSI/184_MSI.stats.txt
Executing jgi.BBDuk [-Xmx6554M, t=8, in=results/reads/umis/184_MSI_R1.fastq.gz, ref=resources/trimming/adapters.fa, ktrim=r, k=13, mink=5, hdist=1, out=results/trimmed/184_MSI/184_MSI_R1.fastq.gz, outs=results/trimmed/184_MSI/184_MSI.single.fastq.gz, outm=results/trimmed/184_MSI/184_MSI.discarded.fastq.gz, stats=results/trimmed/184_MSI/184_MSI.stats.txt]
Version 39.01

Set threads to 8
maskMiddle was disabled because useShortKmers=true
0.025 seconds.
Initial:
Memory: max=6874m, total=6874m, free=6849m, used=25m

Added 74134 kmers; time: 	0.100 seconds.
Memory: max=6874m, total=6874m, free=6834m, used=40m

Input is being processed as unpaired
Started output streams:	0.590 seconds.
Processing time:   		56.753 seconds.

Input:                  	20640726 reads 		1568695176 bases.
KTrimmed:               	14838217 reads (71.89%) 	180697214 bases (11.52%)
Total Removed:          	567976 reads (2.75%) 	180697214 bases (11.52%)
Result:                 	20072750 reads (97.25%) 	1387997962 bases (88.48%)

Time:                         	57.583 seconds.
Reads Processed:      20640k 	358.45k reads/sec
Bases Processed:       1568m 	27.24m bases/sec
