java -ea -Xmx6554M -Xms6554M -cp /home/dcaceres/cluster_rnaseq/.snakemake/conda/8404c95e30e67f79886528e582d02a1e_/opt/bbmap-39.01-0/current/ jgi.BBDuk -Xmx6554M t=8 in=results/reads/umis/187_MSI_R1.fastq.gz ref=resources/trimming/adapters.fa ktrim=r k=13 mink=5 hdist=1 useshortkmers=t qtrim=r trimq=10 minlength=20 out=results/trimmed/187_MSI/187_MSI_R1.fastq.gz outs=results/trimmed/187_MSI/187_MSI.single.fastq.gz outm=results/trimmed/187_MSI/187_MSI.discarded.fastq.gz stats=results/trimmed/187_MSI/187_MSI.stats.txt
Executing jgi.BBDuk [-Xmx6554M, t=8, in=results/reads/umis/187_MSI_R1.fastq.gz, ref=resources/trimming/adapters.fa, ktrim=r, k=13, mink=5, hdist=1, useshortkmers=t, qtrim=r, trimq=10, minlength=20, out=results/trimmed/187_MSI/187_MSI_R1.fastq.gz, outs=results/trimmed/187_MSI/187_MSI.single.fastq.gz, outm=results/trimmed/187_MSI/187_MSI.discarded.fastq.gz, stats=results/trimmed/187_MSI/187_MSI.stats.txt]
Version 39.01

Set threads to 8
maskMiddle was disabled because useShortKmers=true
0.024 seconds.
Initial:
Memory: max=6874m, total=6874m, free=6849m, used=25m

Added 74763 kmers; time: 	0.107 seconds.
Memory: max=6874m, total=6874m, free=6832m, used=42m

Input is being processed as unpaired
Started output streams:	0.177 seconds.
Processing time:   		7.419 seconds.

Input:                  	2561400 reads 		194666400 bases.
QTrimmed:               	145 reads (0.01%) 	1436 bases (0.00%)
KTrimmed:               	2204836 reads (86.08%) 	88774819 bases (45.60%)
Total Removed:          	900652 reads (35.16%) 	88776255 bases (45.60%)
Result:                 	1660748 reads (64.84%) 	105890145 bases (54.40%)

Time:                         	7.799 seconds.
Reads Processed:       2561k 	328.41k reads/sec
Bases Processed:        194m 	24.96m bases/sec
