java -ea -Xmx6554M -Xms6554M -cp /home/dcaceres/cluster_rnaseq/.snakemake/conda/8404c95e30e67f79886528e582d02a1e_/opt/bbmap-39.01-0/current/ jgi.BBDuk -Xmx6554M t=8 in=results/reads/umis/195_MSI_R1.fastq.gz ref=resources/trimming/adapters.fa ktrim=r k=13 mink=5 hdist=1 out=results/trimmed/195_MSI/195_MSI_R1.fastq.gz outs=results/trimmed/195_MSI/195_MSI.single.fastq.gz outm=results/trimmed/195_MSI/195_MSI.discarded.fastq.gz stats=results/trimmed/195_MSI/195_MSI.stats.txt
Executing jgi.BBDuk [-Xmx6554M, t=8, in=results/reads/umis/195_MSI_R1.fastq.gz, ref=resources/trimming/adapters.fa, ktrim=r, k=13, mink=5, hdist=1, out=results/trimmed/195_MSI/195_MSI_R1.fastq.gz, outs=results/trimmed/195_MSI/195_MSI.single.fastq.gz, outm=results/trimmed/195_MSI/195_MSI.discarded.fastq.gz, stats=results/trimmed/195_MSI/195_MSI.stats.txt]
Version 39.01

Set threads to 8
maskMiddle was disabled because useShortKmers=true
0.018 seconds.
Initial:
Memory: max=6874m, total=6874m, free=6849m, used=25m

Added 74134 kmers; time: 	0.059 seconds.
Memory: max=6874m, total=6874m, free=6836m, used=38m

Input is being processed as unpaired
Started output streams:	0.114 seconds.
Processing time:   		35.384 seconds.

Input:                  	12456120 reads 		946665120 bases.
KTrimmed:               	9444701 reads (75.82%) 	114958398 bases (12.14%)
Total Removed:          	276938 reads (2.22%) 	114958398 bases (12.14%)
Result:                 	12179182 reads (97.78%) 	831706722 bases (87.86%)

Time:                         	35.716 seconds.
Reads Processed:      12456k 	348.75k reads/sec
Bases Processed:        946m 	26.51m bases/sec
