java -ea -Xmx6554M -Xms6554M -cp /home/dcaceres/cluster_rnaseq/.snakemake/conda/8404c95e30e67f79886528e582d02a1e_/opt/bbmap-39.01-0/current/ jgi.BBDuk -Xmx6554M t=8 in=results/reads/umis/226_MSI_R1.fastq.gz ref=resources/trimming/adapters.fa ktrim=r k=13 mink=5 hdist=1 useshortkmers=t qtrim=r trimq=10 minlength=20 out=results/trimmed/226_MSI/226_MSI_R1.fastq.gz outs=results/trimmed/226_MSI/226_MSI.single.fastq.gz outm=results/trimmed/226_MSI/226_MSI.discarded.fastq.gz stats=results/trimmed/226_MSI/226_MSI.stats.txt
Executing jgi.BBDuk [-Xmx6554M, t=8, in=results/reads/umis/226_MSI_R1.fastq.gz, ref=resources/trimming/adapters.fa, ktrim=r, k=13, mink=5, hdist=1, useshortkmers=t, qtrim=r, trimq=10, minlength=20, out=results/trimmed/226_MSI/226_MSI_R1.fastq.gz, outs=results/trimmed/226_MSI/226_MSI.single.fastq.gz, outm=results/trimmed/226_MSI/226_MSI.discarded.fastq.gz, stats=results/trimmed/226_MSI/226_MSI.stats.txt]
Version 39.01

Set threads to 8
maskMiddle was disabled because useShortKmers=true
0.030 seconds.
Initial:
Memory: max=6874m, total=6874m, free=6853m, used=21m

Added 74763 kmers; time: 	0.387 seconds.
Memory: max=6874m, total=6874m, free=6836m, used=38m

Input is being processed as unpaired
Started output streams:	0.255 seconds.
Processing time:   		96.868 seconds.

Input:                  	23275149 reads 		1768911324 bases.
QTrimmed:               	1610 reads (0.01%) 	17264 bases (0.00%)
KTrimmed:               	19301530 reads (82.93%) 	542266002 bases (30.66%)
Total Removed:          	4103943 reads (17.63%) 	542283266 bases (30.66%)
Result:                 	19171206 reads (82.37%) 	1226628058 bases (69.34%)

Time:                         	97.664 seconds.
Reads Processed:      23275k 	238.32k reads/sec
Bases Processed:       1768m 	18.11m bases/sec
