java -ea -Xmx6554M -Xms6554M -cp /home/dcaceres/cluster_rnaseq/.snakemake/conda/8404c95e30e67f79886528e582d02a1e_/opt/bbmap-39.01-1/current/ jgi.BBDuk -Xmx6554M t=8 in=/storage/scratch01/users/dcaceres/MSI_RNAseq_Arantxa/results/reads/umis/56_MSI_R1.fastq.gz ref=resources/trimming/adapters.fa ktrim=r k=13 mink=5 hdist=1 useshortkmers=t qtrim=r trimq=10 minlength=20 out=/storage/scratch01/users/dcaceres/MSI_RNAseq_Arantxa/results/trimmed/56_MSI/56_MSI_R1.fastq.gz outs=/storage/scratch01/users/dcaceres/MSI_RNAseq_Arantxa/results/trimmed/56_MSI/56_MSI.single.fastq.gz outm=/storage/scratch01/users/dcaceres/MSI_RNAseq_Arantxa/results/trimmed/56_MSI/56_MSI.discarded.fastq.gz stats=/storage/scratch01/users/dcaceres/MSI_RNAseq_Arantxa/results/trimmed/56_MSI/56_MSI.stats.txt
Executing jgi.BBDuk [-Xmx6554M, t=8, in=/storage/scratch01/users/dcaceres/MSI_RNAseq_Arantxa/results/reads/umis/56_MSI_R1.fastq.gz, ref=resources/trimming/adapters.fa, ktrim=r, k=13, mink=5, hdist=1, useshortkmers=t, qtrim=r, trimq=10, minlength=20, out=/storage/scratch01/users/dcaceres/MSI_RNAseq_Arantxa/results/trimmed/56_MSI/56_MSI_R1.fastq.gz, outs=/storage/scratch01/users/dcaceres/MSI_RNAseq_Arantxa/results/trimmed/56_MSI/56_MSI.single.fastq.gz, outm=/storage/scratch01/users/dcaceres/MSI_RNAseq_Arantxa/results/trimmed/56_MSI/56_MSI.discarded.fastq.gz, stats=/storage/scratch01/users/dcaceres/MSI_RNAseq_Arantxa/results/trimmed/56_MSI/56_MSI.stats.txt]
Version 39.01

Set threads to 8
maskMiddle was disabled because useShortKmers=true
0.021 seconds.
Initial:
Memory: max=6874m, total=6874m, free=6849m, used=25m

Added 74763 kmers; time: 	0.060 seconds.
Memory: max=6874m, total=6874m, free=6832m, used=42m

Input is being processed as unpaired
Started output streams:	0.108 seconds.
Processing time:   		22.582 seconds.

Input:                  	11884098 reads 		903191448 bases.
QTrimmed:               	946 reads (0.01%) 	8746 bases (0.00%)
KTrimmed:               	9309136 reads (78.33%) 	193591901 bases (21.43%)
Total Removed:          	1006659 reads (8.47%) 	193600647 bases (21.44%)
Result:                 	10877439 reads (91.53%) 	709590801 bases (78.56%)

Time:                         	22.776 seconds.
Reads Processed:      11884k 	521.78k reads/sec
Bases Processed:        903m 	39.66m bases/sec
