Building DAG of jobs...
Using shell: /usr/bin/bash
Provided cores: 8
Rules claiming more threads will be scaled down.
Provided resources: mem_mb=4096, mem_mib=3907, disk_mb=48716, disk_mib=46460
Select jobs to execute...
Building DAG of jobs...
Using shell: /usr/bin/bash
Provided cores: 8
Rules claiming more threads will be scaled down.
Provided resources: mem_mb=4096, mem_mib=3907, disk_mb=48716, disk_mib=46460
Select jobs to execute...

[Wed May  3 16:24:37 2023]
rule multiqc_concat:
    input: results/qc/fastqc_concat/104_MSI_R1_fastqc.zip, results/qc/fastqc_concat/112_MSI_R1_fastqc.zip, results/qc/fastqc_concat/115_MSI_R1_fastqc.zip, results/qc/fastqc_concat/116_MSI_R1_fastqc.zip, results/qc/fastqc_concat/120_MSI_R1_fastqc.zip, results/qc/fastqc_concat/121_MSI_R1_fastqc.zip, results/qc/fastqc_concat/150_MSI_R1_fastqc.zip, results/qc/fastqc_concat/162_MSI_R1_fastqc.zip, results/qc/fastqc_concat/164_MSI_R1_fastqc.zip, results/qc/fastqc_concat/167_MSI_R1_fastqc.zip, results/qc/fastqc_concat/168_MSI_R1_fastqc.zip, results/qc/fastqc_concat/171_MSI_R1_fastqc.zip, results/qc/fastqc_concat/173_MSI_R1_fastqc.zip, results/qc/fastqc_concat/175_MSI_R1_fastqc.zip, results/qc/fastqc_concat/182_MSI_R1_fastqc.zip, results/qc/fastqc_concat/183_MSI_R1_fastqc.zip, results/qc/fastqc_concat/184_MSI_R1_fastqc.zip, results/qc/fastqc_concat/187_MSI_R1_fastqc.zip, results/qc/fastqc_concat/195_MSI_R1_fastqc.zip, results/qc/fastqc_concat/218_MSI_R1_fastqc.zip, results/qc/fastqc_concat/226_MSI_R1_fastqc.zip, results/qc/fastqc_concat/56_MSI_R1_fastqc.zip, results/trimmed/104_MSI/104_MSI.stats.txt, results/trimmed/112_MSI/112_MSI.stats.txt, results/trimmed/162_MSI/162_MSI.stats.txt, results/trimmed/164_MSI/164_MSI.stats.txt, results/trimmed/167_MSI/167_MSI.stats.txt, results/trimmed/195_MSI/195_MSI.stats.txt, results/trimmed/56_MSI/56_MSI.stats.txt, results/trimmed/116_MSI/116_MSI.stats.txt, results/trimmed/150_MSI/150_MSI.stats.txt, results/trimmed/168_MSI/168_MSI.stats.txt, results/trimmed/175_MSI/175_MSI.stats.txt, results/trimmed/183_MSI/183_MSI.stats.txt, results/trimmed/184_MSI/184_MSI.stats.txt, results/trimmed/187_MSI/187_MSI.stats.txt, results/trimmed/226_MSI/226_MSI.stats.txt, results/trimmed/115_MSI/115_MSI.stats.txt, results/trimmed/120_MSI/120_MSI.stats.txt, results/trimmed/121_MSI/121_MSI.stats.txt, results/trimmed/171_MSI/171_MSI.stats.txt, results/trimmed/173_MSI/173_MSI.stats.txt, results/trimmed/182_MSI/182_MSI.stats.txt, results/trimmed/218_MSI/218_MSI.stats.txt, results/mapped/star/104_MSI/Aligned.sortedByCoord.out.bam, results/mapped/star/112_MSI/Aligned.sortedByCoord.out.bam, results/mapped/star/162_MSI/Aligned.sortedByCoord.out.bam, results/mapped/star/164_MSI/Aligned.sortedByCoord.out.bam, results/mapped/star/167_MSI/Aligned.sortedByCoord.out.bam, results/mapped/star/195_MSI/Aligned.sortedByCoord.out.bam, results/mapped/star/56_MSI/Aligned.sortedByCoord.out.bam, results/mapped/star/116_MSI/Aligned.sortedByCoord.out.bam, results/mapped/star/150_MSI/Aligned.sortedByCoord.out.bam, results/mapped/star/168_MSI/Aligned.sortedByCoord.out.bam, results/mapped/star/175_MSI/Aligned.sortedByCoord.out.bam, results/mapped/star/183_MSI/Aligned.sortedByCoord.out.bam, results/mapped/star/184_MSI/Aligned.sortedByCoord.out.bam, results/mapped/star/187_MSI/Aligned.sortedByCoord.out.bam, results/mapped/star/226_MSI/Aligned.sortedByCoord.out.bam, results/mapped/star/115_MSI/Aligned.sortedByCoord.out.bam, results/mapped/star/120_MSI/Aligned.sortedByCoord.out.bam, results/mapped/star/121_MSI/Aligned.sortedByCoord.out.bam, results/mapped/star/171_MSI/Aligned.sortedByCoord.out.bam, results/mapped/star/173_MSI/Aligned.sortedByCoord.out.bam, results/mapped/star/182_MSI/Aligned.sortedByCoord.out.bam, results/mapped/star/218_MSI/Aligned.sortedByCoord.out.bam, results/quant/star/featureCounts/104_MSI.tab.summary, results/quant/star/featureCounts/112_MSI.tab.summary, results/quant/star/featureCounts/162_MSI.tab.summary, results/quant/star/featureCounts/164_MSI.tab.summary, results/quant/star/featureCounts/167_MSI.tab.summary, results/quant/star/featureCounts/195_MSI.tab.summary, results/quant/star/featureCounts/56_MSI.tab.summary, results/quant/star/featureCounts/116_MSI.tab.summary, results/quant/star/featureCounts/150_MSI.tab.summary, results/quant/star/featureCounts/168_MSI.tab.summary, results/quant/star/featureCounts/175_MSI.tab.summary, results/quant/star/featureCounts/183_MSI.tab.summary, results/quant/star/featureCounts/184_MSI.tab.summary, results/quant/star/featureCounts/187_MSI.tab.summary, results/quant/star/featureCounts/226_MSI.tab.summary, results/quant/star/featureCounts/115_MSI.tab.summary, results/quant/star/featureCounts/120_MSI.tab.summary, results/quant/star/featureCounts/121_MSI.tab.summary, results/quant/star/featureCounts/171_MSI.tab.summary, results/quant/star/featureCounts/173_MSI.tab.summary, results/quant/star/featureCounts/182_MSI.tab.summary, results/quant/star/featureCounts/218_MSI.tab.summary
    output: results/multiqc/multiqc_run_report.html
    log: logs/multiqc.log
    jobid: 0
    benchmark: logs/multiqc.bmk
    reason: Missing output files: results/multiqc/multiqc_run_report.html, logs/multiqc.bmk
    threads: 8
    resources: mem_mb=4096, mem_mib=3907, disk_mb=48716, disk_mib=46460, tmpdir=/tmp, runtime=10

Activating conda environment: .snakemake/conda/d298a907baa1884fcea160a2062e3c7c_
Activating conda environment: .snakemake/conda/d298a907baa1884fcea160a2062e3c7c_
[Wed May  3 16:25:05 2023]
Finished job 0.
1 of 1 steps (100%) done
[Wed May  3 16:25:06 2023]
Finished job 0.
1 of 1 steps (100%) done
