                                 Started job on |	May 05 12:48:41
                             Started mapping on |	May 05 12:49:45
                                    Finished on |	May 05 12:50:17
       Mapping speed, Million of reads per hour |	186.83

                          Number of input reads |	1660748
                      Average input read length |	63
                                    UNIQUE READS:
                   Uniquely mapped reads number |	1225938
                        Uniquely mapped reads % |	73.82%
                          Average mapped length |	64.20
                       Number of splices: Total |	12859
            Number of splices: Annotated (sjdb) |	0
                       Number of splices: GT/AG |	10863
                       Number of splices: GC/AG |	138
                       Number of splices: AT/AC |	13
               Number of splices: Non-canonical |	1845
                      Mismatch rate per base, % |	1.13%
                         Deletion rate per base |	0.20%
                        Deletion average length |	1.87
                        Insertion rate per base |	0.01%
                       Insertion average length |	1.32
                             MULTI-MAPPING READS:
        Number of reads mapped to multiple loci |	374003
             % of reads mapped to multiple loci |	22.52%
        Number of reads mapped to too many loci |	24743
             % of reads mapped to too many loci |	1.49%
                                  UNMAPPED READS:
  Number of reads unmapped: too many mismatches |	0
       % of reads unmapped: too many mismatches |	0.00%
            Number of reads unmapped: too short |	32000
                 % of reads unmapped: too short |	1.93%
                Number of reads unmapped: other |	4064
                     % of reads unmapped: other |	0.24%
                                  CHIMERIC READS:
                       Number of chimeric reads |	0
                            % of chimeric reads |	0.00%
