                                 Started job on |	May 05 12:59:14
                             Started mapping on |	May 05 12:59:32
                                    Finished on |	May 05 13:02:33
       Mapping speed, Million of reads per hour |	254.18

                          Number of input reads |	12779816
                      Average input read length |	63
                                    UNIQUE READS:
                   Uniquely mapped reads number |	9754332
                        Uniquely mapped reads % |	76.33%
                          Average mapped length |	62.83
                       Number of splices: Total |	161372
            Number of splices: Annotated (sjdb) |	0
                       Number of splices: GT/AG |	143224
                       Number of splices: GC/AG |	1835
                       Number of splices: AT/AC |	169
               Number of splices: Non-canonical |	16144
                      Mismatch rate per base, % |	0.95%
                         Deletion rate per base |	0.17%
                        Deletion average length |	1.95
                        Insertion rate per base |	0.01%
                       Insertion average length |	1.24
                             MULTI-MAPPING READS:
        Number of reads mapped to multiple loci |	2604944
             % of reads mapped to multiple loci |	20.38%
        Number of reads mapped to too many loci |	154278
             % of reads mapped to too many loci |	1.21%
                                  UNMAPPED READS:
  Number of reads unmapped: too many mismatches |	0
       % of reads unmapped: too many mismatches |	0.00%
            Number of reads unmapped: too short |	229986
                 % of reads unmapped: too short |	1.80%
                Number of reads unmapped: other |	36276
                     % of reads unmapped: other |	0.28%
                                  CHIMERIC READS:
                       Number of chimeric reads |	0
                            % of chimeric reads |	0.00%
