                                 Started job on |	May 05 13:00:26
                             Started mapping on |	May 05 13:00:44
                                    Finished on |	May 05 13:03:50
       Mapping speed, Million of reads per hour |	144.29

                          Number of input reads |	7454977
                      Average input read length |	60
                                    UNIQUE READS:
                   Uniquely mapped reads number |	4391518
                        Uniquely mapped reads % |	58.91%
                          Average mapped length |	61.24
                       Number of splices: Total |	71245
            Number of splices: Annotated (sjdb) |	0
                       Number of splices: GT/AG |	62310
                       Number of splices: GC/AG |	1325
                       Number of splices: AT/AC |	3
               Number of splices: Non-canonical |	7607
                      Mismatch rate per base, % |	1.64%
                         Deletion rate per base |	0.09%
                        Deletion average length |	1.90
                        Insertion rate per base |	0.00%
                       Insertion average length |	1.32
                             MULTI-MAPPING READS:
        Number of reads mapped to multiple loci |	2560751
             % of reads mapped to multiple loci |	34.35%
        Number of reads mapped to too many loci |	247448
             % of reads mapped to too many loci |	3.32%
                                  UNMAPPED READS:
  Number of reads unmapped: too many mismatches |	0
       % of reads unmapped: too many mismatches |	0.00%
            Number of reads unmapped: too short |	197135
                 % of reads unmapped: too short |	2.64%
                Number of reads unmapped: other |	58125
                     % of reads unmapped: other |	0.78%
                                  CHIMERIC READS:
                       Number of chimeric reads |	0
                            % of chimeric reads |	0.00%
