Building DAG of jobs...
Using shell: /usr/bin/bash
Provided cores: 1 (use --cores to define parallelism)
Rules claiming more threads will be scaled down.
Provided resources: mem_mb=4096, mem_mib=3907, disk_mb=1000, disk_mib=954
Select jobs to execute...
Building DAG of jobs...
Using shell: /usr/bin/bash
Provided cores: 1 (use --cores to define parallelism)
Rules claiming more threads will be scaled down.
Provided resources: mem_mb=4096, mem_mib=3907, disk_mb=1000, disk_mib=954
Select jobs to execute...

[Wed May  3 15:43:05 2023]
rule fastqc_files:
    input: /storage/scratch01/users/dcaceres/MSI_RNAseq_Arantxa/RAW/dcaceres_colonRNAseq_250423/bgc-164_MSI/bgc-164_MSI_S53_L002_R1_001.fastq.gz, logs/md5.checked
    output: results/qc/fastqc_files/164_MSI_2_fq1_fastqc.html, results/qc/fastqc_files/164_MSI_2_fq1_fastqc.zip
    log: logs/fastqc_files/164_MSI_2_fq1.log
    jobid: 0
    benchmark: logs/fastqc_files/164_MSI_2_fq1.bmk
    reason: Missing output files: logs/fastqc_files/164_MSI_2_fq1.bmk, results/qc/fastqc_files/164_MSI_2_fq1_fastqc.zip, results/qc/fastqc_files/164_MSI_2_fq1_fastqc.html
    wildcards: sample=164_MSI, lane=2, read=1
    resources: mem_mb=4096, mem_mib=3907, disk_mb=1000, disk_mib=954, tmpdir=/tmp, runtime=10

Activating conda environment: .snakemake/conda/8e1fb6bc093e2c705684656f93652704_
[Wed May  3 15:43:47 2023]
Finished job 0.
1 of 1 steps (100%) done
[Wed May  3 15:43:49 2023]
Finished job 0.
1 of 1 steps (100%) done
