Building DAG of jobs...
Using shell: /usr/bin/bash
Provided cores: 2
Rules claiming more threads will be scaled down.
Provided resources: mem_mb=4096, mem_mib=3907, disk_mb=1000, disk_mib=954
Select jobs to execute...
Building DAG of jobs...
Using shell: /usr/bin/bash
Provided cores: 2
Rules claiming more threads will be scaled down.
Provided resources: mem_mb=4096, mem_mib=3907, disk_mb=1000, disk_mib=954
Select jobs to execute...

[Thu May  4 15:30:52 2023]
rule fastqc_files:
    input: /storage/scratch01/users/dcaceres/MSI_RNAseq_Arantxa/RAW/dcaceres_colonRNAseq_250423/bgc-121_MSI/bgc-121_MSI_S26_L002_R1_001.fastq.gz, logs/md5.checked
    output: results/qc/fastqc_files/121_MSI_2_fq1_fastqc.html, results/qc/fastqc_files/121_MSI_2_fq1_fastqc.zip
    log: logs/fastqc_files/121_MSI_2_fq1.log
    jobid: 0
    benchmark: logs/fastqc_files/121_MSI_2_fq1.bmk
    reason: Missing output files: results/qc/fastqc_files/121_MSI_2_fq1_fastqc.html, results/qc/fastqc_files/121_MSI_2_fq1_fastqc.zip, logs/fastqc_files/121_MSI_2_fq1.bmk
    wildcards: sample=121_MSI, lane=2, read=1
    resources: mem_mb=4096, mem_mib=3907, disk_mb=1000, disk_mib=954, tmpdir=/tmp, runtime=10

Activating conda environment: .snakemake/conda/8e1fb6bc093e2c705684656f93652704_
[Thu May  4 15:31:32 2023]
Finished job 0.
1 of 1 steps (100%) done
[Thu May  4 15:31:37 2023]
Finished job 0.
1 of 1 steps (100%) done
