Building DAG of jobs...
Using shell: /usr/bin/bash
Provided cores: 8
Rules claiming more threads will be scaled down.
Provided resources: mem_mb=8192, mem_mib=7813, disk_mb=1151, disk_mib=1098
Select jobs to execute...
Building DAG of jobs...
Using shell: /usr/bin/bash
Provided cores: 8
Rules claiming more threads will be scaled down.
Provided resources: mem_mb=8192, mem_mib=7813, disk_mb=1151, disk_mib=1098
Select jobs to execute...

[Wed May  3 12:38:35 2023]
rule extract_umis:
    input: results/reads/150_MSI_R1.fastq.gz
    output: results/reads/umis/150_MSI_R1.fastq.gz
    log: logs/extract_umis/150_MSI.log
    jobid: 0
    reason: Missing output files: results/reads/umis/150_MSI_R1.fastq.gz
    wildcards: sample=150_MSI
    threads: 8
    resources: mem_mb=8192, mem_mib=7813, disk_mb=1151, disk_mib=1098, tmpdir=/tmp, runtime=60

# UMI-tools version: 1.1.4
# output generated by extract --random-seed 1234 --extract-method=regex --bc-pattern=(?P<umi_1>.{6})(?P<discard_1>TATA).* -I results/reads/150_MSI_R1.fastq.gz -S results/reads/umis/150_MSI_R1.fastq.gz
# job started at Wed May  3 12:38:36 2023 on bc006 -- aeee67af-6c4f-45d6-b3c4-60248daa4280
# pid: 318978, system: Linux 4.18.0-193.19.1.el8_2.x86_64 #1 SMP Mon Sep 14 14:37:00 UTC 2020 x86_64
# blacklist                               : None
# compresslevel                           : 6
# correct_umi_threshold                   : 0
# either_read                             : False
# either_read_resolve                     : discard
# error_correct_cell                      : False
# extract_method                          : regex
# filter_cell_barcode                     : None
# filter_cell_barcodes                    : False
# filter_umi                              : None
# filtered_out                            : None
# filtered_out2                           : None
# ignore_suffix                           : False
# log2stderr                              : False
# loglevel                                : 1
# pattern                                 : (?P<umi_1>.{6})(?P<discard_1>TATA).*
# pattern2                                : None
# prime3                                  : None
# quality_encoding                        : None
# quality_filter_mask                     : None
# quality_filter_threshold                : None
# random_seed                             : 1234
# read2_in                                : None
# read2_out                               : False
# read2_stdout                            : False
# reads_subset                            : None
# reconcile                               : False
# retain_umi                              : None
# short_help                              : None
# stderr                                  : <_io.TextIOWrapper name='<stderr>' mode='w' encoding='utf-8'>
# stdin                                   : <_io.TextIOWrapper name='results/reads/150_MSI_R1.fastq.gz' encoding='ascii'>
# stdlog                                  : <_io.TextIOWrapper name='<stdout>' mode='w' encoding='utf-8'>
# stdout                                  : <_io.TextIOWrapper name='results/reads/umis/150_MSI_R1.fastq.gz' encoding='ascii'>
# timeit_file                             : None
# timeit_header                           : None
# timeit_name                             : all
# tmpdir                                  : None
# umi_correct_log                         : None
# umi_separator                           : _
# umi_whitelist                           : None
# umi_whitelist_paired                    : None
# whitelist                               : None
2023-05-03 12:38:36,970 INFO Starting barcode extraction
2023-05-03 12:38:40,325 INFO Parsed 100000 reads
2023-05-03 12:38:43,632 INFO Parsed 200000 reads
2023-05-03 12:38:46,945 INFO Parsed 300000 reads
2023-05-03 12:38:50,249 INFO Parsed 400000 reads
2023-05-03 12:38:53,567 INFO Parsed 500000 reads
2023-05-03 12:38:56,865 INFO Parsed 600000 reads
2023-05-03 12:39:00,165 INFO Parsed 700000 reads
2023-05-03 12:39:03,474 INFO Parsed 800000 reads
2023-05-03 12:39:06,822 INFO Parsed 900000 reads
2023-05-03 12:39:10,141 INFO Parsed 1000000 reads
2023-05-03 12:39:13,448 INFO Parsed 1100000 reads
2023-05-03 12:39:16,750 INFO Parsed 1200000 reads
2023-05-03 12:39:20,054 INFO Parsed 1300000 reads
2023-05-03 12:39:23,355 INFO Parsed 1400000 reads
2023-05-03 12:39:26,664 INFO Parsed 1500000 reads
2023-05-03 12:39:30,015 INFO Parsed 1600000 reads
2023-05-03 12:39:33,337 INFO Parsed 1700000 reads
2023-05-03 12:39:36,648 INFO Parsed 1800000 reads
2023-05-03 12:39:39,968 INFO Parsed 1900000 reads
2023-05-03 12:39:43,276 INFO Parsed 2000000 reads
2023-05-03 12:39:46,571 INFO Parsed 2100000 reads
2023-05-03 12:39:49,883 INFO Parsed 2200000 reads
2023-05-03 12:39:53,208 INFO Parsed 2300000 reads
2023-05-03 12:39:57,001 INFO Parsed 2400000 reads
2023-05-03 12:40:00,320 INFO Parsed 2500000 reads
2023-05-03 12:40:03,643 INFO Parsed 2600000 reads
2023-05-03 12:40:06,961 INFO Parsed 2700000 reads
2023-05-03 12:40:10,289 INFO Parsed 2800000 reads
2023-05-03 12:40:13,606 INFO Parsed 2900000 reads
2023-05-03 12:40:16,908 INFO Parsed 3000000 reads
2023-05-03 12:40:20,206 INFO Parsed 3100000 reads
2023-05-03 12:40:23,516 INFO Parsed 3200000 reads
2023-05-03 12:40:26,818 INFO Parsed 3300000 reads
2023-05-03 12:40:30,126 INFO Parsed 3400000 reads
2023-05-03 12:40:33,428 INFO Parsed 3500000 reads
2023-05-03 12:40:36,722 INFO Parsed 3600000 reads
2023-05-03 12:40:40,023 INFO Parsed 3700000 reads
2023-05-03 12:40:43,330 INFO Parsed 3800000 reads
2023-05-03 12:40:46,636 INFO Parsed 3900000 reads
2023-05-03 12:40:49,944 INFO Parsed 4000000 reads
2023-05-03 12:40:53,263 INFO Parsed 4100000 reads
2023-05-03 12:40:56,568 INFO Parsed 4200000 reads
2023-05-03 12:40:59,879 INFO Parsed 4300000 reads
2023-05-03 12:41:03,226 INFO Parsed 4400000 reads
2023-05-03 12:41:06,531 INFO Parsed 4500000 reads
2023-05-03 12:41:09,847 INFO Parsed 4600000 reads
2023-05-03 12:41:13,153 INFO Parsed 4700000 reads
2023-05-03 12:41:16,457 INFO Parsed 4800000 reads
2023-05-03 12:41:20,013 INFO Parsed 4900000 reads
2023-05-03 12:41:23,325 INFO Parsed 5000000 reads
2023-05-03 12:41:26,628 INFO Parsed 5100000 reads
2023-05-03 12:41:29,945 INFO Parsed 5200000 reads
2023-05-03 12:41:33,259 INFO Parsed 5300000 reads
2023-05-03 12:41:36,573 INFO Parsed 5400000 reads
2023-05-03 12:41:39,889 INFO Parsed 5500000 reads
2023-05-03 12:41:43,209 INFO Parsed 5600000 reads
2023-05-03 12:41:46,513 INFO Parsed 5700000 reads
2023-05-03 12:41:49,822 INFO Parsed 5800000 reads
2023-05-03 12:41:53,129 INFO Parsed 5900000 reads
2023-05-03 12:41:56,434 INFO Parsed 6000000 reads
2023-05-03 12:41:59,789 INFO Parsed 6100000 reads
2023-05-03 12:42:03,101 INFO Parsed 6200000 reads
2023-05-03 12:42:06,395 INFO Parsed 6300000 reads
2023-05-03 12:42:09,710 INFO Parsed 6400000 reads
2023-05-03 12:42:13,014 INFO Parsed 6500000 reads
2023-05-03 12:42:16,327 INFO Parsed 6600000 reads
2023-05-03 12:42:19,628 INFO Parsed 6700000 reads
2023-05-03 12:42:22,931 INFO Parsed 6800000 reads
2023-05-03 12:42:26,233 INFO Parsed 6900000 reads
2023-05-03 12:42:29,541 INFO Parsed 7000000 reads
2023-05-03 12:42:32,849 INFO Parsed 7100000 reads
2023-05-03 12:42:36,144 INFO Parsed 7200000 reads
2023-05-03 12:42:39,443 INFO Parsed 7300000 reads
2023-05-03 12:42:42,752 INFO Parsed 7400000 reads
2023-05-03 12:42:46,061 INFO Parsed 7500000 reads
2023-05-03 12:42:49,378 INFO Parsed 7600000 reads
2023-05-03 12:42:52,669 INFO Parsed 7700000 reads
2023-05-03 12:42:55,988 INFO Parsed 7800000 reads
2023-05-03 12:42:59,293 INFO Parsed 7900000 reads
2023-05-03 12:43:02,613 INFO Parsed 8000000 reads
2023-05-03 12:43:05,915 INFO Parsed 8100000 reads
2023-05-03 12:43:09,233 INFO Parsed 8200000 reads
2023-05-03 12:43:12,549 INFO Parsed 8300000 reads
2023-05-03 12:43:15,866 INFO Parsed 8400000 reads
2023-05-03 12:43:19,181 INFO Parsed 8500000 reads
2023-05-03 12:43:22,522 INFO Parsed 8600000 reads
2023-05-03 12:43:25,837 INFO Parsed 8700000 reads
2023-05-03 12:43:29,139 INFO Parsed 8800000 reads
2023-05-03 12:43:32,439 INFO Parsed 8900000 reads
2023-05-03 12:43:35,738 INFO Parsed 9000000 reads
2023-05-03 12:43:39,040 INFO Parsed 9100000 reads
2023-05-03 12:43:42,337 INFO Parsed 9200000 reads
2023-05-03 12:43:45,896 INFO Parsed 9300000 reads
2023-05-03 12:43:49,199 INFO Parsed 9400000 reads
2023-05-03 12:43:52,501 INFO Parsed 9500000 reads
2023-05-03 12:43:55,790 INFO Parsed 9600000 reads
2023-05-03 12:43:59,077 INFO Parsed 9700000 reads
2023-05-03 12:44:02,367 INFO Parsed 9800000 reads
2023-05-03 12:44:05,682 INFO Parsed 9900000 reads
2023-05-03 12:44:08,987 INFO Parsed 10000000 reads
2023-05-03 12:44:12,301 INFO Parsed 10100000 reads
2023-05-03 12:44:15,586 INFO Parsed 10200000 reads
2023-05-03 12:44:18,876 INFO Parsed 10300000 reads
2023-05-03 12:44:22,186 INFO Parsed 10400000 reads
2023-05-03 12:44:25,493 INFO Parsed 10500000 reads
2023-05-03 12:44:28,790 INFO Parsed 10600000 reads
2023-05-03 12:44:32,284 INFO Parsed 10700000 reads
2023-05-03 12:44:35,591 INFO Parsed 10800000 reads
2023-05-03 12:44:38,903 INFO Parsed 10900000 reads
2023-05-03 12:44:42,213 INFO Parsed 11000000 reads
2023-05-03 12:44:45,516 INFO Parsed 11100000 reads
2023-05-03 12:44:48,814 INFO Parsed 11200000 reads
2023-05-03 12:44:52,127 INFO Parsed 11300000 reads
2023-05-03 12:44:55,449 INFO Parsed 11400000 reads
2023-05-03 12:44:58,764 INFO Parsed 11500000 reads
2023-05-03 12:45:02,076 INFO Parsed 11600000 reads
2023-05-03 12:45:03,529 INFO Input Reads: 11642830
2023-05-03 12:45:03,529 INFO regex matches read1: 10314531
2023-05-03 12:45:03,529 INFO Reads output: 10314531
2023-05-03 12:45:03,529 INFO regex does not match read1: 1328299
# job finished in 386 seconds at Wed May  3 12:45:03 2023 -- 385.15  1.54  0.00  0.00 -- aeee67af-6c4f-45d6-b3c4-60248daa4280
[Wed May  3 12:45:03 2023]
Finished job 0.
1 of 1 steps (100%) done
[Wed May  3 12:45:04 2023]
Finished job 0.
1 of 1 steps (100%) done
