Building DAG of jobs...
Using shell: /usr/bin/bash
Provided cores: 8
Rules claiming more threads will be scaled down.
Provided resources: mem_mb=8192, mem_mib=7813, disk_mb=2157, disk_mib=2058
Select jobs to execute...
Building DAG of jobs...
Using shell: /usr/bin/bash
Provided cores: 8
Rules claiming more threads will be scaled down.
Provided resources: mem_mb=8192, mem_mib=7813, disk_mb=2157, disk_mib=2058
Select jobs to execute...

[Wed May  3 12:38:25 2023]
rule extract_umis:
    input: results/reads/173_MSI_R1.fastq.gz
    output: results/reads/umis/173_MSI_R1.fastq.gz
    log: logs/extract_umis/173_MSI.log
    jobid: 0
    reason: Missing output files: results/reads/umis/173_MSI_R1.fastq.gz
    wildcards: sample=173_MSI
    threads: 8
    resources: mem_mb=8192, mem_mib=7813, disk_mb=2157, disk_mib=2058, tmpdir=/tmp, runtime=60

# UMI-tools version: 1.1.4
# output generated by extract --random-seed 1234 --extract-method=regex --bc-pattern=(?P<umi_1>.{6})(?P<discard_1>TATA).* -I results/reads/173_MSI_R1.fastq.gz -S results/reads/umis/173_MSI_R1.fastq.gz
# job started at Wed May  3 12:38:26 2023 on bc004 -- 3315dcb1-c6e0-425e-94c7-55328e194f80
# pid: 1467359, system: Linux 4.18.0-193.19.1.el8_2.x86_64 #1 SMP Mon Sep 14 14:37:00 UTC 2020 x86_64
# blacklist                               : None
# compresslevel                           : 6
# correct_umi_threshold                   : 0
# either_read                             : False
# either_read_resolve                     : discard
# error_correct_cell                      : False
# extract_method                          : regex
# filter_cell_barcode                     : None
# filter_cell_barcodes                    : False
# filter_umi                              : None
# filtered_out                            : None
# filtered_out2                           : None
# ignore_suffix                           : False
# log2stderr                              : False
# loglevel                                : 1
# pattern                                 : (?P<umi_1>.{6})(?P<discard_1>TATA).*
# pattern2                                : None
# prime3                                  : None
# quality_encoding                        : None
# quality_filter_mask                     : None
# quality_filter_threshold                : None
# random_seed                             : 1234
# read2_in                                : None
# read2_out                               : False
# read2_stdout                            : False
# reads_subset                            : None
# reconcile                               : False
# retain_umi                              : None
# short_help                              : None
# stderr                                  : <_io.TextIOWrapper name='<stderr>' mode='w' encoding='utf-8'>
# stdin                                   : <_io.TextIOWrapper name='results/reads/173_MSI_R1.fastq.gz' encoding='ascii'>
# stdlog                                  : <_io.TextIOWrapper name='<stdout>' mode='w' encoding='utf-8'>
# stdout                                  : <_io.TextIOWrapper name='results/reads/umis/173_MSI_R1.fastq.gz' encoding='ascii'>
# timeit_file                             : None
# timeit_header                           : None
# timeit_name                             : all
# tmpdir                                  : None
# umi_correct_log                         : None
# umi_separator                           : _
# umi_whitelist                           : None
# umi_whitelist_paired                    : None
# whitelist                               : None
2023-05-03 12:38:26,730 INFO Starting barcode extraction
2023-05-03 12:38:30,194 INFO Parsed 100000 reads
2023-05-03 12:38:33,654 INFO Parsed 200000 reads
2023-05-03 12:38:37,112 INFO Parsed 300000 reads
2023-05-03 12:38:40,581 INFO Parsed 400000 reads
2023-05-03 12:38:44,062 INFO Parsed 500000 reads
2023-05-03 12:38:47,537 INFO Parsed 600000 reads
2023-05-03 12:38:51,000 INFO Parsed 700000 reads
2023-05-03 12:38:54,468 INFO Parsed 800000 reads
2023-05-03 12:38:57,935 INFO Parsed 900000 reads
2023-05-03 12:39:01,387 INFO Parsed 1000000 reads
2023-05-03 12:39:04,840 INFO Parsed 1100000 reads
2023-05-03 12:39:08,310 INFO Parsed 1200000 reads
2023-05-03 12:39:11,794 INFO Parsed 1300000 reads
2023-05-03 12:39:15,262 INFO Parsed 1400000 reads
2023-05-03 12:39:18,747 INFO Parsed 1500000 reads
2023-05-03 12:39:22,224 INFO Parsed 1600000 reads
2023-05-03 12:39:25,698 INFO Parsed 1700000 reads
2023-05-03 12:39:29,168 INFO Parsed 1800000 reads
2023-05-03 12:39:32,631 INFO Parsed 1900000 reads
2023-05-03 12:39:36,093 INFO Parsed 2000000 reads
2023-05-03 12:39:39,568 INFO Parsed 2100000 reads
2023-05-03 12:39:43,034 INFO Parsed 2200000 reads
2023-05-03 12:39:46,501 INFO Parsed 2300000 reads
2023-05-03 12:39:49,968 INFO Parsed 2400000 reads
2023-05-03 12:39:53,434 INFO Parsed 2500000 reads
2023-05-03 12:39:56,896 INFO Parsed 2600000 reads
2023-05-03 12:40:00,374 INFO Parsed 2700000 reads
2023-05-03 12:40:03,865 INFO Parsed 2800000 reads
2023-05-03 12:40:07,337 INFO Parsed 2900000 reads
2023-05-03 12:40:10,865 INFO Parsed 3000000 reads
2023-05-03 12:40:14,345 INFO Parsed 3100000 reads
2023-05-03 12:40:17,823 INFO Parsed 3200000 reads
2023-05-03 12:40:21,307 INFO Parsed 3300000 reads
2023-05-03 12:40:24,779 INFO Parsed 3400000 reads
2023-05-03 12:40:28,263 INFO Parsed 3500000 reads
2023-05-03 12:40:31,727 INFO Parsed 3600000 reads
2023-05-03 12:40:35,198 INFO Parsed 3700000 reads
2023-05-03 12:40:38,683 INFO Parsed 3800000 reads
2023-05-03 12:40:42,179 INFO Parsed 3900000 reads
2023-05-03 12:40:45,660 INFO Parsed 4000000 reads
2023-05-03 12:40:49,156 INFO Parsed 4100000 reads
2023-05-03 12:40:52,630 INFO Parsed 4200000 reads
2023-05-03 12:40:56,107 INFO Parsed 4300000 reads
2023-05-03 12:40:59,583 INFO Parsed 4400000 reads
2023-05-03 12:41:03,067 INFO Parsed 4500000 reads
2023-05-03 12:41:06,541 INFO Parsed 4600000 reads
2023-05-03 12:41:10,027 INFO Parsed 4700000 reads
2023-05-03 12:41:13,515 INFO Parsed 4800000 reads
2023-05-03 12:41:17,002 INFO Parsed 4900000 reads
2023-05-03 12:41:20,479 INFO Parsed 5000000 reads
2023-05-03 12:41:23,953 INFO Parsed 5100000 reads
2023-05-03 12:41:27,792 INFO Parsed 5200000 reads
2023-05-03 12:41:31,215 INFO Parsed 5300000 reads
2023-05-03 12:41:34,683 INFO Parsed 5400000 reads
2023-05-03 12:41:38,148 INFO Parsed 5500000 reads
2023-05-03 12:41:41,614 INFO Parsed 5600000 reads
2023-05-03 12:41:45,085 INFO Parsed 5700000 reads
2023-05-03 12:41:48,575 INFO Parsed 5800000 reads
2023-05-03 12:41:52,032 INFO Parsed 5900000 reads
2023-05-03 12:41:55,497 INFO Parsed 6000000 reads
2023-05-03 12:41:58,983 INFO Parsed 6100000 reads
2023-05-03 12:42:02,492 INFO Parsed 6200000 reads
2023-05-03 12:42:05,967 INFO Parsed 6300000 reads
2023-05-03 12:42:09,455 INFO Parsed 6400000 reads
2023-05-03 12:42:12,918 INFO Parsed 6500000 reads
2023-05-03 12:42:16,386 INFO Parsed 6600000 reads
2023-05-03 12:42:19,863 INFO Parsed 6700000 reads
2023-05-03 12:42:23,299 INFO Parsed 6800000 reads
2023-05-03 12:42:26,781 INFO Parsed 6900000 reads
2023-05-03 12:42:30,258 INFO Parsed 7000000 reads
2023-05-03 12:42:33,728 INFO Parsed 7100000 reads
2023-05-03 12:42:37,194 INFO Parsed 7200000 reads
2023-05-03 12:42:40,663 INFO Parsed 7300000 reads
2023-05-03 12:42:44,146 INFO Parsed 7400000 reads
2023-05-03 12:42:47,621 INFO Parsed 7500000 reads
2023-05-03 12:42:51,077 INFO Parsed 7600000 reads
2023-05-03 12:42:54,895 INFO Parsed 7700000 reads
2023-05-03 12:42:58,370 INFO Parsed 7800000 reads
2023-05-03 12:43:01,804 INFO Parsed 7900000 reads
2023-05-03 12:43:05,273 INFO Parsed 8000000 reads
2023-05-03 12:43:08,750 INFO Parsed 8100000 reads
2023-05-03 12:43:12,220 INFO Parsed 8200000 reads
2023-05-03 12:43:15,705 INFO Parsed 8300000 reads
2023-05-03 12:43:19,186 INFO Parsed 8400000 reads
2023-05-03 12:43:22,655 INFO Parsed 8500000 reads
2023-05-03 12:43:26,134 INFO Parsed 8600000 reads
2023-05-03 12:43:29,605 INFO Parsed 8700000 reads
2023-05-03 12:43:33,074 INFO Parsed 8800000 reads
2023-05-03 12:43:36,555 INFO Parsed 8900000 reads
2023-05-03 12:43:40,033 INFO Parsed 9000000 reads
2023-05-03 12:43:43,504 INFO Parsed 9100000 reads
2023-05-03 12:43:46,982 INFO Parsed 9200000 reads
2023-05-03 12:43:50,435 INFO Parsed 9300000 reads
2023-05-03 12:43:53,917 INFO Parsed 9400000 reads
2023-05-03 12:43:57,391 INFO Parsed 9500000 reads
2023-05-03 12:44:00,812 INFO Parsed 9600000 reads
2023-05-03 12:44:04,293 INFO Parsed 9700000 reads
2023-05-03 12:44:07,763 INFO Parsed 9800000 reads
2023-05-03 12:44:11,255 INFO Parsed 9900000 reads
2023-05-03 12:44:14,739 INFO Parsed 10000000 reads
2023-05-03 12:44:18,218 INFO Parsed 10100000 reads
2023-05-03 12:44:21,666 INFO Parsed 10200000 reads
2023-05-03 12:44:25,130 INFO Parsed 10300000 reads
2023-05-03 12:44:28,599 INFO Parsed 10400000 reads
2023-05-03 12:44:32,056 INFO Parsed 10500000 reads
2023-05-03 12:44:35,531 INFO Parsed 10600000 reads
2023-05-03 12:44:39,005 INFO Parsed 10700000 reads
2023-05-03 12:44:42,483 INFO Parsed 10800000 reads
2023-05-03 12:44:45,973 INFO Parsed 10900000 reads
2023-05-03 12:44:49,450 INFO Parsed 11000000 reads
2023-05-03 12:44:52,929 INFO Parsed 11100000 reads
2023-05-03 12:44:56,414 INFO Parsed 11200000 reads
2023-05-03 12:44:59,887 INFO Parsed 11300000 reads
2023-05-03 12:45:03,370 INFO Parsed 11400000 reads
2023-05-03 12:45:06,857 INFO Parsed 11500000 reads
2023-05-03 12:45:10,349 INFO Parsed 11600000 reads
2023-05-03 12:45:13,843 INFO Parsed 11700000 reads
2023-05-03 12:45:17,432 INFO Parsed 11800000 reads
2023-05-03 12:45:20,902 INFO Parsed 11900000 reads
2023-05-03 12:45:24,376 INFO Parsed 12000000 reads
2023-05-03 12:45:27,844 INFO Parsed 12100000 reads
2023-05-03 12:45:31,328 INFO Parsed 12200000 reads
2023-05-03 12:45:34,802 INFO Parsed 12300000 reads
2023-05-03 12:45:38,281 INFO Parsed 12400000 reads
2023-05-03 12:45:41,756 INFO Parsed 12500000 reads
2023-05-03 12:45:45,230 INFO Parsed 12600000 reads
2023-05-03 12:45:48,705 INFO Parsed 12700000 reads
2023-05-03 12:45:52,173 INFO Parsed 12800000 reads
2023-05-03 12:45:55,646 INFO Parsed 12900000 reads
2023-05-03 12:45:59,119 INFO Parsed 13000000 reads
2023-05-03 12:46:02,597 INFO Parsed 13100000 reads
2023-05-03 12:46:06,064 INFO Parsed 13200000 reads
2023-05-03 12:46:09,541 INFO Parsed 13300000 reads
2023-05-03 12:46:13,026 INFO Parsed 13400000 reads
2023-05-03 12:46:16,499 INFO Parsed 13500000 reads
2023-05-03 12:46:20,050 INFO Parsed 13600000 reads
2023-05-03 12:46:23,519 INFO Parsed 13700000 reads
2023-05-03 12:46:26,991 INFO Parsed 13800000 reads
2023-05-03 12:46:30,489 INFO Parsed 13900000 reads
2023-05-03 12:46:33,781 INFO Parsed 14000000 reads
2023-05-03 12:46:37,257 INFO Parsed 14100000 reads
2023-05-03 12:46:40,753 INFO Parsed 14200000 reads
2023-05-03 12:46:44,245 INFO Parsed 14300000 reads
2023-05-03 12:46:47,749 INFO Parsed 14400000 reads
2023-05-03 12:46:51,219 INFO Parsed 14500000 reads
2023-05-03 12:46:54,696 INFO Parsed 14600000 reads
2023-05-03 12:46:58,182 INFO Parsed 14700000 reads
2023-05-03 12:47:01,728 INFO Parsed 14800000 reads
2023-05-03 12:47:05,216 INFO Parsed 14900000 reads
2023-05-03 12:47:08,692 INFO Parsed 15000000 reads
2023-05-03 12:47:12,178 INFO Parsed 15100000 reads
2023-05-03 12:47:15,674 INFO Parsed 15200000 reads
2023-05-03 12:47:19,224 INFO Parsed 15300000 reads
2023-05-03 12:47:22,763 INFO Parsed 15400000 reads
2023-05-03 12:47:26,280 INFO Parsed 15500000 reads
2023-05-03 12:47:29,818 INFO Parsed 15600000 reads
2023-05-03 12:47:33,296 INFO Parsed 15700000 reads
2023-05-03 12:47:36,750 INFO Parsed 15800000 reads
2023-05-03 12:47:40,328 INFO Parsed 15900000 reads
2023-05-03 12:47:44,012 INFO Parsed 16000000 reads
2023-05-03 12:47:47,685 INFO Parsed 16100000 reads
2023-05-03 12:47:51,567 INFO Parsed 16200000 reads
2023-05-03 12:47:55,491 INFO Parsed 16300000 reads
2023-05-03 12:47:59,162 INFO Parsed 16400000 reads
2023-05-03 12:48:02,777 INFO Parsed 16500000 reads
2023-05-03 12:48:06,344 INFO Parsed 16600000 reads
2023-05-03 12:48:09,841 INFO Parsed 16700000 reads
2023-05-03 12:48:13,355 INFO Parsed 16800000 reads
2023-05-03 12:48:16,843 INFO Parsed 16900000 reads
2023-05-03 12:48:20,315 INFO Parsed 17000000 reads
2023-05-03 12:48:23,827 INFO Parsed 17100000 reads
2023-05-03 12:48:27,293 INFO Parsed 17200000 reads
2023-05-03 12:48:30,773 INFO Parsed 17300000 reads
2023-05-03 12:48:34,242 INFO Parsed 17400000 reads
2023-05-03 12:48:38,004 INFO Parsed 17500000 reads
2023-05-03 12:48:41,493 INFO Parsed 17600000 reads
2023-05-03 12:48:45,088 INFO Parsed 17700000 reads
2023-05-03 12:48:48,574 INFO Parsed 17800000 reads
2023-05-03 12:48:52,252 INFO Parsed 17900000 reads
2023-05-03 12:48:55,958 INFO Parsed 18000000 reads
2023-05-03 12:48:59,649 INFO Parsed 18100000 reads
2023-05-03 12:49:03,329 INFO Parsed 18200000 reads
2023-05-03 12:49:06,998 INFO Parsed 18300000 reads
2023-05-03 12:49:10,629 INFO Parsed 18400000 reads
2023-05-03 12:49:14,470 INFO Parsed 18500000 reads
2023-05-03 12:49:19,566 INFO Parsed 18600000 reads
2023-05-03 12:49:23,040 INFO Parsed 18700000 reads
2023-05-03 12:49:26,500 INFO Parsed 18800000 reads
2023-05-03 12:49:30,029 INFO Parsed 18900000 reads
2023-05-03 12:49:33,866 INFO Parsed 19000000 reads
2023-05-03 12:49:37,885 INFO Parsed 19100000 reads
2023-05-03 12:49:41,844 INFO Parsed 19200000 reads
2023-05-03 12:49:45,465 INFO Parsed 19300000 reads
2023-05-03 12:49:49,101 INFO Parsed 19400000 reads
2023-05-03 12:49:52,694 INFO Parsed 19500000 reads
2023-05-03 12:49:56,361 INFO Parsed 19600000 reads
2023-05-03 12:49:59,886 INFO Parsed 19700000 reads
2023-05-03 12:50:03,340 INFO Parsed 19800000 reads
2023-05-03 12:50:06,919 INFO Parsed 19900000 reads
2023-05-03 12:50:10,493 INFO Parsed 20000000 reads
2023-05-03 12:50:14,018 INFO Parsed 20100000 reads
2023-05-03 12:50:17,871 INFO Parsed 20200000 reads
2023-05-03 12:50:21,762 INFO Parsed 20300000 reads
2023-05-03 12:50:25,668 INFO Parsed 20400000 reads
2023-05-03 12:50:31,065 INFO Parsed 20500000 reads
2023-05-03 12:50:34,549 INFO Parsed 20600000 reads
2023-05-03 12:50:38,104 INFO Parsed 20700000 reads
2023-05-03 12:50:40,755 INFO Input Reads: 20774849
2023-05-03 12:50:40,755 INFO regex matches read1: 17588492
2023-05-03 12:50:40,755 INFO Reads output: 17588492
2023-05-03 12:50:40,755 INFO regex does not match read1: 3186357
# job finished in 734 seconds at Wed May  3 12:50:40 2023 -- 727.87  1.74  0.00  0.00 -- 3315dcb1-c6e0-425e-94c7-55328e194f80
[Wed May  3 12:50:41 2023]
Finished job 0.
1 of 1 steps (100%) done
[Wed May  3 12:50:42 2023]
Finished job 0.
1 of 1 steps (100%) done
