Building DAG of jobs...
Using shell: /usr/bin/bash
Provided cores: 8
Rules claiming more threads will be scaled down.
Provided resources: mem_mb=8192, mem_mib=7813, disk_mb=1517, disk_mib=1447
Select jobs to execute...
Building DAG of jobs...
Using shell: /usr/bin/bash
Provided cores: 8
Rules claiming more threads will be scaled down.
Provided resources: mem_mb=8192, mem_mib=7813, disk_mb=1517, disk_mib=1447
Select jobs to execute...

[Wed May  3 12:38:24 2023]
rule extract_umis:
    input: results/reads/183_MSI_R1.fastq.gz
    output: results/reads/umis/183_MSI_R1.fastq.gz
    log: logs/extract_umis/183_MSI.log
    jobid: 0
    reason: Missing output files: results/reads/umis/183_MSI_R1.fastq.gz
    wildcards: sample=183_MSI
    threads: 8
    resources: mem_mb=8192, mem_mib=7813, disk_mb=1517, disk_mib=1447, tmpdir=/tmp, runtime=60

# UMI-tools version: 1.1.4
# output generated by extract --random-seed 1234 --extract-method=regex --bc-pattern=(?P<umi_1>.{6})(?P<discard_1>TATA).* -I results/reads/183_MSI_R1.fastq.gz -S results/reads/umis/183_MSI_R1.fastq.gz
# job started at Wed May  3 12:38:25 2023 on bc004 -- fefb4a60-32dd-46e4-8818-a678d52d28af
# pid: 1467216, system: Linux 4.18.0-193.19.1.el8_2.x86_64 #1 SMP Mon Sep 14 14:37:00 UTC 2020 x86_64
# blacklist                               : None
# compresslevel                           : 6
# correct_umi_threshold                   : 0
# either_read                             : False
# either_read_resolve                     : discard
# error_correct_cell                      : False
# extract_method                          : regex
# filter_cell_barcode                     : None
# filter_cell_barcodes                    : False
# filter_umi                              : None
# filtered_out                            : None
# filtered_out2                           : None
# ignore_suffix                           : False
# log2stderr                              : False
# loglevel                                : 1
# pattern                                 : (?P<umi_1>.{6})(?P<discard_1>TATA).*
# pattern2                                : None
# prime3                                  : None
# quality_encoding                        : None
# quality_filter_mask                     : None
# quality_filter_threshold                : None
# random_seed                             : 1234
# read2_in                                : None
# read2_out                               : False
# read2_stdout                            : False
# reads_subset                            : None
# reconcile                               : False
# retain_umi                              : None
# short_help                              : None
# stderr                                  : <_io.TextIOWrapper name='<stderr>' mode='w' encoding='utf-8'>
# stdin                                   : <_io.TextIOWrapper name='results/reads/183_MSI_R1.fastq.gz' encoding='ascii'>
# stdlog                                  : <_io.TextIOWrapper name='<stdout>' mode='w' encoding='utf-8'>
# stdout                                  : <_io.TextIOWrapper name='results/reads/umis/183_MSI_R1.fastq.gz' encoding='ascii'>
# timeit_file                             : None
# timeit_header                           : None
# timeit_name                             : all
# tmpdir                                  : None
# umi_correct_log                         : None
# umi_separator                           : _
# umi_whitelist                           : None
# umi_whitelist_paired                    : None
# whitelist                               : None
2023-05-03 12:38:25,475 INFO Starting barcode extraction
2023-05-03 12:38:28,742 INFO Parsed 100000 reads
2023-05-03 12:38:31,958 INFO Parsed 200000 reads
2023-05-03 12:38:35,178 INFO Parsed 300000 reads
2023-05-03 12:38:38,407 INFO Parsed 400000 reads
2023-05-03 12:38:41,633 INFO Parsed 500000 reads
2023-05-03 12:38:44,863 INFO Parsed 600000 reads
2023-05-03 12:38:48,094 INFO Parsed 700000 reads
2023-05-03 12:38:51,302 INFO Parsed 800000 reads
2023-05-03 12:38:54,520 INFO Parsed 900000 reads
2023-05-03 12:38:57,751 INFO Parsed 1000000 reads
2023-05-03 12:39:00,976 INFO Parsed 1100000 reads
2023-05-03 12:39:04,199 INFO Parsed 1200000 reads
2023-05-03 12:39:07,444 INFO Parsed 1300000 reads
2023-05-03 12:39:10,676 INFO Parsed 1400000 reads
2023-05-03 12:39:13,890 INFO Parsed 1500000 reads
2023-05-03 12:39:17,122 INFO Parsed 1600000 reads
2023-05-03 12:39:20,357 INFO Parsed 1700000 reads
2023-05-03 12:39:23,579 INFO Parsed 1800000 reads
2023-05-03 12:39:26,812 INFO Parsed 1900000 reads
2023-05-03 12:39:30,045 INFO Parsed 2000000 reads
2023-05-03 12:39:33,274 INFO Parsed 2100000 reads
2023-05-03 12:39:36,501 INFO Parsed 2200000 reads
2023-05-03 12:39:39,767 INFO Parsed 2300000 reads
2023-05-03 12:39:43,004 INFO Parsed 2400000 reads
2023-05-03 12:39:46,245 INFO Parsed 2500000 reads
2023-05-03 12:39:49,498 INFO Parsed 2600000 reads
2023-05-03 12:39:52,733 INFO Parsed 2700000 reads
2023-05-03 12:39:55,965 INFO Parsed 2800000 reads
2023-05-03 12:39:59,196 INFO Parsed 2900000 reads
2023-05-03 12:40:02,441 INFO Parsed 3000000 reads
2023-05-03 12:40:05,674 INFO Parsed 3100000 reads
2023-05-03 12:40:08,914 INFO Parsed 3200000 reads
2023-05-03 12:40:12,157 INFO Parsed 3300000 reads
2023-05-03 12:40:15,388 INFO Parsed 3400000 reads
2023-05-03 12:40:18,614 INFO Parsed 3500000 reads
2023-05-03 12:40:21,853 INFO Parsed 3600000 reads
2023-05-03 12:40:25,093 INFO Parsed 3700000 reads
2023-05-03 12:40:28,345 INFO Parsed 3800000 reads
2023-05-03 12:40:31,594 INFO Parsed 3900000 reads
2023-05-03 12:40:34,829 INFO Parsed 4000000 reads
2023-05-03 12:40:38,054 INFO Parsed 4100000 reads
2023-05-03 12:40:41,277 INFO Parsed 4200000 reads
2023-05-03 12:40:44,502 INFO Parsed 4300000 reads
2023-05-03 12:40:47,735 INFO Parsed 4400000 reads
2023-05-03 12:40:50,957 INFO Parsed 4500000 reads
2023-05-03 12:40:54,197 INFO Parsed 4600000 reads
2023-05-03 12:40:57,427 INFO Parsed 4700000 reads
2023-05-03 12:41:00,648 INFO Parsed 4800000 reads
2023-05-03 12:41:03,877 INFO Parsed 4900000 reads
2023-05-03 12:41:07,104 INFO Parsed 5000000 reads
2023-05-03 12:41:10,335 INFO Parsed 5100000 reads
2023-05-03 12:41:13,559 INFO Parsed 5200000 reads
2023-05-03 12:41:16,788 INFO Parsed 5300000 reads
2023-05-03 12:41:20,003 INFO Parsed 5400000 reads
2023-05-03 12:41:23,219 INFO Parsed 5500000 reads
2023-05-03 12:41:26,438 INFO Parsed 5600000 reads
2023-05-03 12:41:29,667 INFO Parsed 5700000 reads
2023-05-03 12:41:32,881 INFO Parsed 5800000 reads
2023-05-03 12:41:36,107 INFO Parsed 5900000 reads
2023-05-03 12:41:39,336 INFO Parsed 6000000 reads
2023-05-03 12:41:42,562 INFO Parsed 6100000 reads
2023-05-03 12:41:45,791 INFO Parsed 6200000 reads
2023-05-03 12:41:49,038 INFO Parsed 6300000 reads
2023-05-03 12:41:52,277 INFO Parsed 6400000 reads
2023-05-03 12:41:55,512 INFO Parsed 6500000 reads
2023-05-03 12:41:58,757 INFO Parsed 6600000 reads
2023-05-03 12:42:02,027 INFO Parsed 6700000 reads
2023-05-03 12:42:05,252 INFO Parsed 6800000 reads
2023-05-03 12:42:08,484 INFO Parsed 6900000 reads
2023-05-03 12:42:11,707 INFO Parsed 7000000 reads
2023-05-03 12:42:14,923 INFO Parsed 7100000 reads
2023-05-03 12:42:18,152 INFO Parsed 7200000 reads
2023-05-03 12:42:21,379 INFO Parsed 7300000 reads
2023-05-03 12:42:24,669 INFO Parsed 7400000 reads
2023-05-03 12:42:27,895 INFO Parsed 7500000 reads
2023-05-03 12:42:31,129 INFO Parsed 7600000 reads
2023-05-03 12:42:34,359 INFO Parsed 7700000 reads
2023-05-03 12:42:37,581 INFO Parsed 7800000 reads
2023-05-03 12:42:40,801 INFO Parsed 7900000 reads
2023-05-03 12:42:44,027 INFO Parsed 8000000 reads
2023-05-03 12:42:47,255 INFO Parsed 8100000 reads
2023-05-03 12:42:50,488 INFO Parsed 8200000 reads
2023-05-03 12:42:53,713 INFO Parsed 8300000 reads
2023-05-03 12:42:56,943 INFO Parsed 8400000 reads
2023-05-03 12:43:00,168 INFO Parsed 8500000 reads
2023-05-03 12:43:03,401 INFO Parsed 8600000 reads
2023-05-03 12:43:06,628 INFO Parsed 8700000 reads
2023-05-03 12:43:09,862 INFO Parsed 8800000 reads
2023-05-03 12:43:13,091 INFO Parsed 8900000 reads
2023-05-03 12:43:16,321 INFO Parsed 9000000 reads
2023-05-03 12:43:19,551 INFO Parsed 9100000 reads
2023-05-03 12:43:22,774 INFO Parsed 9200000 reads
2023-05-03 12:43:25,992 INFO Parsed 9300000 reads
2023-05-03 12:43:29,205 INFO Parsed 9400000 reads
2023-05-03 12:43:32,435 INFO Parsed 9500000 reads
2023-05-03 12:43:35,662 INFO Parsed 9600000 reads
2023-05-03 12:43:38,885 INFO Parsed 9700000 reads
2023-05-03 12:43:42,099 INFO Parsed 9800000 reads
2023-05-03 12:43:45,325 INFO Parsed 9900000 reads
2023-05-03 12:43:48,563 INFO Parsed 10000000 reads
2023-05-03 12:43:51,793 INFO Parsed 10100000 reads
2023-05-03 12:43:55,029 INFO Parsed 10200000 reads
2023-05-03 12:43:58,265 INFO Parsed 10300000 reads
2023-05-03 12:44:01,477 INFO Parsed 10400000 reads
2023-05-03 12:44:04,691 INFO Parsed 10500000 reads
2023-05-03 12:44:07,917 INFO Parsed 10600000 reads
2023-05-03 12:44:11,173 INFO Parsed 10700000 reads
2023-05-03 12:44:14,416 INFO Parsed 10800000 reads
2023-05-03 12:44:17,679 INFO Parsed 10900000 reads
2023-05-03 12:44:20,907 INFO Parsed 11000000 reads
2023-05-03 12:44:24,134 INFO Parsed 11100000 reads
2023-05-03 12:44:27,361 INFO Parsed 11200000 reads
2023-05-03 12:44:30,598 INFO Parsed 11300000 reads
2023-05-03 12:44:33,822 INFO Parsed 11400000 reads
2023-05-03 12:44:37,062 INFO Parsed 11500000 reads
2023-05-03 12:44:40,303 INFO Parsed 11600000 reads
2023-05-03 12:44:43,537 INFO Parsed 11700000 reads
2023-05-03 12:44:46,778 INFO Parsed 11800000 reads
2023-05-03 12:44:50,026 INFO Parsed 11900000 reads
2023-05-03 12:44:53,260 INFO Parsed 12000000 reads
2023-05-03 12:44:56,498 INFO Parsed 12100000 reads
2023-05-03 12:44:59,721 INFO Parsed 12200000 reads
2023-05-03 12:45:02,962 INFO Parsed 12300000 reads
2023-05-03 12:45:06,178 INFO Parsed 12400000 reads
2023-05-03 12:45:09,397 INFO Parsed 12500000 reads
2023-05-03 12:45:12,622 INFO Parsed 12600000 reads
2023-05-03 12:45:15,838 INFO Parsed 12700000 reads
2023-05-03 12:45:19,120 INFO Parsed 12800000 reads
2023-05-03 12:45:22,345 INFO Parsed 12900000 reads
2023-05-03 12:45:25,566 INFO Parsed 13000000 reads
2023-05-03 12:45:28,792 INFO Parsed 13100000 reads
2023-05-03 12:45:32,024 INFO Parsed 13200000 reads
2023-05-03 12:45:35,247 INFO Parsed 13300000 reads
2023-05-03 12:45:38,469 INFO Parsed 13400000 reads
2023-05-03 12:45:41,690 INFO Parsed 13500000 reads
2023-05-03 12:45:44,906 INFO Parsed 13600000 reads
2023-05-03 12:45:48,131 INFO Parsed 13700000 reads
2023-05-03 12:45:51,345 INFO Parsed 13800000 reads
2023-05-03 12:45:54,556 INFO Parsed 13900000 reads
2023-05-03 12:45:57,767 INFO Parsed 14000000 reads
2023-05-03 12:46:00,998 INFO Parsed 14100000 reads
2023-05-03 12:46:04,223 INFO Parsed 14200000 reads
2023-05-03 12:46:07,451 INFO Parsed 14300000 reads
2023-05-03 12:46:10,672 INFO Parsed 14400000 reads
2023-05-03 12:46:13,897 INFO Parsed 14500000 reads
2023-05-03 12:46:17,118 INFO Parsed 14600000 reads
2023-05-03 12:46:20,348 INFO Parsed 14700000 reads
2023-05-03 12:46:23,596 INFO Parsed 14800000 reads
2023-05-03 12:46:26,842 INFO Parsed 14900000 reads
2023-05-03 12:46:30,093 INFO Parsed 15000000 reads
2023-05-03 12:46:33,320 INFO Parsed 15100000 reads
2023-05-03 12:46:36,556 INFO Parsed 15200000 reads
2023-05-03 12:46:39,782 INFO Parsed 15300000 reads
2023-05-03 12:46:43,021 INFO Parsed 15400000 reads
2023-05-03 12:46:46,268 INFO Parsed 15500000 reads
2023-05-03 12:46:49,506 INFO Parsed 15600000 reads
2023-05-03 12:46:52,741 INFO Parsed 15700000 reads
2023-05-03 12:46:55,980 INFO Parsed 15800000 reads
2023-05-03 12:46:57,613 INFO Input Reads: 15850620
2023-05-03 12:46:57,614 INFO regex matches read1: 13837395
2023-05-03 12:46:57,614 INFO Reads output: 13837395
2023-05-03 12:46:57,614 INFO regex does not match read1: 2013225
# job finished in 512 seconds at Wed May  3 12:46:57 2023 -- 511.45  1.54  0.00  0.00 -- fefb4a60-32dd-46e4-8818-a678d52d28af
[Wed May  3 12:46:57 2023]
Finished job 0.
1 of 1 steps (100%) done
[Wed May  3 12:46:59 2023]
Finished job 0.
1 of 1 steps (100%) done
