Building DAG of jobs...
Using shell: /usr/bin/bash
Provided cores: 8
Rules claiming more threads will be scaled down.
Provided resources: mem_mb=8192, mem_mib=7813, disk_mb=2345, disk_mib=2237
Select jobs to execute...
Building DAG of jobs...
Using shell: /usr/bin/bash
Provided cores: 8
Rules claiming more threads will be scaled down.
Provided resources: mem_mb=8192, mem_mib=7813, disk_mb=2345, disk_mib=2237
Select jobs to execute...

[Wed May  3 12:38:24 2023]
rule extract_umis:
    input: results/reads/104_MSI_R1.fastq.gz
    output: results/reads/umis/104_MSI_R1.fastq.gz
    log: logs/extract_umis/104_MSI.log
    jobid: 0
    reason: Missing output files: results/reads/umis/104_MSI_R1.fastq.gz
    wildcards: sample=104_MSI
    threads: 8
    resources: mem_mb=8192, mem_mib=7813, disk_mb=2345, disk_mib=2237, tmpdir=/tmp, runtime=60

# UMI-tools version: 1.1.4
# output generated by extract --random-seed 1234 --extract-method=regex --bc-pattern=(?P<umi_1>.{6})(?P<discard_1>TATA).* -I results/reads/104_MSI_R1.fastq.gz -S results/reads/umis/104_MSI_R1.fastq.gz
# job started at Wed May  3 12:38:25 2023 on bc004 -- cd568136-934b-44e3-9fd8-379210a02cf2
# pid: 1467276, system: Linux 4.18.0-193.19.1.el8_2.x86_64 #1 SMP Mon Sep 14 14:37:00 UTC 2020 x86_64
# blacklist                               : None
# compresslevel                           : 6
# correct_umi_threshold                   : 0
# either_read                             : False
# either_read_resolve                     : discard
# error_correct_cell                      : False
# extract_method                          : regex
# filter_cell_barcode                     : None
# filter_cell_barcodes                    : False
# filter_umi                              : None
# filtered_out                            : None
# filtered_out2                           : None
# ignore_suffix                           : False
# log2stderr                              : False
# loglevel                                : 1
# pattern                                 : (?P<umi_1>.{6})(?P<discard_1>TATA).*
# pattern2                                : None
# prime3                                  : None
# quality_encoding                        : None
# quality_filter_mask                     : None
# quality_filter_threshold                : None
# random_seed                             : 1234
# read2_in                                : None
# read2_out                               : False
# read2_stdout                            : False
# reads_subset                            : None
# reconcile                               : False
# retain_umi                              : None
# short_help                              : None
# stderr                                  : <_io.TextIOWrapper name='<stderr>' mode='w' encoding='utf-8'>
# stdin                                   : <_io.TextIOWrapper name='results/reads/104_MSI_R1.fastq.gz' encoding='ascii'>
# stdlog                                  : <_io.TextIOWrapper name='<stdout>' mode='w' encoding='utf-8'>
# stdout                                  : <_io.TextIOWrapper name='results/reads/umis/104_MSI_R1.fastq.gz' encoding='ascii'>
# timeit_file                             : None
# timeit_header                           : None
# timeit_name                             : all
# tmpdir                                  : None
# umi_correct_log                         : None
# umi_separator                           : _
# umi_whitelist                           : None
# umi_whitelist_paired                    : None
# whitelist                               : None
2023-05-03 12:38:25,713 INFO Starting barcode extraction
2023-05-03 12:38:29,471 INFO Parsed 100000 reads
2023-05-03 12:38:33,061 INFO Parsed 200000 reads
2023-05-03 12:38:36,620 INFO Parsed 300000 reads
2023-05-03 12:38:40,181 INFO Parsed 400000 reads
2023-05-03 12:38:43,874 INFO Parsed 500000 reads
2023-05-03 12:38:47,445 INFO Parsed 600000 reads
2023-05-03 12:38:51,052 INFO Parsed 700000 reads
2023-05-03 12:38:54,668 INFO Parsed 800000 reads
2023-05-03 12:38:58,262 INFO Parsed 900000 reads
2023-05-03 12:39:01,911 INFO Parsed 1000000 reads
2023-05-03 12:39:05,568 INFO Parsed 1100000 reads
2023-05-03 12:39:09,304 INFO Parsed 1200000 reads
2023-05-03 12:39:12,967 INFO Parsed 1300000 reads
2023-05-03 12:39:16,678 INFO Parsed 1400000 reads
2023-05-03 12:39:20,440 INFO Parsed 1500000 reads
2023-05-03 12:39:24,473 INFO Parsed 1600000 reads
2023-05-03 12:39:28,356 INFO Parsed 1700000 reads
2023-05-03 12:39:32,046 INFO Parsed 1800000 reads
2023-05-03 12:39:35,715 INFO Parsed 1900000 reads
2023-05-03 12:39:39,403 INFO Parsed 2000000 reads
2023-05-03 12:39:43,235 INFO Parsed 2100000 reads
2023-05-03 12:39:47,009 INFO Parsed 2200000 reads
2023-05-03 12:39:50,721 INFO Parsed 2300000 reads
2023-05-03 12:39:54,374 INFO Parsed 2400000 reads
2023-05-03 12:39:58,087 INFO Parsed 2500000 reads
2023-05-03 12:40:01,652 INFO Parsed 2600000 reads
2023-05-03 12:40:05,166 INFO Parsed 2700000 reads
2023-05-03 12:40:08,837 INFO Parsed 2800000 reads
2023-05-03 12:40:12,681 INFO Parsed 2900000 reads
2023-05-03 12:40:16,365 INFO Parsed 3000000 reads
2023-05-03 12:40:20,182 INFO Parsed 3100000 reads
2023-05-03 12:40:24,158 INFO Parsed 3200000 reads
2023-05-03 12:40:28,109 INFO Parsed 3300000 reads
2023-05-03 12:40:31,880 INFO Parsed 3400000 reads
2023-05-03 12:40:35,487 INFO Parsed 3500000 reads
2023-05-03 12:40:39,178 INFO Parsed 3600000 reads
2023-05-03 12:40:42,777 INFO Parsed 3700000 reads
2023-05-03 12:40:46,333 INFO Parsed 3800000 reads
2023-05-03 12:40:49,879 INFO Parsed 3900000 reads
2023-05-03 12:40:53,451 INFO Parsed 4000000 reads
2023-05-03 12:40:57,072 INFO Parsed 4100000 reads
2023-05-03 12:41:00,621 INFO Parsed 4200000 reads
2023-05-03 12:41:04,224 INFO Parsed 4300000 reads
2023-05-03 12:41:07,841 INFO Parsed 4400000 reads
2023-05-03 12:41:11,444 INFO Parsed 4500000 reads
2023-05-03 12:41:15,167 INFO Parsed 4600000 reads
2023-05-03 12:41:18,995 INFO Parsed 4700000 reads
2023-05-03 12:41:22,817 INFO Parsed 4800000 reads
2023-05-03 12:41:26,614 INFO Parsed 4900000 reads
2023-05-03 12:41:30,498 INFO Parsed 5000000 reads
2023-05-03 12:41:34,129 INFO Parsed 5100000 reads
2023-05-03 12:41:37,708 INFO Parsed 5200000 reads
2023-05-03 12:41:41,363 INFO Parsed 5300000 reads
2023-05-03 12:41:45,127 INFO Parsed 5400000 reads
2023-05-03 12:41:48,886 INFO Parsed 5500000 reads
2023-05-03 12:41:52,807 INFO Parsed 5600000 reads
2023-05-03 12:41:56,664 INFO Parsed 5700000 reads
2023-05-03 12:42:00,665 INFO Parsed 5800000 reads
2023-05-03 12:42:04,537 INFO Parsed 5900000 reads
2023-05-03 12:42:08,304 INFO Parsed 6000000 reads
2023-05-03 12:42:11,993 INFO Parsed 6100000 reads
2023-05-03 12:42:15,573 INFO Parsed 6200000 reads
2023-05-03 12:42:19,154 INFO Parsed 6300000 reads
2023-05-03 12:42:22,869 INFO Parsed 6400000 reads
2023-05-03 12:42:26,810 INFO Parsed 6500000 reads
2023-05-03 12:42:30,494 INFO Parsed 6600000 reads
2023-05-03 12:42:34,087 INFO Parsed 6700000 reads
2023-05-03 12:42:37,694 INFO Parsed 6800000 reads
2023-05-03 12:42:41,359 INFO Parsed 6900000 reads
2023-05-03 12:42:45,202 INFO Parsed 7000000 reads
2023-05-03 12:42:49,001 INFO Parsed 7100000 reads
2023-05-03 12:42:52,759 INFO Parsed 7200000 reads
2023-05-03 12:42:57,072 INFO Parsed 7300000 reads
2023-05-03 12:43:00,993 INFO Parsed 7400000 reads
2023-05-03 12:43:04,917 INFO Parsed 7500000 reads
2023-05-03 12:43:08,790 INFO Parsed 7600000 reads
2023-05-03 12:43:12,710 INFO Parsed 7700000 reads
2023-05-03 12:43:16,598 INFO Parsed 7800000 reads
2023-05-03 12:43:20,509 INFO Parsed 7900000 reads
2023-05-03 12:43:24,501 INFO Parsed 8000000 reads
2023-05-03 12:43:28,515 INFO Parsed 8100000 reads
2023-05-03 12:43:32,480 INFO Parsed 8200000 reads
2023-05-03 12:43:36,402 INFO Parsed 8300000 reads
2023-05-03 12:43:40,241 INFO Parsed 8400000 reads
2023-05-03 12:43:44,062 INFO Parsed 8500000 reads
2023-05-03 12:43:47,902 INFO Parsed 8600000 reads
2023-05-03 12:43:51,695 INFO Parsed 8700000 reads
2023-05-03 12:43:55,385 INFO Parsed 8800000 reads
2023-05-03 12:43:58,941 INFO Parsed 8900000 reads
2023-05-03 12:44:02,474 INFO Parsed 9000000 reads
2023-05-03 12:44:06,112 INFO Parsed 9100000 reads
2023-05-03 12:44:09,834 INFO Parsed 9200000 reads
2023-05-03 12:44:13,605 INFO Parsed 9300000 reads
2023-05-03 12:44:17,303 INFO Parsed 9400000 reads
2023-05-03 12:44:20,922 INFO Parsed 9500000 reads
2023-05-03 12:44:24,572 INFO Parsed 9600000 reads
2023-05-03 12:44:28,213 INFO Parsed 9700000 reads
2023-05-03 12:44:32,024 INFO Parsed 9800000 reads
2023-05-03 12:44:35,816 INFO Parsed 9900000 reads
2023-05-03 12:44:39,683 INFO Parsed 10000000 reads
2023-05-03 12:44:43,400 INFO Parsed 10100000 reads
2023-05-03 12:44:47,151 INFO Parsed 10200000 reads
2023-05-03 12:44:51,185 INFO Parsed 10300000 reads
2023-05-03 12:44:54,968 INFO Parsed 10400000 reads
2023-05-03 12:44:58,913 INFO Parsed 10500000 reads
2023-05-03 12:45:02,973 INFO Parsed 10600000 reads
2023-05-03 12:45:07,057 INFO Parsed 10700000 reads
2023-05-03 12:45:11,146 INFO Parsed 10800000 reads
2023-05-03 12:45:15,332 INFO Parsed 10900000 reads
2023-05-03 12:45:19,271 INFO Parsed 11000000 reads
2023-05-03 12:45:22,868 INFO Parsed 11100000 reads
2023-05-03 12:45:26,502 INFO Parsed 11200000 reads
2023-05-03 12:45:30,229 INFO Parsed 11300000 reads
2023-05-03 12:45:34,041 INFO Parsed 11400000 reads
2023-05-03 12:45:38,240 INFO Parsed 11500000 reads
2023-05-03 12:45:42,413 INFO Parsed 11600000 reads
2023-05-03 12:45:46,622 INFO Parsed 11700000 reads
2023-05-03 12:45:50,667 INFO Parsed 11800000 reads
2023-05-03 12:45:54,558 INFO Parsed 11900000 reads
2023-05-03 12:45:58,501 INFO Parsed 12000000 reads
2023-05-03 12:46:02,163 INFO Parsed 12100000 reads
2023-05-03 12:46:05,753 INFO Parsed 12200000 reads
2023-05-03 12:46:09,328 INFO Parsed 12300000 reads
2023-05-03 12:46:12,845 INFO Parsed 12400000 reads
2023-05-03 12:46:16,386 INFO Parsed 12500000 reads
2023-05-03 12:46:20,012 INFO Parsed 12600000 reads
2023-05-03 12:46:23,698 INFO Parsed 12700000 reads
2023-05-03 12:46:27,398 INFO Parsed 12800000 reads
2023-05-03 12:46:31,137 INFO Parsed 12900000 reads
2023-05-03 12:46:35,221 INFO Parsed 13000000 reads
2023-05-03 12:46:39,512 INFO Parsed 13100000 reads
2023-05-03 12:46:43,645 INFO Parsed 13200000 reads
2023-05-03 12:46:47,822 INFO Parsed 13300000 reads
2023-05-03 12:46:52,055 INFO Parsed 13400000 reads
2023-05-03 12:46:56,061 INFO Parsed 13500000 reads
2023-05-03 12:46:59,866 INFO Parsed 13600000 reads
2023-05-03 12:47:03,447 INFO Parsed 13700000 reads
2023-05-03 12:47:06,984 INFO Parsed 13800000 reads
2023-05-03 12:47:10,474 INFO Parsed 13900000 reads
2023-05-03 12:47:13,980 INFO Parsed 14000000 reads
2023-05-03 12:47:17,465 INFO Parsed 14100000 reads
2023-05-03 12:47:21,135 INFO Parsed 14200000 reads
2023-05-03 12:47:24,712 INFO Parsed 14300000 reads
2023-05-03 12:47:28,242 INFO Parsed 14400000 reads
2023-05-03 12:47:31,769 INFO Parsed 14500000 reads
2023-05-03 12:47:35,281 INFO Parsed 14600000 reads
2023-05-03 12:47:38,786 INFO Parsed 14700000 reads
2023-05-03 12:47:42,389 INFO Parsed 14800000 reads
2023-05-03 12:47:45,973 INFO Parsed 14900000 reads
2023-05-03 12:47:49,535 INFO Parsed 15000000 reads
2023-05-03 12:47:53,497 INFO Parsed 15100000 reads
2023-05-03 12:47:57,289 INFO Parsed 15200000 reads
2023-05-03 12:48:01,072 INFO Parsed 15300000 reads
2023-05-03 12:48:05,022 INFO Parsed 15400000 reads
2023-05-03 12:48:08,738 INFO Parsed 15500000 reads
2023-05-03 12:48:12,422 INFO Parsed 15600000 reads
2023-05-03 12:48:16,040 INFO Parsed 15700000 reads
2023-05-03 12:48:19,551 INFO Parsed 15800000 reads
2023-05-03 12:48:23,053 INFO Parsed 15900000 reads
2023-05-03 12:48:27,112 INFO Parsed 16000000 reads
2023-05-03 12:48:30,650 INFO Parsed 16100000 reads
2023-05-03 12:48:34,167 INFO Parsed 16200000 reads
2023-05-03 12:48:37,634 INFO Parsed 16300000 reads
2023-05-03 12:48:41,069 INFO Parsed 16400000 reads
2023-05-03 12:48:44,693 INFO Parsed 16500000 reads
2023-05-03 12:48:48,179 INFO Parsed 16600000 reads
2023-05-03 12:48:51,637 INFO Parsed 16700000 reads
2023-05-03 12:48:55,074 INFO Parsed 16800000 reads
2023-05-03 12:48:58,557 INFO Parsed 16900000 reads
2023-05-03 12:49:02,069 INFO Parsed 17000000 reads
2023-05-03 12:49:05,577 INFO Parsed 17100000 reads
2023-05-03 12:49:09,092 INFO Parsed 17200000 reads
2023-05-03 12:49:12,606 INFO Parsed 17300000 reads
2023-05-03 12:49:17,424 INFO Parsed 17400000 reads
2023-05-03 12:49:20,955 INFO Parsed 17500000 reads
2023-05-03 12:49:24,481 INFO Parsed 17600000 reads
2023-05-03 12:49:28,005 INFO Parsed 17700000 reads
2023-05-03 12:49:31,540 INFO Parsed 17800000 reads
2023-05-03 12:49:35,073 INFO Parsed 17900000 reads
2023-05-03 12:49:38,597 INFO Parsed 18000000 reads
2023-05-03 12:49:42,098 INFO Parsed 18100000 reads
2023-05-03 12:49:45,526 INFO Parsed 18200000 reads
2023-05-03 12:49:48,972 INFO Parsed 18300000 reads
2023-05-03 12:49:52,456 INFO Parsed 18400000 reads
2023-05-03 12:49:55,939 INFO Parsed 18500000 reads
2023-05-03 12:49:59,667 INFO Parsed 18600000 reads
2023-05-03 12:50:03,127 INFO Parsed 18700000 reads
2023-05-03 12:50:06,566 INFO Parsed 18800000 reads
2023-05-03 12:50:09,998 INFO Parsed 18900000 reads
2023-05-03 12:50:13,408 INFO Parsed 19000000 reads
2023-05-03 12:50:16,835 INFO Parsed 19100000 reads
2023-05-03 12:50:20,314 INFO Parsed 19200000 reads
2023-05-03 12:50:23,834 INFO Parsed 19300000 reads
2023-05-03 12:50:28,756 INFO Parsed 19400000 reads
2023-05-03 12:50:32,240 INFO Parsed 19500000 reads
2023-05-03 12:50:35,724 INFO Parsed 19600000 reads
2023-05-03 12:50:39,255 INFO Parsed 19700000 reads
2023-05-03 12:50:42,771 INFO Parsed 19800000 reads
2023-05-03 12:50:46,280 INFO Parsed 19900000 reads
2023-05-03 12:50:49,803 INFO Parsed 20000000 reads
2023-05-03 12:50:53,333 INFO Parsed 20100000 reads
2023-05-03 12:50:56,857 INFO Parsed 20200000 reads
2023-05-03 12:51:00,457 INFO Parsed 20300000 reads
2023-05-03 12:51:03,917 INFO Parsed 20400000 reads
2023-05-03 12:51:07,332 INFO Parsed 20500000 reads
2023-05-03 12:51:10,769 INFO Parsed 20600000 reads
2023-05-03 12:51:14,270 INFO Parsed 20700000 reads
2023-05-03 12:51:17,726 INFO Parsed 20800000 reads
2023-05-03 12:51:21,298 INFO Parsed 20900000 reads
2023-05-03 12:51:24,920 INFO Parsed 21000000 reads
2023-05-03 12:51:29,287 INFO Parsed 21100000 reads
2023-05-03 12:51:32,638 INFO Parsed 21200000 reads
2023-05-03 12:51:36,219 INFO Parsed 21300000 reads
2023-05-03 12:51:39,741 INFO Parsed 21400000 reads
2023-05-03 12:51:43,262 INFO Parsed 21500000 reads
2023-05-03 12:51:46,778 INFO Parsed 21600000 reads
2023-05-03 12:51:50,297 INFO Parsed 21700000 reads
2023-05-03 12:51:53,778 INFO Parsed 21800000 reads
2023-05-03 12:51:57,267 INFO Parsed 21900000 reads
2023-05-03 12:52:01,591 INFO Parsed 22000000 reads
2023-05-03 12:52:03,650 INFO Input Reads: 22058167
2023-05-03 12:52:03,650 INFO regex matches read1: 18629341
2023-05-03 12:52:03,651 INFO Reads output: 18629341
2023-05-03 12:52:03,651 INFO regex does not match read1: 3428826
# job finished in 817 seconds at Wed May  3 12:52:03 2023 -- 810.14  1.82  0.00  0.00 -- cd568136-934b-44e3-9fd8-379210a02cf2
[Wed May  3 12:52:04 2023]
Finished job 0.
1 of 1 steps (100%) done
[Wed May  3 12:52:06 2023]
Finished job 0.
1 of 1 steps (100%) done
