Building DAG of jobs...
Using shell: /usr/bin/bash
Provided cores: 8
Rules claiming more threads will be scaled down.
Provided resources: mem_mb=8192, mem_mib=7813, disk_mb=2754, disk_mib=2627
Select jobs to execute...
Building DAG of jobs...
Using shell: /usr/bin/bash
Provided cores: 8
Rules claiming more threads will be scaled down.
Provided resources: mem_mb=8192, mem_mib=7813, disk_mb=2754, disk_mib=2627
Select jobs to execute...

[Wed May  3 12:38:24 2023]
rule extract_umis:
    input: results/reads/226_MSI_R1.fastq.gz
    output: results/reads/umis/226_MSI_R1.fastq.gz
    log: logs/extract_umis/226_MSI.log
    jobid: 0
    reason: Missing output files: results/reads/umis/226_MSI_R1.fastq.gz
    wildcards: sample=226_MSI
    threads: 8
    resources: mem_mb=8192, mem_mib=7813, disk_mb=2754, disk_mib=2627, tmpdir=/tmp, runtime=60

# UMI-tools version: 1.1.4
# output generated by extract --random-seed 1234 --extract-method=regex --bc-pattern=(?P<umi_1>.{6})(?P<discard_1>TATA).* -I results/reads/226_MSI_R1.fastq.gz -S results/reads/umis/226_MSI_R1.fastq.gz
# job started at Wed May  3 12:38:25 2023 on bc004 -- 93357415-4f01-4d5a-9fc3-a11249af127d
# pid: 1467249, system: Linux 4.18.0-193.19.1.el8_2.x86_64 #1 SMP Mon Sep 14 14:37:00 UTC 2020 x86_64
# blacklist                               : None
# compresslevel                           : 6
# correct_umi_threshold                   : 0
# either_read                             : False
# either_read_resolve                     : discard
# error_correct_cell                      : False
# extract_method                          : regex
# filter_cell_barcode                     : None
# filter_cell_barcodes                    : False
# filter_umi                              : None
# filtered_out                            : None
# filtered_out2                           : None
# ignore_suffix                           : False
# log2stderr                              : False
# loglevel                                : 1
# pattern                                 : (?P<umi_1>.{6})(?P<discard_1>TATA).*
# pattern2                                : None
# prime3                                  : None
# quality_encoding                        : None
# quality_filter_mask                     : None
# quality_filter_threshold                : None
# random_seed                             : 1234
# read2_in                                : None
# read2_out                               : False
# read2_stdout                            : False
# reads_subset                            : None
# reconcile                               : False
# retain_umi                              : None
# short_help                              : None
# stderr                                  : <_io.TextIOWrapper name='<stderr>' mode='w' encoding='utf-8'>
# stdin                                   : <_io.TextIOWrapper name='results/reads/226_MSI_R1.fastq.gz' encoding='ascii'>
# stdlog                                  : <_io.TextIOWrapper name='<stdout>' mode='w' encoding='utf-8'>
# stdout                                  : <_io.TextIOWrapper name='results/reads/umis/226_MSI_R1.fastq.gz' encoding='ascii'>
# timeit_file                             : None
# timeit_header                           : None
# timeit_name                             : all
# tmpdir                                  : None
# umi_correct_log                         : None
# umi_separator                           : _
# umi_whitelist                           : None
# umi_whitelist_paired                    : None
# whitelist                               : None
2023-05-03 12:38:25,629 INFO Starting barcode extraction
2023-05-03 12:38:29,073 INFO Parsed 100000 reads
2023-05-03 12:38:32,490 INFO Parsed 200000 reads
2023-05-03 12:38:35,915 INFO Parsed 300000 reads
2023-05-03 12:38:39,334 INFO Parsed 400000 reads
2023-05-03 12:38:42,766 INFO Parsed 500000 reads
2023-05-03 12:38:46,197 INFO Parsed 600000 reads
2023-05-03 12:38:49,628 INFO Parsed 700000 reads
2023-05-03 12:38:53,060 INFO Parsed 800000 reads
2023-05-03 12:38:56,489 INFO Parsed 900000 reads
2023-05-03 12:38:59,915 INFO Parsed 1000000 reads
2023-05-03 12:39:03,343 INFO Parsed 1100000 reads
2023-05-03 12:39:06,780 INFO Parsed 1200000 reads
2023-05-03 12:39:10,195 INFO Parsed 1300000 reads
2023-05-03 12:39:13,624 INFO Parsed 1400000 reads
2023-05-03 12:39:17,062 INFO Parsed 1500000 reads
2023-05-03 12:39:20,587 INFO Parsed 1600000 reads
2023-05-03 12:39:24,012 INFO Parsed 1700000 reads
2023-05-03 12:39:27,441 INFO Parsed 1800000 reads
2023-05-03 12:39:30,876 INFO Parsed 1900000 reads
2023-05-03 12:39:34,305 INFO Parsed 2000000 reads
2023-05-03 12:39:37,726 INFO Parsed 2100000 reads
2023-05-03 12:39:41,154 INFO Parsed 2200000 reads
2023-05-03 12:39:44,575 INFO Parsed 2300000 reads
2023-05-03 12:39:47,993 INFO Parsed 2400000 reads
2023-05-03 12:39:51,403 INFO Parsed 2500000 reads
2023-05-03 12:39:54,841 INFO Parsed 2600000 reads
2023-05-03 12:39:58,275 INFO Parsed 2700000 reads
2023-05-03 12:40:01,703 INFO Parsed 2800000 reads
2023-05-03 12:40:05,135 INFO Parsed 2900000 reads
2023-05-03 12:40:08,571 INFO Parsed 3000000 reads
2023-05-03 12:40:12,024 INFO Parsed 3100000 reads
2023-05-03 12:40:15,451 INFO Parsed 3200000 reads
2023-05-03 12:40:18,882 INFO Parsed 3300000 reads
2023-05-03 12:40:22,311 INFO Parsed 3400000 reads
2023-05-03 12:40:25,728 INFO Parsed 3500000 reads
2023-05-03 12:40:29,160 INFO Parsed 3600000 reads
2023-05-03 12:40:32,593 INFO Parsed 3700000 reads
2023-05-03 12:40:36,017 INFO Parsed 3800000 reads
2023-05-03 12:40:39,452 INFO Parsed 3900000 reads
2023-05-03 12:40:42,900 INFO Parsed 4000000 reads
2023-05-03 12:40:46,340 INFO Parsed 4100000 reads
2023-05-03 12:40:49,782 INFO Parsed 4200000 reads
2023-05-03 12:40:53,229 INFO Parsed 4300000 reads
2023-05-03 12:40:56,690 INFO Parsed 4400000 reads
2023-05-03 12:41:00,139 INFO Parsed 4500000 reads
2023-05-03 12:41:03,575 INFO Parsed 4600000 reads
2023-05-03 12:41:07,136 INFO Parsed 4700000 reads
2023-05-03 12:41:10,560 INFO Parsed 4800000 reads
2023-05-03 12:41:13,989 INFO Parsed 4900000 reads
2023-05-03 12:41:17,423 INFO Parsed 5000000 reads
2023-05-03 12:41:20,856 INFO Parsed 5100000 reads
2023-05-03 12:41:24,300 INFO Parsed 5200000 reads
2023-05-03 12:41:27,882 INFO Parsed 5300000 reads
2023-05-03 12:41:31,317 INFO Parsed 5400000 reads
2023-05-03 12:41:34,756 INFO Parsed 5500000 reads
2023-05-03 12:41:38,191 INFO Parsed 5600000 reads
2023-05-03 12:41:41,629 INFO Parsed 5700000 reads
2023-05-03 12:41:45,064 INFO Parsed 5800000 reads
2023-05-03 12:41:48,514 INFO Parsed 5900000 reads
2023-05-03 12:41:51,954 INFO Parsed 6000000 reads
2023-05-03 12:41:55,404 INFO Parsed 6100000 reads
2023-05-03 12:41:58,864 INFO Parsed 6200000 reads
2023-05-03 12:42:02,344 INFO Parsed 6300000 reads
2023-05-03 12:42:05,784 INFO Parsed 6400000 reads
2023-05-03 12:42:09,237 INFO Parsed 6500000 reads
2023-05-03 12:42:12,681 INFO Parsed 6600000 reads
2023-05-03 12:42:16,123 INFO Parsed 6700000 reads
2023-05-03 12:42:19,553 INFO Parsed 6800000 reads
2023-05-03 12:42:22,981 INFO Parsed 6900000 reads
2023-05-03 12:42:26,424 INFO Parsed 7000000 reads
2023-05-03 12:42:29,860 INFO Parsed 7100000 reads
2023-05-03 12:42:33,293 INFO Parsed 7200000 reads
2023-05-03 12:42:36,718 INFO Parsed 7300000 reads
2023-05-03 12:42:40,142 INFO Parsed 7400000 reads
2023-05-03 12:42:43,568 INFO Parsed 7500000 reads
2023-05-03 12:42:46,998 INFO Parsed 7600000 reads
2023-05-03 12:42:50,428 INFO Parsed 7700000 reads
2023-05-03 12:42:53,854 INFO Parsed 7800000 reads
2023-05-03 12:42:57,287 INFO Parsed 7900000 reads
2023-05-03 12:43:00,710 INFO Parsed 8000000 reads
2023-05-03 12:43:04,130 INFO Parsed 8100000 reads
2023-05-03 12:43:07,551 INFO Parsed 8200000 reads
2023-05-03 12:43:10,982 INFO Parsed 8300000 reads
2023-05-03 12:43:14,417 INFO Parsed 8400000 reads
2023-05-03 12:43:17,845 INFO Parsed 8500000 reads
2023-05-03 12:43:21,285 INFO Parsed 8600000 reads
2023-05-03 12:43:24,726 INFO Parsed 8700000 reads
2023-05-03 12:43:28,147 INFO Parsed 8800000 reads
2023-05-03 12:43:31,573 INFO Parsed 8900000 reads
2023-05-03 12:43:35,009 INFO Parsed 9000000 reads
2023-05-03 12:43:38,427 INFO Parsed 9100000 reads
2023-05-03 12:43:41,857 INFO Parsed 9200000 reads
2023-05-03 12:43:45,282 INFO Parsed 9300000 reads
2023-05-03 12:43:48,703 INFO Parsed 9400000 reads
2023-05-03 12:43:52,135 INFO Parsed 9500000 reads
2023-05-03 12:43:55,574 INFO Parsed 9600000 reads
2023-05-03 12:43:58,993 INFO Parsed 9700000 reads
2023-05-03 12:44:02,414 INFO Parsed 9800000 reads
2023-05-03 12:44:05,839 INFO Parsed 9900000 reads
2023-05-03 12:44:09,265 INFO Parsed 10000000 reads
2023-05-03 12:44:12,732 INFO Parsed 10100000 reads
2023-05-03 12:44:16,178 INFO Parsed 10200000 reads
2023-05-03 12:44:19,598 INFO Parsed 10300000 reads
2023-05-03 12:44:23,032 INFO Parsed 10400000 reads
2023-05-03 12:44:26,458 INFO Parsed 10500000 reads
2023-05-03 12:44:29,901 INFO Parsed 10600000 reads
2023-05-03 12:44:33,334 INFO Parsed 10700000 reads
2023-05-03 12:44:36,768 INFO Parsed 10800000 reads
2023-05-03 12:44:40,202 INFO Parsed 10900000 reads
2023-05-03 12:44:43,634 INFO Parsed 11000000 reads
2023-05-03 12:44:47,076 INFO Parsed 11100000 reads
2023-05-03 12:44:50,537 INFO Parsed 11200000 reads
2023-05-03 12:44:53,970 INFO Parsed 11300000 reads
2023-05-03 12:44:57,402 INFO Parsed 11400000 reads
2023-05-03 12:45:00,838 INFO Parsed 11500000 reads
2023-05-03 12:45:04,281 INFO Parsed 11600000 reads
2023-05-03 12:45:07,704 INFO Parsed 11700000 reads
2023-05-03 12:45:11,140 INFO Parsed 11800000 reads
2023-05-03 12:45:14,572 INFO Parsed 11900000 reads
2023-05-03 12:45:18,048 INFO Parsed 12000000 reads
2023-05-03 12:45:21,477 INFO Parsed 12100000 reads
2023-05-03 12:45:24,902 INFO Parsed 12200000 reads
2023-05-03 12:45:28,359 INFO Parsed 12300000 reads
2023-05-03 12:45:31,806 INFO Parsed 12400000 reads
2023-05-03 12:45:35,239 INFO Parsed 12500000 reads
2023-05-03 12:45:38,667 INFO Parsed 12600000 reads
2023-05-03 12:45:42,093 INFO Parsed 12700000 reads
2023-05-03 12:45:45,522 INFO Parsed 12800000 reads
2023-05-03 12:45:48,961 INFO Parsed 12900000 reads
2023-05-03 12:45:52,401 INFO Parsed 13000000 reads
2023-05-03 12:45:55,830 INFO Parsed 13100000 reads
2023-05-03 12:45:59,266 INFO Parsed 13200000 reads
2023-05-03 12:46:02,694 INFO Parsed 13300000 reads
2023-05-03 12:46:06,112 INFO Parsed 13400000 reads
2023-05-03 12:46:09,531 INFO Parsed 13500000 reads
2023-05-03 12:46:12,961 INFO Parsed 13600000 reads
2023-05-03 12:46:16,390 INFO Parsed 13700000 reads
2023-05-03 12:46:19,825 INFO Parsed 13800000 reads
2023-05-03 12:46:23,269 INFO Parsed 13900000 reads
2023-05-03 12:46:26,720 INFO Parsed 14000000 reads
2023-05-03 12:46:30,178 INFO Parsed 14100000 reads
2023-05-03 12:46:33,621 INFO Parsed 14200000 reads
2023-05-03 12:46:37,060 INFO Parsed 14300000 reads
2023-05-03 12:46:40,498 INFO Parsed 14400000 reads
2023-05-03 12:46:43,962 INFO Parsed 14500000 reads
2023-05-03 12:46:47,410 INFO Parsed 14600000 reads
2023-05-03 12:46:50,854 INFO Parsed 14700000 reads
2023-05-03 12:46:54,281 INFO Parsed 14800000 reads
2023-05-03 12:46:57,731 INFO Parsed 14900000 reads
2023-05-03 12:47:01,244 INFO Parsed 15000000 reads
2023-05-03 12:47:04,698 INFO Parsed 15100000 reads
2023-05-03 12:47:08,133 INFO Parsed 15200000 reads
2023-05-03 12:47:11,556 INFO Parsed 15300000 reads
2023-05-03 12:47:15,003 INFO Parsed 15400000 reads
2023-05-03 12:47:18,453 INFO Parsed 15500000 reads
2023-05-03 12:47:22,038 INFO Parsed 15600000 reads
2023-05-03 12:47:25,482 INFO Parsed 15700000 reads
2023-05-03 12:47:28,990 INFO Parsed 15800000 reads
2023-05-03 12:47:32,436 INFO Parsed 15900000 reads
2023-05-03 12:47:35,849 INFO Parsed 16000000 reads
2023-05-03 12:47:39,282 INFO Parsed 16100000 reads
2023-05-03 12:47:42,925 INFO Parsed 16200000 reads
2023-05-03 12:47:46,581 INFO Parsed 16300000 reads
2023-05-03 12:47:50,295 INFO Parsed 16400000 reads
2023-05-03 12:47:54,201 INFO Parsed 16500000 reads
2023-05-03 12:47:57,880 INFO Parsed 16600000 reads
2023-05-03 12:48:01,487 INFO Parsed 16700000 reads
2023-05-03 12:48:05,029 INFO Parsed 16800000 reads
2023-05-03 12:48:08,485 INFO Parsed 16900000 reads
2023-05-03 12:48:11,947 INFO Parsed 17000000 reads
2023-05-03 12:48:15,405 INFO Parsed 17100000 reads
2023-05-03 12:48:18,843 INFO Parsed 17200000 reads
2023-05-03 12:48:22,274 INFO Parsed 17300000 reads
2023-05-03 12:48:25,717 INFO Parsed 17400000 reads
2023-05-03 12:48:29,162 INFO Parsed 17500000 reads
2023-05-03 12:48:32,604 INFO Parsed 17600000 reads
2023-05-03 12:48:36,032 INFO Parsed 17700000 reads
2023-05-03 12:48:39,781 INFO Parsed 17800000 reads
2023-05-03 12:48:43,219 INFO Parsed 17900000 reads
2023-05-03 12:48:46,706 INFO Parsed 18000000 reads
2023-05-03 12:48:50,238 INFO Parsed 18100000 reads
2023-05-03 12:48:53,866 INFO Parsed 18200000 reads
2023-05-03 12:48:57,530 INFO Parsed 18300000 reads
2023-05-03 12:49:01,175 INFO Parsed 18400000 reads
2023-05-03 12:49:04,818 INFO Parsed 18500000 reads
2023-05-03 12:49:08,441 INFO Parsed 18600000 reads
2023-05-03 12:49:12,056 INFO Parsed 18700000 reads
2023-05-03 12:49:16,059 INFO Parsed 18800000 reads
2023-05-03 12:49:19,526 INFO Parsed 18900000 reads
2023-05-03 12:49:22,939 INFO Parsed 19000000 reads
2023-05-03 12:49:26,347 INFO Parsed 19100000 reads
2023-05-03 12:49:29,823 INFO Parsed 19200000 reads
2023-05-03 12:49:33,576 INFO Parsed 19300000 reads
2023-05-03 12:49:37,519 INFO Parsed 19400000 reads
2023-05-03 12:49:41,368 INFO Parsed 19500000 reads
2023-05-03 12:49:45,016 INFO Parsed 19600000 reads
2023-05-03 12:49:48,586 INFO Parsed 19700000 reads
2023-05-03 12:49:52,121 INFO Parsed 19800000 reads
2023-05-03 12:49:55,583 INFO Parsed 19900000 reads
2023-05-03 12:49:59,082 INFO Parsed 20000000 reads
2023-05-03 12:50:02,537 INFO Parsed 20100000 reads
2023-05-03 12:50:06,039 INFO Parsed 20200000 reads
2023-05-03 12:50:09,570 INFO Parsed 20300000 reads
2023-05-03 12:50:13,082 INFO Parsed 20400000 reads
2023-05-03 12:50:16,806 INFO Parsed 20500000 reads
2023-05-03 12:50:20,646 INFO Parsed 20600000 reads
2023-05-03 12:50:24,520 INFO Parsed 20700000 reads
2023-05-03 12:50:28,590 INFO Parsed 20800000 reads
2023-05-03 12:50:32,032 INFO Parsed 20900000 reads
2023-05-03 12:50:35,519 INFO Parsed 21000000 reads
2023-05-03 12:50:39,032 INFO Parsed 21100000 reads
2023-05-03 12:50:42,526 INFO Parsed 21200000 reads
2023-05-03 12:50:46,040 INFO Parsed 21300000 reads
2023-05-03 12:50:49,495 INFO Parsed 21400000 reads
2023-05-03 12:50:52,941 INFO Parsed 21500000 reads
2023-05-03 12:50:56,421 INFO Parsed 21600000 reads
2023-05-03 12:50:59,980 INFO Parsed 21700000 reads
2023-05-03 12:51:03,491 INFO Parsed 21800000 reads
2023-05-03 12:51:07,014 INFO Parsed 21900000 reads
2023-05-03 12:51:10,517 INFO Parsed 22000000 reads
2023-05-03 12:51:13,992 INFO Parsed 22100000 reads
2023-05-03 12:51:17,457 INFO Parsed 22200000 reads
2023-05-03 12:51:20,938 INFO Parsed 22300000 reads
2023-05-03 12:51:24,420 INFO Parsed 22400000 reads
2023-05-03 12:51:27,859 INFO Parsed 22500000 reads
2023-05-03 12:51:31,444 INFO Parsed 22600000 reads
2023-05-03 12:51:36,145 INFO Parsed 22700000 reads
2023-05-03 12:51:41,186 INFO Parsed 22800000 reads
2023-05-03 12:51:46,181 INFO Parsed 22900000 reads
2023-05-03 12:51:51,212 INFO Parsed 23000000 reads
2023-05-03 12:51:56,064 INFO Parsed 23100000 reads
2023-05-03 12:52:00,688 INFO Parsed 23200000 reads
2023-05-03 12:52:05,236 INFO Parsed 23300000 reads
2023-05-03 12:52:09,342 INFO Parsed 23400000 reads
2023-05-03 12:52:13,210 INFO Parsed 23500000 reads
2023-05-03 12:52:16,961 INFO Parsed 23600000 reads
2023-05-03 12:52:20,511 INFO Parsed 23700000 reads
2023-05-03 12:52:24,195 INFO Parsed 23800000 reads
2023-05-03 12:52:27,800 INFO Parsed 23900000 reads
2023-05-03 12:52:31,464 INFO Parsed 24000000 reads
2023-05-03 12:52:35,217 INFO Parsed 24100000 reads
2023-05-03 12:52:38,772 INFO Parsed 24200000 reads
2023-05-03 12:52:42,256 INFO Parsed 24300000 reads
2023-05-03 12:52:46,069 INFO Parsed 24400000 reads
2023-05-03 12:52:49,783 INFO Parsed 24500000 reads
2023-05-03 12:52:53,564 INFO Parsed 24600000 reads
2023-05-03 12:52:57,311 INFO Parsed 24700000 reads
2023-05-03 12:53:01,053 INFO Parsed 24800000 reads
2023-05-03 12:53:04,778 INFO Parsed 24900000 reads
2023-05-03 12:53:08,565 INFO Parsed 25000000 reads
2023-05-03 12:53:12,205 INFO Parsed 25100000 reads
2023-05-03 12:53:15,634 INFO Parsed 25200000 reads
2023-05-03 12:53:19,055 INFO Parsed 25300000 reads
2023-05-03 12:53:22,745 INFO Parsed 25400000 reads
2023-05-03 12:53:26,196 INFO Parsed 25500000 reads
2023-05-03 12:53:29,641 INFO Parsed 25600000 reads
2023-05-03 12:53:33,082 INFO Parsed 25700000 reads
2023-05-03 12:53:36,522 INFO Parsed 25800000 reads
2023-05-03 12:53:40,006 INFO Parsed 25900000 reads
2023-05-03 12:53:43,791 INFO Parsed 26000000 reads
2023-05-03 12:53:47,590 INFO Parsed 26100000 reads
2023-05-03 12:53:51,435 INFO Parsed 26200000 reads
2023-05-03 12:53:55,365 INFO Parsed 26300000 reads
2023-05-03 12:53:59,337 INFO Parsed 26400000 reads
2023-05-03 12:54:03,431 INFO Parsed 26500000 reads
2023-05-03 12:54:07,339 INFO Parsed 26600000 reads
2023-05-03 12:54:10,875 INFO Parsed 26700000 reads
2023-05-03 12:54:14,290 INFO Parsed 26800000 reads
2023-05-03 12:54:17,705 INFO Parsed 26900000 reads
2023-05-03 12:54:21,142 INFO Parsed 27000000 reads
2023-05-03 12:54:24,708 INFO Parsed 27100000 reads
2023-05-03 12:54:25,041 INFO Input Reads: 27109300
2023-05-03 12:54:25,041 INFO regex matches read1: 23275149
2023-05-03 12:54:25,041 INFO Reads output: 23275149
2023-05-03 12:54:25,041 INFO regex does not match read1: 3834151
# job finished in 959 seconds at Wed May  3 12:54:25 2023 -- 955.33  1.87  0.00  0.00 -- 93357415-4f01-4d5a-9fc3-a11249af127d
[Wed May  3 12:54:25 2023]
Finished job 0.
1 of 1 steps (100%) done
[Wed May  3 12:54:25 2023]
Finished job 0.
1 of 1 steps (100%) done
