Building DAG of jobs...
Using shell: /usr/bin/bash
Provided cores: 8
Rules claiming more threads will be scaled down.
Provided resources: mem_mb=8192, mem_mib=7813, disk_mb=1727, disk_mib=1647
Select jobs to execute...
Building DAG of jobs...
Using shell: /usr/bin/bash
Provided cores: 8
Rules claiming more threads will be scaled down.
Provided resources: mem_mb=8192, mem_mib=7813, disk_mb=1727, disk_mib=1647
Select jobs to execute...

[Wed May  3 12:38:35 2023]
rule extract_umis:
    input: results/reads/120_MSI_R1.fastq.gz
    output: results/reads/umis/120_MSI_R1.fastq.gz
    log: logs/extract_umis/120_MSI.log
    jobid: 0
    reason: Missing output files: results/reads/umis/120_MSI_R1.fastq.gz
    wildcards: sample=120_MSI
    threads: 8
    resources: mem_mb=8192, mem_mib=7813, disk_mb=1727, disk_mib=1647, tmpdir=/tmp, runtime=60

# UMI-tools version: 1.1.4
# output generated by extract --random-seed 1234 --extract-method=regex --bc-pattern=(?P<umi_1>.{6})(?P<discard_1>TATA).* -I results/reads/120_MSI_R1.fastq.gz -S results/reads/umis/120_MSI_R1.fastq.gz
# job started at Wed May  3 12:38:36 2023 on bc006 -- 208ab019-cb41-4750-9ce7-e1715d771a58
# pid: 319005, system: Linux 4.18.0-193.19.1.el8_2.x86_64 #1 SMP Mon Sep 14 14:37:00 UTC 2020 x86_64
# blacklist                               : None
# compresslevel                           : 6
# correct_umi_threshold                   : 0
# either_read                             : False
# either_read_resolve                     : discard
# error_correct_cell                      : False
# extract_method                          : regex
# filter_cell_barcode                     : None
# filter_cell_barcodes                    : False
# filter_umi                              : None
# filtered_out                            : None
# filtered_out2                           : None
# ignore_suffix                           : False
# log2stderr                              : False
# loglevel                                : 1
# pattern                                 : (?P<umi_1>.{6})(?P<discard_1>TATA).*
# pattern2                                : None
# prime3                                  : None
# quality_encoding                        : None
# quality_filter_mask                     : None
# quality_filter_threshold                : None
# random_seed                             : 1234
# read2_in                                : None
# read2_out                               : False
# read2_stdout                            : False
# reads_subset                            : None
# reconcile                               : False
# retain_umi                              : None
# short_help                              : None
# stderr                                  : <_io.TextIOWrapper name='<stderr>' mode='w' encoding='utf-8'>
# stdin                                   : <_io.TextIOWrapper name='results/reads/120_MSI_R1.fastq.gz' encoding='ascii'>
# stdlog                                  : <_io.TextIOWrapper name='<stdout>' mode='w' encoding='utf-8'>
# stdout                                  : <_io.TextIOWrapper name='results/reads/umis/120_MSI_R1.fastq.gz' encoding='ascii'>
# timeit_file                             : None
# timeit_header                           : None
# timeit_name                             : all
# tmpdir                                  : None
# umi_correct_log                         : None
# umi_separator                           : _
# umi_whitelist                           : None
# umi_whitelist_paired                    : None
# whitelist                               : None
2023-05-03 12:38:36,923 INFO Starting barcode extraction
2023-05-03 12:38:40,447 INFO Parsed 100000 reads
2023-05-03 12:38:43,895 INFO Parsed 200000 reads
2023-05-03 12:38:47,361 INFO Parsed 300000 reads
2023-05-03 12:38:50,826 INFO Parsed 400000 reads
2023-05-03 12:38:54,287 INFO Parsed 500000 reads
2023-05-03 12:38:57,742 INFO Parsed 600000 reads
2023-05-03 12:39:01,200 INFO Parsed 700000 reads
2023-05-03 12:39:04,681 INFO Parsed 800000 reads
2023-05-03 12:39:08,131 INFO Parsed 900000 reads
2023-05-03 12:39:11,578 INFO Parsed 1000000 reads
2023-05-03 12:39:15,042 INFO Parsed 1100000 reads
2023-05-03 12:39:18,505 INFO Parsed 1200000 reads
2023-05-03 12:39:21,961 INFO Parsed 1300000 reads
2023-05-03 12:39:25,403 INFO Parsed 1400000 reads
2023-05-03 12:39:28,833 INFO Parsed 1500000 reads
2023-05-03 12:39:32,290 INFO Parsed 1600000 reads
2023-05-03 12:39:35,741 INFO Parsed 1700000 reads
2023-05-03 12:39:39,194 INFO Parsed 1800000 reads
2023-05-03 12:39:42,639 INFO Parsed 1900000 reads
2023-05-03 12:39:46,087 INFO Parsed 2000000 reads
2023-05-03 12:39:49,527 INFO Parsed 2100000 reads
2023-05-03 12:39:52,970 INFO Parsed 2200000 reads
2023-05-03 12:39:56,449 INFO Parsed 2300000 reads
2023-05-03 12:39:59,928 INFO Parsed 2400000 reads
2023-05-03 12:40:03,396 INFO Parsed 2500000 reads
2023-05-03 12:40:06,854 INFO Parsed 2600000 reads
2023-05-03 12:40:10,315 INFO Parsed 2700000 reads
2023-05-03 12:40:13,775 INFO Parsed 2800000 reads
2023-05-03 12:40:17,220 INFO Parsed 2900000 reads
2023-05-03 12:40:20,671 INFO Parsed 3000000 reads
2023-05-03 12:40:24,122 INFO Parsed 3100000 reads
2023-05-03 12:40:27,589 INFO Parsed 3200000 reads
2023-05-03 12:40:31,063 INFO Parsed 3300000 reads
2023-05-03 12:40:34,512 INFO Parsed 3400000 reads
2023-05-03 12:40:37,966 INFO Parsed 3500000 reads
2023-05-03 12:40:41,414 INFO Parsed 3600000 reads
2023-05-03 12:40:44,891 INFO Parsed 3700000 reads
2023-05-03 12:40:48,365 INFO Parsed 3800000 reads
2023-05-03 12:40:51,837 INFO Parsed 3900000 reads
2023-05-03 12:40:55,297 INFO Parsed 4000000 reads
2023-05-03 12:40:58,755 INFO Parsed 4100000 reads
2023-05-03 12:41:02,226 INFO Parsed 4200000 reads
2023-05-03 12:41:05,696 INFO Parsed 4300000 reads
2023-05-03 12:41:09,150 INFO Parsed 4400000 reads
2023-05-03 12:41:12,602 INFO Parsed 4500000 reads
2023-05-03 12:41:16,042 INFO Parsed 4600000 reads
2023-05-03 12:41:19,928 INFO Parsed 4700000 reads
2023-05-03 12:41:23,365 INFO Parsed 4800000 reads
2023-05-03 12:41:26,818 INFO Parsed 4900000 reads
2023-05-03 12:41:30,261 INFO Parsed 5000000 reads
2023-05-03 12:41:33,724 INFO Parsed 5100000 reads
2023-05-03 12:41:37,180 INFO Parsed 5200000 reads
2023-05-03 12:41:40,636 INFO Parsed 5300000 reads
2023-05-03 12:41:44,100 INFO Parsed 5400000 reads
2023-05-03 12:41:47,550 INFO Parsed 5500000 reads
2023-05-03 12:41:50,999 INFO Parsed 5600000 reads
2023-05-03 12:41:54,450 INFO Parsed 5700000 reads
2023-05-03 12:41:57,901 INFO Parsed 5800000 reads
2023-05-03 12:42:01,424 INFO Parsed 5900000 reads
2023-05-03 12:42:04,866 INFO Parsed 6000000 reads
2023-05-03 12:42:08,309 INFO Parsed 6100000 reads
2023-05-03 12:42:11,762 INFO Parsed 6200000 reads
2023-05-03 12:42:15,206 INFO Parsed 6300000 reads
2023-05-03 12:42:18,661 INFO Parsed 6400000 reads
2023-05-03 12:42:22,127 INFO Parsed 6500000 reads
2023-05-03 12:42:25,593 INFO Parsed 6600000 reads
2023-05-03 12:42:29,056 INFO Parsed 6700000 reads
2023-05-03 12:42:32,507 INFO Parsed 6800000 reads
2023-05-03 12:42:35,965 INFO Parsed 6900000 reads
2023-05-03 12:42:39,412 INFO Parsed 7000000 reads
2023-05-03 12:42:42,866 INFO Parsed 7100000 reads
2023-05-03 12:42:46,339 INFO Parsed 7200000 reads
2023-05-03 12:42:49,803 INFO Parsed 7300000 reads
2023-05-03 12:42:53,265 INFO Parsed 7400000 reads
2023-05-03 12:42:56,731 INFO Parsed 7500000 reads
2023-05-03 12:43:00,181 INFO Parsed 7600000 reads
2023-05-03 12:43:03,607 INFO Parsed 7700000 reads
2023-05-03 12:43:07,068 INFO Parsed 7800000 reads
2023-05-03 12:43:10,517 INFO Parsed 7900000 reads
2023-05-03 12:43:13,979 INFO Parsed 8000000 reads
2023-05-03 12:43:17,431 INFO Parsed 8100000 reads
2023-05-03 12:43:20,877 INFO Parsed 8200000 reads
2023-05-03 12:43:24,325 INFO Parsed 8300000 reads
2023-05-03 12:43:27,773 INFO Parsed 8400000 reads
2023-05-03 12:43:31,225 INFO Parsed 8500000 reads
2023-05-03 12:43:34,694 INFO Parsed 8600000 reads
2023-05-03 12:43:38,152 INFO Parsed 8700000 reads
2023-05-03 12:43:41,599 INFO Parsed 8800000 reads
2023-05-03 12:43:45,051 INFO Parsed 8900000 reads
2023-05-03 12:43:48,512 INFO Parsed 9000000 reads
2023-05-03 12:43:51,967 INFO Parsed 9100000 reads
2023-05-03 12:43:55,439 INFO Parsed 9200000 reads
2023-05-03 12:43:58,904 INFO Parsed 9300000 reads
2023-05-03 12:44:02,362 INFO Parsed 9400000 reads
2023-05-03 12:44:05,813 INFO Parsed 9500000 reads
2023-05-03 12:44:09,265 INFO Parsed 9600000 reads
2023-05-03 12:44:12,724 INFO Parsed 9700000 reads
2023-05-03 12:44:16,168 INFO Parsed 9800000 reads
2023-05-03 12:44:19,633 INFO Parsed 9900000 reads
2023-05-03 12:44:23,104 INFO Parsed 10000000 reads
2023-05-03 12:44:26,567 INFO Parsed 10100000 reads
2023-05-03 12:44:30,024 INFO Parsed 10200000 reads
2023-05-03 12:44:33,672 INFO Parsed 10300000 reads
2023-05-03 12:44:37,131 INFO Parsed 10400000 reads
2023-05-03 12:44:40,578 INFO Parsed 10500000 reads
2023-05-03 12:44:44,036 INFO Parsed 10600000 reads
2023-05-03 12:44:47,506 INFO Parsed 10700000 reads
2023-05-03 12:44:50,968 INFO Parsed 10800000 reads
2023-05-03 12:44:54,407 INFO Parsed 10900000 reads
2023-05-03 12:44:57,867 INFO Parsed 11000000 reads
2023-05-03 12:45:01,321 INFO Parsed 11100000 reads
2023-05-03 12:45:04,782 INFO Parsed 11200000 reads
2023-05-03 12:45:08,256 INFO Parsed 11300000 reads
2023-05-03 12:45:11,724 INFO Parsed 11400000 reads
2023-05-03 12:45:15,183 INFO Parsed 11500000 reads
2023-05-03 12:45:18,626 INFO Parsed 11600000 reads
2023-05-03 12:45:22,097 INFO Parsed 11700000 reads
2023-05-03 12:45:25,580 INFO Parsed 11800000 reads
2023-05-03 12:45:29,093 INFO Parsed 11900000 reads
2023-05-03 12:45:32,610 INFO Parsed 12000000 reads
2023-05-03 12:45:36,253 INFO Parsed 12100000 reads
2023-05-03 12:45:39,897 INFO Parsed 12200000 reads
2023-05-03 12:45:43,497 INFO Parsed 12300000 reads
2023-05-03 12:45:47,162 INFO Parsed 12400000 reads
2023-05-03 12:45:50,838 INFO Parsed 12500000 reads
2023-05-03 12:45:54,478 INFO Parsed 12600000 reads
2023-05-03 12:45:58,047 INFO Parsed 12700000 reads
2023-05-03 12:46:01,504 INFO Parsed 12800000 reads
2023-05-03 12:46:04,953 INFO Parsed 12900000 reads
2023-05-03 12:46:08,396 INFO Parsed 13000000 reads
2023-05-03 12:46:11,843 INFO Parsed 13100000 reads
2023-05-03 12:46:15,291 INFO Parsed 13200000 reads
2023-05-03 12:46:18,736 INFO Parsed 13300000 reads
2023-05-03 12:46:22,188 INFO Parsed 13400000 reads
2023-05-03 12:46:25,649 INFO Parsed 13500000 reads
2023-05-03 12:46:29,107 INFO Parsed 13600000 reads
2023-05-03 12:46:32,563 INFO Parsed 13700000 reads
2023-05-03 12:46:36,190 INFO Parsed 13800000 reads
2023-05-03 12:46:39,796 INFO Parsed 13900000 reads
2023-05-03 12:46:43,395 INFO Parsed 14000000 reads
2023-05-03 12:46:46,979 INFO Parsed 14100000 reads
2023-05-03 12:46:50,620 INFO Parsed 14200000 reads
2023-05-03 12:46:54,147 INFO Parsed 14300000 reads
2023-05-03 12:46:57,585 INFO Parsed 14400000 reads
2023-05-03 12:47:01,207 INFO Parsed 14500000 reads
2023-05-03 12:47:04,614 INFO Parsed 14600000 reads
2023-05-03 12:47:07,994 INFO Parsed 14700000 reads
2023-05-03 12:47:11,379 INFO Parsed 14800000 reads
2023-05-03 12:47:14,764 INFO Parsed 14900000 reads
2023-05-03 12:47:18,662 INFO Parsed 15000000 reads
2023-05-03 12:47:22,115 INFO Parsed 15100000 reads
2023-05-03 12:47:25,567 INFO Parsed 15200000 reads
2023-05-03 12:47:29,022 INFO Parsed 15300000 reads
2023-05-03 12:47:40,767 INFO Parsed 15400000 reads
2023-05-03 12:47:44,306 INFO Parsed 15500000 reads
2023-05-03 12:47:47,853 INFO Parsed 15600000 reads
2023-05-03 12:47:51,449 INFO Parsed 15700000 reads
2023-05-03 12:47:54,984 INFO Parsed 15800000 reads
2023-05-03 12:47:58,862 INFO Parsed 15900000 reads
2023-05-03 12:48:03,313 INFO Parsed 16000000 reads
2023-05-03 12:48:06,810 INFO Parsed 16100000 reads
2023-05-03 12:48:10,320 INFO Parsed 16200000 reads
2023-05-03 12:48:13,828 INFO Parsed 16300000 reads
2023-05-03 12:48:17,329 INFO Parsed 16400000 reads
2023-05-03 12:48:20,824 INFO Parsed 16500000 reads
2023-05-03 12:48:23,322 INFO Input Reads: 16571568
2023-05-03 12:48:23,322 INFO regex matches read1: 13994643
2023-05-03 12:48:23,322 INFO Reads output: 13994643
2023-05-03 12:48:23,322 INFO regex does not match read1: 2576925
# job finished in 586 seconds at Wed May  3 12:48:23 2023 -- 574.87  1.67  0.00  0.00 -- 208ab019-cb41-4750-9ce7-e1715d771a58
[Wed May  3 12:48:23 2023]
Finished job 0.
1 of 1 steps (100%) done
[Wed May  3 12:48:24 2023]
Finished job 0.
1 of 1 steps (100%) done
