Building DAG of jobs...
Using shell: /usr/bin/bash
Provided cores: 8
Rules claiming more threads will be scaled down.
Provided resources: mem_mb=8192, mem_mib=7813, disk_mb=1000, disk_mib=954
Select jobs to execute...
Building DAG of jobs...
Using shell: /usr/bin/bash
Provided cores: 8
Rules claiming more threads will be scaled down.
Provided resources: mem_mb=8192, mem_mib=7813, disk_mb=1000, disk_mib=954
Select jobs to execute...

[Wed May  3 12:38:38 2023]
rule extract_umis:
    input: results/reads/187_MSI_R1.fastq.gz
    output: results/reads/umis/187_MSI_R1.fastq.gz
    log: logs/extract_umis/187_MSI.log
    jobid: 0
    reason: Missing output files: results/reads/umis/187_MSI_R1.fastq.gz
    wildcards: sample=187_MSI
    threads: 8
    resources: mem_mb=8192, mem_mib=7813, disk_mb=1000, disk_mib=954, tmpdir=/tmp, runtime=60

# UMI-tools version: 1.1.4
# output generated by extract --random-seed 1234 --extract-method=regex --bc-pattern=(?P<umi_1>.{6})(?P<discard_1>TATA).* -I results/reads/187_MSI_R1.fastq.gz -S results/reads/umis/187_MSI_R1.fastq.gz
# job started at Wed May  3 12:38:39 2023 on bc006 -- 0e30f304-e64a-46c3-9ab3-2ba45572a483
# pid: 319128, system: Linux 4.18.0-193.19.1.el8_2.x86_64 #1 SMP Mon Sep 14 14:37:00 UTC 2020 x86_64
# blacklist                               : None
# compresslevel                           : 6
# correct_umi_threshold                   : 0
# either_read                             : False
# either_read_resolve                     : discard
# error_correct_cell                      : False
# extract_method                          : regex
# filter_cell_barcode                     : None
# filter_cell_barcodes                    : False
# filter_umi                              : None
# filtered_out                            : None
# filtered_out2                           : None
# ignore_suffix                           : False
# log2stderr                              : False
# loglevel                                : 1
# pattern                                 : (?P<umi_1>.{6})(?P<discard_1>TATA).*
# pattern2                                : None
# prime3                                  : None
# quality_encoding                        : None
# quality_filter_mask                     : None
# quality_filter_threshold                : None
# random_seed                             : 1234
# read2_in                                : None
# read2_out                               : False
# read2_stdout                            : False
# reads_subset                            : None
# reconcile                               : False
# retain_umi                              : None
# short_help                              : None
# stderr                                  : <_io.TextIOWrapper name='<stderr>' mode='w' encoding='utf-8'>
# stdin                                   : <_io.TextIOWrapper name='results/reads/187_MSI_R1.fastq.gz' encoding='ascii'>
# stdlog                                  : <_io.TextIOWrapper name='<stdout>' mode='w' encoding='utf-8'>
# stdout                                  : <_io.TextIOWrapper name='results/reads/umis/187_MSI_R1.fastq.gz' encoding='ascii'>
# timeit_file                             : None
# timeit_header                           : None
# timeit_name                             : all
# tmpdir                                  : None
# umi_correct_log                         : None
# umi_separator                           : _
# umi_whitelist                           : None
# umi_whitelist_paired                    : None
# whitelist                               : None
2023-05-03 12:38:39,034 INFO Starting barcode extraction
2023-05-03 12:38:42,939 INFO Parsed 100000 reads
2023-05-03 12:38:46,743 INFO Parsed 200000 reads
2023-05-03 12:38:50,350 INFO Parsed 300000 reads
2023-05-03 12:38:53,850 INFO Parsed 400000 reads
2023-05-03 12:38:57,410 INFO Parsed 500000 reads
2023-05-03 12:39:00,914 INFO Parsed 600000 reads
2023-05-03 12:39:04,399 INFO Parsed 700000 reads
2023-05-03 12:39:07,853 INFO Parsed 800000 reads
2023-05-03 12:39:11,332 INFO Parsed 900000 reads
2023-05-03 12:39:14,785 INFO Parsed 1000000 reads
2023-05-03 12:39:18,429 INFO Parsed 1100000 reads
2023-05-03 12:39:22,142 INFO Parsed 1200000 reads
2023-05-03 12:39:25,847 INFO Parsed 1300000 reads
2023-05-03 12:39:29,541 INFO Parsed 1400000 reads
2023-05-03 12:39:33,116 INFO Parsed 1500000 reads
2023-05-03 12:39:36,603 INFO Parsed 1600000 reads
2023-05-03 12:39:40,031 INFO Parsed 1700000 reads
2023-05-03 12:39:43,458 INFO Parsed 1800000 reads
2023-05-03 12:39:46,887 INFO Parsed 1900000 reads
2023-05-03 12:39:50,321 INFO Parsed 2000000 reads
2023-05-03 12:39:53,780 INFO Parsed 2100000 reads
2023-05-03 12:39:57,257 INFO Parsed 2200000 reads
2023-05-03 12:40:00,684 INFO Parsed 2300000 reads
2023-05-03 12:40:04,117 INFO Parsed 2400000 reads
2023-05-03 12:40:07,537 INFO Parsed 2500000 reads
2023-05-03 12:40:10,951 INFO Parsed 2600000 reads
2023-05-03 12:40:14,378 INFO Parsed 2700000 reads
2023-05-03 12:40:17,809 INFO Parsed 2800000 reads
2023-05-03 12:40:21,238 INFO Parsed 2900000 reads
2023-05-03 12:40:22,548 INFO Input Reads: 2938289
2023-05-03 12:40:22,548 INFO regex matches read1: 2561400
2023-05-03 12:40:22,548 INFO Reads output: 2561400
2023-05-03 12:40:22,548 INFO regex does not match read1: 376889
# job finished in 103 seconds at Wed May  3 12:40:22 2023 -- 104.52  1.21  0.00  0.00 -- 0e30f304-e64a-46c3-9ab3-2ba45572a483
[Wed May  3 12:40:22 2023]
Finished job 0.
1 of 1 steps (100%) done
[Wed May  3 12:40:23 2023]
Finished job 0.
1 of 1 steps (100%) done
