Building DAG of jobs...
Using shell: /usr/bin/bash
Provided cores: 8
Rules claiming more threads will be scaled down.
Provided resources: mem_mb=8192, mem_mib=7813, disk_mb=1151, disk_mib=1098
Select jobs to execute...
Building DAG of jobs...
Using shell: /usr/bin/bash
Provided cores: 8
Rules claiming more threads will be scaled down.
Provided resources: mem_mb=8192, mem_mib=7813, disk_mb=1151, disk_mib=1098
Select jobs to execute...

[Wed May  3 12:38:35 2023]
rule extract_umis:
    input: results/reads/168_MSI_R1.fastq.gz
    output: results/reads/umis/168_MSI_R1.fastq.gz
    log: logs/extract_umis/168_MSI.log
    jobid: 0
    reason: Missing output files: results/reads/umis/168_MSI_R1.fastq.gz
    wildcards: sample=168_MSI
    threads: 8
    resources: mem_mb=8192, mem_mib=7813, disk_mb=1151, disk_mib=1098, tmpdir=/tmp, runtime=60

# UMI-tools version: 1.1.4
# output generated by extract --random-seed 1234 --extract-method=regex --bc-pattern=(?P<umi_1>.{6})(?P<discard_1>TATA).* -I results/reads/168_MSI_R1.fastq.gz -S results/reads/umis/168_MSI_R1.fastq.gz
# job started at Wed May  3 12:38:37 2023 on bc006 -- 9408057d-059e-4f53-9b70-c9a34145ac49
# pid: 319025, system: Linux 4.18.0-193.19.1.el8_2.x86_64 #1 SMP Mon Sep 14 14:37:00 UTC 2020 x86_64
# blacklist                               : None
# compresslevel                           : 6
# correct_umi_threshold                   : 0
# either_read                             : False
# either_read_resolve                     : discard
# error_correct_cell                      : False
# extract_method                          : regex
# filter_cell_barcode                     : None
# filter_cell_barcodes                    : False
# filter_umi                              : None
# filtered_out                            : None
# filtered_out2                           : None
# ignore_suffix                           : False
# log2stderr                              : False
# loglevel                                : 1
# pattern                                 : (?P<umi_1>.{6})(?P<discard_1>TATA).*
# pattern2                                : None
# prime3                                  : None
# quality_encoding                        : None
# quality_filter_mask                     : None
# quality_filter_threshold                : None
# random_seed                             : 1234
# read2_in                                : None
# read2_out                               : False
# read2_stdout                            : False
# reads_subset                            : None
# reconcile                               : False
# retain_umi                              : None
# short_help                              : None
# stderr                                  : <_io.TextIOWrapper name='<stderr>' mode='w' encoding='utf-8'>
# stdin                                   : <_io.TextIOWrapper name='results/reads/168_MSI_R1.fastq.gz' encoding='ascii'>
# stdlog                                  : <_io.TextIOWrapper name='<stdout>' mode='w' encoding='utf-8'>
# stdout                                  : <_io.TextIOWrapper name='results/reads/umis/168_MSI_R1.fastq.gz' encoding='ascii'>
# timeit_file                             : None
# timeit_header                           : None
# timeit_name                             : all
# tmpdir                                  : None
# umi_correct_log                         : None
# umi_separator                           : _
# umi_whitelist                           : None
# umi_whitelist_paired                    : None
# whitelist                               : None
2023-05-03 12:38:37,112 INFO Starting barcode extraction
2023-05-03 12:38:40,516 INFO Parsed 100000 reads
2023-05-03 12:38:43,877 INFO Parsed 200000 reads
2023-05-03 12:38:47,255 INFO Parsed 300000 reads
2023-05-03 12:38:50,616 INFO Parsed 400000 reads
2023-05-03 12:38:53,992 INFO Parsed 500000 reads
2023-05-03 12:38:57,374 INFO Parsed 600000 reads
2023-05-03 12:39:00,730 INFO Parsed 700000 reads
2023-05-03 12:39:04,095 INFO Parsed 800000 reads
2023-05-03 12:39:07,460 INFO Parsed 900000 reads
2023-05-03 12:39:10,822 INFO Parsed 1000000 reads
2023-05-03 12:39:14,169 INFO Parsed 1100000 reads
2023-05-03 12:39:17,507 INFO Parsed 1200000 reads
2023-05-03 12:39:20,855 INFO Parsed 1300000 reads
2023-05-03 12:39:24,203 INFO Parsed 1400000 reads
2023-05-03 12:39:27,556 INFO Parsed 1500000 reads
2023-05-03 12:39:30,922 INFO Parsed 1600000 reads
2023-05-03 12:39:34,275 INFO Parsed 1700000 reads
2023-05-03 12:39:37,626 INFO Parsed 1800000 reads
2023-05-03 12:39:40,981 INFO Parsed 1900000 reads
2023-05-03 12:39:44,340 INFO Parsed 2000000 reads
2023-05-03 12:39:47,675 INFO Parsed 2100000 reads
2023-05-03 12:39:51,025 INFO Parsed 2200000 reads
2023-05-03 12:39:54,384 INFO Parsed 2300000 reads
2023-05-03 12:39:57,775 INFO Parsed 2400000 reads
2023-05-03 12:40:01,135 INFO Parsed 2500000 reads
2023-05-03 12:40:04,500 INFO Parsed 2600000 reads
2023-05-03 12:40:07,859 INFO Parsed 2700000 reads
2023-05-03 12:40:11,223 INFO Parsed 2800000 reads
2023-05-03 12:40:14,578 INFO Parsed 2900000 reads
2023-05-03 12:40:17,921 INFO Parsed 3000000 reads
2023-05-03 12:40:21,265 INFO Parsed 3100000 reads
2023-05-03 12:40:24,614 INFO Parsed 3200000 reads
2023-05-03 12:40:27,967 INFO Parsed 3300000 reads
2023-05-03 12:40:31,324 INFO Parsed 3400000 reads
2023-05-03 12:40:34,658 INFO Parsed 3500000 reads
2023-05-03 12:40:37,995 INFO Parsed 3600000 reads
2023-05-03 12:40:41,338 INFO Parsed 3700000 reads
2023-05-03 12:40:44,687 INFO Parsed 3800000 reads
2023-05-03 12:40:48,046 INFO Parsed 3900000 reads
2023-05-03 12:40:51,411 INFO Parsed 4000000 reads
2023-05-03 12:40:54,768 INFO Parsed 4100000 reads
2023-05-03 12:40:58,122 INFO Parsed 4200000 reads
2023-05-03 12:41:01,504 INFO Parsed 4300000 reads
2023-05-03 12:41:04,897 INFO Parsed 4400000 reads
2023-05-03 12:41:08,259 INFO Parsed 4500000 reads
2023-05-03 12:41:11,615 INFO Parsed 4600000 reads
2023-05-03 12:41:14,974 INFO Parsed 4700000 reads
2023-05-03 12:41:18,360 INFO Parsed 4800000 reads
2023-05-03 12:41:21,733 INFO Parsed 4900000 reads
2023-05-03 12:41:25,098 INFO Parsed 5000000 reads
2023-05-03 12:41:28,455 INFO Parsed 5100000 reads
2023-05-03 12:41:31,822 INFO Parsed 5200000 reads
2023-05-03 12:41:35,196 INFO Parsed 5300000 reads
2023-05-03 12:41:38,575 INFO Parsed 5400000 reads
2023-05-03 12:41:41,934 INFO Parsed 5500000 reads
2023-05-03 12:41:45,301 INFO Parsed 5600000 reads
2023-05-03 12:41:48,662 INFO Parsed 5700000 reads
2023-05-03 12:41:52,040 INFO Parsed 5800000 reads
2023-05-03 12:41:55,396 INFO Parsed 5900000 reads
2023-05-03 12:41:58,826 INFO Parsed 6000000 reads
2023-05-03 12:42:02,248 INFO Parsed 6100000 reads
2023-05-03 12:42:05,621 INFO Parsed 6200000 reads
2023-05-03 12:42:08,976 INFO Parsed 6300000 reads
2023-05-03 12:42:12,342 INFO Parsed 6400000 reads
2023-05-03 12:42:15,711 INFO Parsed 6500000 reads
2023-05-03 12:42:19,078 INFO Parsed 6600000 reads
2023-05-03 12:42:22,454 INFO Parsed 6700000 reads
2023-05-03 12:42:25,805 INFO Parsed 6800000 reads
2023-05-03 12:42:29,162 INFO Parsed 6900000 reads
2023-05-03 12:42:32,529 INFO Parsed 7000000 reads
2023-05-03 12:42:35,899 INFO Parsed 7100000 reads
2023-05-03 12:42:39,248 INFO Parsed 7200000 reads
2023-05-03 12:42:42,597 INFO Parsed 7300000 reads
2023-05-03 12:42:45,969 INFO Parsed 7400000 reads
2023-05-03 12:42:49,337 INFO Parsed 7500000 reads
2023-05-03 12:42:52,695 INFO Parsed 7600000 reads
2023-05-03 12:42:56,114 INFO Parsed 7700000 reads
2023-05-03 12:42:59,470 INFO Parsed 7800000 reads
2023-05-03 12:43:02,831 INFO Parsed 7900000 reads
2023-05-03 12:43:06,202 INFO Parsed 8000000 reads
2023-05-03 12:43:09,563 INFO Parsed 8100000 reads
2023-05-03 12:43:12,941 INFO Parsed 8200000 reads
2023-05-03 12:43:16,331 INFO Parsed 8300000 reads
2023-05-03 12:43:19,690 INFO Parsed 8400000 reads
2023-05-03 12:43:23,058 INFO Parsed 8500000 reads
2023-05-03 12:43:26,428 INFO Parsed 8600000 reads
2023-05-03 12:43:29,786 INFO Parsed 8700000 reads
2023-05-03 12:43:33,132 INFO Parsed 8800000 reads
2023-05-03 12:43:36,484 INFO Parsed 8900000 reads
2023-05-03 12:43:39,838 INFO Parsed 9000000 reads
2023-05-03 12:43:43,184 INFO Parsed 9100000 reads
2023-05-03 12:43:46,837 INFO Parsed 9200000 reads
2023-05-03 12:43:50,169 INFO Parsed 9300000 reads
2023-05-03 12:43:53,515 INFO Parsed 9400000 reads
2023-05-03 12:43:56,874 INFO Parsed 9500000 reads
2023-05-03 12:44:00,216 INFO Parsed 9600000 reads
2023-05-03 12:44:03,553 INFO Parsed 9700000 reads
2023-05-03 12:44:06,907 INFO Parsed 9800000 reads
2023-05-03 12:44:10,272 INFO Parsed 9900000 reads
2023-05-03 12:44:13,630 INFO Parsed 10000000 reads
2023-05-03 12:44:16,968 INFO Parsed 10100000 reads
2023-05-03 12:44:20,298 INFO Parsed 10200000 reads
2023-05-03 12:44:23,646 INFO Parsed 10300000 reads
2023-05-03 12:44:27,004 INFO Parsed 10400000 reads
2023-05-03 12:44:30,366 INFO Parsed 10500000 reads
2023-05-03 12:44:33,727 INFO Parsed 10600000 reads
2023-05-03 12:44:37,081 INFO Parsed 10700000 reads
2023-05-03 12:44:40,429 INFO Parsed 10800000 reads
2023-05-03 12:44:43,781 INFO Parsed 10900000 reads
2023-05-03 12:44:47,148 INFO Parsed 11000000 reads
2023-05-03 12:44:50,507 INFO Parsed 11100000 reads
2023-05-03 12:44:53,855 INFO Parsed 11200000 reads
2023-05-03 12:44:57,207 INFO Parsed 11300000 reads
2023-05-03 12:45:00,570 INFO Parsed 11400000 reads
2023-05-03 12:45:03,965 INFO Parsed 11500000 reads
2023-05-03 12:45:07,327 INFO Parsed 11600000 reads
2023-05-03 12:45:10,701 INFO Parsed 11700000 reads
2023-05-03 12:45:10,773 INFO Input Reads: 11702110
2023-05-03 12:45:10,773 INFO regex matches read1: 10220479
2023-05-03 12:45:10,773 INFO Reads output: 10220479
2023-05-03 12:45:10,773 INFO regex does not match read1: 1481631
# job finished in 393 seconds at Wed May  3 12:45:10 2023 -- 392.84  1.59  0.00  0.00 -- 9408057d-059e-4f53-9b70-c9a34145ac49
[Wed May  3 12:45:11 2023]
Finished job 0.
1 of 1 steps (100%) done
[Wed May  3 12:45:11 2023]
Finished job 0.
1 of 1 steps (100%) done
