Building DAG of jobs...
Using shell: /usr/bin/bash
Provided cores: 8
Rules claiming more threads will be scaled down.
Provided resources: mem_mb=8192, mem_mib=7813, disk_mb=2209, disk_mib=2107
Select jobs to execute...
Building DAG of jobs...
Using shell: /usr/bin/bash
Provided cores: 8
Rules claiming more threads will be scaled down.
Provided resources: mem_mb=8192, mem_mib=7813, disk_mb=2209, disk_mib=2107
Select jobs to execute...

[Wed May  3 12:38:24 2023]
rule extract_umis:
    input: results/reads/167_MSI_R1.fastq.gz
    output: results/reads/umis/167_MSI_R1.fastq.gz
    log: logs/extract_umis/167_MSI.log
    jobid: 0
    reason: Missing output files: results/reads/umis/167_MSI_R1.fastq.gz
    wildcards: sample=167_MSI
    threads: 8
    resources: mem_mb=8192, mem_mib=7813, disk_mb=2209, disk_mib=2107, tmpdir=/tmp, runtime=60

# UMI-tools version: 1.1.4
# output generated by extract --random-seed 1234 --extract-method=regex --bc-pattern=(?P<umi_1>.{6})(?P<discard_1>TATA).* -I results/reads/167_MSI_R1.fastq.gz -S results/reads/umis/167_MSI_R1.fastq.gz
# job started at Wed May  3 12:38:25 2023 on bc004 -- 8c3d77a9-dadc-4709-8e32-964b26004b29
# pid: 1467259, system: Linux 4.18.0-193.19.1.el8_2.x86_64 #1 SMP Mon Sep 14 14:37:00 UTC 2020 x86_64
# blacklist                               : None
# compresslevel                           : 6
# correct_umi_threshold                   : 0
# either_read                             : False
# either_read_resolve                     : discard
# error_correct_cell                      : False
# extract_method                          : regex
# filter_cell_barcode                     : None
# filter_cell_barcodes                    : False
# filter_umi                              : None
# filtered_out                            : None
# filtered_out2                           : None
# ignore_suffix                           : False
# log2stderr                              : False
# loglevel                                : 1
# pattern                                 : (?P<umi_1>.{6})(?P<discard_1>TATA).*
# pattern2                                : None
# prime3                                  : None
# quality_encoding                        : None
# quality_filter_mask                     : None
# quality_filter_threshold                : None
# random_seed                             : 1234
# read2_in                                : None
# read2_out                               : False
# read2_stdout                            : False
# reads_subset                            : None
# reconcile                               : False
# retain_umi                              : None
# short_help                              : None
# stderr                                  : <_io.TextIOWrapper name='<stderr>' mode='w' encoding='utf-8'>
# stdin                                   : <_io.TextIOWrapper name='results/reads/167_MSI_R1.fastq.gz' encoding='ascii'>
# stdlog                                  : <_io.TextIOWrapper name='<stdout>' mode='w' encoding='utf-8'>
# stdout                                  : <_io.TextIOWrapper name='results/reads/umis/167_MSI_R1.fastq.gz' encoding='ascii'>
# timeit_file                             : None
# timeit_header                           : None
# timeit_name                             : all
# tmpdir                                  : None
# umi_correct_log                         : None
# umi_separator                           : _
# umi_whitelist                           : None
# umi_whitelist_paired                    : None
# whitelist                               : None
2023-05-03 12:38:25,687 INFO Starting barcode extraction
2023-05-03 12:38:29,416 INFO Parsed 100000 reads
2023-05-03 12:38:32,955 INFO Parsed 200000 reads
2023-05-03 12:38:36,455 INFO Parsed 300000 reads
2023-05-03 12:38:39,978 INFO Parsed 400000 reads
2023-05-03 12:38:43,631 INFO Parsed 500000 reads
2023-05-03 12:38:47,163 INFO Parsed 600000 reads
2023-05-03 12:38:50,744 INFO Parsed 700000 reads
2023-05-03 12:38:54,313 INFO Parsed 800000 reads
2023-05-03 12:38:57,897 INFO Parsed 900000 reads
2023-05-03 12:39:01,512 INFO Parsed 1000000 reads
2023-05-03 12:39:05,136 INFO Parsed 1100000 reads
2023-05-03 12:39:08,793 INFO Parsed 1200000 reads
2023-05-03 12:39:12,452 INFO Parsed 1300000 reads
2023-05-03 12:39:16,093 INFO Parsed 1400000 reads
2023-05-03 12:39:19,842 INFO Parsed 1500000 reads
2023-05-03 12:39:23,752 INFO Parsed 1600000 reads
2023-05-03 12:39:27,716 INFO Parsed 1700000 reads
2023-05-03 12:39:31,501 INFO Parsed 1800000 reads
2023-05-03 12:39:35,142 INFO Parsed 1900000 reads
2023-05-03 12:39:38,792 INFO Parsed 2000000 reads
2023-05-03 12:39:42,536 INFO Parsed 2100000 reads
2023-05-03 12:39:46,296 INFO Parsed 2200000 reads
2023-05-03 12:39:49,963 INFO Parsed 2300000 reads
2023-05-03 12:39:53,611 INFO Parsed 2400000 reads
2023-05-03 12:39:57,255 INFO Parsed 2500000 reads
2023-05-03 12:40:00,803 INFO Parsed 2600000 reads
2023-05-03 12:40:04,339 INFO Parsed 2700000 reads
2023-05-03 12:40:07,952 INFO Parsed 2800000 reads
2023-05-03 12:40:11,702 INFO Parsed 2900000 reads
2023-05-03 12:40:15,358 INFO Parsed 3000000 reads
2023-05-03 12:40:19,039 INFO Parsed 3100000 reads
2023-05-03 12:40:22,953 INFO Parsed 3200000 reads
2023-05-03 12:40:26,885 INFO Parsed 3300000 reads
2023-05-03 12:40:30,733 INFO Parsed 3400000 reads
2023-05-03 12:40:34,290 INFO Parsed 3500000 reads
2023-05-03 12:40:38,005 INFO Parsed 3600000 reads
2023-05-03 12:40:41,668 INFO Parsed 3700000 reads
2023-05-03 12:40:45,164 INFO Parsed 3800000 reads
2023-05-03 12:40:48,653 INFO Parsed 3900000 reads
2023-05-03 12:40:52,124 INFO Parsed 4000000 reads
2023-05-03 12:40:55,710 INFO Parsed 4100000 reads
2023-05-03 12:40:59,271 INFO Parsed 4200000 reads
2023-05-03 12:41:02,816 INFO Parsed 4300000 reads
2023-05-03 12:41:06,403 INFO Parsed 4400000 reads
2023-05-03 12:41:09,991 INFO Parsed 4500000 reads
2023-05-03 12:41:13,630 INFO Parsed 4600000 reads
2023-05-03 12:41:17,428 INFO Parsed 4700000 reads
2023-05-03 12:41:21,161 INFO Parsed 4800000 reads
2023-05-03 12:41:24,930 INFO Parsed 4900000 reads
2023-05-03 12:41:28,649 INFO Parsed 5000000 reads
2023-05-03 12:41:32,379 INFO Parsed 5100000 reads
2023-05-03 12:41:35,899 INFO Parsed 5200000 reads
2023-05-03 12:41:39,508 INFO Parsed 5300000 reads
2023-05-03 12:41:43,281 INFO Parsed 5400000 reads
2023-05-03 12:41:47,018 INFO Parsed 5500000 reads
2023-05-03 12:41:50,884 INFO Parsed 5600000 reads
2023-05-03 12:41:54,703 INFO Parsed 5700000 reads
2023-05-03 12:41:58,505 INFO Parsed 5800000 reads
2023-05-03 12:42:02,455 INFO Parsed 5900000 reads
2023-05-03 12:42:06,240 INFO Parsed 6000000 reads
2023-05-03 12:42:09,938 INFO Parsed 6100000 reads
2023-05-03 12:42:13,533 INFO Parsed 6200000 reads
2023-05-03 12:42:17,069 INFO Parsed 6300000 reads
2023-05-03 12:42:20,640 INFO Parsed 6400000 reads
2023-05-03 12:42:24,508 INFO Parsed 6500000 reads
2023-05-03 12:42:28,224 INFO Parsed 6600000 reads
2023-05-03 12:42:31,783 INFO Parsed 6700000 reads
2023-05-03 12:42:35,341 INFO Parsed 6800000 reads
2023-05-03 12:42:38,967 INFO Parsed 6900000 reads
2023-05-03 12:42:42,682 INFO Parsed 7000000 reads
2023-05-03 12:42:46,434 INFO Parsed 7100000 reads
2023-05-03 12:42:50,184 INFO Parsed 7200000 reads
2023-05-03 12:42:53,896 INFO Parsed 7300000 reads
2023-05-03 12:42:57,882 INFO Parsed 7400000 reads
2023-05-03 12:43:01,732 INFO Parsed 7500000 reads
2023-05-03 12:43:05,606 INFO Parsed 7600000 reads
2023-05-03 12:43:09,434 INFO Parsed 7700000 reads
2023-05-03 12:43:13,345 INFO Parsed 7800000 reads
2023-05-03 12:43:17,168 INFO Parsed 7900000 reads
2023-05-03 12:43:21,059 INFO Parsed 8000000 reads
2023-05-03 12:43:25,033 INFO Parsed 8100000 reads
2023-05-03 12:43:28,994 INFO Parsed 8200000 reads
2023-05-03 12:43:32,908 INFO Parsed 8300000 reads
2023-05-03 12:43:36,758 INFO Parsed 8400000 reads
2023-05-03 12:43:40,526 INFO Parsed 8500000 reads
2023-05-03 12:43:44,290 INFO Parsed 8600000 reads
2023-05-03 12:43:48,105 INFO Parsed 8700000 reads
2023-05-03 12:43:51,869 INFO Parsed 8800000 reads
2023-05-03 12:43:55,520 INFO Parsed 8900000 reads
2023-05-03 12:43:59,051 INFO Parsed 9000000 reads
2023-05-03 12:44:02,568 INFO Parsed 9100000 reads
2023-05-03 12:44:06,188 INFO Parsed 9200000 reads
2023-05-03 12:44:09,870 INFO Parsed 9300000 reads
2023-05-03 12:44:13,594 INFO Parsed 9400000 reads
2023-05-03 12:44:17,237 INFO Parsed 9500000 reads
2023-05-03 12:44:20,798 INFO Parsed 9600000 reads
2023-05-03 12:44:24,410 INFO Parsed 9700000 reads
2023-05-03 12:44:28,018 INFO Parsed 9800000 reads
2023-05-03 12:44:31,768 INFO Parsed 9900000 reads
2023-05-03 12:44:35,515 INFO Parsed 10000000 reads
2023-05-03 12:44:39,349 INFO Parsed 10100000 reads
2023-05-03 12:44:43,024 INFO Parsed 10200000 reads
2023-05-03 12:44:46,704 INFO Parsed 10300000 reads
2023-05-03 12:44:50,631 INFO Parsed 10400000 reads
2023-05-03 12:44:54,380 INFO Parsed 10500000 reads
2023-05-03 12:44:58,192 INFO Parsed 10600000 reads
2023-05-03 12:45:02,208 INFO Parsed 10700000 reads
2023-05-03 12:45:06,237 INFO Parsed 10800000 reads
2023-05-03 12:45:10,274 INFO Parsed 10900000 reads
2023-05-03 12:45:14,445 INFO Parsed 11000000 reads
2023-05-03 12:45:18,478 INFO Parsed 11100000 reads
2023-05-03 12:45:22,076 INFO Parsed 11200000 reads
2023-05-03 12:45:25,662 INFO Parsed 11300000 reads
2023-05-03 12:45:29,347 INFO Parsed 11400000 reads
2023-05-03 12:45:33,039 INFO Parsed 11500000 reads
2023-05-03 12:45:37,096 INFO Parsed 11600000 reads
2023-05-03 12:45:41,230 INFO Parsed 11700000 reads
2023-05-03 12:45:45,337 INFO Parsed 11800000 reads
2023-05-03 12:45:49,432 INFO Parsed 11900000 reads
2023-05-03 12:45:53,366 INFO Parsed 12000000 reads
2023-05-03 12:45:57,328 INFO Parsed 12100000 reads
2023-05-03 12:46:01,055 INFO Parsed 12200000 reads
2023-05-03 12:46:04,582 INFO Parsed 12300000 reads
2023-05-03 12:46:08,150 INFO Parsed 12400000 reads
2023-05-03 12:46:11,650 INFO Parsed 12500000 reads
2023-05-03 12:46:15,159 INFO Parsed 12600000 reads
2023-05-03 12:46:18,711 INFO Parsed 12700000 reads
2023-05-03 12:46:22,315 INFO Parsed 12800000 reads
2023-05-03 12:46:25,963 INFO Parsed 12900000 reads
2023-05-03 12:46:29,676 INFO Parsed 13000000 reads
2023-05-03 12:46:33,578 INFO Parsed 13100000 reads
2023-05-03 12:46:37,781 INFO Parsed 13200000 reads
2023-05-03 12:46:41,947 INFO Parsed 13300000 reads
2023-05-03 12:46:45,896 INFO Parsed 13400000 reads
2023-05-03 12:46:50,183 INFO Parsed 13500000 reads
2023-05-03 12:46:54,275 INFO Parsed 13600000 reads
2023-05-03 12:46:58,099 INFO Parsed 13700000 reads
2023-05-03 12:47:01,707 INFO Parsed 13800000 reads
2023-05-03 12:47:05,213 INFO Parsed 13900000 reads
2023-05-03 12:47:08,701 INFO Parsed 14000000 reads
2023-05-03 12:47:12,141 INFO Parsed 14100000 reads
2023-05-03 12:47:15,609 INFO Parsed 14200000 reads
2023-05-03 12:47:19,089 INFO Parsed 14300000 reads
2023-05-03 12:47:22,732 INFO Parsed 14400000 reads
2023-05-03 12:47:26,231 INFO Parsed 14500000 reads
2023-05-03 12:47:29,737 INFO Parsed 14600000 reads
2023-05-03 12:47:33,238 INFO Parsed 14700000 reads
2023-05-03 12:47:36,724 INFO Parsed 14800000 reads
2023-05-03 12:47:40,248 INFO Parsed 14900000 reads
2023-05-03 12:47:43,805 INFO Parsed 15000000 reads
2023-05-03 12:47:47,332 INFO Parsed 15100000 reads
2023-05-03 12:47:50,988 INFO Parsed 15200000 reads
2023-05-03 12:47:54,904 INFO Parsed 15300000 reads
2023-05-03 12:47:58,617 INFO Parsed 15400000 reads
2023-05-03 12:48:02,424 INFO Parsed 15500000 reads
2023-05-03 12:48:06,272 INFO Parsed 15600000 reads
2023-05-03 12:48:09,986 INFO Parsed 15700000 reads
2023-05-03 12:48:13,607 INFO Parsed 15800000 reads
2023-05-03 12:48:17,172 INFO Parsed 15900000 reads
2023-05-03 12:48:20,682 INFO Parsed 16000000 reads
2023-05-03 12:48:24,306 INFO Parsed 16100000 reads
2023-05-03 12:48:27,835 INFO Parsed 16200000 reads
2023-05-03 12:48:31,328 INFO Parsed 16300000 reads
2023-05-03 12:48:34,791 INFO Parsed 16400000 reads
2023-05-03 12:48:38,242 INFO Parsed 16500000 reads
2023-05-03 12:48:41,664 INFO Parsed 16600000 reads
2023-05-03 12:48:45,311 INFO Parsed 16700000 reads
2023-05-03 12:48:48,747 INFO Parsed 16800000 reads
2023-05-03 12:48:52,203 INFO Parsed 16900000 reads
2023-05-03 12:48:55,620 INFO Parsed 17000000 reads
2023-05-03 12:48:59,081 INFO Parsed 17100000 reads
2023-05-03 12:49:02,564 INFO Parsed 17200000 reads
2023-05-03 12:49:06,046 INFO Parsed 17300000 reads
2023-05-03 12:49:09,543 INFO Parsed 17400000 reads
2023-05-03 12:49:13,035 INFO Parsed 17500000 reads
2023-05-03 12:49:17,060 INFO Parsed 17600000 reads
2023-05-03 12:49:20,549 INFO Parsed 17700000 reads
2023-05-03 12:49:24,050 INFO Parsed 17800000 reads
2023-05-03 12:49:27,536 INFO Parsed 17900000 reads
2023-05-03 12:49:31,018 INFO Parsed 18000000 reads
2023-05-03 12:49:34,480 INFO Parsed 18100000 reads
2023-05-03 12:49:37,961 INFO Parsed 18200000 reads
2023-05-03 12:49:41,431 INFO Parsed 18300000 reads
2023-05-03 12:49:44,817 INFO Parsed 18400000 reads
2023-05-03 12:49:48,194 INFO Parsed 18500000 reads
2023-05-03 12:49:51,608 INFO Parsed 18600000 reads
2023-05-03 12:49:55,071 INFO Parsed 18700000 reads
2023-05-03 12:49:58,860 INFO Parsed 18800000 reads
2023-05-03 12:50:02,292 INFO Parsed 18900000 reads
2023-05-03 12:50:05,680 INFO Parsed 19000000 reads
2023-05-03 12:50:09,075 INFO Parsed 19100000 reads
2023-05-03 12:50:12,463 INFO Parsed 19200000 reads
2023-05-03 12:50:15,860 INFO Parsed 19300000 reads
2023-05-03 12:50:19,267 INFO Parsed 19400000 reads
2023-05-03 12:50:22,757 INFO Parsed 19500000 reads
2023-05-03 12:50:26,244 INFO Parsed 19600000 reads
2023-05-03 12:50:30,935 INFO Parsed 19700000 reads
2023-05-03 12:50:34,419 INFO Parsed 19800000 reads
2023-05-03 12:50:37,857 INFO Parsed 19900000 reads
2023-05-03 12:50:41,345 INFO Parsed 20000000 reads
2023-05-03 12:50:44,836 INFO Parsed 20100000 reads
2023-05-03 12:50:48,305 INFO Parsed 20200000 reads
2023-05-03 12:50:51,764 INFO Parsed 20300000 reads
2023-05-03 12:50:55,234 INFO Parsed 20400000 reads
2023-05-03 12:50:58,715 INFO Parsed 20500000 reads
2023-05-03 12:51:02,182 INFO Parsed 20600000 reads
2023-05-03 12:51:05,563 INFO Parsed 20700000 reads
2023-05-03 12:51:08,939 INFO Parsed 20800000 reads
2023-05-03 12:51:12,634 INFO Parsed 20900000 reads
2023-05-03 12:51:15,299 INFO Input Reads: 20976793
2023-05-03 12:51:15,299 INFO regex matches read1: 17828184
2023-05-03 12:51:15,299 INFO Reads output: 17828184
2023-05-03 12:51:15,299 INFO regex does not match read1: 3148609
# job finished in 769 seconds at Wed May  3 12:51:15 2023 -- 765.12  1.49  0.00  0.00 -- 8c3d77a9-dadc-4709-8e32-964b26004b29
[Wed May  3 12:51:17 2023]
Finished job 0.
1 of 1 steps (100%) done
[Wed May  3 12:51:20 2023]
Finished job 0.
1 of 1 steps (100%) done
