Building DAG of jobs...
Using shell: /usr/bin/bash
Provided cores: 8
Rules claiming more threads will be scaled down.
Provided resources: mem_mb=8192, mem_mib=7813, disk_mb=1626, disk_mib=1551
Select jobs to execute...
Building DAG of jobs...
Using shell: /usr/bin/bash
Provided cores: 8
Rules claiming more threads will be scaled down.
Provided resources: mem_mb=8192, mem_mib=7813, disk_mb=1626, disk_mib=1551
Select jobs to execute...

[Wed May  3 12:38:24 2023]
rule extract_umis:
    input: results/reads/112_MSI_R1.fastq.gz
    output: results/reads/umis/112_MSI_R1.fastq.gz
    log: logs/extract_umis/112_MSI.log
    jobid: 0
    reason: Missing output files: results/reads/umis/112_MSI_R1.fastq.gz
    wildcards: sample=112_MSI
    threads: 8
    resources: mem_mb=8192, mem_mib=7813, disk_mb=1626, disk_mib=1551, tmpdir=/tmp, runtime=60

# UMI-tools version: 1.1.4
# output generated by extract --random-seed 1234 --extract-method=regex --bc-pattern=(?P<umi_1>.{6})(?P<discard_1>TATA).* -I results/reads/112_MSI_R1.fastq.gz -S results/reads/umis/112_MSI_R1.fastq.gz
# job started at Wed May  3 12:38:25 2023 on bc004 -- 7c82e726-1055-450e-bbae-d59ebb74db0e
# pid: 1467246, system: Linux 4.18.0-193.19.1.el8_2.x86_64 #1 SMP Mon Sep 14 14:37:00 UTC 2020 x86_64
# blacklist                               : None
# compresslevel                           : 6
# correct_umi_threshold                   : 0
# either_read                             : False
# either_read_resolve                     : discard
# error_correct_cell                      : False
# extract_method                          : regex
# filter_cell_barcode                     : None
# filter_cell_barcodes                    : False
# filter_umi                              : None
# filtered_out                            : None
# filtered_out2                           : None
# ignore_suffix                           : False
# log2stderr                              : False
# loglevel                                : 1
# pattern                                 : (?P<umi_1>.{6})(?P<discard_1>TATA).*
# pattern2                                : None
# prime3                                  : None
# quality_encoding                        : None
# quality_filter_mask                     : None
# quality_filter_threshold                : None
# random_seed                             : 1234
# read2_in                                : None
# read2_out                               : False
# read2_stdout                            : False
# reads_subset                            : None
# reconcile                               : False
# retain_umi                              : None
# short_help                              : None
# stderr                                  : <_io.TextIOWrapper name='<stderr>' mode='w' encoding='utf-8'>
# stdin                                   : <_io.TextIOWrapper name='results/reads/112_MSI_R1.fastq.gz' encoding='ascii'>
# stdlog                                  : <_io.TextIOWrapper name='<stdout>' mode='w' encoding='utf-8'>
# stdout                                  : <_io.TextIOWrapper name='results/reads/umis/112_MSI_R1.fastq.gz' encoding='ascii'>
# timeit_file                             : None
# timeit_header                           : None
# timeit_name                             : all
# tmpdir                                  : None
# umi_correct_log                         : None
# umi_separator                           : _
# umi_whitelist                           : None
# umi_whitelist_paired                    : None
# whitelist                               : None
2023-05-03 12:38:25,674 INFO Starting barcode extraction
2023-05-03 12:38:29,222 INFO Parsed 100000 reads
2023-05-03 12:38:32,748 INFO Parsed 200000 reads
2023-05-03 12:38:36,249 INFO Parsed 300000 reads
2023-05-03 12:38:39,737 INFO Parsed 400000 reads
2023-05-03 12:38:43,230 INFO Parsed 500000 reads
2023-05-03 12:38:46,712 INFO Parsed 600000 reads
2023-05-03 12:38:50,203 INFO Parsed 700000 reads
2023-05-03 12:38:53,729 INFO Parsed 800000 reads
2023-05-03 12:38:57,220 INFO Parsed 900000 reads
2023-05-03 12:39:00,694 INFO Parsed 1000000 reads
2023-05-03 12:39:04,172 INFO Parsed 1100000 reads
2023-05-03 12:39:07,663 INFO Parsed 1200000 reads
2023-05-03 12:39:11,154 INFO Parsed 1300000 reads
2023-05-03 12:39:14,680 INFO Parsed 1400000 reads
2023-05-03 12:39:18,193 INFO Parsed 1500000 reads
2023-05-03 12:39:21,691 INFO Parsed 1600000 reads
2023-05-03 12:39:25,162 INFO Parsed 1700000 reads
2023-05-03 12:39:28,657 INFO Parsed 1800000 reads
2023-05-03 12:39:32,137 INFO Parsed 1900000 reads
2023-05-03 12:39:35,649 INFO Parsed 2000000 reads
2023-05-03 12:39:39,166 INFO Parsed 2100000 reads
2023-05-03 12:39:42,648 INFO Parsed 2200000 reads
2023-05-03 12:39:46,144 INFO Parsed 2300000 reads
2023-05-03 12:39:49,637 INFO Parsed 2400000 reads
2023-05-03 12:39:53,131 INFO Parsed 2500000 reads
2023-05-03 12:39:56,629 INFO Parsed 2600000 reads
2023-05-03 12:40:00,152 INFO Parsed 2700000 reads
2023-05-03 12:40:03,670 INFO Parsed 2800000 reads
2023-05-03 12:40:07,152 INFO Parsed 2900000 reads
2023-05-03 12:40:10,751 INFO Parsed 3000000 reads
2023-05-03 12:40:14,240 INFO Parsed 3100000 reads
2023-05-03 12:40:17,717 INFO Parsed 3200000 reads
2023-05-03 12:40:21,209 INFO Parsed 3300000 reads
2023-05-03 12:40:24,700 INFO Parsed 3400000 reads
2023-05-03 12:40:28,184 INFO Parsed 3500000 reads
2023-05-03 12:40:31,665 INFO Parsed 3600000 reads
2023-05-03 12:40:35,158 INFO Parsed 3700000 reads
2023-05-03 12:40:38,648 INFO Parsed 3800000 reads
2023-05-03 12:40:42,162 INFO Parsed 3900000 reads
2023-05-03 12:40:45,697 INFO Parsed 4000000 reads
2023-05-03 12:40:49,241 INFO Parsed 4100000 reads
2023-05-03 12:40:52,768 INFO Parsed 4200000 reads
2023-05-03 12:40:56,299 INFO Parsed 4300000 reads
2023-05-03 12:40:59,827 INFO Parsed 4400000 reads
2023-05-03 12:41:03,343 INFO Parsed 4500000 reads
2023-05-03 12:41:06,872 INFO Parsed 4600000 reads
2023-05-03 12:41:10,402 INFO Parsed 4700000 reads
2023-05-03 12:41:13,920 INFO Parsed 4800000 reads
2023-05-03 12:41:17,430 INFO Parsed 4900000 reads
2023-05-03 12:41:20,957 INFO Parsed 5000000 reads
2023-05-03 12:41:24,481 INFO Parsed 5100000 reads
2023-05-03 12:41:28,165 INFO Parsed 5200000 reads
2023-05-03 12:41:31,688 INFO Parsed 5300000 reads
2023-05-03 12:41:35,224 INFO Parsed 5400000 reads
2023-05-03 12:41:38,749 INFO Parsed 5500000 reads
2023-05-03 12:41:42,290 INFO Parsed 5600000 reads
2023-05-03 12:41:45,818 INFO Parsed 5700000 reads
2023-05-03 12:41:49,365 INFO Parsed 5800000 reads
2023-05-03 12:41:52,915 INFO Parsed 5900000 reads
2023-05-03 12:41:56,447 INFO Parsed 6000000 reads
2023-05-03 12:42:00,001 INFO Parsed 6100000 reads
2023-05-03 12:42:03,529 INFO Parsed 6200000 reads
2023-05-03 12:42:07,036 INFO Parsed 6300000 reads
2023-05-03 12:42:10,560 INFO Parsed 6400000 reads
2023-05-03 12:42:14,092 INFO Parsed 6500000 reads
2023-05-03 12:42:17,633 INFO Parsed 6600000 reads
2023-05-03 12:42:21,165 INFO Parsed 6700000 reads
2023-05-03 12:42:24,716 INFO Parsed 6800000 reads
2023-05-03 12:42:28,248 INFO Parsed 6900000 reads
2023-05-03 12:42:31,783 INFO Parsed 7000000 reads
2023-05-03 12:42:35,315 INFO Parsed 7100000 reads
2023-05-03 12:42:38,855 INFO Parsed 7200000 reads
2023-05-03 12:42:42,377 INFO Parsed 7300000 reads
2023-05-03 12:42:45,899 INFO Parsed 7400000 reads
2023-05-03 12:42:49,417 INFO Parsed 7500000 reads
2023-05-03 12:42:52,936 INFO Parsed 7600000 reads
2023-05-03 12:42:56,452 INFO Parsed 7700000 reads
2023-05-03 12:42:59,951 INFO Parsed 7800000 reads
2023-05-03 12:43:03,449 INFO Parsed 7900000 reads
2023-05-03 12:43:06,961 INFO Parsed 8000000 reads
2023-05-03 12:43:10,490 INFO Parsed 8100000 reads
2023-05-03 12:43:14,019 INFO Parsed 8200000 reads
2023-05-03 12:43:17,523 INFO Parsed 8300000 reads
2023-05-03 12:43:21,014 INFO Parsed 8400000 reads
2023-05-03 12:43:24,504 INFO Parsed 8500000 reads
2023-05-03 12:43:28,009 INFO Parsed 8600000 reads
2023-05-03 12:43:31,527 INFO Parsed 8700000 reads
2023-05-03 12:43:35,051 INFO Parsed 8800000 reads
2023-05-03 12:43:38,577 INFO Parsed 8900000 reads
2023-05-03 12:43:42,075 INFO Parsed 9000000 reads
2023-05-03 12:43:45,564 INFO Parsed 9100000 reads
2023-05-03 12:43:49,056 INFO Parsed 9200000 reads
2023-05-03 12:43:52,572 INFO Parsed 9300000 reads
2023-05-03 12:43:56,081 INFO Parsed 9400000 reads
2023-05-03 12:43:59,584 INFO Parsed 9500000 reads
2023-05-03 12:44:03,090 INFO Parsed 9600000 reads
2023-05-03 12:44:06,581 INFO Parsed 9700000 reads
2023-05-03 12:44:10,090 INFO Parsed 9800000 reads
2023-05-03 12:44:13,610 INFO Parsed 9900000 reads
2023-05-03 12:44:17,132 INFO Parsed 10000000 reads
2023-05-03 12:44:20,623 INFO Parsed 10100000 reads
2023-05-03 12:44:24,110 INFO Parsed 10200000 reads
2023-05-03 12:44:27,595 INFO Parsed 10300000 reads
2023-05-03 12:44:31,074 INFO Parsed 10400000 reads
2023-05-03 12:44:34,565 INFO Parsed 10500000 reads
2023-05-03 12:44:38,070 INFO Parsed 10600000 reads
2023-05-03 12:44:41,567 INFO Parsed 10700000 reads
2023-05-03 12:44:45,072 INFO Parsed 10800000 reads
2023-05-03 12:44:48,577 INFO Parsed 10900000 reads
2023-05-03 12:44:52,094 INFO Parsed 11000000 reads
2023-05-03 12:44:55,587 INFO Parsed 11100000 reads
2023-05-03 12:44:59,089 INFO Parsed 11200000 reads
2023-05-03 12:45:02,607 INFO Parsed 11300000 reads
2023-05-03 12:45:06,114 INFO Parsed 11400000 reads
2023-05-03 12:45:09,623 INFO Parsed 11500000 reads
2023-05-03 12:45:13,124 INFO Parsed 11600000 reads
2023-05-03 12:45:16,622 INFO Parsed 11700000 reads
2023-05-03 12:45:20,135 INFO Parsed 11800000 reads
2023-05-03 12:45:23,641 INFO Parsed 11900000 reads
2023-05-03 12:45:27,143 INFO Parsed 12000000 reads
2023-05-03 12:45:30,649 INFO Parsed 12100000 reads
2023-05-03 12:45:34,170 INFO Parsed 12200000 reads
2023-05-03 12:45:37,678 INFO Parsed 12300000 reads
2023-05-03 12:45:41,180 INFO Parsed 12400000 reads
2023-05-03 12:45:44,689 INFO Parsed 12500000 reads
2023-05-03 12:45:48,207 INFO Parsed 12600000 reads
2023-05-03 12:45:51,713 INFO Parsed 12700000 reads
2023-05-03 12:45:55,210 INFO Parsed 12800000 reads
2023-05-03 12:45:58,718 INFO Parsed 12900000 reads
2023-05-03 12:46:02,209 INFO Parsed 13000000 reads
2023-05-03 12:46:05,700 INFO Parsed 13100000 reads
2023-05-03 12:46:09,193 INFO Parsed 13200000 reads
2023-05-03 12:46:12,669 INFO Parsed 13300000 reads
2023-05-03 12:46:16,148 INFO Parsed 13400000 reads
2023-05-03 12:46:19,651 INFO Parsed 13500000 reads
2023-05-03 12:46:23,145 INFO Parsed 13600000 reads
2023-05-03 12:46:26,619 INFO Parsed 13700000 reads
2023-05-03 12:46:30,149 INFO Parsed 13800000 reads
2023-05-03 12:46:33,653 INFO Parsed 13900000 reads
2023-05-03 12:46:37,158 INFO Parsed 14000000 reads
2023-05-03 12:46:40,666 INFO Parsed 14100000 reads
2023-05-03 12:46:44,166 INFO Parsed 14200000 reads
2023-05-03 12:46:47,673 INFO Parsed 14300000 reads
2023-05-03 12:46:51,175 INFO Parsed 14400000 reads
2023-05-03 12:46:54,675 INFO Parsed 14500000 reads
2023-05-03 12:46:58,204 INFO Parsed 14600000 reads
2023-05-03 12:47:01,744 INFO Parsed 14700000 reads
2023-05-03 12:47:05,275 INFO Parsed 14800000 reads
2023-05-03 12:47:08,761 INFO Parsed 14900000 reads
2023-05-03 12:47:12,245 INFO Parsed 15000000 reads
2023-05-03 12:47:15,739 INFO Parsed 15100000 reads
2023-05-03 12:47:19,302 INFO Parsed 15200000 reads
2023-05-03 12:47:22,926 INFO Parsed 15300000 reads
2023-05-03 12:47:26,467 INFO Parsed 15400000 reads
2023-05-03 12:47:28,117 INFO Input Reads: 15446239
2023-05-03 12:47:28,117 INFO regex matches read1: 13149127
2023-05-03 12:47:28,117 INFO Reads output: 13149127
2023-05-03 12:47:28,117 INFO regex does not match read1: 2297112
# job finished in 542 seconds at Wed May  3 12:47:28 2023 -- 541.16  1.48  0.00  0.00 -- 7c82e726-1055-450e-bbae-d59ebb74db0e
[Wed May  3 12:47:29 2023]
Finished job 0.
1 of 1 steps (100%) done
[Wed May  3 12:47:33 2023]
Finished job 0.
1 of 1 steps (100%) done
