Building DAG of jobs...
Using shell: /usr/bin/bash
Provided cores: 8
Rules claiming more threads will be scaled down.
Provided resources: mem_mb=8192, mem_mib=7813, disk_mb=1176, disk_mib=1122
Select jobs to execute...
Building DAG of jobs...
Using shell: /usr/bin/bash
Provided cores: 8
Rules claiming more threads will be scaled down.
Provided resources: mem_mb=8192, mem_mib=7813, disk_mb=1176, disk_mib=1122
Select jobs to execute...

[Wed May  3 12:38:35 2023]
rule extract_umis:
    input: results/reads/116_MSI_R1.fastq.gz
    output: results/reads/umis/116_MSI_R1.fastq.gz
    log: logs/extract_umis/116_MSI.log
    jobid: 0
    reason: Missing output files: results/reads/umis/116_MSI_R1.fastq.gz
    wildcards: sample=116_MSI
    threads: 8
    resources: mem_mb=8192, mem_mib=7813, disk_mb=1176, disk_mib=1122, tmpdir=/tmp, runtime=60

# UMI-tools version: 1.1.4
# output generated by extract --random-seed 1234 --extract-method=regex --bc-pattern=(?P<umi_1>.{6})(?P<discard_1>TATA).* -I results/reads/116_MSI_R1.fastq.gz -S results/reads/umis/116_MSI_R1.fastq.gz
# job started at Wed May  3 12:38:37 2023 on bc006 -- d206eebd-d855-4796-ae5c-021de7dc45d7
# pid: 319015, system: Linux 4.18.0-193.19.1.el8_2.x86_64 #1 SMP Mon Sep 14 14:37:00 UTC 2020 x86_64
# blacklist                               : None
# compresslevel                           : 6
# correct_umi_threshold                   : 0
# either_read                             : False
# either_read_resolve                     : discard
# error_correct_cell                      : False
# extract_method                          : regex
# filter_cell_barcode                     : None
# filter_cell_barcodes                    : False
# filter_umi                              : None
# filtered_out                            : None
# filtered_out2                           : None
# ignore_suffix                           : False
# log2stderr                              : False
# loglevel                                : 1
# pattern                                 : (?P<umi_1>.{6})(?P<discard_1>TATA).*
# pattern2                                : None
# prime3                                  : None
# quality_encoding                        : None
# quality_filter_mask                     : None
# quality_filter_threshold                : None
# random_seed                             : 1234
# read2_in                                : None
# read2_out                               : False
# read2_stdout                            : False
# reads_subset                            : None
# reconcile                               : False
# retain_umi                              : None
# short_help                              : None
# stderr                                  : <_io.TextIOWrapper name='<stderr>' mode='w' encoding='utf-8'>
# stdin                                   : <_io.TextIOWrapper name='results/reads/116_MSI_R1.fastq.gz' encoding='ascii'>
# stdlog                                  : <_io.TextIOWrapper name='<stdout>' mode='w' encoding='utf-8'>
# stdout                                  : <_io.TextIOWrapper name='results/reads/umis/116_MSI_R1.fastq.gz' encoding='ascii'>
# timeit_file                             : None
# timeit_header                           : None
# timeit_name                             : all
# tmpdir                                  : None
# umi_correct_log                         : None
# umi_separator                           : _
# umi_whitelist                           : None
# umi_whitelist_paired                    : None
# whitelist                               : None
2023-05-03 12:38:37,070 INFO Starting barcode extraction
2023-05-03 12:38:40,392 INFO Parsed 100000 reads
2023-05-03 12:38:43,663 INFO Parsed 200000 reads
2023-05-03 12:38:46,930 INFO Parsed 300000 reads
2023-05-03 12:38:50,184 INFO Parsed 400000 reads
2023-05-03 12:38:53,456 INFO Parsed 500000 reads
2023-05-03 12:38:56,732 INFO Parsed 600000 reads
2023-05-03 12:38:59,992 INFO Parsed 700000 reads
2023-05-03 12:39:03,254 INFO Parsed 800000 reads
2023-05-03 12:39:06,521 INFO Parsed 900000 reads
2023-05-03 12:39:09,781 INFO Parsed 1000000 reads
2023-05-03 12:39:13,042 INFO Parsed 1100000 reads
2023-05-03 12:39:16,302 INFO Parsed 1200000 reads
2023-05-03 12:39:19,553 INFO Parsed 1300000 reads
2023-05-03 12:39:22,808 INFO Parsed 1400000 reads
2023-05-03 12:39:26,070 INFO Parsed 1500000 reads
2023-05-03 12:39:29,329 INFO Parsed 1600000 reads
2023-05-03 12:39:32,599 INFO Parsed 1700000 reads
2023-05-03 12:39:35,862 INFO Parsed 1800000 reads
2023-05-03 12:39:39,129 INFO Parsed 1900000 reads
2023-05-03 12:39:42,404 INFO Parsed 2000000 reads
2023-05-03 12:39:45,659 INFO Parsed 2100000 reads
2023-05-03 12:39:48,921 INFO Parsed 2200000 reads
2023-05-03 12:39:52,180 INFO Parsed 2300000 reads
2023-05-03 12:39:55,447 INFO Parsed 2400000 reads
2023-05-03 12:39:58,723 INFO Parsed 2500000 reads
2023-05-03 12:40:01,990 INFO Parsed 2600000 reads
2023-05-03 12:40:05,261 INFO Parsed 2700000 reads
2023-05-03 12:40:08,525 INFO Parsed 2800000 reads
2023-05-03 12:40:11,796 INFO Parsed 2900000 reads
2023-05-03 12:40:15,059 INFO Parsed 3000000 reads
2023-05-03 12:40:18,317 INFO Parsed 3100000 reads
2023-05-03 12:40:21,575 INFO Parsed 3200000 reads
2023-05-03 12:40:24,830 INFO Parsed 3300000 reads
2023-05-03 12:40:28,109 INFO Parsed 3400000 reads
2023-05-03 12:40:31,382 INFO Parsed 3500000 reads
2023-05-03 12:40:34,635 INFO Parsed 3600000 reads
2023-05-03 12:40:37,886 INFO Parsed 3700000 reads
2023-05-03 12:40:41,140 INFO Parsed 3800000 reads
2023-05-03 12:40:44,401 INFO Parsed 3900000 reads
2023-05-03 12:40:47,673 INFO Parsed 4000000 reads
2023-05-03 12:40:50,917 INFO Parsed 4100000 reads
2023-05-03 12:40:54,328 INFO Parsed 4200000 reads
2023-05-03 12:40:57,590 INFO Parsed 4300000 reads
2023-05-03 12:41:00,878 INFO Parsed 4400000 reads
2023-05-03 12:41:04,167 INFO Parsed 4500000 reads
2023-05-03 12:41:07,429 INFO Parsed 4600000 reads
2023-05-03 12:41:10,685 INFO Parsed 4700000 reads
2023-05-03 12:41:13,939 INFO Parsed 4800000 reads
2023-05-03 12:41:17,509 INFO Parsed 4900000 reads
2023-05-03 12:41:20,766 INFO Parsed 5000000 reads
2023-05-03 12:41:24,023 INFO Parsed 5100000 reads
2023-05-03 12:41:27,288 INFO Parsed 5200000 reads
2023-05-03 12:41:30,548 INFO Parsed 5300000 reads
2023-05-03 12:41:33,826 INFO Parsed 5400000 reads
2023-05-03 12:41:37,083 INFO Parsed 5500000 reads
2023-05-03 12:41:40,341 INFO Parsed 5600000 reads
2023-05-03 12:41:43,603 INFO Parsed 5700000 reads
2023-05-03 12:41:46,860 INFO Parsed 5800000 reads
2023-05-03 12:41:50,132 INFO Parsed 5900000 reads
2023-05-03 12:41:53,390 INFO Parsed 6000000 reads
2023-05-03 12:41:56,654 INFO Parsed 6100000 reads
2023-05-03 12:41:59,965 INFO Parsed 6200000 reads
2023-05-03 12:42:03,250 INFO Parsed 6300000 reads
2023-05-03 12:42:06,513 INFO Parsed 6400000 reads
2023-05-03 12:42:09,770 INFO Parsed 6500000 reads
2023-05-03 12:42:13,031 INFO Parsed 6600000 reads
2023-05-03 12:42:16,297 INFO Parsed 6700000 reads
2023-05-03 12:42:19,566 INFO Parsed 6800000 reads
2023-05-03 12:42:22,825 INFO Parsed 6900000 reads
2023-05-03 12:42:26,089 INFO Parsed 7000000 reads
2023-05-03 12:42:29,349 INFO Parsed 7100000 reads
2023-05-03 12:42:32,614 INFO Parsed 7200000 reads
2023-05-03 12:42:35,878 INFO Parsed 7300000 reads
2023-05-03 12:42:39,127 INFO Parsed 7400000 reads
2023-05-03 12:42:42,393 INFO Parsed 7500000 reads
2023-05-03 12:42:45,656 INFO Parsed 7600000 reads
2023-05-03 12:42:48,932 INFO Parsed 7700000 reads
2023-05-03 12:42:52,192 INFO Parsed 7800000 reads
2023-05-03 12:42:55,743 INFO Parsed 7900000 reads
2023-05-03 12:42:59,008 INFO Parsed 8000000 reads
2023-05-03 12:43:02,266 INFO Parsed 8100000 reads
2023-05-03 12:43:05,535 INFO Parsed 8200000 reads
2023-05-03 12:43:08,819 INFO Parsed 8300000 reads
2023-05-03 12:43:12,080 INFO Parsed 8400000 reads
2023-05-03 12:43:15,354 INFO Parsed 8500000 reads
2023-05-03 12:43:18,614 INFO Parsed 8600000 reads
2023-05-03 12:43:21,883 INFO Parsed 8700000 reads
2023-05-03 12:43:25,161 INFO Parsed 8800000 reads
2023-05-03 12:43:28,427 INFO Parsed 8900000 reads
2023-05-03 12:43:31,687 INFO Parsed 9000000 reads
2023-05-03 12:43:34,964 INFO Parsed 9100000 reads
2023-05-03 12:43:38,219 INFO Parsed 9200000 reads
2023-05-03 12:43:41,476 INFO Parsed 9300000 reads
2023-05-03 12:43:44,743 INFO Parsed 9400000 reads
2023-05-03 12:43:47,992 INFO Parsed 9500000 reads
2023-05-03 12:43:51,272 INFO Parsed 9600000 reads
2023-05-03 12:43:54,536 INFO Parsed 9700000 reads
2023-05-03 12:43:57,783 INFO Parsed 9800000 reads
2023-05-03 12:44:01,024 INFO Parsed 9900000 reads
2023-05-03 12:44:04,288 INFO Parsed 10000000 reads
2023-05-03 12:44:07,563 INFO Parsed 10100000 reads
2023-05-03 12:44:10,820 INFO Parsed 10200000 reads
2023-05-03 12:44:14,067 INFO Parsed 10300000 reads
2023-05-03 12:44:17,311 INFO Parsed 10400000 reads
2023-05-03 12:44:20,562 INFO Parsed 10500000 reads
2023-05-03 12:44:23,834 INFO Parsed 10600000 reads
2023-05-03 12:44:27,109 INFO Parsed 10700000 reads
2023-05-03 12:44:30,363 INFO Parsed 10800000 reads
2023-05-03 12:44:33,630 INFO Parsed 10900000 reads
2023-05-03 12:44:36,888 INFO Parsed 11000000 reads
2023-05-03 12:44:40,161 INFO Parsed 11100000 reads
2023-05-03 12:44:43,426 INFO Parsed 11200000 reads
2023-05-03 12:44:46,688 INFO Parsed 11300000 reads
2023-05-03 12:44:49,944 INFO Parsed 11400000 reads
2023-05-03 12:44:53,207 INFO Parsed 11500000 reads
2023-05-03 12:44:56,487 INFO Parsed 11600000 reads
2023-05-03 12:44:59,752 INFO Parsed 11700000 reads
2023-05-03 12:45:03,321 INFO Parsed 11800000 reads
2023-05-03 12:45:06,344 INFO Input Reads: 11892897
2023-05-03 12:45:06,344 INFO regex matches read1: 10167072
2023-05-03 12:45:06,344 INFO Reads output: 10167072
2023-05-03 12:45:06,344 INFO regex does not match read1: 1725825
# job finished in 389 seconds at Wed May  3 12:45:06 2023 -- 387.65  1.07  0.00  0.00 -- d206eebd-d855-4796-ae5c-021de7dc45d7
[Wed May  3 12:45:06 2023]
Finished job 0.
1 of 1 steps (100%) done
[Wed May  3 12:45:07 2023]
Finished job 0.
1 of 1 steps (100%) done
