Building DAG of jobs...
Using shell: /usr/bin/bash
Provided cores: 8
Rules claiming more threads will be scaled down.
Provided resources: mem_mb=8192, mem_mib=7813, disk_mb=1470, disk_mib=1402
Select jobs to execute...
Building DAG of jobs...
Using shell: /usr/bin/bash
Provided cores: 8
Rules claiming more threads will be scaled down.
Provided resources: mem_mb=8192, mem_mib=7813, disk_mb=1470, disk_mib=1402
Select jobs to execute...

[Wed May  3 12:38:24 2023]
rule extract_umis:
    input: results/reads/171_MSI_R1.fastq.gz
    output: results/reads/umis/171_MSI_R1.fastq.gz
    log: logs/extract_umis/171_MSI.log
    jobid: 0
    reason: Missing output files: results/reads/umis/171_MSI_R1.fastq.gz
    wildcards: sample=171_MSI
    threads: 8
    resources: mem_mb=8192, mem_mib=7813, disk_mb=1470, disk_mib=1402, tmpdir=/tmp, runtime=60

# UMI-tools version: 1.1.4
# output generated by extract --random-seed 1234 --extract-method=regex --bc-pattern=(?P<umi_1>.{6})(?P<discard_1>TATA).* -I results/reads/171_MSI_R1.fastq.gz -S results/reads/umis/171_MSI_R1.fastq.gz
# job started at Wed May  3 12:38:25 2023 on bc004 -- 5afbff75-74a3-49a4-8767-26e1746fbb2d
# pid: 1467233, system: Linux 4.18.0-193.19.1.el8_2.x86_64 #1 SMP Mon Sep 14 14:37:00 UTC 2020 x86_64
# blacklist                               : None
# compresslevel                           : 6
# correct_umi_threshold                   : 0
# either_read                             : False
# either_read_resolve                     : discard
# error_correct_cell                      : False
# extract_method                          : regex
# filter_cell_barcode                     : None
# filter_cell_barcodes                    : False
# filter_umi                              : None
# filtered_out                            : None
# filtered_out2                           : None
# ignore_suffix                           : False
# log2stderr                              : False
# loglevel                                : 1
# pattern                                 : (?P<umi_1>.{6})(?P<discard_1>TATA).*
# pattern2                                : None
# prime3                                  : None
# quality_encoding                        : None
# quality_filter_mask                     : None
# quality_filter_threshold                : None
# random_seed                             : 1234
# read2_in                                : None
# read2_out                               : False
# read2_stdout                            : False
# reads_subset                            : None
# reconcile                               : False
# retain_umi                              : None
# short_help                              : None
# stderr                                  : <_io.TextIOWrapper name='<stderr>' mode='w' encoding='utf-8'>
# stdin                                   : <_io.TextIOWrapper name='results/reads/171_MSI_R1.fastq.gz' encoding='ascii'>
# stdlog                                  : <_io.TextIOWrapper name='<stdout>' mode='w' encoding='utf-8'>
# stdout                                  : <_io.TextIOWrapper name='results/reads/umis/171_MSI_R1.fastq.gz' encoding='ascii'>
# timeit_file                             : None
# timeit_header                           : None
# timeit_name                             : all
# tmpdir                                  : None
# umi_correct_log                         : None
# umi_separator                           : _
# umi_whitelist                           : None
# umi_whitelist_paired                    : None
# whitelist                               : None
2023-05-03 12:38:25,591 INFO Starting barcode extraction
2023-05-03 12:38:28,950 INFO Parsed 100000 reads
2023-05-03 12:38:32,142 INFO Parsed 200000 reads
2023-05-03 12:38:35,310 INFO Parsed 300000 reads
2023-05-03 12:38:38,485 INFO Parsed 400000 reads
2023-05-03 12:38:41,791 INFO Parsed 500000 reads
2023-05-03 12:38:45,072 INFO Parsed 600000 reads
2023-05-03 12:38:48,283 INFO Parsed 700000 reads
2023-05-03 12:38:51,528 INFO Parsed 800000 reads
2023-05-03 12:38:54,894 INFO Parsed 900000 reads
2023-05-03 12:38:58,155 INFO Parsed 1000000 reads
2023-05-03 12:39:01,419 INFO Parsed 1100000 reads
2023-05-03 12:39:04,679 INFO Parsed 1200000 reads
2023-05-03 12:39:07,983 INFO Parsed 1300000 reads
2023-05-03 12:39:11,323 INFO Parsed 1400000 reads
2023-05-03 12:39:14,668 INFO Parsed 1500000 reads
2023-05-03 12:39:18,036 INFO Parsed 1600000 reads
2023-05-03 12:39:21,458 INFO Parsed 1700000 reads
2023-05-03 12:39:25,150 INFO Parsed 1800000 reads
2023-05-03 12:39:28,602 INFO Parsed 1900000 reads
2023-05-03 12:39:31,968 INFO Parsed 2000000 reads
2023-05-03 12:39:35,269 INFO Parsed 2100000 reads
2023-05-03 12:39:38,584 INFO Parsed 2200000 reads
2023-05-03 12:39:42,056 INFO Parsed 2300000 reads
2023-05-03 12:39:45,503 INFO Parsed 2400000 reads
2023-05-03 12:39:48,865 INFO Parsed 2500000 reads
2023-05-03 12:39:52,169 INFO Parsed 2600000 reads
2023-05-03 12:39:55,464 INFO Parsed 2700000 reads
2023-05-03 12:39:58,825 INFO Parsed 2800000 reads
2023-05-03 12:40:02,033 INFO Parsed 2900000 reads
2023-05-03 12:40:05,241 INFO Parsed 3000000 reads
2023-05-03 12:40:08,534 INFO Parsed 3100000 reads
2023-05-03 12:40:11,932 INFO Parsed 3200000 reads
2023-05-03 12:40:15,274 INFO Parsed 3300000 reads
2023-05-03 12:40:18,619 INFO Parsed 3400000 reads
2023-05-03 12:40:22,230 INFO Parsed 3500000 reads
2023-05-03 12:40:25,820 INFO Parsed 3600000 reads
2023-05-03 12:40:29,432 INFO Parsed 3700000 reads
2023-05-03 12:40:32,729 INFO Parsed 3800000 reads
2023-05-03 12:40:35,972 INFO Parsed 3900000 reads
2023-05-03 12:40:39,248 INFO Parsed 4000000 reads
2023-05-03 12:40:42,469 INFO Parsed 4100000 reads
2023-05-03 12:40:45,624 INFO Parsed 4200000 reads
2023-05-03 12:40:48,798 INFO Parsed 4300000 reads
2023-05-03 12:40:51,967 INFO Parsed 4400000 reads
2023-05-03 12:40:55,229 INFO Parsed 4500000 reads
2023-05-03 12:40:58,493 INFO Parsed 4600000 reads
2023-05-03 12:41:01,719 INFO Parsed 4700000 reads
2023-05-03 12:41:04,957 INFO Parsed 4800000 reads
2023-05-03 12:41:08,217 INFO Parsed 4900000 reads
2023-05-03 12:41:11,417 INFO Parsed 5000000 reads
2023-05-03 12:41:14,774 INFO Parsed 5100000 reads
2023-05-03 12:41:18,218 INFO Parsed 5200000 reads
2023-05-03 12:41:21,624 INFO Parsed 5300000 reads
2023-05-03 12:41:25,056 INFO Parsed 5400000 reads
2023-05-03 12:41:28,439 INFO Parsed 5500000 reads
2023-05-03 12:41:31,855 INFO Parsed 5600000 reads
2023-05-03 12:41:35,055 INFO Parsed 5700000 reads
2023-05-03 12:41:38,233 INFO Parsed 5800000 reads
2023-05-03 12:41:41,537 INFO Parsed 5900000 reads
2023-05-03 12:41:44,914 INFO Parsed 6000000 reads
2023-05-03 12:41:48,303 INFO Parsed 6100000 reads
2023-05-03 12:41:51,786 INFO Parsed 6200000 reads
2023-05-03 12:41:55,248 INFO Parsed 6300000 reads
2023-05-03 12:41:58,696 INFO Parsed 6400000 reads
2023-05-03 12:42:02,236 INFO Parsed 6500000 reads
2023-05-03 12:42:05,660 INFO Parsed 6600000 reads
2023-05-03 12:42:08,981 INFO Parsed 6700000 reads
2023-05-03 12:42:12,274 INFO Parsed 6800000 reads
2023-05-03 12:42:15,399 INFO Parsed 6900000 reads
2023-05-03 12:42:18,567 INFO Parsed 7000000 reads
2023-05-03 12:42:21,778 INFO Parsed 7100000 reads
2023-05-03 12:42:25,315 INFO Parsed 7200000 reads
2023-05-03 12:42:28,643 INFO Parsed 7300000 reads
2023-05-03 12:42:31,850 INFO Parsed 7400000 reads
2023-05-03 12:42:35,037 INFO Parsed 7500000 reads
2023-05-03 12:42:38,260 INFO Parsed 7600000 reads
2023-05-03 12:42:41,520 INFO Parsed 7700000 reads
2023-05-03 12:42:44,983 INFO Parsed 7800000 reads
2023-05-03 12:42:48,367 INFO Parsed 7900000 reads
2023-05-03 12:42:51,725 INFO Parsed 8000000 reads
2023-05-03 12:42:55,088 INFO Parsed 8100000 reads
2023-05-03 12:42:58,651 INFO Parsed 8200000 reads
2023-05-03 12:43:02,119 INFO Parsed 8300000 reads
2023-05-03 12:43:05,598 INFO Parsed 8400000 reads
2023-05-03 12:43:09,052 INFO Parsed 8500000 reads
2023-05-03 12:43:12,542 INFO Parsed 8600000 reads
2023-05-03 12:43:16,024 INFO Parsed 8700000 reads
2023-05-03 12:43:19,480 INFO Parsed 8800000 reads
2023-05-03 12:43:23,026 INFO Parsed 8900000 reads
2023-05-03 12:43:26,582 INFO Parsed 9000000 reads
2023-05-03 12:43:30,146 INFO Parsed 9100000 reads
2023-05-03 12:43:33,688 INFO Parsed 9200000 reads
2023-05-03 12:43:37,175 INFO Parsed 9300000 reads
2023-05-03 12:43:40,576 INFO Parsed 9400000 reads
2023-05-03 12:43:43,973 INFO Parsed 9500000 reads
2023-05-03 12:43:47,385 INFO Parsed 9600000 reads
2023-05-03 12:43:50,822 INFO Parsed 9700000 reads
2023-05-03 12:43:54,131 INFO Parsed 9800000 reads
2023-05-03 12:43:57,362 INFO Parsed 9900000 reads
2023-05-03 12:44:00,534 INFO Parsed 10000000 reads
2023-05-03 12:44:03,740 INFO Parsed 10100000 reads
2023-05-03 12:44:07,001 INFO Parsed 10200000 reads
2023-05-03 12:44:10,206 INFO Parsed 10300000 reads
2023-05-03 12:44:13,529 INFO Parsed 10400000 reads
2023-05-03 12:44:16,856 INFO Parsed 10500000 reads
2023-05-03 12:44:20,074 INFO Parsed 10600000 reads
2023-05-03 12:44:23,340 INFO Parsed 10700000 reads
2023-05-03 12:44:26,568 INFO Parsed 10800000 reads
2023-05-03 12:44:29,853 INFO Parsed 10900000 reads
2023-05-03 12:44:33,298 INFO Parsed 11000000 reads
2023-05-03 12:44:36,766 INFO Parsed 11100000 reads
2023-05-03 12:44:40,176 INFO Parsed 11200000 reads
2023-05-03 12:44:43,502 INFO Parsed 11300000 reads
2023-05-03 12:44:46,899 INFO Parsed 11400000 reads
2023-05-03 12:44:50,474 INFO Parsed 11500000 reads
2023-05-03 12:44:53,860 INFO Parsed 11600000 reads
2023-05-03 12:44:57,262 INFO Parsed 11700000 reads
2023-05-03 12:45:00,910 INFO Parsed 11800000 reads
2023-05-03 12:45:04,525 INFO Parsed 11900000 reads
2023-05-03 12:45:08,161 INFO Parsed 12000000 reads
2023-05-03 12:45:11,817 INFO Parsed 12100000 reads
2023-05-03 12:45:15,584 INFO Parsed 12200000 reads
2023-05-03 12:45:19,113 INFO Parsed 12300000 reads
2023-05-03 12:45:22,362 INFO Parsed 12400000 reads
2023-05-03 12:45:25,635 INFO Parsed 12500000 reads
2023-05-03 12:45:28,976 INFO Parsed 12600000 reads
2023-05-03 12:45:32,345 INFO Parsed 12700000 reads
2023-05-03 12:45:35,906 INFO Parsed 12800000 reads
2023-05-03 12:45:39,641 INFO Parsed 12900000 reads
2023-05-03 12:45:43,344 INFO Parsed 13000000 reads
2023-05-03 12:45:47,102 INFO Parsed 13100000 reads
2023-05-03 12:45:50,718 INFO Parsed 13200000 reads
2023-05-03 12:45:54,221 INFO Parsed 13300000 reads
2023-05-03 12:45:57,802 INFO Parsed 13400000 reads
2023-05-03 12:46:01,155 INFO Parsed 13500000 reads
2023-05-03 12:46:04,354 INFO Parsed 13600000 reads
2023-05-03 12:46:07,631 INFO Parsed 13700000 reads
2023-05-03 12:46:10,809 INFO Parsed 13800000 reads
2023-05-03 12:46:13,962 INFO Parsed 13900000 reads
2023-05-03 12:46:17,135 INFO Parsed 14000000 reads
2023-05-03 12:46:20,373 INFO Parsed 14100000 reads
2023-05-03 12:46:23,670 INFO Parsed 14200000 reads
2023-05-03 12:46:27,006 INFO Parsed 14300000 reads
2023-05-03 12:46:30,342 INFO Parsed 14400000 reads
2023-05-03 12:46:33,926 INFO Parsed 14500000 reads
2023-05-03 12:46:37,772 INFO Parsed 14600000 reads
2023-05-03 12:46:41,597 INFO Parsed 14700000 reads
2023-05-03 12:46:45,199 INFO Parsed 14800000 reads
2023-05-03 12:46:49,061 INFO Parsed 14900000 reads
2023-05-03 12:46:52,862 INFO Parsed 15000000 reads
2023-05-03 12:46:56,414 INFO Parsed 15100000 reads
2023-05-03 12:46:59,803 INFO Parsed 15200000 reads
2023-05-03 12:47:01,885 INFO Input Reads: 15263936
2023-05-03 12:47:01,885 INFO regex matches read1: 13239622
2023-05-03 12:47:01,885 INFO Reads output: 13239622
2023-05-03 12:47:01,885 INFO regex does not match read1: 2024314
# job finished in 516 seconds at Wed May  3 12:47:01 2023 -- 515.10  1.55  0.00  0.00 -- 5afbff75-74a3-49a4-8767-26e1746fbb2d
[Wed May  3 12:47:02 2023]
Finished job 0.
1 of 1 steps (100%) done
[Wed May  3 12:47:04 2023]
Finished job 0.
1 of 1 steps (100%) done
