Building DAG of jobs...
Using shell: /usr/bin/bash
Provided cores: 8
Rules claiming more threads will be scaled down.
Provided resources: mem_mb=8192, mem_mib=7813, disk_mb=1149, disk_mib=1096
Select jobs to execute...
Building DAG of jobs...
Using shell: /usr/bin/bash
Provided cores: 8
Rules claiming more threads will be scaled down.
Provided resources: mem_mb=8192, mem_mib=7813, disk_mb=1149, disk_mib=1096
Select jobs to execute...

[Wed May  3 12:38:35 2023]
rule extract_umis:
    input: results/reads/162_MSI_R1.fastq.gz
    output: results/reads/umis/162_MSI_R1.fastq.gz
    log: logs/extract_umis/162_MSI.log
    jobid: 0
    reason: Missing output files: results/reads/umis/162_MSI_R1.fastq.gz
    wildcards: sample=162_MSI
    threads: 8
    resources: mem_mb=8192, mem_mib=7813, disk_mb=1149, disk_mib=1096, tmpdir=/tmp, runtime=60

# UMI-tools version: 1.1.4
# output generated by extract --random-seed 1234 --extract-method=regex --bc-pattern=(?P<umi_1>.{6})(?P<discard_1>TATA).* -I results/reads/162_MSI_R1.fastq.gz -S results/reads/umis/162_MSI_R1.fastq.gz
# job started at Wed May  3 12:38:37 2023 on bc006 -- 1e9bc8dd-3dbe-48e5-8ef6-e7b8a920072e
# pid: 319038, system: Linux 4.18.0-193.19.1.el8_2.x86_64 #1 SMP Mon Sep 14 14:37:00 UTC 2020 x86_64
# blacklist                               : None
# compresslevel                           : 6
# correct_umi_threshold                   : 0
# either_read                             : False
# either_read_resolve                     : discard
# error_correct_cell                      : False
# extract_method                          : regex
# filter_cell_barcode                     : None
# filter_cell_barcodes                    : False
# filter_umi                              : None
# filtered_out                            : None
# filtered_out2                           : None
# ignore_suffix                           : False
# log2stderr                              : False
# loglevel                                : 1
# pattern                                 : (?P<umi_1>.{6})(?P<discard_1>TATA).*
# pattern2                                : None
# prime3                                  : None
# quality_encoding                        : None
# quality_filter_mask                     : None
# quality_filter_threshold                : None
# random_seed                             : 1234
# read2_in                                : None
# read2_out                               : False
# read2_stdout                            : False
# reads_subset                            : None
# reconcile                               : False
# retain_umi                              : None
# short_help                              : None
# stderr                                  : <_io.TextIOWrapper name='<stderr>' mode='w' encoding='utf-8'>
# stdin                                   : <_io.TextIOWrapper name='results/reads/162_MSI_R1.fastq.gz' encoding='ascii'>
# stdlog                                  : <_io.TextIOWrapper name='<stdout>' mode='w' encoding='utf-8'>
# stdout                                  : <_io.TextIOWrapper name='results/reads/umis/162_MSI_R1.fastq.gz' encoding='ascii'>
# timeit_file                             : None
# timeit_header                           : None
# timeit_name                             : all
# tmpdir                                  : None
# umi_correct_log                         : None
# umi_separator                           : _
# umi_whitelist                           : None
# umi_whitelist_paired                    : None
# whitelist                               : None
2023-05-03 12:38:37,122 INFO Starting barcode extraction
2023-05-03 12:38:40,820 INFO Parsed 100000 reads
2023-05-03 12:38:44,419 INFO Parsed 200000 reads
2023-05-03 12:38:47,859 INFO Parsed 300000 reads
2023-05-03 12:38:51,106 INFO Parsed 400000 reads
2023-05-03 12:38:54,331 INFO Parsed 500000 reads
2023-05-03 12:38:57,619 INFO Parsed 600000 reads
2023-05-03 12:39:00,880 INFO Parsed 700000 reads
2023-05-03 12:39:04,086 INFO Parsed 800000 reads
2023-05-03 12:39:07,244 INFO Parsed 900000 reads
2023-05-03 12:39:10,413 INFO Parsed 1000000 reads
2023-05-03 12:39:13,605 INFO Parsed 1100000 reads
2023-05-03 12:39:16,898 INFO Parsed 1200000 reads
2023-05-03 12:39:20,322 INFO Parsed 1300000 reads
2023-05-03 12:39:23,715 INFO Parsed 1400000 reads
2023-05-03 12:39:27,104 INFO Parsed 1500000 reads
2023-05-03 12:39:30,464 INFO Parsed 1600000 reads
2023-05-03 12:39:33,758 INFO Parsed 1700000 reads
2023-05-03 12:39:36,978 INFO Parsed 1800000 reads
2023-05-03 12:39:40,108 INFO Parsed 1900000 reads
2023-05-03 12:39:43,234 INFO Parsed 2000000 reads
2023-05-03 12:39:46,366 INFO Parsed 2100000 reads
2023-05-03 12:39:49,502 INFO Parsed 2200000 reads
2023-05-03 12:39:52,702 INFO Parsed 2300000 reads
2023-05-03 12:39:55,873 INFO Parsed 2400000 reads
2023-05-03 12:39:59,017 INFO Parsed 2500000 reads
2023-05-03 12:40:02,149 INFO Parsed 2600000 reads
2023-05-03 12:40:05,295 INFO Parsed 2700000 reads
2023-05-03 12:40:08,456 INFO Parsed 2800000 reads
2023-05-03 12:40:11,618 INFO Parsed 2900000 reads
2023-05-03 12:40:14,756 INFO Parsed 3000000 reads
2023-05-03 12:40:17,891 INFO Parsed 3100000 reads
2023-05-03 12:40:21,026 INFO Parsed 3200000 reads
2023-05-03 12:40:24,164 INFO Parsed 3300000 reads
2023-05-03 12:40:27,398 INFO Parsed 3400000 reads
2023-05-03 12:40:30,592 INFO Parsed 3500000 reads
2023-05-03 12:40:33,766 INFO Parsed 3600000 reads
2023-05-03 12:40:36,938 INFO Parsed 3700000 reads
2023-05-03 12:40:40,121 INFO Parsed 3800000 reads
2023-05-03 12:40:43,352 INFO Parsed 3900000 reads
2023-05-03 12:40:46,629 INFO Parsed 4000000 reads
2023-05-03 12:40:49,886 INFO Parsed 4100000 reads
2023-05-03 12:40:53,400 INFO Parsed 4200000 reads
2023-05-03 12:40:57,350 INFO Parsed 4300000 reads
2023-05-03 12:41:01,259 INFO Parsed 4400000 reads
2023-05-03 12:41:05,095 INFO Parsed 4500000 reads
2023-05-03 12:41:08,905 INFO Parsed 4600000 reads
2023-05-03 12:41:12,833 INFO Parsed 4700000 reads
2023-05-03 12:41:16,715 INFO Parsed 4800000 reads
2023-05-03 12:41:20,612 INFO Parsed 4900000 reads
2023-05-03 12:41:24,257 INFO Parsed 5000000 reads
2023-05-03 12:41:27,990 INFO Parsed 5100000 reads
2023-05-03 12:41:31,691 INFO Parsed 5200000 reads
2023-05-03 12:41:35,253 INFO Parsed 5300000 reads
2023-05-03 12:41:38,754 INFO Parsed 5400000 reads
2023-05-03 12:41:42,395 INFO Parsed 5500000 reads
2023-05-03 12:41:45,992 INFO Parsed 5600000 reads
2023-05-03 12:41:49,547 INFO Parsed 5700000 reads
2023-05-03 12:41:53,086 INFO Parsed 5800000 reads
2023-05-03 12:41:56,805 INFO Parsed 5900000 reads
2023-05-03 12:42:00,630 INFO Parsed 6000000 reads
2023-05-03 12:42:04,406 INFO Parsed 6100000 reads
2023-05-03 12:42:08,241 INFO Parsed 6200000 reads
2023-05-03 12:42:12,193 INFO Parsed 6300000 reads
2023-05-03 12:42:16,112 INFO Parsed 6400000 reads
2023-05-03 12:42:19,932 INFO Parsed 6500000 reads
2023-05-03 12:42:23,767 INFO Parsed 6600000 reads
2023-05-03 12:42:27,447 INFO Parsed 6700000 reads
2023-05-03 12:42:31,073 INFO Parsed 6800000 reads
2023-05-03 12:42:34,772 INFO Parsed 6900000 reads
2023-05-03 12:42:38,525 INFO Parsed 7000000 reads
2023-05-03 12:42:42,230 INFO Parsed 7100000 reads
2023-05-03 12:42:46,016 INFO Parsed 7200000 reads
2023-05-03 12:42:49,840 INFO Parsed 7300000 reads
2023-05-03 12:42:53,631 INFO Parsed 7400000 reads
2023-05-03 12:42:57,389 INFO Parsed 7500000 reads
2023-05-03 12:43:01,093 INFO Parsed 7600000 reads
2023-05-03 12:43:04,982 INFO Parsed 7700000 reads
2023-05-03 12:43:08,816 INFO Parsed 7800000 reads
2023-05-03 12:43:12,622 INFO Parsed 7900000 reads
2023-05-03 12:43:16,261 INFO Parsed 8000000 reads
2023-05-03 12:43:20,110 INFO Parsed 8100000 reads
2023-05-03 12:43:23,951 INFO Parsed 8200000 reads
2023-05-03 12:43:27,756 INFO Parsed 8300000 reads
2023-05-03 12:43:31,583 INFO Parsed 8400000 reads
2023-05-03 12:43:35,425 INFO Parsed 8500000 reads
2023-05-03 12:43:39,311 INFO Parsed 8600000 reads
2023-05-03 12:43:43,168 INFO Parsed 8700000 reads
2023-05-03 12:43:47,106 INFO Parsed 8800000 reads
2023-05-03 12:43:50,908 INFO Parsed 8900000 reads
2023-05-03 12:43:54,736 INFO Parsed 9000000 reads
2023-05-03 12:43:58,503 INFO Parsed 9100000 reads
2023-05-03 12:44:02,222 INFO Parsed 9200000 reads
2023-05-03 12:44:05,956 INFO Parsed 9300000 reads
2023-05-03 12:44:09,615 INFO Parsed 9400000 reads
2023-05-03 12:44:13,176 INFO Parsed 9500000 reads
2023-05-03 12:44:16,832 INFO Parsed 9600000 reads
2023-05-03 12:44:20,435 INFO Parsed 9700000 reads
2023-05-03 12:44:24,018 INFO Parsed 9800000 reads
2023-05-03 12:44:27,671 INFO Parsed 9900000 reads
2023-05-03 12:44:31,391 INFO Parsed 10000000 reads
2023-05-03 12:44:35,116 INFO Parsed 10100000 reads
2023-05-03 12:44:38,718 INFO Parsed 10200000 reads
2023-05-03 12:44:42,211 INFO Parsed 10300000 reads
2023-05-03 12:44:45,709 INFO Parsed 10400000 reads
2023-05-03 12:44:49,267 INFO Parsed 10500000 reads
2023-05-03 12:44:52,813 INFO Parsed 10600000 reads
2023-05-03 12:44:56,396 INFO Parsed 10700000 reads
2023-05-03 12:45:00,111 INFO Parsed 10800000 reads
2023-05-03 12:45:03,900 INFO Parsed 10900000 reads
2023-05-03 12:45:07,883 INFO Parsed 11000000 reads
2023-05-03 12:45:11,840 INFO Parsed 11100000 reads
2023-05-03 12:45:15,804 INFO Parsed 11200000 reads
2023-05-03 12:45:19,682 INFO Parsed 11300000 reads
2023-05-03 12:45:23,615 INFO Parsed 11400000 reads
2023-05-03 12:45:27,395 INFO Parsed 11500000 reads
2023-05-03 12:45:30,964 INFO Parsed 11600000 reads
2023-05-03 12:45:34,381 INFO Parsed 11700000 reads
2023-05-03 12:45:37,880 INFO Parsed 11800000 reads
2023-05-03 12:45:41,355 INFO Parsed 11900000 reads
2023-05-03 12:45:45,012 INFO Parsed 12000000 reads
2023-05-03 12:45:48,776 INFO Parsed 12100000 reads
2023-05-03 12:45:52,616 INFO Parsed 12200000 reads
2023-05-03 12:45:56,360 INFO Parsed 12300000 reads
2023-05-03 12:46:00,208 INFO Parsed 12400000 reads
2023-05-03 12:46:04,016 INFO Parsed 12500000 reads
2023-05-03 12:46:08,019 INFO Parsed 12600000 reads
2023-05-03 12:46:12,092 INFO Parsed 12700000 reads
2023-05-03 12:46:16,049 INFO Parsed 12800000 reads
2023-05-03 12:46:19,198 INFO Input Reads: 12881658
2023-05-03 12:46:19,198 INFO regex matches read1: 12014492
2023-05-03 12:46:19,198 INFO Reads output: 12014492
2023-05-03 12:46:19,199 INFO regex does not match read1: 867166
# job finished in 462 seconds at Wed May  3 12:46:19 2023 -- 461.10  1.67  0.00  0.00 -- 1e9bc8dd-3dbe-48e5-8ef6-e7b8a920072e
[Wed May  3 12:46:19 2023]
Finished job 0.
1 of 1 steps (100%) done
[Wed May  3 12:46:20 2023]
Finished job 0.
1 of 1 steps (100%) done
