Building DAG of jobs...
Using shell: /usr/bin/bash
Provided cores: 8
Rules claiming more threads will be scaled down.
Provided resources: mem_mb=8192, mem_mib=7813, disk_mb=2439, disk_mib=2327
Select jobs to execute...
Building DAG of jobs...
Using shell: /usr/bin/bash
Provided cores: 8
Rules claiming more threads will be scaled down.
Provided resources: mem_mb=8192, mem_mib=7813, disk_mb=2439, disk_mib=2327
Select jobs to execute...

[Wed May  3 12:38:35 2023]
rule extract_umis:
    input: results/reads/184_MSI_R1.fastq.gz
    output: results/reads/umis/184_MSI_R1.fastq.gz
    log: logs/extract_umis/184_MSI.log
    jobid: 0
    reason: Missing output files: results/reads/umis/184_MSI_R1.fastq.gz
    wildcards: sample=184_MSI
    threads: 8
    resources: mem_mb=8192, mem_mib=7813, disk_mb=2439, disk_mib=2327, tmpdir=/tmp, runtime=60

# UMI-tools version: 1.1.4
# output generated by extract --random-seed 1234 --extract-method=regex --bc-pattern=(?P<umi_1>.{6})(?P<discard_1>TATA).* -I results/reads/184_MSI_R1.fastq.gz -S results/reads/umis/184_MSI_R1.fastq.gz
# job started at Wed May  3 12:38:37 2023 on bc006 -- ac51990f-47dd-4653-9cc5-337470fa156b
# pid: 319028, system: Linux 4.18.0-193.19.1.el8_2.x86_64 #1 SMP Mon Sep 14 14:37:00 UTC 2020 x86_64
# blacklist                               : None
# compresslevel                           : 6
# correct_umi_threshold                   : 0
# either_read                             : False
# either_read_resolve                     : discard
# error_correct_cell                      : False
# extract_method                          : regex
# filter_cell_barcode                     : None
# filter_cell_barcodes                    : False
# filter_umi                              : None
# filtered_out                            : None
# filtered_out2                           : None
# ignore_suffix                           : False
# log2stderr                              : False
# loglevel                                : 1
# pattern                                 : (?P<umi_1>.{6})(?P<discard_1>TATA).*
# pattern2                                : None
# prime3                                  : None
# quality_encoding                        : None
# quality_filter_mask                     : None
# quality_filter_threshold                : None
# random_seed                             : 1234
# read2_in                                : None
# read2_out                               : False
# read2_stdout                            : False
# reads_subset                            : None
# reconcile                               : False
# retain_umi                              : None
# short_help                              : None
# stderr                                  : <_io.TextIOWrapper name='<stderr>' mode='w' encoding='utf-8'>
# stdin                                   : <_io.TextIOWrapper name='results/reads/184_MSI_R1.fastq.gz' encoding='ascii'>
# stdlog                                  : <_io.TextIOWrapper name='<stdout>' mode='w' encoding='utf-8'>
# stdout                                  : <_io.TextIOWrapper name='results/reads/umis/184_MSI_R1.fastq.gz' encoding='ascii'>
# timeit_file                             : None
# timeit_header                           : None
# timeit_name                             : all
# tmpdir                                  : None
# umi_correct_log                         : None
# umi_separator                           : _
# umi_whitelist                           : None
# umi_whitelist_paired                    : None
# whitelist                               : None
2023-05-03 12:38:37,096 INFO Starting barcode extraction
2023-05-03 12:38:40,544 INFO Parsed 100000 reads
2023-05-03 12:38:43,886 INFO Parsed 200000 reads
2023-05-03 12:38:47,231 INFO Parsed 300000 reads
2023-05-03 12:38:50,583 INFO Parsed 400000 reads
2023-05-03 12:38:53,930 INFO Parsed 500000 reads
2023-05-03 12:38:57,303 INFO Parsed 600000 reads
2023-05-03 12:39:00,656 INFO Parsed 700000 reads
2023-05-03 12:39:04,094 INFO Parsed 800000 reads
2023-05-03 12:39:07,475 INFO Parsed 900000 reads
2023-05-03 12:39:10,832 INFO Parsed 1000000 reads
2023-05-03 12:39:14,168 INFO Parsed 1100000 reads
2023-05-03 12:39:17,503 INFO Parsed 1200000 reads
2023-05-03 12:39:20,835 INFO Parsed 1300000 reads
2023-05-03 12:39:24,182 INFO Parsed 1400000 reads
2023-05-03 12:39:27,540 INFO Parsed 1500000 reads
2023-05-03 12:39:30,901 INFO Parsed 1600000 reads
2023-05-03 12:39:34,261 INFO Parsed 1700000 reads
2023-05-03 12:39:37,612 INFO Parsed 1800000 reads
2023-05-03 12:39:40,965 INFO Parsed 1900000 reads
2023-05-03 12:39:44,309 INFO Parsed 2000000 reads
2023-05-03 12:39:47,645 INFO Parsed 2100000 reads
2023-05-03 12:39:50,970 INFO Parsed 2200000 reads
2023-05-03 12:39:54,318 INFO Parsed 2300000 reads
2023-05-03 12:39:57,708 INFO Parsed 2400000 reads
2023-05-03 12:40:01,058 INFO Parsed 2500000 reads
2023-05-03 12:40:04,412 INFO Parsed 2600000 reads
2023-05-03 12:40:07,763 INFO Parsed 2700000 reads
2023-05-03 12:40:11,120 INFO Parsed 2800000 reads
2023-05-03 12:40:14,466 INFO Parsed 2900000 reads
2023-05-03 12:40:17,814 INFO Parsed 3000000 reads
2023-05-03 12:40:21,155 INFO Parsed 3100000 reads
2023-05-03 12:40:24,496 INFO Parsed 3200000 reads
2023-05-03 12:40:27,849 INFO Parsed 3300000 reads
2023-05-03 12:40:31,210 INFO Parsed 3400000 reads
2023-05-03 12:40:34,571 INFO Parsed 3500000 reads
2023-05-03 12:40:37,941 INFO Parsed 3600000 reads
2023-05-03 12:40:41,299 INFO Parsed 3700000 reads
2023-05-03 12:40:44,662 INFO Parsed 3800000 reads
2023-05-03 12:40:48,041 INFO Parsed 3900000 reads
2023-05-03 12:40:51,657 INFO Parsed 4000000 reads
2023-05-03 12:40:55,001 INFO Parsed 4100000 reads
2023-05-03 12:40:58,349 INFO Parsed 4200000 reads
2023-05-03 12:41:01,708 INFO Parsed 4300000 reads
2023-05-03 12:41:05,083 INFO Parsed 4400000 reads
2023-05-03 12:41:08,450 INFO Parsed 4500000 reads
2023-05-03 12:41:11,812 INFO Parsed 4600000 reads
2023-05-03 12:41:15,166 INFO Parsed 4700000 reads
2023-05-03 12:41:18,519 INFO Parsed 4800000 reads
2023-05-03 12:41:21,888 INFO Parsed 4900000 reads
2023-05-03 12:41:25,252 INFO Parsed 5000000 reads
2023-05-03 12:41:28,593 INFO Parsed 5100000 reads
2023-05-03 12:41:31,951 INFO Parsed 5200000 reads
2023-05-03 12:41:35,303 INFO Parsed 5300000 reads
2023-05-03 12:41:38,679 INFO Parsed 5400000 reads
2023-05-03 12:41:42,054 INFO Parsed 5500000 reads
2023-05-03 12:41:45,432 INFO Parsed 5600000 reads
2023-05-03 12:41:48,811 INFO Parsed 5700000 reads
2023-05-03 12:41:52,184 INFO Parsed 5800000 reads
2023-05-03 12:41:55,550 INFO Parsed 5900000 reads
2023-05-03 12:41:58,932 INFO Parsed 6000000 reads
2023-05-03 12:42:02,320 INFO Parsed 6100000 reads
2023-05-03 12:42:05,661 INFO Parsed 6200000 reads
2023-05-03 12:42:09,059 INFO Parsed 6300000 reads
2023-05-03 12:42:12,418 INFO Parsed 6400000 reads
2023-05-03 12:42:15,781 INFO Parsed 6500000 reads
2023-05-03 12:42:19,128 INFO Parsed 6600000 reads
2023-05-03 12:42:22,489 INFO Parsed 6700000 reads
2023-05-03 12:42:25,829 INFO Parsed 6800000 reads
2023-05-03 12:42:29,179 INFO Parsed 6900000 reads
2023-05-03 12:42:32,530 INFO Parsed 7000000 reads
2023-05-03 12:42:35,873 INFO Parsed 7100000 reads
2023-05-03 12:42:39,210 INFO Parsed 7200000 reads
2023-05-03 12:42:42,559 INFO Parsed 7300000 reads
2023-05-03 12:42:45,916 INFO Parsed 7400000 reads
2023-05-03 12:42:49,272 INFO Parsed 7500000 reads
2023-05-03 12:42:52,616 INFO Parsed 7600000 reads
2023-05-03 12:42:56,147 INFO Parsed 7700000 reads
2023-05-03 12:42:59,499 INFO Parsed 7800000 reads
2023-05-03 12:43:02,839 INFO Parsed 7900000 reads
2023-05-03 12:43:06,203 INFO Parsed 8000000 reads
2023-05-03 12:43:09,540 INFO Parsed 8100000 reads
2023-05-03 12:43:12,885 INFO Parsed 8200000 reads
2023-05-03 12:43:16,240 INFO Parsed 8300000 reads
2023-05-03 12:43:19,742 INFO Parsed 8400000 reads
2023-05-03 12:43:23,097 INFO Parsed 8500000 reads
2023-05-03 12:43:26,446 INFO Parsed 8600000 reads
2023-05-03 12:43:29,787 INFO Parsed 8700000 reads
2023-05-03 12:43:33,126 INFO Parsed 8800000 reads
2023-05-03 12:43:36,458 INFO Parsed 8900000 reads
2023-05-03 12:43:39,796 INFO Parsed 9000000 reads
2023-05-03 12:43:43,145 INFO Parsed 9100000 reads
2023-05-03 12:43:46,499 INFO Parsed 9200000 reads
2023-05-03 12:43:49,848 INFO Parsed 9300000 reads
2023-05-03 12:43:53,206 INFO Parsed 9400000 reads
2023-05-03 12:43:56,556 INFO Parsed 9500000 reads
2023-05-03 12:43:59,911 INFO Parsed 9600000 reads
2023-05-03 12:44:03,270 INFO Parsed 9700000 reads
2023-05-03 12:44:06,617 INFO Parsed 9800000 reads
2023-05-03 12:44:09,965 INFO Parsed 9900000 reads
2023-05-03 12:44:13,320 INFO Parsed 10000000 reads
2023-05-03 12:44:16,666 INFO Parsed 10100000 reads
2023-05-03 12:44:20,008 INFO Parsed 10200000 reads
2023-05-03 12:44:23,354 INFO Parsed 10300000 reads
2023-05-03 12:44:26,708 INFO Parsed 10400000 reads
2023-05-03 12:44:30,071 INFO Parsed 10500000 reads
2023-05-03 12:44:33,426 INFO Parsed 10600000 reads
2023-05-03 12:44:36,783 INFO Parsed 10700000 reads
2023-05-03 12:44:40,122 INFO Parsed 10800000 reads
2023-05-03 12:44:43,457 INFO Parsed 10900000 reads
2023-05-03 12:44:46,816 INFO Parsed 11000000 reads
2023-05-03 12:44:50,182 INFO Parsed 11100000 reads
2023-05-03 12:44:53,532 INFO Parsed 11200000 reads
2023-05-03 12:44:56,895 INFO Parsed 11300000 reads
2023-05-03 12:45:00,249 INFO Parsed 11400000 reads
2023-05-03 12:45:03,617 INFO Parsed 11500000 reads
2023-05-03 12:45:06,975 INFO Parsed 11600000 reads
2023-05-03 12:45:10,331 INFO Parsed 11700000 reads
2023-05-03 12:45:13,679 INFO Parsed 11800000 reads
2023-05-03 12:45:17,015 INFO Parsed 11900000 reads
2023-05-03 12:45:20,390 INFO Parsed 12000000 reads
2023-05-03 12:45:23,758 INFO Parsed 12100000 reads
2023-05-03 12:45:27,137 INFO Parsed 12200000 reads
2023-05-03 12:45:30,553 INFO Parsed 12300000 reads
2023-05-03 12:45:33,962 INFO Parsed 12400000 reads
2023-05-03 12:45:37,537 INFO Parsed 12500000 reads
2023-05-03 12:45:41,066 INFO Parsed 12600000 reads
2023-05-03 12:45:44,550 INFO Parsed 12700000 reads
2023-05-03 12:45:48,104 INFO Parsed 12800000 reads
2023-05-03 12:45:51,679 INFO Parsed 12900000 reads
2023-05-03 12:45:55,212 INFO Parsed 13000000 reads
2023-05-03 12:45:58,657 INFO Parsed 13100000 reads
2023-05-03 12:46:02,010 INFO Parsed 13200000 reads
2023-05-03 12:46:05,366 INFO Parsed 13300000 reads
2023-05-03 12:46:08,727 INFO Parsed 13400000 reads
2023-05-03 12:46:12,084 INFO Parsed 13500000 reads
2023-05-03 12:46:15,438 INFO Parsed 13600000 reads
2023-05-03 12:46:19,030 INFO Parsed 13700000 reads
2023-05-03 12:46:22,358 INFO Parsed 13800000 reads
2023-05-03 12:46:25,702 INFO Parsed 13900000 reads
2023-05-03 12:46:29,048 INFO Parsed 14000000 reads
2023-05-03 12:46:32,401 INFO Parsed 14100000 reads
2023-05-03 12:46:35,918 INFO Parsed 14200000 reads
2023-05-03 12:46:39,403 INFO Parsed 14300000 reads
2023-05-03 12:46:42,919 INFO Parsed 14400000 reads
2023-05-03 12:46:46,427 INFO Parsed 14500000 reads
2023-05-03 12:46:49,923 INFO Parsed 14600000 reads
2023-05-03 12:46:53,417 INFO Parsed 14700000 reads
2023-05-03 12:46:56,751 INFO Parsed 14800000 reads
2023-05-03 12:47:00,173 INFO Parsed 14900000 reads
2023-05-03 12:47:03,503 INFO Parsed 15000000 reads
2023-05-03 12:47:06,789 INFO Parsed 15100000 reads
2023-05-03 12:47:10,074 INFO Parsed 15200000 reads
2023-05-03 12:47:13,357 INFO Parsed 15300000 reads
2023-05-03 12:47:17,510 INFO Parsed 15400000 reads
2023-05-03 12:47:20,860 INFO Parsed 15500000 reads
2023-05-03 12:47:24,229 INFO Parsed 15600000 reads
2023-05-03 12:47:27,602 INFO Parsed 15700000 reads
2023-05-03 12:47:30,940 INFO Parsed 15800000 reads
2023-05-03 12:47:42,212 INFO Parsed 15900000 reads
2023-05-03 12:47:45,647 INFO Parsed 16000000 reads
2023-05-03 12:47:49,076 INFO Parsed 16100000 reads
2023-05-03 12:47:52,578 INFO Parsed 16200000 reads
2023-05-03 12:47:56,079 INFO Parsed 16300000 reads
2023-05-03 12:47:59,861 INFO Parsed 16400000 reads
2023-05-03 12:48:03,539 INFO Parsed 16500000 reads
2023-05-03 12:48:06,958 INFO Parsed 16600000 reads
2023-05-03 12:48:10,369 INFO Parsed 16700000 reads
2023-05-03 12:48:13,771 INFO Parsed 16800000 reads
2023-05-03 12:48:17,177 INFO Parsed 16900000 reads
2023-05-03 12:48:20,585 INFO Parsed 17000000 reads
2023-05-03 12:48:23,978 INFO Parsed 17100000 reads
2023-05-03 12:48:27,548 INFO Parsed 17200000 reads
2023-05-03 12:48:31,112 INFO Parsed 17300000 reads
2023-05-03 12:48:36,419 INFO Parsed 17400000 reads
2023-05-03 12:48:40,149 INFO Parsed 17500000 reads
2023-05-03 12:48:43,916 INFO Parsed 17600000 reads
2023-05-03 12:48:47,585 INFO Parsed 17700000 reads
2023-05-03 12:48:51,185 INFO Parsed 17800000 reads
2023-05-03 12:48:55,267 INFO Parsed 17900000 reads
2023-05-03 12:48:59,360 INFO Parsed 18000000 reads
2023-05-03 12:49:03,127 INFO Parsed 18100000 reads
2023-05-03 12:49:06,900 INFO Parsed 18200000 reads
2023-05-03 12:49:10,573 INFO Parsed 18300000 reads
2023-05-03 12:49:13,976 INFO Parsed 18400000 reads
2023-05-03 12:49:17,360 INFO Parsed 18500000 reads
2023-05-03 12:49:20,830 INFO Parsed 18600000 reads
2023-05-03 12:49:24,412 INFO Parsed 18700000 reads
2023-05-03 12:49:28,077 INFO Parsed 18800000 reads
2023-05-03 12:49:31,777 INFO Parsed 18900000 reads
2023-05-03 12:49:35,701 INFO Parsed 19000000 reads
2023-05-03 12:49:39,787 INFO Parsed 19100000 reads
2023-05-03 12:49:43,712 INFO Parsed 19200000 reads
2023-05-03 12:49:47,551 INFO Parsed 19300000 reads
2023-05-03 12:49:51,174 INFO Parsed 19400000 reads
2023-05-03 12:49:54,857 INFO Parsed 19500000 reads
2023-05-03 12:49:58,679 INFO Parsed 19600000 reads
2023-05-03 12:50:02,154 INFO Parsed 19700000 reads
2023-05-03 12:50:05,532 INFO Parsed 19800000 reads
2023-05-03 12:50:09,085 INFO Parsed 19900000 reads
2023-05-03 12:50:13,850 INFO Parsed 20000000 reads
2023-05-03 12:50:17,384 INFO Parsed 20100000 reads
2023-05-03 12:50:20,863 INFO Parsed 20200000 reads
2023-05-03 12:50:24,200 INFO Parsed 20300000 reads
2023-05-03 12:50:27,528 INFO Parsed 20400000 reads
2023-05-03 12:50:31,098 INFO Parsed 20500000 reads
2023-05-03 12:50:34,571 INFO Parsed 20600000 reads
2023-05-03 12:50:38,039 INFO Parsed 20700000 reads
2023-05-03 12:50:41,607 INFO Parsed 20800000 reads
2023-05-03 12:50:45,112 INFO Parsed 20900000 reads
2023-05-03 12:50:48,687 INFO Parsed 21000000 reads
2023-05-03 12:50:52,012 INFO Parsed 21100000 reads
2023-05-03 12:50:55,351 INFO Parsed 21200000 reads
2023-05-03 12:50:58,721 INFO Parsed 21300000 reads
2023-05-03 12:51:02,170 INFO Parsed 21400000 reads
2023-05-03 12:51:05,680 INFO Parsed 21500000 reads
2023-05-03 12:51:09,121 INFO Parsed 21600000 reads
2023-05-03 12:51:12,476 INFO Parsed 21700000 reads
2023-05-03 12:51:16,197 INFO Parsed 21800000 reads
2023-05-03 12:51:53,728 INFO Parsed 21900000 reads
2023-05-03 12:51:57,004 INFO Parsed 22000000 reads
2023-05-03 12:52:00,346 INFO Parsed 22100000 reads
2023-05-03 12:52:03,709 INFO Parsed 22200000 reads
2023-05-03 12:52:07,080 INFO Parsed 22300000 reads
2023-05-03 12:52:10,484 INFO Parsed 22400000 reads
2023-05-03 12:52:13,899 INFO Parsed 22500000 reads
2023-05-03 12:52:17,298 INFO Parsed 22600000 reads
2023-05-03 12:52:22,379 INFO Parsed 22700000 reads
2023-05-03 12:52:25,734 INFO Parsed 22800000 reads
2023-05-03 12:52:29,122 INFO Parsed 22900000 reads
2023-05-03 12:52:32,542 INFO Parsed 23000000 reads
2023-05-03 12:52:35,929 INFO Parsed 23100000 reads
2023-05-03 12:52:39,274 INFO Parsed 23200000 reads
2023-05-03 12:52:42,604 INFO Parsed 23300000 reads
2023-05-03 12:52:45,969 INFO Parsed 23400000 reads
2023-05-03 12:52:49,358 INFO Parsed 23500000 reads
2023-05-03 12:52:52,732 INFO Parsed 23600000 reads
2023-05-03 12:52:56,077 INFO Parsed 23700000 reads
2023-05-03 12:52:59,425 INFO Parsed 23800000 reads
2023-05-03 12:53:02,771 INFO Parsed 23900000 reads
2023-05-03 12:53:06,218 INFO Parsed 24000000 reads
2023-05-03 12:53:09,661 INFO Parsed 24100000 reads
2023-05-03 12:53:11,812 INFO Input Reads: 24163489
2023-05-03 12:53:11,812 INFO regex matches read1: 20640726
2023-05-03 12:53:11,812 INFO Reads output: 20640726
2023-05-03 12:53:11,812 INFO regex does not match read1: 3522763
# job finished in 874 seconds at Wed May  3 12:53:11 2023 -- 823.74  1.90  0.00  0.00 -- ac51990f-47dd-4653-9cc5-337470fa156b
[Wed May  3 12:53:19 2023]
Finished job 0.
1 of 1 steps (100%) done
[Wed May  3 12:53:20 2023]
Finished job 0.
1 of 1 steps (100%) done
