Building DAG of jobs...
Using shell: /usr/bin/bash
Provided cores: 8
Rules claiming more threads will be scaled down.
Provided resources: mem_mb=8192, mem_mib=7813, disk_mb=1503, disk_mib=1434
Select jobs to execute...
Building DAG of jobs...
Using shell: /usr/bin/bash
Provided cores: 8
Rules claiming more threads will be scaled down.
Provided resources: mem_mb=8192, mem_mib=7813, disk_mb=1503, disk_mib=1434
Select jobs to execute...

[Wed May  3 12:39:10 2023]
rule extract_umis:
    input: results/reads/56_MSI_R1.fastq.gz
    output: results/reads/umis/56_MSI_R1.fastq.gz
    log: logs/extract_umis/56_MSI.log
    jobid: 0
    reason: Missing output files: results/reads/umis/56_MSI_R1.fastq.gz
    wildcards: sample=56_MSI
    threads: 8
    resources: mem_mb=8192, mem_mib=7813, disk_mb=1503, disk_mib=1434, tmpdir=/tmp, runtime=60

# UMI-tools version: 1.1.4
# output generated by extract --random-seed 1234 --extract-method=regex --bc-pattern=(?P<umi_1>.{6})(?P<discard_1>TATA).* -I results/reads/56_MSI_R1.fastq.gz -S results/reads/umis/56_MSI_R1.fastq.gz
# job started at Wed May  3 12:39:11 2023 on bc006 -- fe5734cb-6ba0-484e-b2b8-9201d53fd176
# pid: 319290, system: Linux 4.18.0-193.19.1.el8_2.x86_64 #1 SMP Mon Sep 14 14:37:00 UTC 2020 x86_64
# blacklist                               : None
# compresslevel                           : 6
# correct_umi_threshold                   : 0
# either_read                             : False
# either_read_resolve                     : discard
# error_correct_cell                      : False
# extract_method                          : regex
# filter_cell_barcode                     : None
# filter_cell_barcodes                    : False
# filter_umi                              : None
# filtered_out                            : None
# filtered_out2                           : None
# ignore_suffix                           : False
# log2stderr                              : False
# loglevel                                : 1
# pattern                                 : (?P<umi_1>.{6})(?P<discard_1>TATA).*
# pattern2                                : None
# prime3                                  : None
# quality_encoding                        : None
# quality_filter_mask                     : None
# quality_filter_threshold                : None
# random_seed                             : 1234
# read2_in                                : None
# read2_out                               : False
# read2_stdout                            : False
# reads_subset                            : None
# reconcile                               : False
# retain_umi                              : None
# short_help                              : None
# stderr                                  : <_io.TextIOWrapper name='<stderr>' mode='w' encoding='utf-8'>
# stdin                                   : <_io.TextIOWrapper name='results/reads/56_MSI_R1.fastq.gz' encoding='ascii'>
# stdlog                                  : <_io.TextIOWrapper name='<stdout>' mode='w' encoding='utf-8'>
# stdout                                  : <_io.TextIOWrapper name='results/reads/umis/56_MSI_R1.fastq.gz' encoding='ascii'>
# timeit_file                             : None
# timeit_header                           : None
# timeit_name                             : all
# tmpdir                                  : None
# umi_correct_log                         : None
# umi_separator                           : _
# umi_whitelist                           : None
# umi_whitelist_paired                    : None
# whitelist                               : None
2023-05-03 12:39:11,510 INFO Starting barcode extraction
2023-05-03 12:39:15,114 INFO Parsed 100000 reads
2023-05-03 12:39:18,867 INFO Parsed 200000 reads
2023-05-03 12:39:22,635 INFO Parsed 300000 reads
2023-05-03 12:39:26,373 INFO Parsed 400000 reads
2023-05-03 12:39:30,104 INFO Parsed 500000 reads
2023-05-03 12:39:33,692 INFO Parsed 600000 reads
2023-05-03 12:39:37,253 INFO Parsed 700000 reads
2023-05-03 12:39:40,752 INFO Parsed 800000 reads
2023-05-03 12:39:44,218 INFO Parsed 900000 reads
2023-05-03 12:39:47,675 INFO Parsed 1000000 reads
2023-05-03 12:39:51,153 INFO Parsed 1100000 reads
2023-05-03 12:39:54,644 INFO Parsed 1200000 reads
2023-05-03 12:39:58,253 INFO Parsed 1300000 reads
2023-05-03 12:40:01,747 INFO Parsed 1400000 reads
2023-05-03 12:40:05,223 INFO Parsed 1500000 reads
2023-05-03 12:40:08,679 INFO Parsed 1600000 reads
2023-05-03 12:40:12,139 INFO Parsed 1700000 reads
2023-05-03 12:40:15,601 INFO Parsed 1800000 reads
2023-05-03 12:40:19,097 INFO Parsed 1900000 reads
2023-05-03 12:40:22,569 INFO Parsed 2000000 reads
2023-05-03 12:40:26,034 INFO Parsed 2100000 reads
2023-05-03 12:40:29,503 INFO Parsed 2200000 reads
2023-05-03 12:40:32,963 INFO Parsed 2300000 reads
2023-05-03 12:40:36,426 INFO Parsed 2400000 reads
2023-05-03 12:40:39,915 INFO Parsed 2500000 reads
2023-05-03 12:40:43,436 INFO Parsed 2600000 reads
2023-05-03 12:40:46,984 INFO Parsed 2700000 reads
2023-05-03 12:40:50,531 INFO Parsed 2800000 reads
2023-05-03 12:40:54,540 INFO Parsed 2900000 reads
2023-05-03 12:40:58,817 INFO Parsed 3000000 reads
2023-05-03 12:41:03,061 INFO Parsed 3100000 reads
2023-05-03 12:41:07,241 INFO Parsed 3200000 reads
2023-05-03 12:41:11,430 INFO Parsed 3300000 reads
2023-05-03 12:41:15,675 INFO Parsed 3400000 reads
2023-05-03 12:41:19,748 INFO Parsed 3500000 reads
2023-05-03 12:41:23,761 INFO Parsed 3600000 reads
2023-05-03 12:41:27,912 INFO Parsed 3700000 reads
2023-05-03 12:41:32,036 INFO Parsed 3800000 reads
2023-05-03 12:41:35,923 INFO Parsed 3900000 reads
2023-05-03 12:41:39,823 INFO Parsed 4000000 reads
2023-05-03 12:41:43,855 INFO Parsed 4100000 reads
2023-05-03 12:41:47,807 INFO Parsed 4200000 reads
2023-05-03 12:41:51,680 INFO Parsed 4300000 reads
2023-05-03 12:41:55,682 INFO Parsed 4400000 reads
2023-05-03 12:41:59,869 INFO Parsed 4500000 reads
2023-05-03 12:42:04,057 INFO Parsed 4600000 reads
2023-05-03 12:42:08,299 INFO Parsed 4700000 reads
2023-05-03 12:42:12,662 INFO Parsed 4800000 reads
2023-05-03 12:42:16,984 INFO Parsed 4900000 reads
2023-05-03 12:42:21,258 INFO Parsed 5000000 reads
2023-05-03 12:42:25,400 INFO Parsed 5100000 reads
2023-05-03 12:42:29,489 INFO Parsed 5200000 reads
2023-05-03 12:42:33,491 INFO Parsed 5300000 reads
2023-05-03 12:42:37,679 INFO Parsed 5400000 reads
2023-05-03 12:42:41,821 INFO Parsed 5500000 reads
2023-05-03 12:42:45,987 INFO Parsed 5600000 reads
2023-05-03 12:42:50,210 INFO Parsed 5700000 reads
2023-05-03 12:42:54,363 INFO Parsed 5800000 reads
2023-05-03 12:42:58,508 INFO Parsed 5900000 reads
2023-05-03 12:43:02,717 INFO Parsed 6000000 reads
2023-05-03 12:43:06,995 INFO Parsed 6100000 reads
2023-05-03 12:43:11,198 INFO Parsed 6200000 reads
2023-05-03 12:43:15,304 INFO Parsed 6300000 reads
2023-05-03 12:43:19,495 INFO Parsed 6400000 reads
2023-05-03 12:43:23,762 INFO Parsed 6500000 reads
2023-05-03 12:43:28,017 INFO Parsed 6600000 reads
2023-05-03 12:43:32,251 INFO Parsed 6700000 reads
2023-05-03 12:43:36,543 INFO Parsed 6800000 reads
2023-05-03 12:43:40,863 INFO Parsed 6900000 reads
2023-05-03 12:43:45,134 INFO Parsed 7000000 reads
2023-05-03 12:43:49,328 INFO Parsed 7100000 reads
2023-05-03 12:43:53,509 INFO Parsed 7200000 reads
2023-05-03 12:43:57,658 INFO Parsed 7300000 reads
2023-05-03 12:44:01,806 INFO Parsed 7400000 reads
2023-05-03 12:44:05,992 INFO Parsed 7500000 reads
2023-05-03 12:44:09,994 INFO Parsed 7600000 reads
2023-05-03 12:44:13,929 INFO Parsed 7700000 reads
2023-05-03 12:44:17,913 INFO Parsed 7800000 reads
2023-05-03 12:44:21,887 INFO Parsed 7900000 reads
2023-05-03 12:44:25,811 INFO Parsed 8000000 reads
2023-05-03 12:44:29,971 INFO Parsed 8100000 reads
2023-05-03 12:44:34,095 INFO Parsed 8200000 reads
2023-05-03 12:44:38,104 INFO Parsed 8300000 reads
2023-05-03 12:44:41,918 INFO Parsed 8400000 reads
2023-05-03 12:44:45,766 INFO Parsed 8500000 reads
2023-05-03 12:44:49,677 INFO Parsed 8600000 reads
2023-05-03 12:44:53,605 INFO Parsed 8700000 reads
2023-05-03 12:44:57,541 INFO Parsed 8800000 reads
2023-05-03 12:45:01,684 INFO Parsed 8900000 reads
2023-05-03 12:45:05,818 INFO Parsed 9000000 reads
2023-05-03 12:45:10,229 INFO Parsed 9100000 reads
2023-05-03 12:45:14,585 INFO Parsed 9200000 reads
2023-05-03 12:45:18,923 INFO Parsed 9300000 reads
2023-05-03 12:45:23,237 INFO Parsed 9400000 reads
2023-05-03 12:45:27,385 INFO Parsed 9500000 reads
2023-05-03 12:45:31,285 INFO Parsed 9600000 reads
2023-05-03 12:45:35,041 INFO Parsed 9700000 reads
2023-05-03 12:45:38,895 INFO Parsed 9800000 reads
2023-05-03 12:45:42,800 INFO Parsed 9900000 reads
2023-05-03 12:45:46,835 INFO Parsed 10000000 reads
2023-05-03 12:45:51,081 INFO Parsed 10100000 reads
2023-05-03 12:45:55,195 INFO Parsed 10200000 reads
2023-05-03 12:45:59,406 INFO Parsed 10300000 reads
2023-05-03 12:46:03,601 INFO Parsed 10400000 reads
2023-05-03 12:46:07,999 INFO Parsed 10500000 reads
2023-05-03 12:46:12,450 INFO Parsed 10600000 reads
2023-05-03 12:46:16,813 INFO Parsed 10700000 reads
2023-05-03 12:46:21,137 INFO Parsed 10800000 reads
2023-05-03 12:46:25,153 INFO Parsed 10900000 reads
2023-05-03 12:46:29,239 INFO Parsed 11000000 reads
2023-05-03 12:46:33,260 INFO Parsed 11100000 reads
2023-05-03 12:46:37,428 INFO Parsed 11200000 reads
2023-05-03 12:46:41,515 INFO Parsed 11300000 reads
2023-05-03 12:46:45,450 INFO Parsed 11400000 reads
2023-05-03 12:46:49,321 INFO Parsed 11500000 reads
2023-05-03 12:46:53,283 INFO Parsed 11600000 reads
2023-05-03 12:46:57,263 INFO Parsed 11700000 reads
2023-05-03 12:47:01,158 INFO Parsed 11800000 reads
2023-05-03 12:47:04,810 INFO Parsed 11900000 reads
2023-05-03 12:47:08,360 INFO Parsed 12000000 reads
2023-05-03 12:47:11,831 INFO Parsed 12100000 reads
2023-05-03 12:47:15,309 INFO Parsed 12200000 reads
2023-05-03 12:47:19,033 INFO Parsed 12300000 reads
2023-05-03 12:47:22,745 INFO Parsed 12400000 reads
2023-05-03 12:47:26,360 INFO Parsed 12500000 reads
2023-05-03 12:47:29,797 INFO Parsed 12600000 reads
2023-05-03 12:47:41,775 INFO Parsed 12700000 reads
2023-05-03 12:47:45,414 INFO Parsed 12800000 reads
2023-05-03 12:47:48,953 INFO Parsed 12900000 reads
2023-05-03 12:47:52,645 INFO Parsed 13000000 reads
2023-05-03 12:47:56,186 INFO Parsed 13100000 reads
2023-05-03 12:47:59,895 INFO Parsed 13200000 reads
2023-05-03 12:48:03,860 INFO Parsed 13300000 reads
2023-05-03 12:48:07,548 INFO Parsed 13400000 reads
2023-05-03 12:48:11,238 INFO Parsed 13500000 reads
2023-05-03 12:48:14,862 INFO Parsed 13600000 reads
2023-05-03 12:48:18,464 INFO Parsed 13700000 reads
2023-05-03 12:48:22,111 INFO Parsed 13800000 reads
2023-05-03 12:48:25,789 INFO Parsed 13900000 reads
2023-05-03 12:48:29,403 INFO Parsed 14000000 reads
2023-05-03 12:48:34,735 INFO Parsed 14100000 reads
2023-05-03 12:48:37,543 INFO Input Reads: 14176982
2023-05-03 12:48:37,543 INFO regex matches read1: 11884098
2023-05-03 12:48:37,543 INFO Reads output: 11884098
2023-05-03 12:48:37,543 INFO regex does not match read1: 2292884
# job finished in 566 seconds at Wed May  3 12:48:37 2023 -- 554.17  1.71  0.00  0.00 -- fe5734cb-6ba0-484e-b2b8-9201d53fd176
[Wed May  3 12:48:38 2023]
Finished job 0.
1 of 1 steps (100%) done
[Wed May  3 12:48:39 2023]
Finished job 0.
1 of 1 steps (100%) done
