Building DAG of jobs...
Using shell: /usr/bin/bash
Provided cores: 8
Rules claiming more threads will be scaled down.
Provided resources: mem_mb=8192, mem_mib=7813, disk_mb=1876, disk_mib=1790
Select jobs to execute...
Building DAG of jobs...
Using shell: /usr/bin/bash
Provided cores: 8
Rules claiming more threads will be scaled down.
Provided resources: mem_mb=8192, mem_mib=7813, disk_mb=1876, disk_mib=1790
Select jobs to execute...

[Wed May  3 12:38:35 2023]
rule extract_umis:
    input: results/reads/218_MSI_R1.fastq.gz
    output: results/reads/umis/218_MSI_R1.fastq.gz
    log: logs/extract_umis/218_MSI.log
    jobid: 0
    reason: Missing output files: results/reads/umis/218_MSI_R1.fastq.gz
    wildcards: sample=218_MSI
    threads: 8
    resources: mem_mb=8192, mem_mib=7813, disk_mb=1876, disk_mib=1790, tmpdir=/tmp, runtime=60

# UMI-tools version: 1.1.4
# output generated by extract --random-seed 1234 --extract-method=regex --bc-pattern=(?P<umi_1>.{6})(?P<discard_1>TATA).* -I results/reads/218_MSI_R1.fastq.gz -S results/reads/umis/218_MSI_R1.fastq.gz
# job started at Wed May  3 12:38:37 2023 on bc006 -- a37df3b5-d4df-4c0e-a2d2-fd597ee2fd67
# pid: 318975, system: Linux 4.18.0-193.19.1.el8_2.x86_64 #1 SMP Mon Sep 14 14:37:00 UTC 2020 x86_64
# blacklist                               : None
# compresslevel                           : 6
# correct_umi_threshold                   : 0
# either_read                             : False
# either_read_resolve                     : discard
# error_correct_cell                      : False
# extract_method                          : regex
# filter_cell_barcode                     : None
# filter_cell_barcodes                    : False
# filter_umi                              : None
# filtered_out                            : None
# filtered_out2                           : None
# ignore_suffix                           : False
# log2stderr                              : False
# loglevel                                : 1
# pattern                                 : (?P<umi_1>.{6})(?P<discard_1>TATA).*
# pattern2                                : None
# prime3                                  : None
# quality_encoding                        : None
# quality_filter_mask                     : None
# quality_filter_threshold                : None
# random_seed                             : 1234
# read2_in                                : None
# read2_out                               : False
# read2_stdout                            : False
# reads_subset                            : None
# reconcile                               : False
# retain_umi                              : None
# short_help                              : None
# stderr                                  : <_io.TextIOWrapper name='<stderr>' mode='w' encoding='utf-8'>
# stdin                                   : <_io.TextIOWrapper name='results/reads/218_MSI_R1.fastq.gz' encoding='ascii'>
# stdlog                                  : <_io.TextIOWrapper name='<stdout>' mode='w' encoding='utf-8'>
# stdout                                  : <_io.TextIOWrapper name='results/reads/umis/218_MSI_R1.fastq.gz' encoding='ascii'>
# timeit_file                             : None
# timeit_header                           : None
# timeit_name                             : all
# tmpdir                                  : None
# umi_correct_log                         : None
# umi_separator                           : _
# umi_whitelist                           : None
# umi_whitelist_paired                    : None
# whitelist                               : None
2023-05-03 12:38:37,050 INFO Starting barcode extraction
2023-05-03 12:38:40,531 INFO Parsed 100000 reads
2023-05-03 12:38:43,923 INFO Parsed 200000 reads
2023-05-03 12:38:47,325 INFO Parsed 300000 reads
2023-05-03 12:38:50,718 INFO Parsed 400000 reads
2023-05-03 12:38:54,156 INFO Parsed 500000 reads
2023-05-03 12:38:57,550 INFO Parsed 600000 reads
2023-05-03 12:39:00,941 INFO Parsed 700000 reads
2023-05-03 12:39:04,342 INFO Parsed 800000 reads
2023-05-03 12:39:07,732 INFO Parsed 900000 reads
2023-05-03 12:39:11,123 INFO Parsed 1000000 reads
2023-05-03 12:39:14,521 INFO Parsed 1100000 reads
2023-05-03 12:39:17,912 INFO Parsed 1200000 reads
2023-05-03 12:39:21,310 INFO Parsed 1300000 reads
2023-05-03 12:39:24,708 INFO Parsed 1400000 reads
2023-05-03 12:39:28,093 INFO Parsed 1500000 reads
2023-05-03 12:39:31,532 INFO Parsed 1600000 reads
2023-05-03 12:39:34,915 INFO Parsed 1700000 reads
2023-05-03 12:39:38,305 INFO Parsed 1800000 reads
2023-05-03 12:39:41,692 INFO Parsed 1900000 reads
2023-05-03 12:39:45,087 INFO Parsed 2000000 reads
2023-05-03 12:39:48,474 INFO Parsed 2100000 reads
2023-05-03 12:39:51,866 INFO Parsed 2200000 reads
2023-05-03 12:39:55,513 INFO Parsed 2300000 reads
2023-05-03 12:39:58,904 INFO Parsed 2400000 reads
2023-05-03 12:40:02,304 INFO Parsed 2500000 reads
2023-05-03 12:40:05,712 INFO Parsed 2600000 reads
2023-05-03 12:40:09,114 INFO Parsed 2700000 reads
2023-05-03 12:40:12,519 INFO Parsed 2800000 reads
2023-05-03 12:40:15,923 INFO Parsed 2900000 reads
2023-05-03 12:40:19,332 INFO Parsed 3000000 reads
2023-05-03 12:40:22,744 INFO Parsed 3100000 reads
2023-05-03 12:40:26,145 INFO Parsed 3200000 reads
2023-05-03 12:40:29,535 INFO Parsed 3300000 reads
2023-05-03 12:40:32,935 INFO Parsed 3400000 reads
2023-05-03 12:40:36,338 INFO Parsed 3500000 reads
2023-05-03 12:40:39,748 INFO Parsed 3600000 reads
2023-05-03 12:40:43,152 INFO Parsed 3700000 reads
2023-05-03 12:40:46,548 INFO Parsed 3800000 reads
2023-05-03 12:40:49,947 INFO Parsed 3900000 reads
2023-05-03 12:40:53,350 INFO Parsed 4000000 reads
2023-05-03 12:40:56,759 INFO Parsed 4100000 reads
2023-05-03 12:41:00,190 INFO Parsed 4200000 reads
2023-05-03 12:41:03,609 INFO Parsed 4300000 reads
2023-05-03 12:41:07,017 INFO Parsed 4400000 reads
2023-05-03 12:41:10,411 INFO Parsed 4500000 reads
2023-05-03 12:41:13,804 INFO Parsed 4600000 reads
2023-05-03 12:41:17,681 INFO Parsed 4700000 reads
2023-05-03 12:41:21,071 INFO Parsed 4800000 reads
2023-05-03 12:41:24,474 INFO Parsed 4900000 reads
2023-05-03 12:41:27,868 INFO Parsed 5000000 reads
2023-05-03 12:41:31,262 INFO Parsed 5100000 reads
2023-05-03 12:41:34,656 INFO Parsed 5200000 reads
2023-05-03 12:41:38,052 INFO Parsed 5300000 reads
2023-05-03 12:41:41,447 INFO Parsed 5400000 reads
2023-05-03 12:41:44,846 INFO Parsed 5500000 reads
2023-05-03 12:41:48,246 INFO Parsed 5600000 reads
2023-05-03 12:41:51,648 INFO Parsed 5700000 reads
2023-05-03 12:41:55,046 INFO Parsed 5800000 reads
2023-05-03 12:41:58,455 INFO Parsed 5900000 reads
2023-05-03 12:42:01,921 INFO Parsed 6000000 reads
2023-05-03 12:42:05,315 INFO Parsed 6100000 reads
2023-05-03 12:42:08,696 INFO Parsed 6200000 reads
2023-05-03 12:42:12,096 INFO Parsed 6300000 reads
2023-05-03 12:42:15,504 INFO Parsed 6400000 reads
2023-05-03 12:42:18,914 INFO Parsed 6500000 reads
2023-05-03 12:42:22,306 INFO Parsed 6600000 reads
2023-05-03 12:42:25,700 INFO Parsed 6700000 reads
2023-05-03 12:42:29,104 INFO Parsed 6800000 reads
2023-05-03 12:42:32,497 INFO Parsed 6900000 reads
2023-05-03 12:42:35,905 INFO Parsed 7000000 reads
2023-05-03 12:42:39,301 INFO Parsed 7100000 reads
2023-05-03 12:42:42,711 INFO Parsed 7200000 reads
2023-05-03 12:42:46,122 INFO Parsed 7300000 reads
2023-05-03 12:42:49,532 INFO Parsed 7400000 reads
2023-05-03 12:42:52,927 INFO Parsed 7500000 reads
2023-05-03 12:42:56,365 INFO Parsed 7600000 reads
2023-05-03 12:42:59,768 INFO Parsed 7700000 reads
2023-05-03 12:43:03,173 INFO Parsed 7800000 reads
2023-05-03 12:43:06,614 INFO Parsed 7900000 reads
2023-05-03 12:43:10,020 INFO Parsed 8000000 reads
2023-05-03 12:43:13,443 INFO Parsed 8100000 reads
2023-05-03 12:43:16,871 INFO Parsed 8200000 reads
2023-05-03 12:43:20,316 INFO Parsed 8300000 reads
2023-05-03 12:43:23,678 INFO Parsed 8400000 reads
2023-05-03 12:43:27,080 INFO Parsed 8500000 reads
2023-05-03 12:43:30,481 INFO Parsed 8600000 reads
2023-05-03 12:43:33,877 INFO Parsed 8700000 reads
2023-05-03 12:43:37,280 INFO Parsed 8800000 reads
2023-05-03 12:43:40,669 INFO Parsed 8900000 reads
2023-05-03 12:43:44,062 INFO Parsed 9000000 reads
2023-05-03 12:43:47,637 INFO Parsed 9100000 reads
2023-05-03 12:43:51,030 INFO Parsed 9200000 reads
2023-05-03 12:43:54,434 INFO Parsed 9300000 reads
2023-05-03 12:43:57,843 INFO Parsed 9400000 reads
2023-05-03 12:44:01,246 INFO Parsed 9500000 reads
2023-05-03 12:44:04,648 INFO Parsed 9600000 reads
2023-05-03 12:44:08,046 INFO Parsed 9700000 reads
2023-05-03 12:44:11,457 INFO Parsed 9800000 reads
2023-05-03 12:44:14,858 INFO Parsed 9900000 reads
2023-05-03 12:44:18,252 INFO Parsed 10000000 reads
2023-05-03 12:44:21,650 INFO Parsed 10100000 reads
2023-05-03 12:44:25,064 INFO Parsed 10200000 reads
2023-05-03 12:44:28,478 INFO Parsed 10300000 reads
2023-05-03 12:44:32,065 INFO Parsed 10400000 reads
2023-05-03 12:44:35,457 INFO Parsed 10500000 reads
2023-05-03 12:44:38,853 INFO Parsed 10600000 reads
2023-05-03 12:44:42,244 INFO Parsed 10700000 reads
2023-05-03 12:44:45,633 INFO Parsed 10800000 reads
2023-05-03 12:44:49,033 INFO Parsed 10900000 reads
2023-05-03 12:44:52,443 INFO Parsed 11000000 reads
2023-05-03 12:44:55,852 INFO Parsed 11100000 reads
2023-05-03 12:44:59,245 INFO Parsed 11200000 reads
2023-05-03 12:45:02,651 INFO Parsed 11300000 reads
2023-05-03 12:45:06,056 INFO Parsed 11400000 reads
2023-05-03 12:45:09,465 INFO Parsed 11500000 reads
2023-05-03 12:45:12,862 INFO Parsed 11600000 reads
2023-05-03 12:45:16,267 INFO Parsed 11700000 reads
2023-05-03 12:45:19,701 INFO Parsed 11800000 reads
2023-05-03 12:45:23,111 INFO Parsed 11900000 reads
2023-05-03 12:45:26,531 INFO Parsed 12000000 reads
2023-05-03 12:45:30,002 INFO Parsed 12100000 reads
2023-05-03 12:45:33,455 INFO Parsed 12200000 reads
2023-05-03 12:45:36,886 INFO Parsed 12300000 reads
2023-05-03 12:45:40,469 INFO Parsed 12400000 reads
2023-05-03 12:45:44,046 INFO Parsed 12500000 reads
2023-05-03 12:45:47,747 INFO Parsed 12600000 reads
2023-05-03 12:45:51,458 INFO Parsed 12700000 reads
2023-05-03 12:45:55,104 INFO Parsed 12800000 reads
2023-05-03 12:45:58,819 INFO Parsed 12900000 reads
2023-05-03 12:46:02,218 INFO Parsed 13000000 reads
2023-05-03 12:46:05,614 INFO Parsed 13100000 reads
2023-05-03 12:46:09,023 INFO Parsed 13200000 reads
2023-05-03 12:46:12,437 INFO Parsed 13300000 reads
2023-05-03 12:46:15,851 INFO Parsed 13400000 reads
2023-05-03 12:46:19,307 INFO Parsed 13500000 reads
2023-05-03 12:46:22,709 INFO Parsed 13600000 reads
2023-05-03 12:46:26,127 INFO Parsed 13700000 reads
2023-05-03 12:46:29,542 INFO Parsed 13800000 reads
2023-05-03 12:46:32,979 INFO Parsed 13900000 reads
2023-05-03 12:46:36,538 INFO Parsed 14000000 reads
2023-05-03 12:46:40,137 INFO Parsed 14100000 reads
2023-05-03 12:46:43,667 INFO Parsed 14200000 reads
2023-05-03 12:46:47,231 INFO Parsed 14300000 reads
2023-05-03 12:46:50,813 INFO Parsed 14400000 reads
2023-05-03 12:46:54,290 INFO Parsed 14500000 reads
2023-05-03 12:46:57,698 INFO Parsed 14600000 reads
2023-05-03 12:47:01,209 INFO Parsed 14700000 reads
2023-05-03 12:47:04,585 INFO Parsed 14800000 reads
2023-05-03 12:47:07,938 INFO Parsed 14900000 reads
2023-05-03 12:47:11,261 INFO Parsed 15000000 reads
2023-05-03 12:47:14,584 INFO Parsed 15100000 reads
2023-05-03 12:47:18,299 INFO Parsed 15200000 reads
2023-05-03 12:47:21,702 INFO Parsed 15300000 reads
2023-05-03 12:47:25,092 INFO Parsed 15400000 reads
2023-05-03 12:47:28,508 INFO Parsed 15500000 reads
2023-05-03 12:47:40,130 INFO Parsed 15600000 reads
2023-05-03 12:47:43,606 INFO Parsed 15700000 reads
2023-05-03 12:47:47,084 INFO Parsed 15800000 reads
2023-05-03 12:47:50,569 INFO Parsed 15900000 reads
2023-05-03 12:47:54,097 INFO Parsed 16000000 reads
2023-05-03 12:47:57,790 INFO Parsed 16100000 reads
2023-05-03 12:48:02,301 INFO Parsed 16200000 reads
2023-05-03 12:48:05,767 INFO Parsed 16300000 reads
2023-05-03 12:48:09,213 INFO Parsed 16400000 reads
2023-05-03 12:48:12,647 INFO Parsed 16500000 reads
2023-05-03 12:48:16,092 INFO Parsed 16600000 reads
2023-05-03 12:48:19,505 INFO Parsed 16700000 reads
2023-05-03 12:48:22,938 INFO Parsed 16800000 reads
2023-05-03 12:48:26,472 INFO Parsed 16900000 reads
2023-05-03 12:48:30,093 INFO Parsed 17000000 reads
2023-05-03 12:48:35,285 INFO Parsed 17100000 reads
2023-05-03 12:48:39,056 INFO Parsed 17200000 reads
2023-05-03 12:48:42,894 INFO Parsed 17300000 reads
2023-05-03 12:48:46,620 INFO Parsed 17400000 reads
2023-05-03 12:48:50,191 INFO Parsed 17500000 reads
2023-05-03 12:48:54,234 INFO Parsed 17600000 reads
2023-05-03 12:48:58,365 INFO Parsed 17700000 reads
2023-05-03 12:49:02,254 INFO Parsed 17800000 reads
2023-05-03 12:49:06,130 INFO Parsed 17900000 reads
2023-05-03 12:49:09,831 INFO Parsed 18000000 reads
2023-05-03 12:49:13,419 INFO Parsed 18100000 reads
2023-05-03 12:49:16,826 INFO Parsed 18200000 reads
2023-05-03 12:49:18,176 INFO Input Reads: 18237893
2023-05-03 12:49:18,176 INFO regex matches read1: 15479813
2023-05-03 12:49:18,176 INFO Reads output: 15479813
2023-05-03 12:49:18,177 INFO regex does not match read1: 2758080
# job finished in 641 seconds at Wed May  3 12:49:18 2023 -- 627.37  1.69  0.00  0.00 -- a37df3b5-d4df-4c0e-a2d2-fd597ee2fd67
[Wed May  3 12:49:18 2023]
Finished job 0.
1 of 1 steps (100%) done
[Wed May  3 12:49:20 2023]
Finished job 0.
1 of 1 steps (100%) done
