Building DAG of jobs...
Using shell: /usr/bin/bash
Provided cores: 8
Rules claiming more threads will be scaled down.
Provided resources: mem_mb=8192, mem_mib=7813, disk_mb=5365, disk_mib=5117
Select jobs to execute...
Building DAG of jobs...
Using shell: /usr/bin/bash
Provided cores: 8
Rules claiming more threads will be scaled down.
Provided resources: mem_mb=8192, mem_mib=7813, disk_mb=5365, disk_mib=5117
Select jobs to execute...

[Wed May  3 12:38:36 2023]
rule extract_umis:
    input: results/reads/175_MSI_R1.fastq.gz
    output: results/reads/umis/175_MSI_R1.fastq.gz
    log: logs/extract_umis/175_MSI.log
    jobid: 0
    reason: Missing output files: results/reads/umis/175_MSI_R1.fastq.gz
    wildcards: sample=175_MSI
    threads: 8
    resources: mem_mb=8192, mem_mib=7813, disk_mb=5365, disk_mib=5117, tmpdir=/tmp, runtime=60

# UMI-tools version: 1.1.4
# output generated by extract --random-seed 1234 --extract-method=regex --bc-pattern=(?P<umi_1>.{6})(?P<discard_1>TATA).* -I results/reads/175_MSI_R1.fastq.gz -S results/reads/umis/175_MSI_R1.fastq.gz
# job started at Wed May  3 12:38:38 2023 on bc006 -- df6d5df9-d0e4-429f-8fcf-28164121d11e
# pid: 319111, system: Linux 4.18.0-193.19.1.el8_2.x86_64 #1 SMP Mon Sep 14 14:37:00 UTC 2020 x86_64
# blacklist                               : None
# compresslevel                           : 6
# correct_umi_threshold                   : 0
# either_read                             : False
# either_read_resolve                     : discard
# error_correct_cell                      : False
# extract_method                          : regex
# filter_cell_barcode                     : None
# filter_cell_barcodes                    : False
# filter_umi                              : None
# filtered_out                            : None
# filtered_out2                           : None
# ignore_suffix                           : False
# log2stderr                              : False
# loglevel                                : 1
# pattern                                 : (?P<umi_1>.{6})(?P<discard_1>TATA).*
# pattern2                                : None
# prime3                                  : None
# quality_encoding                        : None
# quality_filter_mask                     : None
# quality_filter_threshold                : None
# random_seed                             : 1234
# read2_in                                : None
# read2_out                               : False
# read2_stdout                            : False
# reads_subset                            : None
# reconcile                               : False
# retain_umi                              : None
# short_help                              : None
# stderr                                  : <_io.TextIOWrapper name='<stderr>' mode='w' encoding='utf-8'>
# stdin                                   : <_io.TextIOWrapper name='results/reads/175_MSI_R1.fastq.gz' encoding='ascii'>
# stdlog                                  : <_io.TextIOWrapper name='<stdout>' mode='w' encoding='utf-8'>
# stdout                                  : <_io.TextIOWrapper name='results/reads/umis/175_MSI_R1.fastq.gz' encoding='ascii'>
# timeit_file                             : None
# timeit_header                           : None
# timeit_name                             : all
# tmpdir                                  : None
# umi_correct_log                         : None
# umi_separator                           : _
# umi_whitelist                           : None
# umi_whitelist_paired                    : None
# whitelist                               : None
2023-05-03 12:38:38,036 INFO Starting barcode extraction
2023-05-03 12:38:42,221 INFO Parsed 100000 reads
2023-05-03 12:38:46,170 INFO Parsed 200000 reads
2023-05-03 12:38:49,863 INFO Parsed 300000 reads
2023-05-03 12:38:53,416 INFO Parsed 400000 reads
2023-05-03 12:38:57,034 INFO Parsed 500000 reads
2023-05-03 12:39:00,604 INFO Parsed 600000 reads
2023-05-03 12:39:04,144 INFO Parsed 700000 reads
2023-05-03 12:39:07,662 INFO Parsed 800000 reads
2023-05-03 12:39:11,205 INFO Parsed 900000 reads
2023-05-03 12:39:14,735 INFO Parsed 1000000 reads
2023-05-03 12:39:18,465 INFO Parsed 1100000 reads
2023-05-03 12:39:22,252 INFO Parsed 1200000 reads
2023-05-03 12:39:26,034 INFO Parsed 1300000 reads
2023-05-03 12:39:29,813 INFO Parsed 1400000 reads
2023-05-03 12:39:33,449 INFO Parsed 1500000 reads
2023-05-03 12:39:37,006 INFO Parsed 1600000 reads
2023-05-03 12:39:40,497 INFO Parsed 1700000 reads
2023-05-03 12:39:44,000 INFO Parsed 1800000 reads
2023-05-03 12:39:47,498 INFO Parsed 1900000 reads
2023-05-03 12:39:51,012 INFO Parsed 2000000 reads
2023-05-03 12:39:54,521 INFO Parsed 2100000 reads
2023-05-03 12:39:58,024 INFO Parsed 2200000 reads
2023-05-03 12:40:01,519 INFO Parsed 2300000 reads
2023-05-03 12:40:05,014 INFO Parsed 2400000 reads
2023-05-03 12:40:08,496 INFO Parsed 2500000 reads
2023-05-03 12:40:11,978 INFO Parsed 2600000 reads
2023-05-03 12:40:15,460 INFO Parsed 2700000 reads
2023-05-03 12:40:18,945 INFO Parsed 2800000 reads
2023-05-03 12:40:22,438 INFO Parsed 2900000 reads
2023-05-03 12:40:26,226 INFO Parsed 3000000 reads
2023-05-03 12:40:29,731 INFO Parsed 3100000 reads
2023-05-03 12:40:33,249 INFO Parsed 3200000 reads
2023-05-03 12:40:36,743 INFO Parsed 3300000 reads
2023-05-03 12:40:40,241 INFO Parsed 3400000 reads
2023-05-03 12:40:43,797 INFO Parsed 3500000 reads
2023-05-03 12:40:47,383 INFO Parsed 3600000 reads
2023-05-03 12:40:50,972 INFO Parsed 3700000 reads
2023-05-03 12:40:55,107 INFO Parsed 3800000 reads
2023-05-03 12:40:59,409 INFO Parsed 3900000 reads
2023-05-03 12:41:03,653 INFO Parsed 4000000 reads
2023-05-03 12:41:07,863 INFO Parsed 4100000 reads
2023-05-03 12:41:12,121 INFO Parsed 4200000 reads
2023-05-03 12:41:16,371 INFO Parsed 4300000 reads
2023-05-03 12:41:20,468 INFO Parsed 4400000 reads
2023-05-03 12:41:24,469 INFO Parsed 4500000 reads
2023-05-03 12:41:28,603 INFO Parsed 4600000 reads
2023-05-03 12:41:32,656 INFO Parsed 4700000 reads
2023-05-03 12:41:36,499 INFO Parsed 4800000 reads
2023-05-03 12:41:40,404 INFO Parsed 4900000 reads
2023-05-03 12:41:44,380 INFO Parsed 5000000 reads
2023-05-03 12:41:48,311 INFO Parsed 5100000 reads
2023-05-03 12:41:52,184 INFO Parsed 5200000 reads
2023-05-03 12:41:56,204 INFO Parsed 5300000 reads
2023-05-03 12:42:00,410 INFO Parsed 5400000 reads
2023-05-03 12:42:04,571 INFO Parsed 5500000 reads
2023-05-03 12:42:08,907 INFO Parsed 5600000 reads
2023-05-03 12:42:13,287 INFO Parsed 5700000 reads
2023-05-03 12:42:17,575 INFO Parsed 5800000 reads
2023-05-03 12:42:21,821 INFO Parsed 5900000 reads
2023-05-03 12:42:25,920 INFO Parsed 6000000 reads
2023-05-03 12:42:29,984 INFO Parsed 6100000 reads
2023-05-03 12:42:34,015 INFO Parsed 6200000 reads
2023-05-03 12:42:38,174 INFO Parsed 6300000 reads
2023-05-03 12:42:42,281 INFO Parsed 6400000 reads
2023-05-03 12:42:46,438 INFO Parsed 6500000 reads
2023-05-03 12:42:50,646 INFO Parsed 6600000 reads
2023-05-03 12:42:54,823 INFO Parsed 6700000 reads
2023-05-03 12:42:58,941 INFO Parsed 6800000 reads
2023-05-03 12:43:03,129 INFO Parsed 6900000 reads
2023-05-03 12:43:07,383 INFO Parsed 7000000 reads
2023-05-03 12:43:11,574 INFO Parsed 7100000 reads
2023-05-03 12:43:15,660 INFO Parsed 7200000 reads
2023-05-03 12:43:19,865 INFO Parsed 7300000 reads
2023-05-03 12:43:24,139 INFO Parsed 7400000 reads
2023-05-03 12:43:28,397 INFO Parsed 7500000 reads
2023-05-03 12:43:32,631 INFO Parsed 7600000 reads
2023-05-03 12:43:36,971 INFO Parsed 7700000 reads
2023-05-03 12:43:41,299 INFO Parsed 7800000 reads
2023-05-03 12:43:45,576 INFO Parsed 7900000 reads
2023-05-03 12:43:49,799 INFO Parsed 8000000 reads
2023-05-03 12:43:54,027 INFO Parsed 8100000 reads
2023-05-03 12:43:58,209 INFO Parsed 8200000 reads
2023-05-03 12:44:02,379 INFO Parsed 8300000 reads
2023-05-03 12:44:06,564 INFO Parsed 8400000 reads
2023-05-03 12:44:10,592 INFO Parsed 8500000 reads
2023-05-03 12:44:14,588 INFO Parsed 8600000 reads
2023-05-03 12:44:18,605 INFO Parsed 8700000 reads
2023-05-03 12:44:22,579 INFO Parsed 8800000 reads
2023-05-03 12:44:26,549 INFO Parsed 8900000 reads
2023-05-03 12:44:30,688 INFO Parsed 9000000 reads
2023-05-03 12:44:34,808 INFO Parsed 9100000 reads
2023-05-03 12:44:38,793 INFO Parsed 9200000 reads
2023-05-03 12:44:42,635 INFO Parsed 9300000 reads
2023-05-03 12:44:46,517 INFO Parsed 9400000 reads
2023-05-03 12:44:50,472 INFO Parsed 9500000 reads
2023-05-03 12:44:54,394 INFO Parsed 9600000 reads
2023-05-03 12:44:58,353 INFO Parsed 9700000 reads
2023-05-03 12:45:02,641 INFO Parsed 9800000 reads
2023-05-03 12:45:06,902 INFO Parsed 9900000 reads
2023-05-03 12:45:11,320 INFO Parsed 10000000 reads
2023-05-03 12:45:15,735 INFO Parsed 10100000 reads
2023-05-03 12:45:20,061 INFO Parsed 10200000 reads
2023-05-03 12:45:24,451 INFO Parsed 10300000 reads
2023-05-03 12:45:28,587 INFO Parsed 10400000 reads
2023-05-03 12:45:32,401 INFO Parsed 10500000 reads
2023-05-03 12:45:36,295 INFO Parsed 10600000 reads
2023-05-03 12:45:40,126 INFO Parsed 10700000 reads
2023-05-03 12:45:44,126 INFO Parsed 10800000 reads
2023-05-03 12:45:48,236 INFO Parsed 10900000 reads
2023-05-03 12:45:52,524 INFO Parsed 11000000 reads
2023-05-03 12:45:56,677 INFO Parsed 11100000 reads
2023-05-03 12:46:00,931 INFO Parsed 11200000 reads
2023-05-03 12:46:05,226 INFO Parsed 11300000 reads
2023-05-03 12:46:09,732 INFO Parsed 11400000 reads
2023-05-03 12:46:14,178 INFO Parsed 11500000 reads
2023-05-03 12:46:18,532 INFO Parsed 11600000 reads
2023-05-03 12:46:22,661 INFO Parsed 11700000 reads
2023-05-03 12:46:26,744 INFO Parsed 11800000 reads
2023-05-03 12:46:30,890 INFO Parsed 11900000 reads
2023-05-03 12:46:35,000 INFO Parsed 12000000 reads
2023-05-03 12:46:39,183 INFO Parsed 12100000 reads
2023-05-03 12:46:43,227 INFO Parsed 12200000 reads
2023-05-03 12:46:47,161 INFO Parsed 12300000 reads
2023-05-03 12:46:51,087 INFO Parsed 12400000 reads
2023-05-03 12:46:55,110 INFO Parsed 12500000 reads
2023-05-03 12:46:59,132 INFO Parsed 12600000 reads
2023-05-03 12:47:02,967 INFO Parsed 12700000 reads
2023-05-03 12:47:06,586 INFO Parsed 12800000 reads
2023-05-03 12:47:10,137 INFO Parsed 12900000 reads
2023-05-03 12:47:13,655 INFO Parsed 13000000 reads
2023-05-03 12:47:17,411 INFO Parsed 13100000 reads
2023-05-03 12:47:21,125 INFO Parsed 13200000 reads
2023-05-03 12:47:24,879 INFO Parsed 13300000 reads
2023-05-03 12:47:28,370 INFO Parsed 13400000 reads
2023-05-03 12:47:40,017 INFO Parsed 13500000 reads
2023-05-03 12:47:43,620 INFO Parsed 13600000 reads
2023-05-03 12:47:47,264 INFO Parsed 13700000 reads
2023-05-03 12:47:50,880 INFO Parsed 13800000 reads
2023-05-03 12:47:54,554 INFO Parsed 13900000 reads
2023-05-03 12:47:58,228 INFO Parsed 14000000 reads
2023-05-03 12:48:02,361 INFO Parsed 14100000 reads
2023-05-03 12:48:06,120 INFO Parsed 14200000 reads
2023-05-03 12:48:09,774 INFO Parsed 14300000 reads
2023-05-03 12:48:13,480 INFO Parsed 14400000 reads
2023-05-03 12:48:17,178 INFO Parsed 14500000 reads
2023-05-03 12:48:20,896 INFO Parsed 14600000 reads
2023-05-03 12:48:24,495 INFO Parsed 14700000 reads
2023-05-03 12:48:28,192 INFO Parsed 14800000 reads
2023-05-03 12:48:31,871 INFO Parsed 14900000 reads
2023-05-03 12:48:37,370 INFO Parsed 15000000 reads
2023-05-03 12:48:40,895 INFO Parsed 15100000 reads
2023-05-03 12:48:44,383 INFO Parsed 15200000 reads
2023-05-03 12:48:47,847 INFO Parsed 15300000 reads
2023-05-03 12:48:51,339 INFO Parsed 15400000 reads
2023-05-03 12:48:54,852 INFO Parsed 15500000 reads
2023-05-03 12:48:58,354 INFO Parsed 15600000 reads
2023-05-03 12:49:01,915 INFO Parsed 15700000 reads
2023-05-03 12:49:05,442 INFO Parsed 15800000 reads
2023-05-03 12:49:08,959 INFO Parsed 15900000 reads
2023-05-03 12:49:12,436 INFO Parsed 16000000 reads
2023-05-03 12:49:15,919 INFO Parsed 16100000 reads
2023-05-03 12:49:19,414 INFO Parsed 16200000 reads
2023-05-03 12:49:22,922 INFO Parsed 16300000 reads
2023-05-03 12:49:26,523 INFO Parsed 16400000 reads
2023-05-03 12:49:30,449 INFO Parsed 16500000 reads
2023-05-03 12:49:34,061 INFO Parsed 16600000 reads
2023-05-03 12:49:37,600 INFO Parsed 16700000 reads
2023-05-03 12:49:41,474 INFO Parsed 16800000 reads
2023-05-03 12:49:45,081 INFO Parsed 16900000 reads
2023-05-03 12:49:48,636 INFO Parsed 17000000 reads
2023-05-03 12:49:52,144 INFO Parsed 17100000 reads
2023-05-03 12:49:55,683 INFO Parsed 17200000 reads
2023-05-03 12:49:59,172 INFO Parsed 17300000 reads
2023-05-03 12:50:02,660 INFO Parsed 17400000 reads
2023-05-03 12:50:06,144 INFO Parsed 17500000 reads
2023-05-03 12:50:09,637 INFO Parsed 17600000 reads
2023-05-03 12:50:14,086 INFO Parsed 17700000 reads
2023-05-03 12:50:17,571 INFO Parsed 17800000 reads
2023-05-03 12:50:20,999 INFO Parsed 17900000 reads
2023-05-03 12:50:24,433 INFO Parsed 18000000 reads
2023-05-03 12:50:27,857 INFO Parsed 18100000 reads
2023-05-03 12:50:31,320 INFO Parsed 18200000 reads
2023-05-03 12:50:34,789 INFO Parsed 18300000 reads
2023-05-03 12:50:38,257 INFO Parsed 18400000 reads
2023-05-03 12:50:41,730 INFO Parsed 18500000 reads
2023-05-03 12:50:45,199 INFO Parsed 18600000 reads
2023-05-03 12:50:48,694 INFO Parsed 18700000 reads
2023-05-03 12:50:52,064 INFO Parsed 18800000 reads
2023-05-03 12:50:55,480 INFO Parsed 18900000 reads
2023-05-03 12:50:58,929 INFO Parsed 19000000 reads
2023-05-03 12:51:02,384 INFO Parsed 19100000 reads
2023-05-03 12:51:05,860 INFO Parsed 19200000 reads
2023-05-03 12:51:09,203 INFO Parsed 19300000 reads
2023-05-03 12:51:12,607 INFO Parsed 19400000 reads
2023-05-03 12:51:16,067 INFO Parsed 19500000 reads
2023-05-03 12:51:53,379 INFO Parsed 19600000 reads
2023-05-03 12:51:56,777 INFO Parsed 19700000 reads
2023-05-03 12:52:00,224 INFO Parsed 19800000 reads
2023-05-03 12:52:03,691 INFO Parsed 19900000 reads
2023-05-03 12:52:07,147 INFO Parsed 20000000 reads
2023-05-03 12:52:10,623 INFO Parsed 20100000 reads
2023-05-03 12:52:14,083 INFO Parsed 20200000 reads
2023-05-03 12:52:17,545 INFO Parsed 20300000 reads
2023-05-03 12:52:22,490 INFO Parsed 20400000 reads
2023-05-03 12:52:25,942 INFO Parsed 20500000 reads
2023-05-03 12:52:29,454 INFO Parsed 20600000 reads
2023-05-03 12:52:32,984 INFO Parsed 20700000 reads
2023-05-03 12:52:36,466 INFO Parsed 20800000 reads
2023-05-03 12:52:39,904 INFO Parsed 20900000 reads
2023-05-03 12:52:43,354 INFO Parsed 21000000 reads
2023-05-03 12:52:46,892 INFO Parsed 21100000 reads
2023-05-03 12:52:50,417 INFO Parsed 21200000 reads
2023-05-03 12:52:53,862 INFO Parsed 21300000 reads
2023-05-03 12:52:59,936 INFO Parsed 21400000 reads
2023-05-03 12:53:03,462 INFO Parsed 21500000 reads
2023-05-03 12:53:07,016 INFO Parsed 21600000 reads
2023-05-03 12:53:10,570 INFO Parsed 21700000 reads
2023-05-03 12:53:14,026 INFO Parsed 21800000 reads
2023-05-03 12:53:17,459 INFO Parsed 21900000 reads
2023-05-03 12:53:20,961 INFO Parsed 22000000 reads
2023-05-03 12:53:24,436 INFO Parsed 22100000 reads
2023-05-03 12:53:29,937 INFO Parsed 22200000 reads
2023-05-03 12:53:33,412 INFO Parsed 22300000 reads
2023-05-03 12:53:36,888 INFO Parsed 22400000 reads
2023-05-03 12:53:40,339 INFO Parsed 22500000 reads
2023-05-03 12:53:43,804 INFO Parsed 22600000 reads
2023-05-03 12:53:47,252 INFO Parsed 22700000 reads
2023-05-03 12:53:50,698 INFO Parsed 22800000 reads
2023-05-03 12:53:54,121 INFO Parsed 22900000 reads
2023-05-03 12:54:00,330 INFO Parsed 23000000 reads
2023-05-03 12:54:03,784 INFO Parsed 23100000 reads
2023-05-03 12:54:07,236 INFO Parsed 23200000 reads
2023-05-03 12:54:10,681 INFO Parsed 23300000 reads
2023-05-03 12:54:14,110 INFO Parsed 23400000 reads
2023-05-03 12:54:17,544 INFO Parsed 23500000 reads
2023-05-03 12:54:20,991 INFO Parsed 23600000 reads
2023-05-03 12:54:24,438 INFO Parsed 23700000 reads
2023-05-03 12:54:27,877 INFO Parsed 23800000 reads
2023-05-03 12:54:31,328 INFO Parsed 23900000 reads
2023-05-03 12:54:34,789 INFO Parsed 24000000 reads
2023-05-03 12:54:38,226 INFO Parsed 24100000 reads
2023-05-03 12:54:41,684 INFO Parsed 24200000 reads
2023-05-03 12:54:45,132 INFO Parsed 24300000 reads
2023-05-03 12:54:48,574 INFO Parsed 24400000 reads
2023-05-03 12:54:51,998 INFO Parsed 24500000 reads
2023-05-03 12:54:55,414 INFO Parsed 24600000 reads
2023-05-03 12:54:58,806 INFO Parsed 24700000 reads
2023-05-03 12:55:02,188 INFO Parsed 24800000 reads
2023-05-03 12:55:05,493 INFO Parsed 24900000 reads
2023-05-03 12:55:08,794 INFO Parsed 25000000 reads
2023-05-03 12:55:12,090 INFO Parsed 25100000 reads
2023-05-03 12:55:15,398 INFO Parsed 25200000 reads
2023-05-03 12:55:18,696 INFO Parsed 25300000 reads
2023-05-03 12:55:22,003 INFO Parsed 25400000 reads
2023-05-03 12:55:25,266 INFO Parsed 25500000 reads
2023-05-03 12:55:28,509 INFO Parsed 25600000 reads
2023-05-03 12:55:31,765 INFO Parsed 25700000 reads
2023-05-03 12:55:35,192 INFO Parsed 25800000 reads
2023-05-03 12:55:38,597 INFO Parsed 25900000 reads
2023-05-03 12:55:42,016 INFO Parsed 26000000 reads
2023-05-03 12:55:45,465 INFO Parsed 26100000 reads
2023-05-03 12:55:48,905 INFO Parsed 26200000 reads
2023-05-03 12:55:52,338 INFO Parsed 26300000 reads
2023-05-03 12:55:55,760 INFO Parsed 26400000 reads
2023-05-03 12:55:59,182 INFO Parsed 26500000 reads
2023-05-03 12:56:02,592 INFO Parsed 26600000 reads
2023-05-03 12:56:06,022 INFO Parsed 26700000 reads
2023-05-03 12:56:09,437 INFO Parsed 26800000 reads
2023-05-03 12:56:12,852 INFO Parsed 26900000 reads
2023-05-03 12:56:16,269 INFO Parsed 27000000 reads
2023-05-03 12:56:19,689 INFO Parsed 27100000 reads
2023-05-03 12:56:23,118 INFO Parsed 27200000 reads
2023-05-03 12:56:26,552 INFO Parsed 27300000 reads
2023-05-03 12:56:29,992 INFO Parsed 27400000 reads
2023-05-03 12:56:33,422 INFO Parsed 27500000 reads
2023-05-03 12:56:36,929 INFO Parsed 27600000 reads
2023-05-03 12:56:40,360 INFO Parsed 27700000 reads
2023-05-03 12:56:43,792 INFO Parsed 27800000 reads
2023-05-03 12:56:47,208 INFO Parsed 27900000 reads
2023-05-03 12:56:50,632 INFO Parsed 28000000 reads
2023-05-03 12:56:54,022 INFO Parsed 28100000 reads
2023-05-03 12:56:57,438 INFO Parsed 28200000 reads
2023-05-03 12:57:00,901 INFO Parsed 28300000 reads
2023-05-03 12:57:04,317 INFO Parsed 28400000 reads
2023-05-03 12:57:09,340 INFO Parsed 28500000 reads
2023-05-03 12:57:12,748 INFO Parsed 28600000 reads
2023-05-03 12:57:16,148 INFO Parsed 28700000 reads
2023-05-03 12:57:19,565 INFO Parsed 28800000 reads
2023-05-03 12:57:22,997 INFO Parsed 28900000 reads
2023-05-03 12:57:26,424 INFO Parsed 29000000 reads
2023-05-03 12:57:29,838 INFO Parsed 29100000 reads
2023-05-03 12:57:33,250 INFO Parsed 29200000 reads
2023-05-03 12:57:36,665 INFO Parsed 29300000 reads
2023-05-03 12:57:42,985 INFO Parsed 29400000 reads
2023-05-03 12:57:46,421 INFO Parsed 29500000 reads
2023-05-03 12:57:49,880 INFO Parsed 29600000 reads
2023-05-03 12:57:53,307 INFO Parsed 29700000 reads
2023-05-03 12:57:56,732 INFO Parsed 29800000 reads
2023-05-03 12:58:00,151 INFO Parsed 29900000 reads
2023-05-03 12:58:03,573 INFO Parsed 30000000 reads
2023-05-03 12:58:06,989 INFO Parsed 30100000 reads
2023-05-03 12:58:10,395 INFO Parsed 30200000 reads
2023-05-03 12:58:13,911 INFO Parsed 30300000 reads
2023-05-03 12:58:17,336 INFO Parsed 30400000 reads
2023-05-03 12:58:20,757 INFO Parsed 30500000 reads
2023-05-03 12:58:24,161 INFO Parsed 30600000 reads
2023-05-03 12:58:27,550 INFO Parsed 30700000 reads
2023-05-03 12:58:30,935 INFO Parsed 30800000 reads
2023-05-03 12:58:34,316 INFO Parsed 30900000 reads
2023-05-03 12:58:37,710 INFO Parsed 31000000 reads
2023-05-03 12:58:41,105 INFO Parsed 31100000 reads
2023-05-03 12:58:44,501 INFO Parsed 31200000 reads
2023-05-03 12:58:47,968 INFO Parsed 31300000 reads
2023-05-03 12:58:51,417 INFO Parsed 31400000 reads
2023-05-03 12:58:54,893 INFO Parsed 31500000 reads
2023-05-03 12:58:58,368 INFO Parsed 31600000 reads
2023-05-03 12:59:01,858 INFO Parsed 31700000 reads
2023-05-03 12:59:05,337 INFO Parsed 31800000 reads
2023-05-03 12:59:09,563 INFO Parsed 31900000 reads
2023-05-03 12:59:12,998 INFO Parsed 32000000 reads
2023-05-03 12:59:16,412 INFO Parsed 32100000 reads
2023-05-03 12:59:19,819 INFO Parsed 32200000 reads
2023-05-03 12:59:23,235 INFO Parsed 32300000 reads
2023-05-03 12:59:26,626 INFO Parsed 32400000 reads
2023-05-03 12:59:30,029 INFO Parsed 32500000 reads
2023-05-03 12:59:33,433 INFO Parsed 32600000 reads
2023-05-03 12:59:36,839 INFO Parsed 32700000 reads
2023-05-03 12:59:40,247 INFO Parsed 32800000 reads
2023-05-03 12:59:43,649 INFO Parsed 32900000 reads
2023-05-03 12:59:47,051 INFO Parsed 33000000 reads
2023-05-03 12:59:50,447 INFO Parsed 33100000 reads
2023-05-03 12:59:53,841 INFO Parsed 33200000 reads
2023-05-03 12:59:57,238 INFO Parsed 33300000 reads
2023-05-03 13:00:00,653 INFO Parsed 33400000 reads
2023-05-03 13:00:04,101 INFO Parsed 33500000 reads
2023-05-03 13:00:07,550 INFO Parsed 33600000 reads
2023-05-03 13:00:11,006 INFO Parsed 33700000 reads
2023-05-03 13:00:14,440 INFO Parsed 33800000 reads
2023-05-03 13:00:17,836 INFO Parsed 33900000 reads
2023-05-03 13:00:21,218 INFO Parsed 34000000 reads
2023-05-03 13:00:24,594 INFO Parsed 34100000 reads
2023-05-03 13:00:27,994 INFO Parsed 34200000 reads
2023-05-03 13:00:31,374 INFO Parsed 34300000 reads
2023-05-03 13:00:34,755 INFO Parsed 34400000 reads
2023-05-03 13:00:38,146 INFO Parsed 34500000 reads
2023-05-03 13:00:41,556 INFO Parsed 34600000 reads
2023-05-03 13:00:44,963 INFO Parsed 34700000 reads
2023-05-03 13:00:48,422 INFO Parsed 34800000 reads
2023-05-03 13:00:51,897 INFO Parsed 34900000 reads
2023-05-03 13:00:55,387 INFO Parsed 35000000 reads
2023-05-03 13:00:58,881 INFO Parsed 35100000 reads
2023-05-03 13:01:02,362 INFO Parsed 35200000 reads
2023-05-03 13:01:05,852 INFO Parsed 35300000 reads
2023-05-03 13:01:09,345 INFO Parsed 35400000 reads
2023-05-03 13:01:12,825 INFO Parsed 35500000 reads
2023-05-03 13:01:16,333 INFO Parsed 35600000 reads
2023-05-03 13:01:19,821 INFO Parsed 35700000 reads
2023-05-03 13:01:23,317 INFO Parsed 35800000 reads
2023-05-03 13:01:26,808 INFO Parsed 35900000 reads
2023-05-03 13:01:30,271 INFO Parsed 36000000 reads
2023-05-03 13:01:33,661 INFO Parsed 36100000 reads
2023-05-03 13:01:37,063 INFO Parsed 36200000 reads
2023-05-03 13:01:40,585 INFO Parsed 36300000 reads
2023-05-03 13:01:44,061 INFO Parsed 36400000 reads
2023-05-03 13:01:47,786 INFO Parsed 36500000 reads
2023-05-03 13:01:51,870 INFO Parsed 36600000 reads
2023-05-03 13:01:55,735 INFO Parsed 36700000 reads
2023-05-03 13:01:59,228 INFO Parsed 36800000 reads
2023-05-03 13:02:02,718 INFO Parsed 36900000 reads
2023-05-03 13:02:06,182 INFO Parsed 37000000 reads
2023-05-03 13:02:09,638 INFO Parsed 37100000 reads
2023-05-03 13:02:13,071 INFO Parsed 37200000 reads
2023-05-03 13:02:16,534 INFO Parsed 37300000 reads
2023-05-03 13:02:19,958 INFO Parsed 37400000 reads
2023-05-03 13:02:23,402 INFO Parsed 37500000 reads
2023-05-03 13:02:26,929 INFO Parsed 37600000 reads
2023-05-03 13:02:30,517 INFO Parsed 37700000 reads
2023-05-03 13:02:34,010 INFO Parsed 37800000 reads
2023-05-03 13:02:37,506 INFO Parsed 37900000 reads
2023-05-03 13:02:41,003 INFO Parsed 38000000 reads
2023-05-03 13:02:44,504 INFO Parsed 38100000 reads
2023-05-03 13:02:47,991 INFO Parsed 38200000 reads
2023-05-03 13:02:51,477 INFO Parsed 38300000 reads
2023-05-03 13:02:54,956 INFO Parsed 38400000 reads
2023-05-03 13:02:58,428 INFO Parsed 38500000 reads
2023-05-03 13:03:01,908 INFO Parsed 38600000 reads
2023-05-03 13:03:05,387 INFO Parsed 38700000 reads
2023-05-03 13:03:08,870 INFO Parsed 38800000 reads
2023-05-03 13:03:12,336 INFO Parsed 38900000 reads
2023-05-03 13:03:15,817 INFO Parsed 39000000 reads
2023-05-03 13:03:19,506 INFO Parsed 39100000 reads
2023-05-03 13:03:23,057 INFO Parsed 39200000 reads
2023-05-03 13:03:26,720 INFO Parsed 39300000 reads
2023-05-03 13:03:30,668 INFO Parsed 39400000 reads
2023-05-03 13:03:34,643 INFO Parsed 39500000 reads
2023-05-03 13:03:38,160 INFO Parsed 39600000 reads
2023-05-03 13:03:41,633 INFO Parsed 39700000 reads
2023-05-03 13:03:45,137 INFO Parsed 39800000 reads
2023-05-03 13:03:48,695 INFO Parsed 39900000 reads
2023-05-03 13:03:52,241 INFO Parsed 40000000 reads
2023-05-03 13:03:55,832 INFO Parsed 40100000 reads
2023-05-03 13:03:59,458 INFO Parsed 40200000 reads
2023-05-03 13:04:03,008 INFO Parsed 40300000 reads
2023-05-03 13:04:06,567 INFO Parsed 40400000 reads
2023-05-03 13:04:10,131 INFO Parsed 40500000 reads
2023-05-03 13:04:13,666 INFO Parsed 40600000 reads
2023-05-03 13:04:17,180 INFO Parsed 40700000 reads
2023-05-03 13:04:20,662 INFO Parsed 40800000 reads
2023-05-03 13:04:24,382 INFO Parsed 40900000 reads
2023-05-03 13:04:29,339 INFO Parsed 41000000 reads
2023-05-03 13:04:34,358 INFO Parsed 41100000 reads
2023-05-03 13:04:39,439 INFO Parsed 41200000 reads
2023-05-03 13:04:44,489 INFO Parsed 41300000 reads
2023-05-03 13:04:49,226 INFO Parsed 41400000 reads
2023-05-03 13:04:53,275 INFO Parsed 41500000 reads
2023-05-03 13:04:56,868 INFO Parsed 41600000 reads
2023-05-03 13:05:00,404 INFO Parsed 41700000 reads
2023-05-03 13:05:03,935 INFO Parsed 41800000 reads
2023-05-03 13:05:07,443 INFO Parsed 41900000 reads
2023-05-03 13:05:10,947 INFO Parsed 42000000 reads
2023-05-03 13:05:14,435 INFO Parsed 42100000 reads
2023-05-03 13:05:17,834 INFO Parsed 42200000 reads
2023-05-03 13:05:21,251 INFO Parsed 42300000 reads
2023-05-03 13:05:24,733 INFO Parsed 42400000 reads
2023-05-03 13:05:28,335 INFO Parsed 42500000 reads
2023-05-03 13:05:31,850 INFO Parsed 42600000 reads
2023-05-03 13:05:35,338 INFO Parsed 42700000 reads
2023-05-03 13:05:38,811 INFO Parsed 42800000 reads
2023-05-03 13:05:42,284 INFO Parsed 42900000 reads
2023-05-03 13:05:45,759 INFO Parsed 43000000 reads
2023-05-03 13:05:49,239 INFO Parsed 43100000 reads
2023-05-03 13:05:52,717 INFO Parsed 43200000 reads
2023-05-03 13:05:56,202 INFO Parsed 43300000 reads
2023-05-03 13:05:59,695 INFO Parsed 43400000 reads
2023-05-03 13:06:03,168 INFO Parsed 43500000 reads
2023-05-03 13:06:06,642 INFO Parsed 43600000 reads
2023-05-03 13:06:10,121 INFO Parsed 43700000 reads
2023-05-03 13:06:13,729 INFO Parsed 43800000 reads
2023-05-03 13:06:17,196 INFO Parsed 43900000 reads
2023-05-03 13:06:20,670 INFO Parsed 44000000 reads
2023-05-03 13:06:24,157 INFO Parsed 44100000 reads
2023-05-03 13:06:27,639 INFO Parsed 44200000 reads
2023-05-03 13:06:31,121 INFO Parsed 44300000 reads
2023-05-03 13:06:34,605 INFO Parsed 44400000 reads
2023-05-03 13:06:38,081 INFO Parsed 44500000 reads
2023-05-03 13:06:41,560 INFO Parsed 44600000 reads
2023-05-03 13:06:45,038 INFO Parsed 44700000 reads
2023-05-03 13:06:48,512 INFO Parsed 44800000 reads
2023-05-03 13:06:51,974 INFO Parsed 44900000 reads
2023-05-03 13:06:55,575 INFO Parsed 45000000 reads
2023-05-03 13:06:59,038 INFO Parsed 45100000 reads
2023-05-03 13:07:02,516 INFO Parsed 45200000 reads
2023-05-03 13:07:06,065 INFO Parsed 45300000 reads
2023-05-03 13:07:09,532 INFO Parsed 45400000 reads
2023-05-03 13:07:13,010 INFO Parsed 45500000 reads
2023-05-03 13:07:16,481 INFO Parsed 45600000 reads
2023-05-03 13:07:19,969 INFO Parsed 45700000 reads
2023-05-03 13:07:23,452 INFO Parsed 45800000 reads
2023-05-03 13:07:26,923 INFO Parsed 45900000 reads
2023-05-03 13:07:30,522 INFO Parsed 46000000 reads
2023-05-03 13:07:34,349 INFO Parsed 46100000 reads
2023-05-03 13:07:37,835 INFO Parsed 46200000 reads
2023-05-03 13:07:41,307 INFO Parsed 46300000 reads
2023-05-03 13:07:44,703 INFO Parsed 46400000 reads
2023-05-03 13:07:48,109 INFO Parsed 46500000 reads
2023-05-03 13:07:51,542 INFO Parsed 46600000 reads
2023-05-03 13:07:55,030 INFO Parsed 46700000 reads
2023-05-03 13:07:58,518 INFO Parsed 46800000 reads
2023-05-03 13:08:02,016 INFO Parsed 46900000 reads
2023-05-03 13:08:05,504 INFO Parsed 47000000 reads
2023-05-03 13:08:09,122 INFO Parsed 47100000 reads
2023-05-03 13:08:13,174 INFO Parsed 47200000 reads
2023-05-03 13:08:17,006 INFO Parsed 47300000 reads
2023-05-03 13:08:20,502 INFO Parsed 47400000 reads
2023-05-03 13:08:24,001 INFO Parsed 47500000 reads
2023-05-03 13:08:27,522 INFO Parsed 47600000 reads
2023-05-03 13:08:31,032 INFO Parsed 47700000 reads
2023-05-03 13:08:34,523 INFO Parsed 47800000 reads
2023-05-03 13:08:38,001 INFO Parsed 47900000 reads
2023-05-03 13:08:41,485 INFO Parsed 48000000 reads
2023-05-03 13:08:44,959 INFO Parsed 48100000 reads
2023-05-03 13:08:48,436 INFO Parsed 48200000 reads
2023-05-03 13:08:51,911 INFO Parsed 48300000 reads
2023-05-03 13:08:55,392 INFO Parsed 48400000 reads
2023-05-03 13:08:58,898 INFO Parsed 48500000 reads
2023-05-03 13:09:02,386 INFO Parsed 48600000 reads
2023-05-03 13:09:05,879 INFO Parsed 48700000 reads
2023-05-03 13:09:09,404 INFO Parsed 48800000 reads
2023-05-03 13:09:13,087 INFO Parsed 48900000 reads
2023-05-03 13:09:16,657 INFO Parsed 49000000 reads
2023-05-03 13:09:20,166 INFO Parsed 49100000 reads
2023-05-03 13:09:23,646 INFO Parsed 49200000 reads
2023-05-03 13:09:27,132 INFO Parsed 49300000 reads
2023-05-03 13:09:30,612 INFO Parsed 49400000 reads
2023-05-03 13:09:34,082 INFO Parsed 49500000 reads
2023-05-03 13:09:37,567 INFO Parsed 49600000 reads
2023-05-03 13:09:41,051 INFO Parsed 49700000 reads
2023-05-03 13:09:44,518 INFO Parsed 49800000 reads
2023-05-03 13:09:48,010 INFO Parsed 49900000 reads
2023-05-03 13:09:51,501 INFO Parsed 50000000 reads
2023-05-03 13:09:54,974 INFO Parsed 50100000 reads
2023-05-03 13:09:58,452 INFO Parsed 50200000 reads
2023-05-03 13:10:01,925 INFO Parsed 50300000 reads
2023-05-03 13:10:05,406 INFO Parsed 50400000 reads
2023-05-03 13:10:08,918 INFO Parsed 50500000 reads
2023-05-03 13:10:12,391 INFO Parsed 50600000 reads
2023-05-03 13:10:15,888 INFO Parsed 50700000 reads
2023-05-03 13:10:19,373 INFO Parsed 50800000 reads
2023-05-03 13:10:22,797 INFO Parsed 50900000 reads
2023-05-03 13:10:26,515 INFO Parsed 51000000 reads
2023-05-03 13:10:30,486 INFO Parsed 51100000 reads
2023-05-03 13:10:34,457 INFO Parsed 51200000 reads
2023-05-03 13:10:38,098 INFO Parsed 51300000 reads
2023-05-03 13:10:41,585 INFO Parsed 51400000 reads
2023-05-03 13:10:45,087 INFO Parsed 51500000 reads
2023-05-03 13:10:49,075 INFO Parsed 51600000 reads
2023-05-03 13:10:52,803 INFO Parsed 51700000 reads
2023-05-03 13:10:56,365 INFO Parsed 51800000 reads
2023-05-03 13:10:59,876 INFO Parsed 51900000 reads
2023-05-03 13:11:03,337 INFO Parsed 52000000 reads
2023-05-03 13:11:06,777 INFO Parsed 52100000 reads
2023-05-03 13:11:08,644 INFO Input Reads: 52155075
2023-05-03 13:11:08,644 INFO regex matches read1: 44371804
2023-05-03 13:11:08,644 INFO Reads output: 44371804
2023-05-03 13:11:08,644 INFO regex does not match read1: 7783271
# job finished in 1950 seconds at Wed May  3 13:11:08 2023 -- 1883.07  3.16  0.00  0.00 -- df6d5df9-d0e4-429f-8fcf-28164121d11e
[Wed May  3 13:11:08 2023]
Finished job 0.
1 of 1 steps (100%) done
[Wed May  3 13:11:09 2023]
Finished job 0.
1 of 1 steps (100%) done
