Building DAG of jobs...
Using shell: /usr/bin/bash
Provided cores: 8
Rules claiming more threads will be scaled down.
Provided resources: mem_mb=8192, mem_mib=7813, disk_mb=1520, disk_mib=1450
Select jobs to execute...
Building DAG of jobs...
Using shell: /usr/bin/bash
Provided cores: 8
Rules claiming more threads will be scaled down.
Provided resources: mem_mb=8192, mem_mib=7813, disk_mb=1520, disk_mib=1450
Select jobs to execute...

[Wed May  3 12:38:24 2023]
rule extract_umis:
    input: results/reads/195_MSI_R1.fastq.gz
    output: results/reads/umis/195_MSI_R1.fastq.gz
    log: logs/extract_umis/195_MSI.log
    jobid: 0
    reason: Missing output files: results/reads/umis/195_MSI_R1.fastq.gz
    wildcards: sample=195_MSI
    threads: 8
    resources: mem_mb=8192, mem_mib=7813, disk_mb=1520, disk_mib=1450, tmpdir=/tmp, runtime=60

# UMI-tools version: 1.1.4
# output generated by extract --random-seed 1234 --extract-method=regex --bc-pattern=(?P<umi_1>.{6})(?P<discard_1>TATA).* -I results/reads/195_MSI_R1.fastq.gz -S results/reads/umis/195_MSI_R1.fastq.gz
# job started at Wed May  3 12:38:25 2023 on bc004 -- 378ab809-7bac-4ee9-9d5b-5d5e733d6c40
# pid: 1467213, system: Linux 4.18.0-193.19.1.el8_2.x86_64 #1 SMP Mon Sep 14 14:37:00 UTC 2020 x86_64
# blacklist                               : None
# compresslevel                           : 6
# correct_umi_threshold                   : 0
# either_read                             : False
# either_read_resolve                     : discard
# error_correct_cell                      : False
# extract_method                          : regex
# filter_cell_barcode                     : None
# filter_cell_barcodes                    : False
# filter_umi                              : None
# filtered_out                            : None
# filtered_out2                           : None
# ignore_suffix                           : False
# log2stderr                              : False
# loglevel                                : 1
# pattern                                 : (?P<umi_1>.{6})(?P<discard_1>TATA).*
# pattern2                                : None
# prime3                                  : None
# quality_encoding                        : None
# quality_filter_mask                     : None
# quality_filter_threshold                : None
# random_seed                             : 1234
# read2_in                                : None
# read2_out                               : False
# read2_stdout                            : False
# reads_subset                            : None
# reconcile                               : False
# retain_umi                              : None
# short_help                              : None
# stderr                                  : <_io.TextIOWrapper name='<stderr>' mode='w' encoding='utf-8'>
# stdin                                   : <_io.TextIOWrapper name='results/reads/195_MSI_R1.fastq.gz' encoding='ascii'>
# stdlog                                  : <_io.TextIOWrapper name='<stdout>' mode='w' encoding='utf-8'>
# stdout                                  : <_io.TextIOWrapper name='results/reads/umis/195_MSI_R1.fastq.gz' encoding='ascii'>
# timeit_file                             : None
# timeit_header                           : None
# timeit_name                             : all
# tmpdir                                  : None
# umi_correct_log                         : None
# umi_separator                           : _
# umi_whitelist                           : None
# umi_whitelist_paired                    : None
# whitelist                               : None
2023-05-03 12:38:25,464 INFO Starting barcode extraction
2023-05-03 12:38:28,967 INFO Parsed 100000 reads
2023-05-03 12:38:32,422 INFO Parsed 200000 reads
2023-05-03 12:38:35,886 INFO Parsed 300000 reads
2023-05-03 12:38:39,304 INFO Parsed 400000 reads
2023-05-03 12:38:42,731 INFO Parsed 500000 reads
2023-05-03 12:38:46,143 INFO Parsed 600000 reads
2023-05-03 12:38:49,594 INFO Parsed 700000 reads
2023-05-03 12:38:53,051 INFO Parsed 800000 reads
2023-05-03 12:38:56,475 INFO Parsed 900000 reads
2023-05-03 12:38:59,883 INFO Parsed 1000000 reads
2023-05-03 12:39:03,300 INFO Parsed 1100000 reads
2023-05-03 12:39:06,723 INFO Parsed 1200000 reads
2023-05-03 12:39:10,187 INFO Parsed 1300000 reads
2023-05-03 12:39:13,651 INFO Parsed 1400000 reads
2023-05-03 12:39:17,091 INFO Parsed 1500000 reads
2023-05-03 12:39:20,524 INFO Parsed 1600000 reads
2023-05-03 12:39:23,949 INFO Parsed 1700000 reads
2023-05-03 12:39:27,367 INFO Parsed 1800000 reads
2023-05-03 12:39:30,823 INFO Parsed 1900000 reads
2023-05-03 12:39:34,279 INFO Parsed 2000000 reads
2023-05-03 12:39:37,697 INFO Parsed 2100000 reads
2023-05-03 12:39:41,114 INFO Parsed 2200000 reads
2023-05-03 12:39:44,535 INFO Parsed 2300000 reads
2023-05-03 12:39:47,952 INFO Parsed 2400000 reads
2023-05-03 12:39:51,378 INFO Parsed 2500000 reads
2023-05-03 12:39:54,831 INFO Parsed 2600000 reads
2023-05-03 12:39:58,266 INFO Parsed 2700000 reads
2023-05-03 12:40:01,673 INFO Parsed 2800000 reads
2023-05-03 12:40:05,103 INFO Parsed 2900000 reads
2023-05-03 12:40:08,526 INFO Parsed 3000000 reads
2023-05-03 12:40:11,952 INFO Parsed 3100000 reads
2023-05-03 12:40:15,394 INFO Parsed 3200000 reads
2023-05-03 12:40:18,819 INFO Parsed 3300000 reads
2023-05-03 12:40:22,242 INFO Parsed 3400000 reads
2023-05-03 12:40:25,655 INFO Parsed 3500000 reads
2023-05-03 12:40:29,066 INFO Parsed 3600000 reads
2023-05-03 12:40:32,508 INFO Parsed 3700000 reads
2023-05-03 12:40:35,991 INFO Parsed 3800000 reads
2023-05-03 12:40:39,475 INFO Parsed 3900000 reads
2023-05-03 12:40:42,954 INFO Parsed 4000000 reads
2023-05-03 12:40:46,429 INFO Parsed 4100000 reads
2023-05-03 12:40:49,908 INFO Parsed 4200000 reads
2023-05-03 12:40:53,378 INFO Parsed 4300000 reads
2023-05-03 12:40:56,863 INFO Parsed 4400000 reads
2023-05-03 12:41:00,332 INFO Parsed 4500000 reads
2023-05-03 12:41:03,805 INFO Parsed 4600000 reads
2023-05-03 12:41:07,392 INFO Parsed 4700000 reads
2023-05-03 12:41:10,863 INFO Parsed 4800000 reads
2023-05-03 12:41:14,322 INFO Parsed 4900000 reads
2023-05-03 12:41:17,793 INFO Parsed 5000000 reads
2023-05-03 12:41:21,267 INFO Parsed 5100000 reads
2023-05-03 12:41:24,744 INFO Parsed 5200000 reads
2023-05-03 12:41:28,232 INFO Parsed 5300000 reads
2023-05-03 12:41:31,707 INFO Parsed 5400000 reads
2023-05-03 12:41:35,167 INFO Parsed 5500000 reads
2023-05-03 12:41:38,631 INFO Parsed 5600000 reads
2023-05-03 12:41:42,097 INFO Parsed 5700000 reads
2023-05-03 12:41:45,547 INFO Parsed 5800000 reads
2023-05-03 12:41:49,017 INFO Parsed 5900000 reads
2023-05-03 12:41:52,471 INFO Parsed 6000000 reads
2023-05-03 12:41:55,932 INFO Parsed 6100000 reads
2023-05-03 12:41:59,428 INFO Parsed 6200000 reads
2023-05-03 12:42:02,939 INFO Parsed 6300000 reads
2023-05-03 12:42:06,395 INFO Parsed 6400000 reads
2023-05-03 12:42:09,859 INFO Parsed 6500000 reads
2023-05-03 12:42:13,326 INFO Parsed 6600000 reads
2023-05-03 12:42:16,789 INFO Parsed 6700000 reads
2023-05-03 12:42:20,259 INFO Parsed 6800000 reads
2023-05-03 12:42:23,746 INFO Parsed 6900000 reads
2023-05-03 12:42:27,206 INFO Parsed 7000000 reads
2023-05-03 12:42:30,668 INFO Parsed 7100000 reads
2023-05-03 12:42:34,124 INFO Parsed 7200000 reads
2023-05-03 12:42:37,570 INFO Parsed 7300000 reads
2023-05-03 12:42:40,992 INFO Parsed 7400000 reads
2023-05-03 12:42:44,435 INFO Parsed 7500000 reads
2023-05-03 12:42:47,875 INFO Parsed 7600000 reads
2023-05-03 12:42:51,339 INFO Parsed 7700000 reads
2023-05-03 12:42:54,813 INFO Parsed 7800000 reads
2023-05-03 12:42:58,244 INFO Parsed 7900000 reads
2023-05-03 12:43:01,670 INFO Parsed 8000000 reads
2023-05-03 12:43:05,102 INFO Parsed 8100000 reads
2023-05-03 12:43:08,534 INFO Parsed 8200000 reads
2023-05-03 12:43:11,983 INFO Parsed 8300000 reads
2023-05-03 12:43:15,448 INFO Parsed 8400000 reads
2023-05-03 12:43:18,893 INFO Parsed 8500000 reads
2023-05-03 12:43:22,326 INFO Parsed 8600000 reads
2023-05-03 12:43:25,843 INFO Parsed 8700000 reads
2023-05-03 12:43:29,294 INFO Parsed 8800000 reads
2023-05-03 12:43:32,734 INFO Parsed 8900000 reads
2023-05-03 12:43:36,191 INFO Parsed 9000000 reads
2023-05-03 12:43:39,634 INFO Parsed 9100000 reads
2023-05-03 12:43:43,063 INFO Parsed 9200000 reads
2023-05-03 12:43:46,476 INFO Parsed 9300000 reads
2023-05-03 12:43:49,905 INFO Parsed 9400000 reads
2023-05-03 12:43:53,350 INFO Parsed 9500000 reads
2023-05-03 12:43:56,783 INFO Parsed 9600000 reads
2023-05-03 12:44:00,194 INFO Parsed 9700000 reads
2023-05-03 12:44:03,614 INFO Parsed 9800000 reads
2023-05-03 12:44:07,029 INFO Parsed 9900000 reads
2023-05-03 12:44:10,482 INFO Parsed 10000000 reads
2023-05-03 12:44:13,930 INFO Parsed 10100000 reads
2023-05-03 12:44:17,391 INFO Parsed 10200000 reads
2023-05-03 12:44:20,817 INFO Parsed 10300000 reads
2023-05-03 12:44:24,242 INFO Parsed 10400000 reads
2023-05-03 12:44:27,655 INFO Parsed 10500000 reads
2023-05-03 12:44:31,077 INFO Parsed 10600000 reads
2023-05-03 12:44:34,517 INFO Parsed 10700000 reads
2023-05-03 12:44:37,952 INFO Parsed 10800000 reads
2023-05-03 12:44:41,384 INFO Parsed 10900000 reads
2023-05-03 12:44:44,808 INFO Parsed 11000000 reads
2023-05-03 12:44:48,253 INFO Parsed 11100000 reads
2023-05-03 12:44:51,719 INFO Parsed 11200000 reads
2023-05-03 12:44:55,171 INFO Parsed 11300000 reads
2023-05-03 12:44:58,601 INFO Parsed 11400000 reads
2023-05-03 12:45:02,044 INFO Parsed 11500000 reads
2023-05-03 12:45:05,490 INFO Parsed 11600000 reads
2023-05-03 12:45:08,935 INFO Parsed 11700000 reads
2023-05-03 12:45:12,390 INFO Parsed 11800000 reads
2023-05-03 12:45:15,832 INFO Parsed 11900000 reads
2023-05-03 12:45:19,270 INFO Parsed 12000000 reads
2023-05-03 12:45:22,699 INFO Parsed 12100000 reads
2023-05-03 12:45:26,138 INFO Parsed 12200000 reads
2023-05-03 12:45:29,578 INFO Parsed 12300000 reads
2023-05-03 12:45:33,015 INFO Parsed 12400000 reads
2023-05-03 12:45:36,450 INFO Parsed 12500000 reads
2023-05-03 12:45:39,869 INFO Parsed 12600000 reads
2023-05-03 12:45:43,285 INFO Parsed 12700000 reads
2023-05-03 12:45:46,716 INFO Parsed 12800000 reads
2023-05-03 12:45:50,135 INFO Parsed 12900000 reads
2023-05-03 12:45:53,540 INFO Parsed 13000000 reads
2023-05-03 12:45:56,985 INFO Parsed 13100000 reads
2023-05-03 12:46:00,413 INFO Parsed 13200000 reads
2023-05-03 12:46:03,849 INFO Parsed 13300000 reads
2023-05-03 12:46:07,278 INFO Parsed 13400000 reads
2023-05-03 12:46:10,700 INFO Parsed 13500000 reads
2023-05-03 12:46:14,125 INFO Parsed 13600000 reads
2023-05-03 12:46:17,568 INFO Parsed 13700000 reads
2023-05-03 12:46:21,029 INFO Parsed 13800000 reads
2023-05-03 12:46:24,440 INFO Parsed 13900000 reads
2023-05-03 12:46:27,905 INFO Parsed 14000000 reads
2023-05-03 12:46:31,340 INFO Parsed 14100000 reads
2023-05-03 12:46:34,768 INFO Parsed 14200000 reads
2023-05-03 12:46:38,227 INFO Parsed 14300000 reads
2023-05-03 12:46:41,667 INFO Parsed 14400000 reads
2023-05-03 12:46:45,089 INFO Parsed 14500000 reads
2023-05-03 12:46:48,539 INFO Parsed 14600000 reads
2023-05-03 12:46:49,958 INFO Input Reads: 14641376
2023-05-03 12:46:49,958 INFO regex matches read1: 12456120
2023-05-03 12:46:49,958 INFO Reads output: 12456120
2023-05-03 12:46:49,958 INFO regex does not match read1: 2185256
# job finished in 504 seconds at Wed May  3 12:46:49 2023 -- 503.54  1.52  0.00  0.00 -- 378ab809-7bac-4ee9-9d5b-5d5e733d6c40
[Wed May  3 12:46:50 2023]
Finished job 0.
1 of 1 steps (100%) done
[Wed May  3 12:46:50 2023]
Finished job 0.
1 of 1 steps (100%) done
