Building DAG of jobs...
Using shell: /usr/bin/bash
Provided cores: 8
Rules claiming more threads will be scaled down.
Provided resources: mem_mb=8192, mem_mib=7813, disk_mb=1024, disk_mib=977
Select jobs to execute...
Building DAG of jobs...
Using shell: /usr/bin/bash
Provided cores: 8
Rules claiming more threads will be scaled down.
Provided resources: mem_mb=8192, mem_mib=7813, disk_mb=1024, disk_mib=977
Select jobs to execute...

[Wed May  3 12:38:25 2023]
rule extract_umis:
    input: results/reads/115_MSI_R1.fastq.gz
    output: results/reads/umis/115_MSI_R1.fastq.gz
    log: logs/extract_umis/115_MSI.log
    jobid: 0
    reason: Missing output files: results/reads/umis/115_MSI_R1.fastq.gz
    wildcards: sample=115_MSI
    threads: 8
    resources: mem_mb=8192, mem_mib=7813, disk_mb=1024, disk_mib=977, tmpdir=/tmp, runtime=60

# UMI-tools version: 1.1.4
# output generated by extract --random-seed 1234 --extract-method=regex --bc-pattern=(?P<umi_1>.{6})(?P<discard_1>TATA).* -I results/reads/115_MSI_R1.fastq.gz -S results/reads/umis/115_MSI_R1.fastq.gz
# job started at Wed May  3 12:38:26 2023 on bc004 -- 64fde3f4-ac5c-43ac-885d-a903262f9da3
# pid: 1467349, system: Linux 4.18.0-193.19.1.el8_2.x86_64 #1 SMP Mon Sep 14 14:37:00 UTC 2020 x86_64
# blacklist                               : None
# compresslevel                           : 6
# correct_umi_threshold                   : 0
# either_read                             : False
# either_read_resolve                     : discard
# error_correct_cell                      : False
# extract_method                          : regex
# filter_cell_barcode                     : None
# filter_cell_barcodes                    : False
# filter_umi                              : None
# filtered_out                            : None
# filtered_out2                           : None
# ignore_suffix                           : False
# log2stderr                              : False
# loglevel                                : 1
# pattern                                 : (?P<umi_1>.{6})(?P<discard_1>TATA).*
# pattern2                                : None
# prime3                                  : None
# quality_encoding                        : None
# quality_filter_mask                     : None
# quality_filter_threshold                : None
# random_seed                             : 1234
# read2_in                                : None
# read2_out                               : False
# read2_stdout                            : False
# reads_subset                            : None
# reconcile                               : False
# retain_umi                              : None
# short_help                              : None
# stderr                                  : <_io.TextIOWrapper name='<stderr>' mode='w' encoding='utf-8'>
# stdin                                   : <_io.TextIOWrapper name='results/reads/115_MSI_R1.fastq.gz' encoding='ascii'>
# stdlog                                  : <_io.TextIOWrapper name='<stdout>' mode='w' encoding='utf-8'>
# stdout                                  : <_io.TextIOWrapper name='results/reads/umis/115_MSI_R1.fastq.gz' encoding='ascii'>
# timeit_file                             : None
# timeit_header                           : None
# timeit_name                             : all
# tmpdir                                  : None
# umi_correct_log                         : None
# umi_separator                           : _
# umi_whitelist                           : None
# umi_whitelist_paired                    : None
# whitelist                               : None
2023-05-03 12:38:26,633 INFO Starting barcode extraction
2023-05-03 12:38:30,108 INFO Parsed 100000 reads
2023-05-03 12:38:33,525 INFO Parsed 200000 reads
2023-05-03 12:38:36,932 INFO Parsed 300000 reads
2023-05-03 12:38:40,376 INFO Parsed 400000 reads
2023-05-03 12:38:43,955 INFO Parsed 500000 reads
2023-05-03 12:38:47,409 INFO Parsed 600000 reads
2023-05-03 12:38:50,912 INFO Parsed 700000 reads
2023-05-03 12:38:54,411 INFO Parsed 800000 reads
2023-05-03 12:38:57,906 INFO Parsed 900000 reads
2023-05-03 12:39:01,401 INFO Parsed 1000000 reads
2023-05-03 12:39:04,904 INFO Parsed 1100000 reads
2023-05-03 12:39:08,456 INFO Parsed 1200000 reads
2023-05-03 12:39:12,044 INFO Parsed 1300000 reads
2023-05-03 12:39:15,622 INFO Parsed 1400000 reads
2023-05-03 12:39:19,308 INFO Parsed 1500000 reads
2023-05-03 12:39:23,086 INFO Parsed 1600000 reads
2023-05-03 12:39:27,062 INFO Parsed 1700000 reads
2023-05-03 12:39:30,698 INFO Parsed 1800000 reads
2023-05-03 12:39:34,139 INFO Parsed 1900000 reads
2023-05-03 12:39:37,615 INFO Parsed 2000000 reads
2023-05-03 12:39:41,138 INFO Parsed 2100000 reads
2023-05-03 12:39:44,756 INFO Parsed 2200000 reads
2023-05-03 12:39:48,308 INFO Parsed 2300000 reads
2023-05-03 12:39:51,786 INFO Parsed 2400000 reads
2023-05-03 12:39:55,255 INFO Parsed 2500000 reads
2023-05-03 12:39:58,756 INFO Parsed 2600000 reads
2023-05-03 12:40:02,108 INFO Parsed 2700000 reads
2023-05-03 12:40:05,445 INFO Parsed 2800000 reads
2023-05-03 12:40:08,875 INFO Parsed 2900000 reads
2023-05-03 12:40:12,388 INFO Parsed 3000000 reads
2023-05-03 12:40:15,861 INFO Parsed 3100000 reads
2023-05-03 12:40:19,428 INFO Parsed 3200000 reads
2023-05-03 12:40:23,186 INFO Parsed 3300000 reads
2023-05-03 12:40:26,932 INFO Parsed 3400000 reads
2023-05-03 12:40:30,612 INFO Parsed 3500000 reads
2023-05-03 12:40:34,021 INFO Parsed 3600000 reads
2023-05-03 12:40:37,467 INFO Parsed 3700000 reads
2023-05-03 12:40:40,977 INFO Parsed 3800000 reads
2023-05-03 12:40:44,317 INFO Parsed 3900000 reads
2023-05-03 12:40:47,657 INFO Parsed 4000000 reads
2023-05-03 12:40:50,987 INFO Parsed 4100000 reads
2023-05-03 12:40:54,393 INFO Parsed 4200000 reads
2023-05-03 12:40:57,826 INFO Parsed 4300000 reads
2023-05-03 12:41:01,201 INFO Parsed 4400000 reads
2023-05-03 12:41:04,622 INFO Parsed 4500000 reads
2023-05-03 12:41:08,039 INFO Parsed 4600000 reads
2023-05-03 12:41:11,429 INFO Parsed 4700000 reads
2023-05-03 12:41:14,965 INFO Parsed 4800000 reads
2023-05-03 12:41:18,569 INFO Parsed 4900000 reads
2023-05-03 12:41:22,137 INFO Parsed 5000000 reads
2023-05-03 12:41:25,728 INFO Parsed 5100000 reads
2023-05-03 12:41:29,554 INFO Parsed 5200000 reads
2023-05-03 12:41:33,083 INFO Parsed 5300000 reads
2023-05-03 12:41:36,434 INFO Parsed 5400000 reads
2023-05-03 12:41:39,865 INFO Parsed 5500000 reads
2023-05-03 12:41:43,427 INFO Parsed 5600000 reads
2023-05-03 12:41:46,951 INFO Parsed 5700000 reads
2023-05-03 12:41:50,588 INFO Parsed 5800000 reads
2023-05-03 12:41:54,344 INFO Parsed 5900000 reads
2023-05-03 12:41:57,902 INFO Parsed 6000000 reads
2023-05-03 12:42:01,651 INFO Parsed 6100000 reads
2023-05-03 12:42:05,237 INFO Parsed 6200000 reads
2023-05-03 12:42:08,743 INFO Parsed 6300000 reads
2023-05-03 12:42:12,178 INFO Parsed 6400000 reads
2023-05-03 12:42:15,520 INFO Parsed 6500000 reads
2023-05-03 12:42:18,843 INFO Parsed 6600000 reads
2023-05-03 12:42:22,242 INFO Parsed 6700000 reads
2023-05-03 12:42:25,863 INFO Parsed 6800000 reads
2023-05-03 12:42:29,350 INFO Parsed 6900000 reads
2023-05-03 12:42:32,711 INFO Parsed 7000000 reads
2023-05-03 12:42:36,044 INFO Parsed 7100000 reads
2023-05-03 12:42:39,459 INFO Parsed 7200000 reads
2023-05-03 12:42:42,995 INFO Parsed 7300000 reads
2023-05-03 12:42:46,568 INFO Parsed 7400000 reads
2023-05-03 12:42:50,119 INFO Parsed 7500000 reads
2023-05-03 12:42:53,620 INFO Parsed 7600000 reads
2023-05-03 12:42:57,598 INFO Parsed 7700000 reads
2023-05-03 12:43:01,236 INFO Parsed 7800000 reads
2023-05-03 12:43:04,878 INFO Parsed 7900000 reads
2023-05-03 12:43:08,468 INFO Parsed 8000000 reads
2023-05-03 12:43:12,086 INFO Parsed 8100000 reads
2023-05-03 12:43:15,758 INFO Parsed 8200000 reads
2023-05-03 12:43:19,384 INFO Parsed 8300000 reads
2023-05-03 12:43:23,079 INFO Parsed 8400000 reads
2023-05-03 12:43:26,792 INFO Parsed 8500000 reads
2023-05-03 12:43:30,530 INFO Parsed 8600000 reads
2023-05-03 12:43:34,210 INFO Parsed 8700000 reads
2023-05-03 12:43:37,835 INFO Parsed 8800000 reads
2023-05-03 12:43:41,383 INFO Parsed 8900000 reads
2023-05-03 12:43:44,946 INFO Parsed 9000000 reads
2023-05-03 12:43:48,561 INFO Parsed 9100000 reads
2023-05-03 12:43:52,066 INFO Parsed 9200000 reads
2023-05-03 12:43:55,500 INFO Parsed 9300000 reads
2023-05-03 12:43:58,829 INFO Parsed 9400000 reads
2023-05-03 12:44:02,171 INFO Parsed 9500000 reads
2023-05-03 12:44:05,544 INFO Parsed 9600000 reads
2023-05-03 12:44:08,958 INFO Parsed 9700000 reads
2023-05-03 12:44:12,614 INFO Parsed 9800000 reads
2023-05-03 12:44:16,189 INFO Parsed 9900000 reads
2023-05-03 12:44:19,627 INFO Parsed 10000000 reads
2023-05-03 12:44:21,407 INFO Input Reads: 10050581
2023-05-03 12:44:21,407 INFO regex matches read1: 8774373
2023-05-03 12:44:21,407 INFO Reads output: 8774373
2023-05-03 12:44:21,407 INFO regex does not match read1: 1276208
# job finished in 354 seconds at Wed May  3 12:44:21 2023 -- 353.82  1.42  0.00  0.00 -- 64fde3f4-ac5c-43ac-885d-a903262f9da3
[Wed May  3 12:44:21 2023]
Finished job 0.
1 of 1 steps (100%) done
[Wed May  3 12:44:22 2023]
Finished job 0.
1 of 1 steps (100%) done
