Building DAG of jobs...
Using shell: /usr/bin/bash
Provided cores: 8
Rules claiming more threads will be scaled down.
Provided resources: mem_mb=8192, mem_mib=7813, disk_mb=2006, disk_mib=1914
Select jobs to execute...
Building DAG of jobs...
Using shell: /usr/bin/bash
Provided cores: 8
Rules claiming more threads will be scaled down.
Provided resources: mem_mb=8192, mem_mib=7813, disk_mb=2006, disk_mib=1914
Select jobs to execute...

[Wed May  3 12:38:24 2023]
rule extract_umis:
    input: results/reads/164_MSI_R1.fastq.gz
    output: results/reads/umis/164_MSI_R1.fastq.gz
    log: logs/extract_umis/164_MSI.log
    jobid: 0
    reason: Missing output files: results/reads/umis/164_MSI_R1.fastq.gz
    wildcards: sample=164_MSI
    threads: 8
    resources: mem_mb=8192, mem_mib=7813, disk_mb=2006, disk_mib=1914, tmpdir=/tmp, runtime=60

# UMI-tools version: 1.1.4
# output generated by extract --random-seed 1234 --extract-method=regex --bc-pattern=(?P<umi_1>.{6})(?P<discard_1>TATA).* -I results/reads/164_MSI_R1.fastq.gz -S results/reads/umis/164_MSI_R1.fastq.gz
# job started at Wed May  3 12:38:25 2023 on bc004 -- c462ecca-1ee3-49f7-8122-fd7e95ce9918
# pid: 1467236, system: Linux 4.18.0-193.19.1.el8_2.x86_64 #1 SMP Mon Sep 14 14:37:00 UTC 2020 x86_64
# blacklist                               : None
# compresslevel                           : 6
# correct_umi_threshold                   : 0
# either_read                             : False
# either_read_resolve                     : discard
# error_correct_cell                      : False
# extract_method                          : regex
# filter_cell_barcode                     : None
# filter_cell_barcodes                    : False
# filter_umi                              : None
# filtered_out                            : None
# filtered_out2                           : None
# ignore_suffix                           : False
# log2stderr                              : False
# loglevel                                : 1
# pattern                                 : (?P<umi_1>.{6})(?P<discard_1>TATA).*
# pattern2                                : None
# prime3                                  : None
# quality_encoding                        : None
# quality_filter_mask                     : None
# quality_filter_threshold                : None
# random_seed                             : 1234
# read2_in                                : None
# read2_out                               : False
# read2_stdout                            : False
# reads_subset                            : None
# reconcile                               : False
# retain_umi                              : None
# short_help                              : None
# stderr                                  : <_io.TextIOWrapper name='<stderr>' mode='w' encoding='utf-8'>
# stdin                                   : <_io.TextIOWrapper name='results/reads/164_MSI_R1.fastq.gz' encoding='ascii'>
# stdlog                                  : <_io.TextIOWrapper name='<stdout>' mode='w' encoding='utf-8'>
# stdout                                  : <_io.TextIOWrapper name='results/reads/umis/164_MSI_R1.fastq.gz' encoding='ascii'>
# timeit_file                             : None
# timeit_header                           : None
# timeit_name                             : all
# tmpdir                                  : None
# umi_correct_log                         : None
# umi_separator                           : _
# umi_whitelist                           : None
# umi_whitelist_paired                    : None
# whitelist                               : None
2023-05-03 12:38:25,610 INFO Starting barcode extraction
2023-05-03 12:38:29,128 INFO Parsed 100000 reads
2023-05-03 12:38:32,620 INFO Parsed 200000 reads
2023-05-03 12:38:36,081 INFO Parsed 300000 reads
2023-05-03 12:38:39,531 INFO Parsed 400000 reads
2023-05-03 12:38:42,966 INFO Parsed 500000 reads
2023-05-03 12:38:46,407 INFO Parsed 600000 reads
2023-05-03 12:38:49,845 INFO Parsed 700000 reads
2023-05-03 12:38:53,281 INFO Parsed 800000 reads
2023-05-03 12:38:56,763 INFO Parsed 900000 reads
2023-05-03 12:39:00,242 INFO Parsed 1000000 reads
2023-05-03 12:39:03,694 INFO Parsed 1100000 reads
2023-05-03 12:39:07,136 INFO Parsed 1200000 reads
2023-05-03 12:39:10,572 INFO Parsed 1300000 reads
2023-05-03 12:39:14,007 INFO Parsed 1400000 reads
2023-05-03 12:39:17,452 INFO Parsed 1500000 reads
2023-05-03 12:39:20,901 INFO Parsed 1600000 reads
2023-05-03 12:39:24,373 INFO Parsed 1700000 reads
2023-05-03 12:39:27,853 INFO Parsed 1800000 reads
2023-05-03 12:39:31,313 INFO Parsed 1900000 reads
2023-05-03 12:39:34,762 INFO Parsed 2000000 reads
2023-05-03 12:39:38,197 INFO Parsed 2100000 reads
2023-05-03 12:39:41,649 INFO Parsed 2200000 reads
2023-05-03 12:39:45,087 INFO Parsed 2300000 reads
2023-05-03 12:39:48,526 INFO Parsed 2400000 reads
2023-05-03 12:39:52,006 INFO Parsed 2500000 reads
2023-05-03 12:39:55,477 INFO Parsed 2600000 reads
2023-05-03 12:39:58,924 INFO Parsed 2700000 reads
2023-05-03 12:40:02,378 INFO Parsed 2800000 reads
2023-05-03 12:40:05,808 INFO Parsed 2900000 reads
2023-05-03 12:40:09,242 INFO Parsed 3000000 reads
2023-05-03 12:40:12,680 INFO Parsed 3100000 reads
2023-05-03 12:40:16,112 INFO Parsed 3200000 reads
2023-05-03 12:40:19,569 INFO Parsed 3300000 reads
2023-05-03 12:40:23,036 INFO Parsed 3400000 reads
2023-05-03 12:40:26,484 INFO Parsed 3500000 reads
2023-05-03 12:40:29,910 INFO Parsed 3600000 reads
2023-05-03 12:40:33,340 INFO Parsed 3700000 reads
2023-05-03 12:40:36,832 INFO Parsed 3800000 reads
2023-05-03 12:40:40,272 INFO Parsed 3900000 reads
2023-05-03 12:40:43,713 INFO Parsed 4000000 reads
2023-05-03 12:40:47,175 INFO Parsed 4100000 reads
2023-05-03 12:40:50,626 INFO Parsed 4200000 reads
2023-05-03 12:40:54,079 INFO Parsed 4300000 reads
2023-05-03 12:40:57,528 INFO Parsed 4400000 reads
2023-05-03 12:41:00,962 INFO Parsed 4500000 reads
2023-05-03 12:41:04,398 INFO Parsed 4600000 reads
2023-05-03 12:41:07,840 INFO Parsed 4700000 reads
2023-05-03 12:41:11,266 INFO Parsed 4800000 reads
2023-05-03 12:41:14,744 INFO Parsed 4900000 reads
2023-05-03 12:41:18,247 INFO Parsed 5000000 reads
2023-05-03 12:41:21,739 INFO Parsed 5100000 reads
2023-05-03 12:41:25,229 INFO Parsed 5200000 reads
2023-05-03 12:41:28,710 INFO Parsed 5300000 reads
2023-05-03 12:41:32,204 INFO Parsed 5400000 reads
2023-05-03 12:41:35,686 INFO Parsed 5500000 reads
2023-05-03 12:41:39,162 INFO Parsed 5600000 reads
2023-05-03 12:41:42,655 INFO Parsed 5700000 reads
2023-05-03 12:41:46,148 INFO Parsed 5800000 reads
2023-05-03 12:41:49,651 INFO Parsed 5900000 reads
2023-05-03 12:41:53,150 INFO Parsed 6000000 reads
2023-05-03 12:41:56,622 INFO Parsed 6100000 reads
2023-05-03 12:42:00,157 INFO Parsed 6200000 reads
2023-05-03 12:42:03,662 INFO Parsed 6300000 reads
2023-05-03 12:42:07,131 INFO Parsed 6400000 reads
2023-05-03 12:42:10,616 INFO Parsed 6500000 reads
2023-05-03 12:42:14,106 INFO Parsed 6600000 reads
2023-05-03 12:42:17,590 INFO Parsed 6700000 reads
2023-05-03 12:42:21,073 INFO Parsed 6800000 reads
2023-05-03 12:42:24,575 INFO Parsed 6900000 reads
2023-05-03 12:42:28,067 INFO Parsed 7000000 reads
2023-05-03 12:42:31,560 INFO Parsed 7100000 reads
2023-05-03 12:42:35,048 INFO Parsed 7200000 reads
2023-05-03 12:42:38,537 INFO Parsed 7300000 reads
2023-05-03 12:42:42,022 INFO Parsed 7400000 reads
2023-05-03 12:42:45,507 INFO Parsed 7500000 reads
2023-05-03 12:42:48,980 INFO Parsed 7600000 reads
2023-05-03 12:42:52,449 INFO Parsed 7700000 reads
2023-05-03 12:42:55,937 INFO Parsed 7800000 reads
2023-05-03 12:42:59,388 INFO Parsed 7900000 reads
2023-05-03 12:43:02,884 INFO Parsed 8000000 reads
2023-05-03 12:43:06,377 INFO Parsed 8100000 reads
2023-05-03 12:43:09,872 INFO Parsed 8200000 reads
2023-05-03 12:43:13,364 INFO Parsed 8300000 reads
2023-05-03 12:43:16,839 INFO Parsed 8400000 reads
2023-05-03 12:43:20,342 INFO Parsed 8500000 reads
2023-05-03 12:43:23,828 INFO Parsed 8600000 reads
2023-05-03 12:43:27,399 INFO Parsed 8700000 reads
2023-05-03 12:43:30,895 INFO Parsed 8800000 reads
2023-05-03 12:43:34,394 INFO Parsed 8900000 reads
2023-05-03 12:43:37,877 INFO Parsed 9000000 reads
2023-05-03 12:43:41,356 INFO Parsed 9100000 reads
2023-05-03 12:43:44,825 INFO Parsed 9200000 reads
2023-05-03 12:43:48,309 INFO Parsed 9300000 reads
2023-05-03 12:43:51,785 INFO Parsed 9400000 reads
2023-05-03 12:43:55,263 INFO Parsed 9500000 reads
2023-05-03 12:43:58,707 INFO Parsed 9600000 reads
2023-05-03 12:44:02,162 INFO Parsed 9700000 reads
2023-05-03 12:44:05,619 INFO Parsed 9800000 reads
2023-05-03 12:44:09,093 INFO Parsed 9900000 reads
2023-05-03 12:44:12,577 INFO Parsed 10000000 reads
2023-05-03 12:44:16,084 INFO Parsed 10100000 reads
2023-05-03 12:44:19,558 INFO Parsed 10200000 reads
2023-05-03 12:44:23,008 INFO Parsed 10300000 reads
2023-05-03 12:44:26,440 INFO Parsed 10400000 reads
2023-05-03 12:44:29,870 INFO Parsed 10500000 reads
2023-05-03 12:44:33,326 INFO Parsed 10600000 reads
2023-05-03 12:44:36,782 INFO Parsed 10700000 reads
2023-05-03 12:44:40,224 INFO Parsed 10800000 reads
2023-05-03 12:44:43,706 INFO Parsed 10900000 reads
2023-05-03 12:44:47,193 INFO Parsed 11000000 reads
2023-05-03 12:44:50,689 INFO Parsed 11100000 reads
2023-05-03 12:44:54,150 INFO Parsed 11200000 reads
2023-05-03 12:44:57,598 INFO Parsed 11300000 reads
2023-05-03 12:45:01,041 INFO Parsed 11400000 reads
2023-05-03 12:45:04,521 INFO Parsed 11500000 reads
2023-05-03 12:45:07,979 INFO Parsed 11600000 reads
2023-05-03 12:45:11,448 INFO Parsed 11700000 reads
2023-05-03 12:45:14,925 INFO Parsed 11800000 reads
2023-05-03 12:45:18,390 INFO Parsed 11900000 reads
2023-05-03 12:45:21,845 INFO Parsed 12000000 reads
2023-05-03 12:45:25,284 INFO Parsed 12100000 reads
2023-05-03 12:45:28,732 INFO Parsed 12200000 reads
2023-05-03 12:45:32,199 INFO Parsed 12300000 reads
2023-05-03 12:45:35,659 INFO Parsed 12400000 reads
2023-05-03 12:45:39,112 INFO Parsed 12500000 reads
2023-05-03 12:45:42,560 INFO Parsed 12600000 reads
2023-05-03 12:45:46,009 INFO Parsed 12700000 reads
2023-05-03 12:45:49,457 INFO Parsed 12800000 reads
2023-05-03 12:45:52,904 INFO Parsed 12900000 reads
2023-05-03 12:45:56,341 INFO Parsed 13000000 reads
2023-05-03 12:45:59,794 INFO Parsed 13100000 reads
2023-05-03 12:46:03,241 INFO Parsed 13200000 reads
2023-05-03 12:46:06,690 INFO Parsed 13300000 reads
2023-05-03 12:46:10,148 INFO Parsed 13400000 reads
2023-05-03 12:46:13,589 INFO Parsed 13500000 reads
2023-05-03 12:46:17,035 INFO Parsed 13600000 reads
2023-05-03 12:46:20,489 INFO Parsed 13700000 reads
2023-05-03 12:46:23,927 INFO Parsed 13800000 reads
2023-05-03 12:46:27,395 INFO Parsed 13900000 reads
2023-05-03 12:46:30,867 INFO Parsed 14000000 reads
2023-05-03 12:46:34,337 INFO Parsed 14100000 reads
2023-05-03 12:46:37,801 INFO Parsed 14200000 reads
2023-05-03 12:46:41,258 INFO Parsed 14300000 reads
2023-05-03 12:46:44,711 INFO Parsed 14400000 reads
2023-05-03 12:46:48,209 INFO Parsed 14500000 reads
2023-05-03 12:46:51,657 INFO Parsed 14600000 reads
2023-05-03 12:46:55,141 INFO Parsed 14700000 reads
2023-05-03 12:46:58,613 INFO Parsed 14800000 reads
2023-05-03 12:47:02,149 INFO Parsed 14900000 reads
2023-05-03 12:47:05,619 INFO Parsed 15000000 reads
2023-05-03 12:47:09,090 INFO Parsed 15100000 reads
2023-05-03 12:47:12,551 INFO Parsed 15200000 reads
2023-05-03 12:47:16,021 INFO Parsed 15300000 reads
2023-05-03 12:47:19,536 INFO Parsed 15400000 reads
2023-05-03 12:47:23,023 INFO Parsed 15500000 reads
2023-05-03 12:47:26,543 INFO Parsed 15600000 reads
2023-05-03 12:47:30,072 INFO Parsed 15700000 reads
2023-05-03 12:47:33,542 INFO Parsed 15800000 reads
2023-05-03 12:47:37,012 INFO Parsed 15900000 reads
2023-05-03 12:47:40,581 INFO Parsed 16000000 reads
2023-05-03 12:47:44,255 INFO Parsed 16100000 reads
2023-05-03 12:47:47,895 INFO Parsed 16200000 reads
2023-05-03 12:47:51,787 INFO Parsed 16300000 reads
2023-05-03 12:47:55,656 INFO Parsed 16400000 reads
2023-05-03 12:47:59,318 INFO Parsed 16500000 reads
2023-05-03 12:48:02,959 INFO Parsed 16600000 reads
2023-05-03 12:48:06,537 INFO Parsed 16700000 reads
2023-05-03 12:48:10,040 INFO Parsed 16800000 reads
2023-05-03 12:48:13,511 INFO Parsed 16900000 reads
2023-05-03 12:48:16,962 INFO Parsed 17000000 reads
2023-05-03 12:48:20,417 INFO Parsed 17100000 reads
2023-05-03 12:48:24,095 INFO Parsed 17200000 reads
2023-05-03 12:48:27,552 INFO Parsed 17300000 reads
2023-05-03 12:48:31,010 INFO Parsed 17400000 reads
2023-05-03 12:48:34,473 INFO Parsed 17500000 reads
2023-05-03 12:48:38,245 INFO Parsed 17600000 reads
2023-05-03 12:48:41,707 INFO Parsed 17700000 reads
2023-05-03 12:48:45,181 INFO Parsed 17800000 reads
2023-05-03 12:48:48,652 INFO Parsed 17900000 reads
2023-05-03 12:48:52,327 INFO Parsed 18000000 reads
2023-05-03 12:48:56,037 INFO Parsed 18100000 reads
2023-05-03 12:48:59,675 INFO Parsed 18200000 reads
2023-05-03 12:49:03,347 INFO Parsed 18300000 reads
2023-05-03 12:49:07,008 INFO Parsed 18400000 reads
2023-05-03 12:49:10,688 INFO Parsed 18500000 reads
2023-05-03 12:49:14,508 INFO Parsed 18600000 reads
2023-05-03 12:49:18,257 INFO Parsed 18700000 reads
2023-05-03 12:49:21,712 INFO Parsed 18800000 reads
2023-05-03 12:49:25,161 INFO Parsed 18900000 reads
2023-05-03 12:49:28,623 INFO Parsed 19000000 reads
2023-05-03 12:49:32,245 INFO Parsed 19100000 reads
2023-05-03 12:49:36,287 INFO Input Reads: 19199519
2023-05-03 12:49:36,287 INFO regex matches read1: 16357253
2023-05-03 12:49:36,287 INFO Reads output: 16357253
2023-05-03 12:49:36,287 INFO regex does not match read1: 2842266
# job finished in 670 seconds at Wed May  3 12:49:36 2023 -- 668.90  1.67  0.00  0.00 -- c462ecca-1ee3-49f7-8122-fd7e95ce9918
[Wed May  3 12:49:36 2023]
Finished job 0.
1 of 1 steps (100%) done
[Wed May  3 12:49:37 2023]
Finished job 0.
1 of 1 steps (100%) done
