Building DAG of jobs...
Using shell: /usr/bin/bash
Provided cores: 8
Rules claiming more threads will be scaled down.
Provided resources: mem_mb=8192, mem_mib=7813, disk_mb=1532, disk_mib=1462
Select jobs to execute...
Building DAG of jobs...
Using shell: /usr/bin/bash
Provided cores: 8
Rules claiming more threads will be scaled down.
Provided resources: mem_mb=8192, mem_mib=7813, disk_mb=1532, disk_mib=1462
Select jobs to execute...

[Wed May  3 12:38:35 2023]
rule extract_umis:
    input: results/reads/182_MSI_R1.fastq.gz
    output: results/reads/umis/182_MSI_R1.fastq.gz
    log: logs/extract_umis/182_MSI.log
    jobid: 0
    reason: Missing output files: results/reads/umis/182_MSI_R1.fastq.gz
    wildcards: sample=182_MSI
    threads: 8
    resources: mem_mb=8192, mem_mib=7813, disk_mb=1532, disk_mib=1462, tmpdir=/tmp, runtime=60

# UMI-tools version: 1.1.4
# output generated by extract --random-seed 1234 --extract-method=regex --bc-pattern=(?P<umi_1>.{6})(?P<discard_1>TATA).* -I results/reads/182_MSI_R1.fastq.gz -S results/reads/umis/182_MSI_R1.fastq.gz
# job started at Wed May  3 12:38:36 2023 on bc006 -- 90598af9-80c6-45b8-b006-d650144596b1
# pid: 318981, system: Linux 4.18.0-193.19.1.el8_2.x86_64 #1 SMP Mon Sep 14 14:37:00 UTC 2020 x86_64
# blacklist                               : None
# compresslevel                           : 6
# correct_umi_threshold                   : 0
# either_read                             : False
# either_read_resolve                     : discard
# error_correct_cell                      : False
# extract_method                          : regex
# filter_cell_barcode                     : None
# filter_cell_barcodes                    : False
# filter_umi                              : None
# filtered_out                            : None
# filtered_out2                           : None
# ignore_suffix                           : False
# log2stderr                              : False
# loglevel                                : 1
# pattern                                 : (?P<umi_1>.{6})(?P<discard_1>TATA).*
# pattern2                                : None
# prime3                                  : None
# quality_encoding                        : None
# quality_filter_mask                     : None
# quality_filter_threshold                : None
# random_seed                             : 1234
# read2_in                                : None
# read2_out                               : False
# read2_stdout                            : False
# reads_subset                            : None
# reconcile                               : False
# retain_umi                              : None
# short_help                              : None
# stderr                                  : <_io.TextIOWrapper name='<stderr>' mode='w' encoding='utf-8'>
# stdin                                   : <_io.TextIOWrapper name='results/reads/182_MSI_R1.fastq.gz' encoding='ascii'>
# stdlog                                  : <_io.TextIOWrapper name='<stdout>' mode='w' encoding='utf-8'>
# stdout                                  : <_io.TextIOWrapper name='results/reads/umis/182_MSI_R1.fastq.gz' encoding='ascii'>
# timeit_file                             : None
# timeit_header                           : None
# timeit_name                             : all
# tmpdir                                  : None
# umi_correct_log                         : None
# umi_separator                           : _
# umi_whitelist                           : None
# umi_whitelist_paired                    : None
# whitelist                               : None
2023-05-03 12:38:36,893 INFO Starting barcode extraction
2023-05-03 12:38:40,247 INFO Parsed 100000 reads
2023-05-03 12:38:43,532 INFO Parsed 200000 reads
2023-05-03 12:38:46,831 INFO Parsed 300000 reads
2023-05-03 12:38:50,129 INFO Parsed 400000 reads
2023-05-03 12:38:53,420 INFO Parsed 500000 reads
2023-05-03 12:38:56,714 INFO Parsed 600000 reads
2023-05-03 12:38:59,991 INFO Parsed 700000 reads
2023-05-03 12:39:03,263 INFO Parsed 800000 reads
2023-05-03 12:39:06,566 INFO Parsed 900000 reads
2023-05-03 12:39:09,853 INFO Parsed 1000000 reads
2023-05-03 12:39:13,149 INFO Parsed 1100000 reads
2023-05-03 12:39:16,448 INFO Parsed 1200000 reads
2023-05-03 12:39:19,729 INFO Parsed 1300000 reads
2023-05-03 12:39:22,997 INFO Parsed 1400000 reads
2023-05-03 12:39:26,287 INFO Parsed 1500000 reads
2023-05-03 12:39:29,584 INFO Parsed 1600000 reads
2023-05-03 12:39:32,874 INFO Parsed 1700000 reads
2023-05-03 12:39:36,166 INFO Parsed 1800000 reads
2023-05-03 12:39:39,446 INFO Parsed 1900000 reads
2023-05-03 12:39:42,736 INFO Parsed 2000000 reads
2023-05-03 12:39:46,021 INFO Parsed 2100000 reads
2023-05-03 12:39:49,329 INFO Parsed 2200000 reads
2023-05-03 12:39:52,643 INFO Parsed 2300000 reads
2023-05-03 12:39:55,962 INFO Parsed 2400000 reads
2023-05-03 12:39:59,272 INFO Parsed 2500000 reads
2023-05-03 12:40:02,566 INFO Parsed 2600000 reads
2023-05-03 12:40:05,840 INFO Parsed 2700000 reads
2023-05-03 12:40:09,126 INFO Parsed 2800000 reads
2023-05-03 12:40:12,415 INFO Parsed 2900000 reads
2023-05-03 12:40:15,714 INFO Parsed 3000000 reads
2023-05-03 12:40:19,004 INFO Parsed 3100000 reads
2023-05-03 12:40:22,291 INFO Parsed 3200000 reads
2023-05-03 12:40:25,584 INFO Parsed 3300000 reads
2023-05-03 12:40:28,875 INFO Parsed 3400000 reads
2023-05-03 12:40:32,190 INFO Parsed 3500000 reads
2023-05-03 12:40:35,498 INFO Parsed 3600000 reads
2023-05-03 12:40:38,806 INFO Parsed 3700000 reads
2023-05-03 12:40:42,102 INFO Parsed 3800000 reads
2023-05-03 12:40:45,398 INFO Parsed 3900000 reads
2023-05-03 12:40:48,680 INFO Parsed 4000000 reads
2023-05-03 12:40:51,971 INFO Parsed 4100000 reads
2023-05-03 12:40:55,252 INFO Parsed 4200000 reads
2023-05-03 12:40:58,529 INFO Parsed 4300000 reads
2023-05-03 12:41:01,812 INFO Parsed 4400000 reads
2023-05-03 12:41:05,118 INFO Parsed 4500000 reads
2023-05-03 12:41:08,405 INFO Parsed 4600000 reads
2023-05-03 12:41:11,699 INFO Parsed 4700000 reads
2023-05-03 12:41:14,991 INFO Parsed 4800000 reads
2023-05-03 12:41:18,279 INFO Parsed 4900000 reads
2023-05-03 12:41:21,567 INFO Parsed 5000000 reads
2023-05-03 12:41:24,857 INFO Parsed 5100000 reads
2023-05-03 12:41:28,137 INFO Parsed 5200000 reads
2023-05-03 12:41:31,429 INFO Parsed 5300000 reads
2023-05-03 12:41:34,719 INFO Parsed 5400000 reads
2023-05-03 12:41:38,016 INFO Parsed 5500000 reads
2023-05-03 12:41:41,280 INFO Parsed 5600000 reads
2023-05-03 12:41:44,573 INFO Parsed 5700000 reads
2023-05-03 12:41:47,856 INFO Parsed 5800000 reads
2023-05-03 12:41:51,152 INFO Parsed 5900000 reads
2023-05-03 12:41:54,443 INFO Parsed 6000000 reads
2023-05-03 12:41:57,737 INFO Parsed 6100000 reads
2023-05-03 12:42:01,085 INFO Parsed 6200000 reads
2023-05-03 12:42:04,368 INFO Parsed 6300000 reads
2023-05-03 12:42:07,655 INFO Parsed 6400000 reads
2023-05-03 12:42:10,942 INFO Parsed 6500000 reads
2023-05-03 12:42:14,245 INFO Parsed 6600000 reads
2023-05-03 12:42:17,540 INFO Parsed 6700000 reads
2023-05-03 12:42:20,833 INFO Parsed 6800000 reads
2023-05-03 12:42:24,130 INFO Parsed 6900000 reads
2023-05-03 12:42:27,410 INFO Parsed 7000000 reads
2023-05-03 12:42:30,677 INFO Parsed 7100000 reads
2023-05-03 12:42:33,975 INFO Parsed 7200000 reads
2023-05-03 12:42:37,263 INFO Parsed 7300000 reads
2023-05-03 12:42:40,537 INFO Parsed 7400000 reads
2023-05-03 12:42:43,812 INFO Parsed 7500000 reads
2023-05-03 12:42:47,084 INFO Parsed 7600000 reads
2023-05-03 12:42:50,378 INFO Parsed 7700000 reads
2023-05-03 12:42:53,668 INFO Parsed 7800000 reads
2023-05-03 12:42:56,961 INFO Parsed 7900000 reads
2023-05-03 12:43:00,271 INFO Parsed 8000000 reads
2023-05-03 12:43:03,535 INFO Parsed 8100000 reads
2023-05-03 12:43:06,835 INFO Parsed 8200000 reads
2023-05-03 12:43:10,129 INFO Parsed 8300000 reads
2023-05-03 12:43:13,416 INFO Parsed 8400000 reads
2023-05-03 12:43:16,727 INFO Parsed 8500000 reads
2023-05-03 12:43:20,030 INFO Parsed 8600000 reads
2023-05-03 12:43:23,330 INFO Parsed 8700000 reads
2023-05-03 12:43:26,607 INFO Parsed 8800000 reads
2023-05-03 12:43:29,897 INFO Parsed 8900000 reads
2023-05-03 12:43:33,180 INFO Parsed 9000000 reads
2023-05-03 12:43:36,468 INFO Parsed 9100000 reads
2023-05-03 12:43:39,767 INFO Parsed 9200000 reads
2023-05-03 12:43:43,062 INFO Parsed 9300000 reads
2023-05-03 12:43:46,448 INFO Parsed 9400000 reads
2023-05-03 12:43:49,738 INFO Parsed 9500000 reads
2023-05-03 12:43:53,026 INFO Parsed 9600000 reads
2023-05-03 12:43:56,312 INFO Parsed 9700000 reads
2023-05-03 12:43:59,614 INFO Parsed 9800000 reads
2023-05-03 12:44:02,921 INFO Parsed 9900000 reads
2023-05-03 12:44:06,199 INFO Parsed 10000000 reads
2023-05-03 12:44:09,483 INFO Parsed 10100000 reads
2023-05-03 12:44:12,783 INFO Parsed 10200000 reads
2023-05-03 12:44:15,995 INFO Parsed 10300000 reads
2023-05-03 12:44:19,233 INFO Parsed 10400000 reads
2023-05-03 12:44:22,542 INFO Parsed 10500000 reads
2023-05-03 12:44:25,843 INFO Parsed 10600000 reads
2023-05-03 12:44:29,110 INFO Parsed 10700000 reads
2023-05-03 12:44:32,404 INFO Parsed 10800000 reads
2023-05-03 12:44:35,700 INFO Parsed 10900000 reads
2023-05-03 12:44:38,997 INFO Parsed 11000000 reads
2023-05-03 12:44:42,305 INFO Parsed 11100000 reads
2023-05-03 12:44:45,615 INFO Parsed 11200000 reads
2023-05-03 12:44:48,911 INFO Parsed 11300000 reads
2023-05-03 12:44:52,201 INFO Parsed 11400000 reads
2023-05-03 12:44:55,491 INFO Parsed 11500000 reads
2023-05-03 12:44:58,765 INFO Parsed 11600000 reads
2023-05-03 12:45:02,294 INFO Parsed 11700000 reads
2023-05-03 12:45:05,584 INFO Parsed 11800000 reads
2023-05-03 12:45:08,870 INFO Parsed 11900000 reads
2023-05-03 12:45:12,147 INFO Parsed 12000000 reads
2023-05-03 12:45:15,427 INFO Parsed 12100000 reads
2023-05-03 12:45:18,705 INFO Parsed 12200000 reads
2023-05-03 12:45:22,002 INFO Parsed 12300000 reads
2023-05-03 12:45:25,312 INFO Parsed 12400000 reads
2023-05-03 12:45:28,657 INFO Parsed 12500000 reads
2023-05-03 12:45:31,997 INFO Parsed 12600000 reads
2023-05-03 12:45:35,424 INFO Parsed 12700000 reads
2023-05-03 12:45:38,870 INFO Parsed 12800000 reads
2023-05-03 12:45:42,259 INFO Parsed 12900000 reads
2023-05-03 12:45:45,714 INFO Parsed 13000000 reads
2023-05-03 12:45:49,207 INFO Parsed 13100000 reads
2023-05-03 12:45:52,702 INFO Parsed 13200000 reads
2023-05-03 12:45:56,133 INFO Parsed 13300000 reads
2023-05-03 12:45:59,455 INFO Parsed 13400000 reads
2023-05-03 12:46:02,729 INFO Parsed 13500000 reads
2023-05-03 12:46:06,001 INFO Parsed 13600000 reads
2023-05-03 12:46:09,303 INFO Parsed 13700000 reads
2023-05-03 12:46:12,599 INFO Parsed 13800000 reads
2023-05-03 12:46:15,876 INFO Parsed 13900000 reads
2023-05-03 12:46:19,158 INFO Parsed 14000000 reads
2023-05-03 12:46:22,437 INFO Parsed 14100000 reads
2023-05-03 12:46:25,718 INFO Parsed 14200000 reads
2023-05-03 12:46:29,010 INFO Parsed 14300000 reads
2023-05-03 12:46:32,310 INFO Parsed 14400000 reads
2023-05-03 12:46:35,724 INFO Parsed 14500000 reads
2023-05-03 12:46:39,145 INFO Parsed 14600000 reads
2023-05-03 12:46:42,579 INFO Parsed 14700000 reads
2023-05-03 12:46:46,046 INFO Parsed 14800000 reads
2023-05-03 12:46:49,485 INFO Parsed 14900000 reads
2023-05-03 12:46:52,933 INFO Parsed 15000000 reads
2023-05-03 12:46:56,227 INFO Parsed 15100000 reads
2023-05-03 12:46:59,508 INFO Parsed 15200000 reads
2023-05-03 12:47:02,341 INFO Input Reads: 15280996
2023-05-03 12:47:02,341 INFO regex matches read1: 13004327
2023-05-03 12:47:02,341 INFO Reads output: 13004327
2023-05-03 12:47:02,341 INFO regex does not match read1: 2276669
# job finished in 505 seconds at Wed May  3 12:47:02 2023 -- 504.35  1.71  0.00  0.00 -- 90598af9-80c6-45b8-b006-d650144596b1
[Wed May  3 12:47:02 2023]
Finished job 0.
1 of 1 steps (100%) done
[Wed May  3 12:47:04 2023]
Finished job 0.
1 of 1 steps (100%) done
