Building DAG of jobs...
Using shell: /usr/bin/bash
Provided cores: 8
Rules claiming more threads will be scaled down.
Provided resources: mem_mb=8192, mem_mib=7813, disk_mb=1601, disk_mib=1527
Select jobs to execute...
Building DAG of jobs...
Using shell: /usr/bin/bash
Provided cores: 8
Rules claiming more threads will be scaled down.
Provided resources: mem_mb=8192, mem_mib=7813, disk_mb=1601, disk_mib=1527
Select jobs to execute...

[Wed May  3 12:39:11 2023]
rule extract_umis:
    input: results/reads/121_MSI_R1.fastq.gz
    output: results/reads/umis/121_MSI_R1.fastq.gz
    log: logs/extract_umis/121_MSI.log
    jobid: 0
    reason: Missing output files: results/reads/umis/121_MSI_R1.fastq.gz
    wildcards: sample=121_MSI
    threads: 8
    resources: mem_mb=8192, mem_mib=7813, disk_mb=1601, disk_mib=1527, tmpdir=/tmp, runtime=60

# UMI-tools version: 1.1.4
# output generated by extract --random-seed 1234 --extract-method=regex --bc-pattern=(?P<umi_1>.{6})(?P<discard_1>TATA).* -I results/reads/121_MSI_R1.fastq.gz -S results/reads/umis/121_MSI_R1.fastq.gz
# job started at Wed May  3 12:39:12 2023 on bc005 -- d344e273-5119-4abd-b391-6c211bbb1993
# pid: 1878892, system: Linux 4.18.0-193.19.1.el8_2.x86_64 #1 SMP Mon Sep 14 14:37:00 UTC 2020 x86_64
# blacklist                               : None
# compresslevel                           : 6
# correct_umi_threshold                   : 0
# either_read                             : False
# either_read_resolve                     : discard
# error_correct_cell                      : False
# extract_method                          : regex
# filter_cell_barcode                     : None
# filter_cell_barcodes                    : False
# filter_umi                              : None
# filtered_out                            : None
# filtered_out2                           : None
# ignore_suffix                           : False
# log2stderr                              : False
# loglevel                                : 1
# pattern                                 : (?P<umi_1>.{6})(?P<discard_1>TATA).*
# pattern2                                : None
# prime3                                  : None
# quality_encoding                        : None
# quality_filter_mask                     : None
# quality_filter_threshold                : None
# random_seed                             : 1234
# read2_in                                : None
# read2_out                               : False
# read2_stdout                            : False
# reads_subset                            : None
# reconcile                               : False
# retain_umi                              : None
# short_help                              : None
# stderr                                  : <_io.TextIOWrapper name='<stderr>' mode='w' encoding='utf-8'>
# stdin                                   : <_io.TextIOWrapper name='results/reads/121_MSI_R1.fastq.gz' encoding='ascii'>
# stdlog                                  : <_io.TextIOWrapper name='<stdout>' mode='w' encoding='utf-8'>
# stdout                                  : <_io.TextIOWrapper name='results/reads/umis/121_MSI_R1.fastq.gz' encoding='ascii'>
# timeit_file                             : None
# timeit_header                           : None
# timeit_name                             : all
# tmpdir                                  : None
# umi_correct_log                         : None
# umi_separator                           : _
# umi_whitelist                           : None
# umi_whitelist_paired                    : None
# whitelist                               : None
2023-05-03 12:39:12,924 INFO Starting barcode extraction
2023-05-03 12:39:16,301 INFO Parsed 100000 reads
2023-05-03 12:39:19,664 INFO Parsed 200000 reads
2023-05-03 12:39:23,062 INFO Parsed 300000 reads
2023-05-03 12:39:26,631 INFO Parsed 400000 reads
2023-05-03 12:39:30,224 INFO Parsed 500000 reads
2023-05-03 12:39:33,753 INFO Parsed 600000 reads
2023-05-03 12:39:37,234 INFO Parsed 700000 reads
2023-05-03 12:39:40,485 INFO Parsed 800000 reads
2023-05-03 12:39:43,704 INFO Parsed 900000 reads
2023-05-03 12:39:47,001 INFO Parsed 1000000 reads
2023-05-03 12:39:50,275 INFO Parsed 1100000 reads
2023-05-03 12:39:53,798 INFO Parsed 1200000 reads
2023-05-03 12:39:57,457 INFO Parsed 1300000 reads
2023-05-03 12:40:01,054 INFO Parsed 1400000 reads
2023-05-03 12:40:04,707 INFO Parsed 1500000 reads
2023-05-03 12:40:08,598 INFO Parsed 1600000 reads
2023-05-03 12:40:12,684 INFO Parsed 1700000 reads
2023-05-03 12:40:16,735 INFO Parsed 1800000 reads
2023-05-03 12:40:20,721 INFO Parsed 1900000 reads
2023-05-03 12:40:24,859 INFO Parsed 2000000 reads
2023-05-03 12:40:28,574 INFO Parsed 2100000 reads
2023-05-03 12:40:32,210 INFO Parsed 2200000 reads
2023-05-03 12:40:35,733 INFO Parsed 2300000 reads
2023-05-03 12:40:39,216 INFO Parsed 2400000 reads
2023-05-03 12:40:42,768 INFO Parsed 2500000 reads
2023-05-03 12:40:46,453 INFO Parsed 2600000 reads
2023-05-03 12:40:50,081 INFO Parsed 2700000 reads
2023-05-03 12:40:53,751 INFO Parsed 2800000 reads
2023-05-03 12:40:58,106 INFO Parsed 2900000 reads
2023-05-03 12:41:02,260 INFO Parsed 3000000 reads
2023-05-03 12:41:06,537 INFO Parsed 3100000 reads
2023-05-03 12:41:10,445 INFO Parsed 3200000 reads
2023-05-03 12:41:14,220 INFO Parsed 3300000 reads
2023-05-03 12:41:18,463 INFO Parsed 3400000 reads
2023-05-03 12:41:23,779 INFO Parsed 3500000 reads
2023-05-03 12:41:28,447 INFO Parsed 3600000 reads
2023-05-03 12:41:33,293 INFO Parsed 3700000 reads
2023-05-03 12:41:38,466 INFO Parsed 3800000 reads
2023-05-03 12:41:43,587 INFO Parsed 3900000 reads
2023-05-03 12:41:48,718 INFO Parsed 4000000 reads
2023-05-03 12:41:53,828 INFO Parsed 4100000 reads
2023-05-03 12:41:59,108 INFO Parsed 4200000 reads
2023-05-03 12:42:04,193 INFO Parsed 4300000 reads
2023-05-03 12:42:09,482 INFO Parsed 4400000 reads
2023-05-03 12:42:14,629 INFO Parsed 4500000 reads
2023-05-03 12:42:19,331 INFO Parsed 4600000 reads
2023-05-03 12:42:24,240 INFO Parsed 4700000 reads
2023-05-03 12:42:29,238 INFO Parsed 4800000 reads
2023-05-03 12:42:34,393 INFO Parsed 4900000 reads
2023-05-03 12:42:39,560 INFO Parsed 5000000 reads
2023-05-03 12:42:44,796 INFO Parsed 5100000 reads
2023-05-03 12:42:49,975 INFO Parsed 5200000 reads
2023-05-03 12:42:55,046 INFO Parsed 5300000 reads
2023-05-03 12:43:00,050 INFO Parsed 5400000 reads
2023-05-03 12:43:05,049 INFO Parsed 5500000 reads
2023-05-03 12:43:09,854 INFO Parsed 5600000 reads
2023-05-03 12:43:14,382 INFO Parsed 5700000 reads
2023-05-03 12:43:18,551 INFO Parsed 5800000 reads
2023-05-03 12:43:22,443 INFO Parsed 5900000 reads
2023-05-03 12:43:26,124 INFO Parsed 6000000 reads
2023-05-03 12:43:29,670 INFO Parsed 6100000 reads
2023-05-03 12:43:33,073 INFO Parsed 6200000 reads
2023-05-03 12:43:36,507 INFO Parsed 6300000 reads
2023-05-03 12:43:39,902 INFO Parsed 6400000 reads
2023-05-03 12:43:43,298 INFO Parsed 6500000 reads
2023-05-03 12:43:46,675 INFO Parsed 6600000 reads
2023-05-03 12:43:50,064 INFO Parsed 6700000 reads
2023-05-03 12:43:53,346 INFO Parsed 6800000 reads
2023-05-03 12:43:56,616 INFO Parsed 6900000 reads
2023-05-03 12:43:59,844 INFO Parsed 7000000 reads
2023-05-03 12:44:03,112 INFO Parsed 7100000 reads
2023-05-03 12:44:06,458 INFO Parsed 7200000 reads
2023-05-03 12:44:09,798 INFO Parsed 7300000 reads
2023-05-03 12:44:13,627 INFO Parsed 7400000 reads
2023-05-03 12:44:17,121 INFO Parsed 7500000 reads
2023-05-03 12:44:20,345 INFO Parsed 7600000 reads
2023-05-03 12:44:23,585 INFO Parsed 7700000 reads
2023-05-03 12:44:26,900 INFO Parsed 7800000 reads
2023-05-03 12:44:30,180 INFO Parsed 7900000 reads
2023-05-03 12:44:33,430 INFO Parsed 8000000 reads
2023-05-03 12:44:36,675 INFO Parsed 8100000 reads
2023-05-03 12:44:39,968 INFO Parsed 8200000 reads
2023-05-03 12:44:43,182 INFO Parsed 8300000 reads
2023-05-03 12:44:46,407 INFO Parsed 8400000 reads
2023-05-03 12:44:49,663 INFO Parsed 8500000 reads
2023-05-03 12:44:52,904 INFO Parsed 8600000 reads
2023-05-03 12:44:56,153 INFO Parsed 8700000 reads
2023-05-03 12:44:59,389 INFO Parsed 8800000 reads
2023-05-03 12:45:02,652 INFO Parsed 8900000 reads
2023-05-03 12:45:05,984 INFO Parsed 9000000 reads
2023-05-03 12:45:09,286 INFO Parsed 9100000 reads
2023-05-03 12:45:12,593 INFO Parsed 9200000 reads
2023-05-03 12:45:15,879 INFO Parsed 9300000 reads
2023-05-03 12:45:19,125 INFO Parsed 9400000 reads
2023-05-03 12:45:22,344 INFO Parsed 9500000 reads
2023-05-03 12:45:25,570 INFO Parsed 9600000 reads
2023-05-03 12:45:28,789 INFO Parsed 9700000 reads
2023-05-03 12:45:31,989 INFO Parsed 9800000 reads
2023-05-03 12:45:35,341 INFO Parsed 9900000 reads
2023-05-03 12:45:38,606 INFO Parsed 10000000 reads
2023-05-03 12:45:42,108 INFO Parsed 10100000 reads
2023-05-03 12:45:45,634 INFO Parsed 10200000 reads
2023-05-03 12:45:49,197 INFO Parsed 10300000 reads
2023-05-03 12:45:52,697 INFO Parsed 10400000 reads
2023-05-03 12:45:56,160 INFO Parsed 10500000 reads
2023-05-03 12:45:59,614 INFO Parsed 10600000 reads
2023-05-03 12:46:03,125 INFO Parsed 10700000 reads
2023-05-03 12:46:06,741 INFO Parsed 10800000 reads
2023-05-03 12:46:10,503 INFO Parsed 10900000 reads
2023-05-03 12:46:14,257 INFO Parsed 11000000 reads
2023-05-03 12:46:18,122 INFO Parsed 11100000 reads
2023-05-03 12:46:22,288 INFO Parsed 11200000 reads
2023-05-03 12:46:26,637 INFO Parsed 11300000 reads
2023-05-03 12:46:30,765 INFO Parsed 11400000 reads
2023-05-03 12:46:34,547 INFO Parsed 11500000 reads
2023-05-03 12:46:38,158 INFO Parsed 11600000 reads
2023-05-03 12:46:41,767 INFO Parsed 11700000 reads
2023-05-03 12:46:45,230 INFO Parsed 11800000 reads
2023-05-03 12:46:48,640 INFO Parsed 11900000 reads
2023-05-03 12:46:52,281 INFO Parsed 12000000 reads
2023-05-03 12:46:56,539 INFO Parsed 12100000 reads
2023-05-03 12:47:00,680 INFO Parsed 12200000 reads
2023-05-03 12:47:04,399 INFO Parsed 12300000 reads
2023-05-03 12:47:07,760 INFO Parsed 12400000 reads
2023-05-03 12:47:11,266 INFO Parsed 12500000 reads
2023-05-03 12:47:14,567 INFO Parsed 12600000 reads
2023-05-03 12:47:17,956 INFO Parsed 12700000 reads
2023-05-03 12:47:21,616 INFO Parsed 12800000 reads
2023-05-03 12:47:25,305 INFO Parsed 12900000 reads
2023-05-03 12:47:28,911 INFO Parsed 13000000 reads
2023-05-03 12:47:32,406 INFO Parsed 13100000 reads
2023-05-03 12:47:35,937 INFO Parsed 13200000 reads
2023-05-03 12:47:39,579 INFO Parsed 13300000 reads
2023-05-03 12:47:43,786 INFO Parsed 13400000 reads
2023-05-03 12:47:47,447 INFO Parsed 13500000 reads
2023-05-03 12:47:51,540 INFO Parsed 13600000 reads
2023-05-03 12:47:55,328 INFO Parsed 13700000 reads
2023-05-03 12:47:58,856 INFO Parsed 13800000 reads
2023-05-03 12:48:02,252 INFO Parsed 13900000 reads
2023-05-03 12:48:05,551 INFO Parsed 14000000 reads
2023-05-03 12:48:08,902 INFO Parsed 14100000 reads
2023-05-03 12:48:12,208 INFO Parsed 14200000 reads
2023-05-03 12:48:15,429 INFO Parsed 14300000 reads
2023-05-03 12:48:24,995 INFO Parsed 14400000 reads
2023-05-03 12:48:28,244 INFO Parsed 14500000 reads
2023-05-03 12:48:31,573 INFO Parsed 14600000 reads
2023-05-03 12:48:34,811 INFO Parsed 14700000 reads
2023-05-03 12:48:38,080 INFO Parsed 14800000 reads
2023-05-03 12:48:41,432 INFO Parsed 14900000 reads
2023-05-03 12:48:44,820 INFO Parsed 15000000 reads
2023-05-03 12:48:48,649 INFO Parsed 15100000 reads
2023-05-03 12:48:52,493 INFO Parsed 15200000 reads
2023-05-03 12:48:56,092 INFO Parsed 15300000 reads
2023-05-03 12:48:59,436 INFO Parsed 15400000 reads
2023-05-03 12:49:03,016 INFO Parsed 15500000 reads
2023-05-03 12:49:06,499 INFO Parsed 15600000 reads
2023-05-03 12:49:10,017 INFO Parsed 15700000 reads
2023-05-03 12:49:13,738 INFO Parsed 15800000 reads
2023-05-03 12:49:18,177 INFO Parsed 15900000 reads
2023-05-03 12:49:21,567 INFO Parsed 16000000 reads
2023-05-03 12:49:24,823 INFO Parsed 16100000 reads
2023-05-03 12:49:28,131 INFO Parsed 16200000 reads
2023-05-03 12:49:31,427 INFO Parsed 16300000 reads
2023-05-03 12:49:35,932 INFO Parsed 16400000 reads
2023-05-03 12:49:40,484 INFO Parsed 16500000 reads
2023-05-03 12:49:44,029 INFO Input Reads: 16579639
2023-05-03 12:49:44,029 INFO regex matches read1: 14740958
2023-05-03 12:49:44,029 INFO Reads output: 14740958
2023-05-03 12:49:44,029 INFO regex does not match read1: 1838681
# job finished in 631 seconds at Wed May  3 12:49:44 2023 -- 621.84  1.88  0.00  0.00 -- d344e273-5119-4abd-b391-6c211bbb1993
[Wed May  3 12:49:44 2023]
Finished job 0.
1 of 1 steps (100%) done
[Wed May  3 12:49:45 2023]
Finished job 0.
1 of 1 steps (100%) done
