                                 Started job on |	May 05 13:06:15
                             Started mapping on |	May 05 13:06:35
                                    Finished on |	May 05 13:09:53
       Mapping speed, Million of reads per hour |	348.57

                          Number of input reads |	19171206
                      Average input read length |	63
                                    UNIQUE READS:
                   Uniquely mapped reads number |	14373562
                        Uniquely mapped reads % |	74.97%
                          Average mapped length |	63.60
                       Number of splices: Total |	292783
            Number of splices: Annotated (sjdb) |	0
                       Number of splices: GT/AG |	258472
                       Number of splices: GC/AG |	3680
                       Number of splices: AT/AC |	275
               Number of splices: Non-canonical |	30356
                      Mismatch rate per base, % |	1.06%
                         Deletion rate per base |	0.20%
                        Deletion average length |	2.04
                        Insertion rate per base |	0.01%
                       Insertion average length |	1.23
                             MULTI-MAPPING READS:
        Number of reads mapped to multiple loci |	4058156
             % of reads mapped to multiple loci |	21.17%
        Number of reads mapped to too many loci |	221526
             % of reads mapped to too many loci |	1.16%
                                  UNMAPPED READS:
  Number of reads unmapped: too many mismatches |	0
       % of reads unmapped: too many mismatches |	0.00%
            Number of reads unmapped: too short |	469111
                 % of reads unmapped: too short |	2.45%
                Number of reads unmapped: other |	48851
                     % of reads unmapped: other |	0.25%
                                  CHIMERIC READS:
                       Number of chimeric reads |	0
                            % of chimeric reads |	0.00%
