                                 Started job on |	May 05 13:01:00
                             Started mapping on |	May 05 13:01:17
                                    Finished on |	May 05 13:04:53
       Mapping speed, Million of reads per hour |	264.35

                          Number of input reads |	15861188
                      Average input read length |	62
                                    UNIQUE READS:
                   Uniquely mapped reads number |	12687678
                        Uniquely mapped reads % |	79.99%
                          Average mapped length |	62.60
                       Number of splices: Total |	194687
            Number of splices: Annotated (sjdb) |	0
                       Number of splices: GT/AG |	176635
                       Number of splices: GC/AG |	2226
                       Number of splices: AT/AC |	177
               Number of splices: Non-canonical |	15649
                      Mismatch rate per base, % |	0.70%
                         Deletion rate per base |	0.13%
                        Deletion average length |	1.92
                        Insertion rate per base |	0.01%
                       Insertion average length |	1.32
                             MULTI-MAPPING READS:
        Number of reads mapped to multiple loci |	2711719
             % of reads mapped to multiple loci |	17.10%
        Number of reads mapped to too many loci |	210378
             % of reads mapped to too many loci |	1.33%
                                  UNMAPPED READS:
  Number of reads unmapped: too many mismatches |	0
       % of reads unmapped: too many mismatches |	0.00%
            Number of reads unmapped: too short |	195157
                 % of reads unmapped: too short |	1.23%
                Number of reads unmapped: other |	56256
                     % of reads unmapped: other |	0.35%
                                  CHIMERIC READS:
                       Number of chimeric reads |	0
                            % of chimeric reads |	0.00%
