perl: warning: Setting locale failed.
perl: warning: Please check that your locale settings:
	LANGUAGE = (unset),
	LC_ALL = (unset),
	LC_CTYPE = "C.UTF-8",
	LANG = "es_ES.UTF-8"
    are supported and installed on your system.
perl: warning: Falling back to the standard locale ("C").
Started analysis of bgc-115_MSI_S24_L004_R1_001.fastq.gz
Approx 5% complete for bgc-115_MSI_S24_L004_R1_001.fastq.gz
Approx 10% complete for bgc-115_MSI_S24_L004_R1_001.fastq.gz
Approx 15% complete for bgc-115_MSI_S24_L004_R1_001.fastq.gz
Approx 20% complete for bgc-115_MSI_S24_L004_R1_001.fastq.gz
Approx 25% complete for bgc-115_MSI_S24_L004_R1_001.fastq.gz
Approx 30% complete for bgc-115_MSI_S24_L004_R1_001.fastq.gz
Approx 35% complete for bgc-115_MSI_S24_L004_R1_001.fastq.gz
Approx 40% complete for bgc-115_MSI_S24_L004_R1_001.fastq.gz
Approx 45% complete for bgc-115_MSI_S24_L004_R1_001.fastq.gz
Approx 50% complete for bgc-115_MSI_S24_L004_R1_001.fastq.gz
Approx 55% complete for bgc-115_MSI_S24_L004_R1_001.fastq.gz
Approx 60% complete for bgc-115_MSI_S24_L004_R1_001.fastq.gz
Approx 65% complete for bgc-115_MSI_S24_L004_R1_001.fastq.gz
Approx 70% complete for bgc-115_MSI_S24_L004_R1_001.fastq.gz
Approx 75% complete for bgc-115_MSI_S24_L004_R1_001.fastq.gz
Approx 80% complete for bgc-115_MSI_S24_L004_R1_001.fastq.gz
Approx 85% complete for bgc-115_MSI_S24_L004_R1_001.fastq.gz
Approx 90% complete for bgc-115_MSI_S24_L004_R1_001.fastq.gz
Approx 95% complete for bgc-115_MSI_S24_L004_R1_001.fastq.gz
Analysis complete for bgc-115_MSI_S24_L004_R1_001.fastq.gz
