                                 Started job on |	May 05 12:57:39
                             Started mapping on |	May 05 12:57:58
                                    Finished on |	May 05 13:00:02
       Mapping speed, Million of reads per hour |	371.20

                          Number of input reads |	12785847
                      Average input read length |	65
                                    UNIQUE READS:
                   Uniquely mapped reads number |	10248362
                        Uniquely mapped reads % |	80.15%
                          Average mapped length |	65.16
                       Number of splices: Total |	151489
            Number of splices: Annotated (sjdb) |	0
                       Number of splices: GT/AG |	135615
                       Number of splices: GC/AG |	1738
                       Number of splices: AT/AC |	84
               Number of splices: Non-canonical |	14052
                      Mismatch rate per base, % |	1.00%
                         Deletion rate per base |	0.16%
                        Deletion average length |	1.96
                        Insertion rate per base |	0.01%
                       Insertion average length |	1.30
                             MULTI-MAPPING READS:
        Number of reads mapped to multiple loci |	2161121
             % of reads mapped to multiple loci |	16.90%
        Number of reads mapped to too many loci |	125113
             % of reads mapped to too many loci |	0.98%
                                  UNMAPPED READS:
  Number of reads unmapped: too many mismatches |	0
       % of reads unmapped: too many mismatches |	0.00%
            Number of reads unmapped: too short |	217260
                 % of reads unmapped: too short |	1.70%
                Number of reads unmapped: other |	33991
                     % of reads unmapped: other |	0.27%
                                  CHIMERIC READS:
                       Number of chimeric reads |	0
                            % of chimeric reads |	0.00%
