                                 Started job on |	May 05 13:00:55
                             Started mapping on |	May 05 13:01:37
                                    Finished on |	May 05 13:05:20
       Mapping speed, Million of reads per hour |	251.28

                          Number of input reads |	15565679
                      Average input read length |	62
                                    UNIQUE READS:
                   Uniquely mapped reads number |	12276164
                        Uniquely mapped reads % |	78.87%
                          Average mapped length |	62.64
                       Number of splices: Total |	182660
            Number of splices: Annotated (sjdb) |	0
                       Number of splices: GT/AG |	171389
                       Number of splices: GC/AG |	1657
                       Number of splices: AT/AC |	83
               Number of splices: Non-canonical |	9531
                      Mismatch rate per base, % |	0.67%
                         Deletion rate per base |	0.09%
                        Deletion average length |	1.85
                        Insertion rate per base |	0.00%
                       Insertion average length |	1.34
                             MULTI-MAPPING READS:
        Number of reads mapped to multiple loci |	2742768
             % of reads mapped to multiple loci |	17.62%
        Number of reads mapped to too many loci |	194924
             % of reads mapped to too many loci |	1.25%
                                  UNMAPPED READS:
  Number of reads unmapped: too many mismatches |	0
       % of reads unmapped: too many mismatches |	0.00%
            Number of reads unmapped: too short |	299767
                 % of reads unmapped: too short |	1.93%
                Number of reads unmapped: other |	52056
                     % of reads unmapped: other |	0.33%
                                  CHIMERIC READS:
                       Number of chimeric reads |	0
                            % of chimeric reads |	0.00%
