                                 Started job on |	May 05 12:56:24
                             Started mapping on |	May 05 12:56:39
                                    Finished on |	May 05 12:58:48
       Mapping speed, Million of reads per hour |	199.47

                          Number of input reads |	7147707
                      Average input read length |	66
                                    UNIQUE READS:
                   Uniquely mapped reads number |	4435754
                        Uniquely mapped reads % |	62.06%
                          Average mapped length |	66.06
                       Number of splices: Total |	87760
            Number of splices: Annotated (sjdb) |	0
                       Number of splices: GT/AG |	78068
                       Number of splices: GC/AG |	1488
                       Number of splices: AT/AC |	33
               Number of splices: Non-canonical |	8171
                      Mismatch rate per base, % |	2.22%
                         Deletion rate per base |	0.13%
                        Deletion average length |	1.98
                        Insertion rate per base |	0.00%
                       Insertion average length |	1.35
                             MULTI-MAPPING READS:
        Number of reads mapped to multiple loci |	2298872
             % of reads mapped to multiple loci |	32.16%
        Number of reads mapped to too many loci |	134233
             % of reads mapped to too many loci |	1.88%
                                  UNMAPPED READS:
  Number of reads unmapped: too many mismatches |	0
       % of reads unmapped: too many mismatches |	0.00%
            Number of reads unmapped: too short |	239993
                 % of reads unmapped: too short |	3.36%
                Number of reads unmapped: other |	38855
                     % of reads unmapped: other |	0.54%
                                  CHIMERIC READS:
                       Number of chimeric reads |	0
                            % of chimeric reads |	0.00%
