Building DAG of jobs...
Using shell: /usr/bin/bash
Provided cores: 1 (use --cores to define parallelism)
Rules claiming more threads will be scaled down.
Provided resources: mem_mb=4096, mem_mib=3907, disk_mb=3741, disk_mib=3568
Select jobs to execute...
Building DAG of jobs...
Using shell: /usr/bin/bash
Provided cores: 1 (use --cores to define parallelism)
Rules claiming more threads will be scaled down.
Provided resources: mem_mb=4096, mem_mib=3907, disk_mb=3741, disk_mib=3568
Select jobs to execute...

[Wed May  3 13:13:59 2023]
rule fastqc_concat:
    input: results/trimmed/175_MSI/175_MSI_R1.fastq.gz
    output: results/qc/fastqc_concat/175_MSI_R1_fastqc.html, results/qc/fastqc_concat/175_MSI_R1_fastqc.zip
    log: logs/fastqc_concat/175_MSI_R1.log
    jobid: 0
    benchmark: logs/fastqc_concat/175_MSI_R1.bmk
    reason: Missing output files: results/qc/fastqc_concat/175_MSI_R1_fastqc.html, results/qc/fastqc_concat/175_MSI_R1_fastqc.zip, logs/fastqc_concat/175_MSI_R1.bmk
    wildcards: sample=175_MSI, read=1
    resources: mem_mb=4096, mem_mib=3907, disk_mb=3741, disk_mib=3568, tmpdir=/tmp, runtime=10

Activating conda environment: .snakemake/conda/8e1fb6bc093e2c705684656f93652704_
[Wed May  3 13:17:40 2023]
Finished job 0.
1 of 1 steps (100%) done
[Wed May  3 13:17:41 2023]
Finished job 0.
1 of 1 steps (100%) done
