Building DAG of jobs...
Using shell: /usr/bin/bash
Provided cores: 2
Rules claiming more threads will be scaled down.
Provided resources: mem_mb=4096, mem_mib=3907, disk_mb=1043, disk_mib=995
Select jobs to execute...
Building DAG of jobs...
Using shell: /usr/bin/bash
Provided cores: 2
Rules claiming more threads will be scaled down.
Provided resources: mem_mb=4096, mem_mib=3907, disk_mb=1043, disk_mib=995
Select jobs to execute...

[Wed May  3 12:52:14 2023]
rule fastqc_concat:
    input: results/trimmed/56_MSI/56_MSI_R1.fastq.gz
    output: results/qc/fastqc_concat/56_MSI_R1_fastqc.html, results/qc/fastqc_concat/56_MSI_R1_fastqc.zip
    log: logs/fastqc_concat/56_MSI_R1.log
    jobid: 0
    benchmark: logs/fastqc_concat/56_MSI_R1.bmk
    reason: Missing output files: results/qc/fastqc_concat/56_MSI_R1_fastqc.html, results/qc/fastqc_concat/56_MSI_R1_fastqc.zip, logs/fastqc_concat/56_MSI_R1.bmk
    wildcards: sample=56_MSI, read=1
    resources: mem_mb=4096, mem_mib=3907, disk_mb=1043, disk_mib=995, tmpdir=/tmp, runtime=10

Activating conda environment: .snakemake/conda/8e1fb6bc093e2c705684656f93652704_
[Wed May  3 12:53:31 2023]
Finished job 0.
1 of 1 steps (100%) done
[Wed May  3 12:53:32 2023]
Finished job 0.
1 of 1 steps (100%) done
