Building DAG of jobs...
Using shell: /usr/bin/bash
Provided cores: 1 (use --cores to define parallelism)
Rules claiming more threads will be scaled down.
Provided resources: mem_mb=4096, mem_mib=3907, disk_mb=1489, disk_mib=1421
Select jobs to execute...
Building DAG of jobs...
Using shell: /usr/bin/bash
Provided cores: 1 (use --cores to define parallelism)
Rules claiming more threads will be scaled down.
Provided resources: mem_mb=4096, mem_mib=3907, disk_mb=1489, disk_mib=1421
Select jobs to execute...

[Wed May  3 15:55:51 2023]
rule fastqc_concat:
    input: results/trimmed/173_MSI/173_MSI_R1.fastq.gz
    output: results/qc/fastqc_concat/173_MSI_R1_fastqc.html, results/qc/fastqc_concat/173_MSI_R1_fastqc.zip
    log: logs/fastqc_concat/173_MSI_R1.log
    jobid: 0
    benchmark: logs/fastqc_concat/173_MSI_R1.bmk
    reason: Missing output files: results/qc/fastqc_concat/173_MSI_R1_fastqc.zip, logs/fastqc_concat/173_MSI_R1.bmk, results/qc/fastqc_concat/173_MSI_R1_fastqc.html
    wildcards: sample=173_MSI, read=1
    resources: mem_mb=4096, mem_mib=3907, disk_mb=1489, disk_mib=1421, tmpdir=/tmp, runtime=10

Activating conda environment: .snakemake/conda/8e1fb6bc093e2c705684656f93652704_
[Wed May  3 15:57:31 2023]
Finished job 0.
1 of 1 steps (100%) done
[Wed May  3 15:57:36 2023]
Finished job 0.
1 of 1 steps (100%) done
