Building DAG of jobs...
Using shell: /usr/bin/bash
Provided cores: 2
Rules claiming more threads will be scaled down.
Provided resources: mem_mb=4096, mem_mib=3907, disk_mb=1575, disk_mib=1503
Select jobs to execute...
Building DAG of jobs...
Using shell: /usr/bin/bash
Provided cores: 2
Rules claiming more threads will be scaled down.
Provided resources: mem_mb=4096, mem_mib=3907, disk_mb=1575, disk_mib=1503
Select jobs to execute...

[Thu May  4 15:40:11 2023]
rule fastqc_concat:
    input: results/trimmed/104_MSI/104_MSI_R1.fastq.gz
    output: results/qc/fastqc_concat/104_MSI_R1_fastqc.html, results/qc/fastqc_concat/104_MSI_R1_fastqc.zip
    log: logs/fastqc_concat/104_MSI_R1.log
    jobid: 0
    benchmark: logs/fastqc_concat/104_MSI_R1.bmk
    reason: Missing output files: results/qc/fastqc_concat/104_MSI_R1_fastqc.html, results/qc/fastqc_concat/104_MSI_R1_fastqc.zip, logs/fastqc_concat/104_MSI_R1.bmk
    wildcards: sample=104_MSI, read=1
    resources: mem_mb=4096, mem_mib=3907, disk_mb=1575, disk_mib=1503, tmpdir=/tmp, runtime=10

Activating conda environment: .snakemake/conda/8e1fb6bc093e2c705684656f93652704_
[Thu May  4 15:41:29 2023]
Finished job 0.
1 of 1 steps (100%) done
[Thu May  4 15:41:34 2023]
Finished job 0.
1 of 1 steps (100%) done
