Building DAG of jobs...
Using shell: /usr/bin/bash
Provided cores: 8
Rules claiming more threads will be scaled down.
Provided resources: mem_mb=64000, mem_mib=61036, disk_mb=1919, disk_mib=1831
Select jobs to execute...
Building DAG of jobs...
Using shell: /usr/bin/bash
Provided cores: 8
Rules claiming more threads will be scaled down.
Provided resources: mem_mb=64000, mem_mib=61036, disk_mb=1919, disk_mib=1831
Select jobs to execute...

[Wed May  3 15:55:30 2023]
rule featurecounts:
    input: results/mapped/star/195_MSI/Aligned.sortedByCoord.out.bam
    output: results/quant/star/featureCounts/195_MSI.tab, results/quant/star/featureCounts/195_MSI.tab.summary
    log: logs/featureCounts/195_MSI.log
    jobid: 0
    reason: Missing output files: results/quant/star/featureCounts/195_MSI.tab.summary, results/quant/star/featureCounts/195_MSI.tab
    wildcards: sample=195_MSI
    threads: 8
    resources: mem_mb=64000, mem_mib=61036, disk_mb=1919, disk_mib=1831, tmpdir=/tmp, runtime=120

Activating conda environment: .snakemake/conda/dce6c2b81da108c7454457bc8b3dab71_
[Wed May  3 15:55:49 2023]
Finished job 0.
1 of 1 steps (100%) done
[Wed May  3 15:55:53 2023]
Finished job 0.
1 of 1 steps (100%) done
