Building DAG of jobs...
Using shell: /usr/bin/bash
Provided cores: 8
Rules claiming more threads will be scaled down.
Provided resources: mem_mb=64000, mem_mib=61036, disk_mb=2950, disk_mib=2814
Select jobs to execute...
Building DAG of jobs...
Using shell: /usr/bin/bash
Provided cores: 8
Rules claiming more threads will be scaled down.
Provided resources: mem_mb=64000, mem_mib=61036, disk_mb=2950, disk_mib=2814
Select jobs to execute...

[Wed May  3 15:55:37 2023]
rule featurecounts:
    input: results/mapped/star/183_MSI/Aligned.sortedByCoord.out.bam
    output: results/quant/star/featureCounts/183_MSI.tab, results/quant/star/featureCounts/183_MSI.tab.summary
    log: logs/featureCounts/183_MSI.log
    jobid: 0
    reason: Missing output files: results/quant/star/featureCounts/183_MSI.tab.summary, results/quant/star/featureCounts/183_MSI.tab
    wildcards: sample=183_MSI
    threads: 8
    resources: mem_mb=64000, mem_mib=61036, disk_mb=2950, disk_mib=2814, tmpdir=/tmp, runtime=120

Activating conda environment: .snakemake/conda/dce6c2b81da108c7454457bc8b3dab71_
[Wed May  3 15:55:54 2023]
Finished job 0.
1 of 1 steps (100%) done
[Wed May  3 15:55:56 2023]
Finished job 0.
1 of 1 steps (100%) done
