Building DAG of jobs...
Using shell: /usr/bin/bash
Provided cores: 8
Rules claiming more threads will be scaled down.
Provided resources: mem_mb=64000, mem_mib=61036, disk_mb=2859, disk_mib=2727
Select jobs to execute...
Building DAG of jobs...
Using shell: /usr/bin/bash
Provided cores: 8
Rules claiming more threads will be scaled down.
Provided resources: mem_mb=64000, mem_mib=61036, disk_mb=2859, disk_mib=2727
Select jobs to execute...

[Thu May  4 15:46:28 2023]
rule featurecounts:
    input: results/mapped/star/226_MSI/Aligned.sortedByCoord.out.bam
    output: results/quant/star/featureCounts/226_MSI.tab, results/quant/star/featureCounts/226_MSI.tab.summary
    log: logs/featureCounts/226_MSI.log
    jobid: 0
    reason: Missing output files: results/quant/star/featureCounts/226_MSI.tab, results/quant/star/featureCounts/226_MSI.tab.summary
    wildcards: sample=226_MSI
    threads: 8
    resources: mem_mb=64000, mem_mib=61036, disk_mb=2859, disk_mib=2727, tmpdir=/tmp, runtime=120

Activating conda environment: .snakemake/conda/dce6c2b81da108c7454457bc8b3dab71_
[Thu May  4 15:46:39 2023]
Finished job 0.
1 of 1 steps (100%) done
[Thu May  4 15:46:41 2023]
Finished job 0.
1 of 1 steps (100%) done
