Building DAG of jobs...
Using shell: /usr/bin/bash
Provided cores: 8
Rules claiming more threads will be scaled down.
Provided resources: mem_mb=64000, mem_mib=61036, disk_mb=2324, disk_mib=2217
Select jobs to execute...
Building DAG of jobs...
Using shell: /usr/bin/bash
Provided cores: 8
Rules claiming more threads will be scaled down.
Provided resources: mem_mb=64000, mem_mib=61036, disk_mb=2324, disk_mib=2217
Select jobs to execute...

[Thu May  4 15:43:13 2023]
rule featurecounts:
    input: results/mapped/star/164_MSI/Aligned.sortedByCoord.out.bam
    output: results/quant/star/featureCounts/164_MSI.tab, results/quant/star/featureCounts/164_MSI.tab.summary
    log: logs/featureCounts/164_MSI.log
    jobid: 0
    reason: Missing output files: results/quant/star/featureCounts/164_MSI.tab, results/quant/star/featureCounts/164_MSI.tab.summary
    wildcards: sample=164_MSI
    threads: 8
    resources: mem_mb=64000, mem_mib=61036, disk_mb=2324, disk_mib=2217, tmpdir=/tmp, runtime=120

Activating conda environment: .snakemake/conda/dce6c2b81da108c7454457bc8b3dab71_
[Thu May  4 15:43:29 2023]
Finished job 0.
1 of 1 steps (100%) done
[Thu May  4 15:43:30 2023]
Finished job 0.
1 of 1 steps (100%) done
