Building DAG of jobs...
Using shell: /usr/bin/bash
Provided cores: 8
Rules claiming more threads will be scaled down.
Provided resources: mem_mb=64000, mem_mib=61036, disk_mb=1541, disk_mib=1470
Select jobs to execute...
Building DAG of jobs...
Using shell: /usr/bin/bash
Provided cores: 8
Rules claiming more threads will be scaled down.
Provided resources: mem_mb=64000, mem_mib=61036, disk_mb=1541, disk_mib=1470
Select jobs to execute...

[Thu May  4 15:33:41 2023]
rule featurecounts:
    input: results/mapped/star/115_MSI/Aligned.sortedByCoord.out.bam
    output: results/quant/star/featureCounts/115_MSI.tab, results/quant/star/featureCounts/115_MSI.tab.summary
    log: logs/featureCounts/115_MSI.log
    jobid: 0
    reason: Missing output files: results/quant/star/featureCounts/115_MSI.tab, results/quant/star/featureCounts/115_MSI.tab.summary
    wildcards: sample=115_MSI
    threads: 8
    resources: mem_mb=64000, mem_mib=61036, disk_mb=1541, disk_mib=1470, tmpdir=/tmp, runtime=120

Activating conda environment: .snakemake/conda/dce6c2b81da108c7454457bc8b3dab71_
[Thu May  4 15:33:50 2023]
Finished job 0.
1 of 1 steps (100%) done
[Thu May  4 15:33:50 2023]
Finished job 0.
1 of 1 steps (100%) done
