                                 Started job on |	May 05 12:59:57
                             Started mapping on |	May 05 13:00:18
                                    Finished on |	May 05 13:04:18
       Mapping speed, Million of reads per hour |	177.02

                          Number of input reads |	11801253
                      Average input read length |	66
                                    UNIQUE READS:
                   Uniquely mapped reads number |	7192616
                        Uniquely mapped reads % |	60.95%
                          Average mapped length |	66.29
                       Number of splices: Total |	133158
            Number of splices: Annotated (sjdb) |	0
                       Number of splices: GT/AG |	122767
                       Number of splices: GC/AG |	1262
                       Number of splices: AT/AC |	65
               Number of splices: Non-canonical |	9064
                      Mismatch rate per base, % |	1.18%
                         Deletion rate per base |	0.13%
                        Deletion average length |	1.88
                        Insertion rate per base |	0.00%
                       Insertion average length |	1.23
                             MULTI-MAPPING READS:
        Number of reads mapped to multiple loci |	4226657
             % of reads mapped to multiple loci |	35.82%
        Number of reads mapped to too many loci |	148202
             % of reads mapped to too many loci |	1.26%
                                  UNMAPPED READS:
  Number of reads unmapped: too many mismatches |	0
       % of reads unmapped: too many mismatches |	0.00%
            Number of reads unmapped: too short |	209687
                 % of reads unmapped: too short |	1.78%
                Number of reads unmapped: other |	24091
                     % of reads unmapped: other |	0.20%
                                  CHIMERIC READS:
                       Number of chimeric reads |	0
                            % of chimeric reads |	0.00%
