Building DAG of jobs...
Using shell: /usr/bin/bash
Provided cores: 2
Rules claiming more threads will be scaled down.
Provided resources: mem_mb=4096, mem_mib=3907, disk_mb=1727, disk_mib=1647
Select jobs to execute...
Building DAG of jobs...
Using shell: /usr/bin/bash
Provided cores: 2
Rules claiming more threads will be scaled down.
Provided resources: mem_mb=4096, mem_mib=3907, disk_mb=1727, disk_mib=1647
Select jobs to execute...

[Wed May  3 12:37:23 2023]
rule concat_R1_reads:
    input: /storage/scratch01/users/dcaceres/MSI_RNAseq_Arantxa/RAW/dcaceres_colonRNAseq_250423/bgc-120_MSI/bgc-120_MSI_S29_L001_R1_001.fastq.gz, /storage/scratch01/users/dcaceres/MSI_RNAseq_Arantxa/RAW/dcaceres_colonRNAseq_250423/bgc-120_MSI/bgc-120_MSI_S29_L002_R1_001.fastq.gz, /storage/scratch01/users/dcaceres/MSI_RNAseq_Arantxa/RAW/dcaceres_colonRNAseq_250423/bgc-120_MSI/bgc-120_MSI_S29_L003_R1_001.fastq.gz, /storage/scratch01/users/dcaceres/MSI_RNAseq_Arantxa/RAW/dcaceres_colonRNAseq_250423/bgc-120_MSI/bgc-120_MSI_S29_L004_R1_001.fastq.gz
    output: results/reads/120_MSI_R1.fastq.gz
    jobid: 0
    reason: Missing output files: results/reads/120_MSI_R1.fastq.gz
    wildcards: sample=120_MSI
    resources: mem_mb=4096, mem_mib=3907, disk_mb=1727, disk_mib=1647, tmpdir=/tmp, runtime=10

[Wed May  3 12:37:54 2023]
Finished job 0.
1 of 1 steps (100%) done
[Wed May  3 12:37:57 2023]
Finished job 0.
1 of 1 steps (100%) done
