Building DAG of jobs...
Using shell: /usr/bin/bash
Provided cores: 2
Rules claiming more threads will be scaled down.
Provided resources: mem_mb=4096, mem_mib=3907, disk_mb=1000, disk_mib=954
Select jobs to execute...
Building DAG of jobs...
Using shell: /usr/bin/bash
Provided cores: 2
Rules claiming more threads will be scaled down.
Provided resources: mem_mb=4096, mem_mib=3907, disk_mb=1000, disk_mib=954
Select jobs to execute...

[Wed May  3 12:37:43 2023]
rule concat_R1_reads:
    input: /storage/scratch01/users/dcaceres/MSI_RNAseq_Arantxa/RAW/dcaceres_colonRNAseq_250423/bgc-187_MSI/bgc-187_MSI_S30_L001_R1_001.fastq.gz, /storage/scratch01/users/dcaceres/MSI_RNAseq_Arantxa/RAW/dcaceres_colonRNAseq_250423/bgc-187_MSI/bgc-187_MSI_S30_L002_R1_001.fastq.gz, /storage/scratch01/users/dcaceres/MSI_RNAseq_Arantxa/RAW/dcaceres_colonRNAseq_250423/bgc-187_MSI/bgc-187_MSI_S30_L003_R1_001.fastq.gz, /storage/scratch01/users/dcaceres/MSI_RNAseq_Arantxa/RAW/dcaceres_colonRNAseq_250423/bgc-187_MSI/bgc-187_MSI_S30_L004_R1_001.fastq.gz
    output: results/reads/187_MSI_R1.fastq.gz
    jobid: 0
    reason: Missing output files: results/reads/187_MSI_R1.fastq.gz
    wildcards: sample=187_MSI
    resources: mem_mb=4096, mem_mib=3907, disk_mb=1000, disk_mib=954, tmpdir=/tmp, runtime=10

[Wed May  3 12:37:45 2023]
Finished job 0.
1 of 1 steps (100%) done
[Wed May  3 12:37:47 2023]
Finished job 0.
1 of 1 steps (100%) done
