Building DAG of jobs...
Using shell: /usr/bin/bash
Provided cores: 2
Rules claiming more threads will be scaled down.
Provided resources: mem_mb=4096, mem_mib=3907, disk_mb=2157, disk_mib=2058
Select jobs to execute...
Building DAG of jobs...
Using shell: /usr/bin/bash
Provided cores: 2
Rules claiming more threads will be scaled down.
Provided resources: mem_mb=4096, mem_mib=3907, disk_mb=2157, disk_mib=2058
Select jobs to execute...

[Wed May  3 15:38:50 2023]
rule concat_R1_reads:
    input: /storage/scratch01/users/dcaceres/MSI_RNAseq_Arantxa/RAW/dcaceres_colonRNAseq_250423/bgc-173_MSI/bgc-173_MSI_S25_L001_R1_001.fastq.gz, /storage/scratch01/users/dcaceres/MSI_RNAseq_Arantxa/RAW/dcaceres_colonRNAseq_250423/bgc-173_MSI/bgc-173_MSI_S25_L002_R1_001.fastq.gz, /storage/scratch01/users/dcaceres/MSI_RNAseq_Arantxa/RAW/dcaceres_colonRNAseq_250423/bgc-173_MSI/bgc-173_MSI_S25_L003_R1_001.fastq.gz, /storage/scratch01/users/dcaceres/MSI_RNAseq_Arantxa/RAW/dcaceres_colonRNAseq_250423/bgc-173_MSI/bgc-173_MSI_S25_L004_R1_001.fastq.gz
    output: results/reads/173_MSI_R1.fastq.gz
    jobid: 0
    reason: Missing output files: results/reads/173_MSI_R1.fastq.gz
    wildcards: sample=173_MSI
    resources: mem_mb=4096, mem_mib=3907, disk_mb=2157, disk_mib=2058, tmpdir=/tmp, runtime=10

[Wed May  3 15:39:35 2023]
Finished job 0.
1 of 1 steps (100%) done
[Wed May  3 15:39:38 2023]
Finished job 0.
1 of 1 steps (100%) done
