                                 Started job on |	May 05 13:25:29
                             Started mapping on |	May 05 13:26:11
                                    Finished on |	May 05 13:32:14
       Mapping speed, Million of reads per hour |	389.73

                          Number of input reads |	39297527
                      Average input read length |	62
                                    UNIQUE READS:
                   Uniquely mapped reads number |	32253072
                        Uniquely mapped reads % |	82.07%
                          Average mapped length |	62.03
                       Number of splices: Total |	537016
            Number of splices: Annotated (sjdb) |	0
                       Number of splices: GT/AG |	508504
                       Number of splices: GC/AG |	4513
                       Number of splices: AT/AC |	208
               Number of splices: Non-canonical |	23791
                      Mismatch rate per base, % |	0.67%
                         Deletion rate per base |	0.09%
                        Deletion average length |	1.87
                        Insertion rate per base |	0.00%
                       Insertion average length |	1.32
                             MULTI-MAPPING READS:
        Number of reads mapped to multiple loci |	5704806
             % of reads mapped to multiple loci |	14.52%
        Number of reads mapped to too many loci |	470213
             % of reads mapped to too many loci |	1.20%
                                  UNMAPPED READS:
  Number of reads unmapped: too many mismatches |	0
       % of reads unmapped: too many mismatches |	0.00%
            Number of reads unmapped: too short |	726528
                 % of reads unmapped: too short |	1.85%
                Number of reads unmapped: other |	142908
                     % of reads unmapped: other |	0.36%
                                  CHIMERIC READS:
                       Number of chimeric reads |	0
                            % of chimeric reads |	0.00%
