Building DAG of jobs...
Using shell: /usr/bin/bash
Provided cores: 8
Rules claiming more threads will be scaled down.
Provided resources: mem_mb=8192, mem_mib=7813, disk_mb=2051, disk_mib=1956
Select jobs to execute...
Building DAG of jobs...
Using shell: /usr/bin/bash
Provided cores: 8
Rules claiming more threads will be scaled down.
Provided resources: mem_mb=8192, mem_mib=7813, disk_mb=2051, disk_mib=1956
Select jobs to execute...

[Wed May  3 12:55:05 2023]
rule trim_adapters_single_end:
    input: results/reads/umis/226_MSI_R1.fastq.gz
    output: results/trimmed/226_MSI/226_MSI_R1.fastq.gz, results/trimmed/226_MSI/226_MSI.single.fastq.gz, results/trimmed/226_MSI/226_MSI.discarded.fastq.gz, results/trimmed/226_MSI/226_MSI.stats.txt
    log: logs/trim_adapters_single_end/226_MSI.log
    jobid: 0
    reason: Missing output files: results/trimmed/226_MSI/226_MSI.discarded.fastq.gz, results/trimmed/226_MSI/226_MSI.single.fastq.gz, results/trimmed/226_MSI/226_MSI_R1.fastq.gz, results/trimmed/226_MSI/226_MSI.stats.txt
    wildcards: sample=226_MSI
    threads: 8
    resources: mem_mb=8192, mem_mib=7813, disk_mb=2051, disk_mib=1956, tmpdir=/tmp, runtime=60

Activating conda environment: .snakemake/conda/8404c95e30e67f79886528e582d02a1e_
Activating conda environment: .snakemake/conda/8404c95e30e67f79886528e582d02a1e_
[Wed May  3 12:56:04 2023]
Finished job 0.
1 of 1 steps (100%) done
[Wed May  3 12:56:06 2023]
Finished job 0.
1 of 1 steps (100%) done
