Building DAG of jobs...
Using shell: /usr/bin/bash
Provided cores: 8
Rules claiming more threads will be scaled down.
Provided resources: mem_mb=8192, mem_mib=7813, disk_mb=1383, disk_mib=1319
Select jobs to execute...
Building DAG of jobs...
Using shell: /usr/bin/bash
Provided cores: 8
Rules claiming more threads will be scaled down.
Provided resources: mem_mb=8192, mem_mib=7813, disk_mb=1383, disk_mib=1319
Select jobs to execute...

[Thu May  4 15:34:08 2023]
rule trim_adapters_single_end:
    input: results/reads/umis/218_MSI_R1.fastq.gz
    output: results/trimmed/218_MSI/218_MSI_R1.fastq.gz, results/trimmed/218_MSI/218_MSI.single.fastq.gz, results/trimmed/218_MSI/218_MSI.discarded.fastq.gz, results/trimmed/218_MSI/218_MSI.stats.txt
    log: logs/trim_adapters_single_end/218_MSI.log
    jobid: 0
    reason: Missing output files: results/trimmed/218_MSI/218_MSI_R1.fastq.gz, results/trimmed/218_MSI/218_MSI.discarded.fastq.gz, results/trimmed/218_MSI/218_MSI.single.fastq.gz, results/trimmed/218_MSI/218_MSI.stats.txt
    wildcards: sample=218_MSI
    threads: 8
    resources: mem_mb=8192, mem_mib=7813, disk_mb=1383, disk_mib=1319, tmpdir=/tmp, runtime=60

Activating conda environment: .snakemake/conda/8404c95e30e67f79886528e582d02a1e_
Activating conda environment: .snakemake/conda/8404c95e30e67f79886528e582d02a1e_
[Thu May  4 15:34:42 2023]
Finished job 0.
1 of 1 steps (100%) done
[Thu May  4 15:34:44 2023]
Finished job 0.
1 of 1 steps (100%) done
