                                 Started job on |	May 05 12:53:25
                             Started mapping on |	May 05 12:53:45
                                    Finished on |	May 05 12:54:09
       Mapping speed, Million of reads per hour |	46.73

                          Number of input reads |	311530
                      Average input read length |	55
                                    UNIQUE READS:
                   Uniquely mapped reads number |	179831
                        Uniquely mapped reads % |	57.73%
                          Average mapped length |	59.92
                       Number of splices: Total |	1934
            Number of splices: Annotated (sjdb) |	0
                       Number of splices: GT/AG |	1450
                       Number of splices: GC/AG |	60
                       Number of splices: AT/AC |	0
               Number of splices: Non-canonical |	424
                      Mismatch rate per base, % |	1.37%
                         Deletion rate per base |	0.03%
                        Deletion average length |	1.28
                        Insertion rate per base |	0.01%
                       Insertion average length |	2.22
                             MULTI-MAPPING READS:
        Number of reads mapped to multiple loci |	82647
             % of reads mapped to multiple loci |	26.53%
        Number of reads mapped to too many loci |	13355
             % of reads mapped to too many loci |	4.29%
                                  UNMAPPED READS:
  Number of reads unmapped: too many mismatches |	0
       % of reads unmapped: too many mismatches |	0.00%
            Number of reads unmapped: too short |	22259
                 % of reads unmapped: too short |	7.15%
                Number of reads unmapped: other |	13438
                     % of reads unmapped: other |	4.31%
                                  CHIMERIC READS:
                       Number of chimeric reads |	0
                            % of chimeric reads |	0.00%
