                                 Started job on |	May 05 12:59:28
                             Started mapping on |	May 05 12:59:41
                                    Finished on |	May 05 13:03:33
       Mapping speed, Million of reads per hour |	221.22

                          Number of input reads |	14256374
                      Average input read length |	66
                                    UNIQUE READS:
                   Uniquely mapped reads number |	10830033
                        Uniquely mapped reads % |	75.97%
                          Average mapped length |	65.90
                       Number of splices: Total |	197634
            Number of splices: Annotated (sjdb) |	0
                       Number of splices: GT/AG |	182494
                       Number of splices: GC/AG |	1858
                       Number of splices: AT/AC |	69
               Number of splices: Non-canonical |	13213
                      Mismatch rate per base, % |	0.93%
                         Deletion rate per base |	0.13%
                        Deletion average length |	1.89
                        Insertion rate per base |	0.01%
                       Insertion average length |	1.28
                             MULTI-MAPPING READS:
        Number of reads mapped to multiple loci |	3034306
             % of reads mapped to multiple loci |	21.28%
        Number of reads mapped to too many loci |	175401
             % of reads mapped to too many loci |	1.23%
                                  UNMAPPED READS:
  Number of reads unmapped: too many mismatches |	0
       % of reads unmapped: too many mismatches |	0.00%
            Number of reads unmapped: too short |	177720
                 % of reads unmapped: too short |	1.25%
                Number of reads unmapped: other |	38914
                     % of reads unmapped: other |	0.27%
                                  CHIMERIC READS:
                       Number of chimeric reads |	0
                            % of chimeric reads |	0.00%
