                                 Started job on |	May 05 12:53:13
                             Started mapping on |	May 05 12:53:44
                                    Finished on |	May 05 12:55:10
       Mapping speed, Million of reads per hour |	311.66

                          Number of input reads |	7445103
                      Average input read length |	59
                                    UNIQUE READS:
                   Uniquely mapped reads number |	4901679
                        Uniquely mapped reads % |	65.84%
                          Average mapped length |	59.16
                       Number of splices: Total |	83058
            Number of splices: Annotated (sjdb) |	0
                       Number of splices: GT/AG |	73546
                       Number of splices: GC/AG |	1095
                       Number of splices: AT/AC |	52
               Number of splices: Non-canonical |	8365
                      Mismatch rate per base, % |	1.08%
                         Deletion rate per base |	0.16%
                        Deletion average length |	1.96
                        Insertion rate per base |	0.01%
                       Insertion average length |	1.25
                             MULTI-MAPPING READS:
        Number of reads mapped to multiple loci |	2185813
             % of reads mapped to multiple loci |	29.36%
        Number of reads mapped to too many loci |	170407
             % of reads mapped to too many loci |	2.29%
                                  UNMAPPED READS:
  Number of reads unmapped: too many mismatches |	0
       % of reads unmapped: too many mismatches |	0.00%
            Number of reads unmapped: too short |	149690
                 % of reads unmapped: too short |	2.01%
                Number of reads unmapped: other |	37514
                     % of reads unmapped: other |	0.50%
                                  CHIMERIC READS:
                       Number of chimeric reads |	0
                            % of chimeric reads |	0.00%
