                                 Started job on |	May 05 12:59:50
                             Started mapping on |	May 05 13:00:07
                                    Finished on |	May 05 13:03:17
       Mapping speed, Million of reads per hour |	206.10

                          Number of input reads |	10877439
                      Average input read length |	65
                                    UNIQUE READS:
                   Uniquely mapped reads number |	8689840
                        Uniquely mapped reads % |	79.89%
                          Average mapped length |	64.35
                       Number of splices: Total |	190028
            Number of splices: Annotated (sjdb) |	0
                       Number of splices: GT/AG |	159065
                       Number of splices: GC/AG |	2833
                       Number of splices: AT/AC |	241
               Number of splices: Non-canonical |	27889
                      Mismatch rate per base, % |	0.79%
                         Deletion rate per base |	0.25%
                        Deletion average length |	2.05
                        Insertion rate per base |	0.01%
                       Insertion average length |	1.20
                             MULTI-MAPPING READS:
        Number of reads mapped to multiple loci |	1916867
             % of reads mapped to multiple loci |	17.62%
        Number of reads mapped to too many loci |	76348
             % of reads mapped to too many loci |	0.70%
                                  UNMAPPED READS:
  Number of reads unmapped: too many mismatches |	0
       % of reads unmapped: too many mismatches |	0.00%
            Number of reads unmapped: too short |	175306
                 % of reads unmapped: too short |	1.61%
                Number of reads unmapped: other |	19078
                     % of reads unmapped: other |	0.18%
                                  CHIMERIC READS:
                       Number of chimeric reads |	0
                            % of chimeric reads |	0.00%
