Building DAG of jobs...
Using shell: /usr/bin/bash
Provided cores: 8
Rules claiming more threads will be scaled down.
Provided resources: mem_mb=64000, mem_mib=61036, disk_mb=1229, disk_mib=1173
Select jobs to execute...
Building DAG of jobs...
Using shell: /usr/bin/bash
Provided cores: 8
Rules claiming more threads will be scaled down.
Provided resources: mem_mb=64000, mem_mib=61036, disk_mb=1229, disk_mib=1173
Select jobs to execute...

[Wed May  3 12:50:58 2023]
rule star_align_se:
    input: results/trimmed/120_MSI/120_MSI_R1.fastq.gz, /storage/scratch01/shared/indexes/h_sapiens/gencode/v38/star/2.7.10a
    output: results/mapped/star/120_MSI/Aligned.sortedByCoord.out.bam
    log: logs/star/120_MSI.log
    jobid: 0
    reason: Missing output files: results/mapped/star/120_MSI/Aligned.sortedByCoord.out.bam
    wildcards: sample=120_MSI
    threads: 8
    resources: mem_mb=64000, mem_mib=61036, disk_mb=1229, disk_mib=1173, tmpdir=/tmp, runtime=60

Activating conda environment: .snakemake/conda/7b576a28cad8700e71840c23613d34d7_
[Wed May  3 12:54:57 2023]
Finished job 0.
1 of 1 steps (100%) done
[Wed May  3 12:54:59 2023]
Finished job 0.
1 of 1 steps (100%) done
