Building DAG of jobs...
Using shell: /usr/bin/bash
Provided cores: 8
Rules claiming more threads will be scaled down.
Provided resources: mem_mb=64000, mem_mib=61036, disk_mb=1303, disk_mib=1243
Select jobs to execute...
Building DAG of jobs...
Using shell: /usr/bin/bash
Provided cores: 8
Rules claiming more threads will be scaled down.
Provided resources: mem_mb=64000, mem_mib=61036, disk_mb=1303, disk_mib=1243
Select jobs to execute...

[Thu May  4 15:38:43 2023]
rule star_align_se:
    input: results/trimmed/173_MSI/173_MSI_R1.fastq.gz, /storage/scratch01/shared/indexes/h_sapiens/gencode/v38/star/2.7.10a
    output: results/mapped/star/173_MSI/Aligned.sortedByCoord.out.bam
    log: logs/star/173_MSI.log
    jobid: 0
    reason: Missing output files: results/mapped/star/173_MSI/Aligned.sortedByCoord.out.bam
    wildcards: sample=173_MSI
    threads: 8
    resources: mem_mb=64000, mem_mib=61036, disk_mb=1303, disk_mib=1243, tmpdir=/tmp, runtime=60

Activating conda environment: .snakemake/conda/7b576a28cad8700e71840c23613d34d7_
[Thu May  4 15:43:26 2023]
Finished job 0.
1 of 1 steps (100%) done
[Thu May  4 15:43:26 2023]
Finished job 0.
1 of 1 steps (100%) done
