Building DAG of jobs...
Using shell: /usr/bin/bash
Provided cores: 2
Rules claiming more threads will be scaled down.
Provided resources: mem_mb=1000, mem_mib=954, disk_mb=1000, disk_mib=954
Select jobs to execute...
Building DAG of jobs...
Using shell: /usr/bin/bash
Provided cores: 2
Rules claiming more threads will be scaled down.
Provided resources: mem_mb=1000, mem_mib=954, disk_mb=1000, disk_mib=954
Select jobs to execute...

[Wed May  3 12:38:03 2023]
rule md5:
    input: units.tsv
    output: logs/md5.checked
    jobid: 0
    reason: Missing output files: logs/md5.checked
    resources: mem_mb=1000, mem_mib=954, disk_mb=1000, disk_mib=954, tmpdir=/tmp

Activating conda environment: .snakemake/conda/6264039059051e02c4d1fdc15ce846f5_
Activating conda environment: .snakemake/conda/6264039059051e02c4d1fdc15ce846f5_
Touching output file logs/md5.checked.
[Wed May  3 12:38:54 2023]
Finished job 0.
1 of 1 steps (100%) done
[Wed May  3 12:38:55 2023]
Finished job 0.
1 of 1 steps (100%) done
