                                 Started job on |	May 05 12:52:42
                             Started mapping on |	May 05 12:52:55
                                    Finished on |	May 05 12:54:32
       Mapping speed, Million of reads per hour |	256.66

                          Number of input reads |	6915432
                      Average input read length |	64
                                    UNIQUE READS:
                   Uniquely mapped reads number |	3788146
                        Uniquely mapped reads % |	54.78%
                          Average mapped length |	63.24
                       Number of splices: Total |	89108
            Number of splices: Annotated (sjdb) |	0
                       Number of splices: GT/AG |	77553
                       Number of splices: GC/AG |	992
                       Number of splices: AT/AC |	40
               Number of splices: Non-canonical |	10523
                      Mismatch rate per base, % |	2.01%
                         Deletion rate per base |	0.14%
                        Deletion average length |	1.94
                        Insertion rate per base |	0.00%
                       Insertion average length |	1.33
                             MULTI-MAPPING READS:
        Number of reads mapped to multiple loci |	2604521
             % of reads mapped to multiple loci |	37.66%
        Number of reads mapped to too many loci |	177129
             % of reads mapped to too many loci |	2.56%
                                  UNMAPPED READS:
  Number of reads unmapped: too many mismatches |	0
       % of reads unmapped: too many mismatches |	0.00%
            Number of reads unmapped: too short |	313186
                 % of reads unmapped: too short |	4.53%
                Number of reads unmapped: other |	32450
                     % of reads unmapped: other |	0.47%
                                  CHIMERIC READS:
                       Number of chimeric reads |	0
                            % of chimeric reads |	0.00%
