                                 Started job on |	May 05 12:59:50
                             Started mapping on |	May 05 13:00:02
                                    Finished on |	May 05 13:02:59
       Mapping speed, Million of reads per hour |	228.34

                          Number of input reads |	11226536
                      Average input read length |	63
                                    UNIQUE READS:
                   Uniquely mapped reads number |	8268787
                        Uniquely mapped reads % |	73.65%
                          Average mapped length |	62.62
                       Number of splices: Total |	174654
            Number of splices: Annotated (sjdb) |	0
                       Number of splices: GT/AG |	150244
                       Number of splices: GC/AG |	2006
                       Number of splices: AT/AC |	171
               Number of splices: Non-canonical |	22233
                      Mismatch rate per base, % |	1.11%
                         Deletion rate per base |	0.26%
                        Deletion average length |	1.98
                        Insertion rate per base |	0.01%
                       Insertion average length |	1.22
                             MULTI-MAPPING READS:
        Number of reads mapped to multiple loci |	2449123
             % of reads mapped to multiple loci |	21.82%
        Number of reads mapped to too many loci |	146717
             % of reads mapped to too many loci |	1.31%
                                  UNMAPPED READS:
  Number of reads unmapped: too many mismatches |	0
       % of reads unmapped: too many mismatches |	0.00%
            Number of reads unmapped: too short |	336313
                 % of reads unmapped: too short |	3.00%
                Number of reads unmapped: other |	25596
                     % of reads unmapped: other |	0.23%
                                  CHIMERIC READS:
                       Number of chimeric reads |	0
                            % of chimeric reads |	0.00%
