                                 Started job on |	May 05 13:08:21
                             Started mapping on |	May 05 13:08:58
                                    Finished on |	May 05 13:12:40
       Mapping speed, Million of reads per hour |	302.42

                          Number of input reads |	18648966
                      Average input read length |	66
                                    UNIQUE READS:
                   Uniquely mapped reads number |	12931280
                        Uniquely mapped reads % |	69.34%
                          Average mapped length |	65.56
                       Number of splices: Total |	232256
            Number of splices: Annotated (sjdb) |	0
                       Number of splices: GT/AG |	204698
                       Number of splices: GC/AG |	3001
                       Number of splices: AT/AC |	165
               Number of splices: Non-canonical |	24392
                      Mismatch rate per base, % |	1.17%
                         Deletion rate per base |	0.16%
                        Deletion average length |	1.94
                        Insertion rate per base |	0.00%
                       Insertion average length |	1.22
                             MULTI-MAPPING READS:
        Number of reads mapped to multiple loci |	5052660
             % of reads mapped to multiple loci |	27.09%
        Number of reads mapped to too many loci |	225662
             % of reads mapped to too many loci |	1.21%
                                  UNMAPPED READS:
  Number of reads unmapped: too many mismatches |	0
       % of reads unmapped: too many mismatches |	0.00%
            Number of reads unmapped: too short |	392682
                 % of reads unmapped: too short |	2.11%
                Number of reads unmapped: other |	46682
                     % of reads unmapped: other |	0.25%
                                  CHIMERIC READS:
                       Number of chimeric reads |	0
                            % of chimeric reads |	0.00%
